warm-started from learned_matrix12.pt (17/17 tensors; skipped [])
matrix optimizer: 28640 meta-params
  dataset qmnist unavailable: FileNotFoundError: [Errno 2] No such file or directory: '/home/arthurb/.cache/qmnist/qmnist-train-images-idx3-ubyte.gz'
dataset registry: ['cifar10', 'cifar100', 'covtype', 'kmnist', 'letter', 'magic', 'miniboone', 'mnist', 'optdigits', 'poker', 'satimage', 'spambase', 'svhn'] (13 available)
openml: +54 train datasets (13 held out by dataset)
pes     0  seg-loss -0.0994  ema -0.0994
  eval[h16] learned: loss 2.0182 acc 0.410  vs  muon(lr=0.1): loss 0.0019 acc 0.999
  eval[h64-wider] learned: loss 1.9949 acc 0.424  vs  muon(lr=0.1): loss 0.0000 acc 1.000
  eval[h16-long] learned: loss 0.7441 acc 0.881  vs  muon(lr=0.03): loss 0.0000 acc 1.000
  eval[fashion-h16 HELD-OUT] learned: loss 0.6886 acc 0.853  vs  muon(lr=0.03): loss 0.0000 acc 1.000
  eval[fashion-h64 HELD-OUT] learned: loss 1.0736 acc 0.837  vs  muon(lr=0.03): loss 0.0000 acc 1.000
pes    25  seg-loss -8.0481  ema -1.4534
pes    50  seg-loss -10.1030  ema -3.0127
pes    75  seg-loss -19.9570  ema -8.4535
  probe-score -0.3159 (new best, saved)
pes   100  seg-loss -17.0570  ema -10.3637
pes   125  seg-loss -17.2910  ema -13.0979
pes   150  seg-loss -0.9644  ema -8.6846
pes   175  seg-loss -0.9681  ema -5.6243
  probe-score -0.3356 (new best, saved)
pes   200  seg-loss -18.7122  ema -7.1595
pes   225  seg-loss -18.7125  ema -11.7406
pes   250  seg-loss -0.0859  ema -7.6814
pes   275  seg-loss -0.0886  ema -4.6703
  probe-score -0.3450 (new best, saved)
pes   300  seg-loss -0.6271  ema -3.0002
pes   325  seg-loss -0.6764  ema -2.0743
pes   350  seg-loss -1.9871  ema -1.8143
pes   375  seg-loss -2.1222  ema -1.9130
  probe-score -0.3603 (new best, saved)
pes   400  seg-loss -19.9045  ema -3.8904
pes   425  seg-loss -20.7233  ema -10.5527
pes   450  seg-loss -20.7079  ema -12.4509
pes   475  seg-loss -11.8611  ema -10.8336
  probe-score -0.3941 (new best, saved)
pes   500  seg-loss -2.4101  ema -8.5486
pes   525  seg-loss -5.3390  ema -6.8845
pes   550  seg-loss -0.5545  ema -5.6899
pes   575  seg-loss -0.8075  ema -3.7140
  probe-score -0.4106 (new best, saved)
pes   600  seg-loss -0.1428  ema -2.5217
pes   625  seg-loss -4.0246  ema -2.3228
pes   650  seg-loss -12.0610  ema -4.6516
pes   675  seg-loss -20.6596  ema -10.4803
  probe-score -0.4528 (new best, saved)
pes   700  seg-loss -20.6454  ema -14.5145
pes   725  seg-loss -20.6460  ema -14.7025
pes   750  seg-loss -3.4592  ema -9.4547
pes   775  seg-loss -8.4393  ema -8.1937
  probe-score -0.5040 (new best, saved)
pes   800  seg-loss -18.0239  ema -8.6141
pes   825  seg-loss -20.6640  ema -10.1274
pes   850  seg-loss -20.6048  ema -14.2983
pes   875  seg-loss -0.7641  ema -10.1369
  probe-score -0.5352 (new best, saved)
pes   900  seg-loss -6.2114  ema -7.1264
pes   925  seg-loss -8.6465  ema -6.2960
pes   950  seg-loss -16.3987  ema -9.1243
pes   975  seg-loss -20.7233  ema -11.9153
  probe-score -0.5830 (new best, saved)
pes  1000  seg-loss -0.5922  ema -12.7655
pes  1025  seg-loss -0.9448  ema -8.0426
pes  1050  seg-loss -1.7513  ema -5.2504
pes  1075  seg-loss -8.5751  ema -5.4185
  probe-score -0.6378 (new best, saved)
pes  1100  seg-loss -0.0044  ema -7.5076
pes  1125  seg-loss -0.0941  ema -4.5510
pes  1150  seg-loss -4.5479  ema -2.8840
pes  1175  seg-loss -0.6287  ema -2.6663
  probe-score -0.7229 (new best, saved)
pes  1200  seg-loss -0.7043  ema -1.8758
pes  1225  seg-loss -2.5765  ema -1.9501
pes  1250  seg-loss -3.0739  ema -2.3203
pes  1275  seg-loss -0.8246  ema -1.9560
  probe-score -0.7692 (new best, saved)
pes  1300  seg-loss -1.0945  ema -7.3529
pes  1325  seg-loss -20.7233  ema -12.3038
pes  1350  seg-loss -0.0541  ema -15.2252
pes  1375  seg-loss -19.6391  ema -15.4695
pes  1400  seg-loss -15.6870  ema -16.1917
pes  1425  seg-loss -20.7233  ema -16.6326
pes  1450  seg-loss -20.4342  ema -17.5305
pes  1475  seg-loss -20.0020  ema -18.4841
  probe-score -0.7701 (new best, saved)
pes  1500  seg-loss -0.3310  ema -11.3293
pes  1525  seg-loss -0.3546  ema -6.9717
pes  1550  seg-loss -0.5871  ema -10.4207
pes  1575  seg-loss -12.1619  ema -9.2736
  probe-score -0.8068 (new best, saved)
pes  1600  seg-loss -0.3057  ema -11.3528
pes  1625  seg-loss -10.0434  ema -8.1919
pes  1650  seg-loss -20.6616  ema -12.9897
pes  1675  seg-loss -4.2164  ema -14.6296
  probe-score -0.8390 (new best, saved)
pes  1700  seg-loss -0.6540  ema -10.9893
pes  1725  seg-loss -3.6954  ema -7.3877
pes  1750  seg-loss -4.9551  ema -6.2584
pes  1775  seg-loss -20.7233  ema -8.2493
  probe-score -0.8694 (new best, saved)
pes  1800  seg-loss -20.7233  ema -12.0686
pes  1825  seg-loss -20.7233  ema -15.5005
pes  1850  seg-loss -2.2266  ema -11.8616
pes  1875  seg-loss -3.2204  ema -8.2933
  probe-score -1.0012 (new best, saved)
pes  1900  seg-loss -15.8926  ema -7.1661
pes  1925  seg-loss -17.1588  ema -10.8354
pes  1950  seg-loss -20.6544  ema -13.5063
pes  1975  seg-loss -20.3454  ema -14.7011
pes  2000  seg-loss -20.1070  ema -16.8759
pes  2025  seg-loss -0.6100  ema -15.2651
pes  2050  seg-loss -0.6830  ema -9.4720
pes  2075  seg-loss -6.1345  ema -6.6898
pes  2100  seg-loss -0.0666  ema -5.0674
pes  2125  seg-loss -0.2011  ema -3.1070
pes  2150  seg-loss -0.2845  ema -1.9666
pes  2175  seg-loss -3.5463  ema -1.9702
pes  2200  seg-loss -7.3592  ema -3.8178
pes  2225  seg-loss -7.2821  ema -5.2113
pes  2250  seg-loss -20.7233  ema -5.6809
pes  2275  seg-loss -0.8203  ema -8.1409
  probe-score -1.0244 (new best, saved)
pes  2300  seg-loss -10.0783  ema -7.0493
pes  2325  seg-loss -1.5414  ema -10.2758
pes  2350  seg-loss -2.2946  ema -7.0676
pes  2375  seg-loss -3.6011  ema -10.0832
  probe-score -1.1875 (new best, saved)
pes  2400  seg-loss -0.8259  ema -8.7959
pes  2425  seg-loss -0.9429  ema -6.4136
pes  2450  seg-loss -1.1665  ema -9.9039
pes  2475  seg-loss -1.4044  ema -6.6925
  probe-score -1.2025 (new best, saved)
pes  2500  seg-loss -16.9903  ema -5.9575
pes  2525  seg-loss -20.7233  ema -11.7027
pes  2550  seg-loss -4.7040  ema -11.5476
pes  2575  seg-loss -10.6240  ema -10.8897
  probe-score -1.2092 (new best, saved)
pes  2600  seg-loss -10.1584  ema -10.7556
pes  2625  seg-loss -12.6590  ema -10.6759
pes  2650  seg-loss -14.3032  ema -12.1342
pes  2675  seg-loss -13.9388  ema -11.9025
  probe-score -1.2341 (new best, saved)
pes  2700  seg-loss -16.3758  ema -13.1033
pes  2725  seg-loss -16.1931  ema -14.2878
pes  2750  seg-loss -20.7233  ema -15.7358
pes  2775  seg-loss -14.3594  ema -14.5657
pes  2800  seg-loss -14.7809  ema -14.6043
pes  2825  seg-loss -20.7199  ema -15.4676
pes  2850  seg-loss -0.5004  ema -10.7376
pes  2875  seg-loss -2.4948  ema -7.3243
pes  2900  seg-loss -2.7276  ema -5.4609
pes  2925  seg-loss -0.7534  ema -4.3113
pes  2950  seg-loss -0.8522  ema -2.9206
pes  2975  seg-loss -0.7848  ema -2.4912
  probe-score -1.2695 (new best, saved)
pes  3000  seg-loss -20.0232  ema -5.7099
pes  3025  seg-loss -4.3030  ema -10.1723
pes  3050  seg-loss -6.0997  ema -8.3853
pes  3075  seg-loss -20.2788  ema -7.8525
  probe-score -1.2746 (new best, saved)
pes  3100  seg-loss -1.1756  ema -5.1965
pes  3125  seg-loss -1.1551  ema -3.6060
pes  3150  seg-loss -1.0445  ema -2.5912
pes  3175  seg-loss -1.1501  ema -2.0058
  probe-score -1.3301 (new best, saved)
pes  3200  seg-loss -0.7227  ema -1.5046
pes  3225  seg-loss -0.5721  ema -1.1261
pes  3250  seg-loss -0.5851  ema -0.9101
pes  3275  seg-loss -3.6055  ema -0.9363
pes  3300  seg-loss -0.6940  ema -1.9072
pes  3325  seg-loss -20.4883  ema -6.4461
pes  3350  seg-loss -19.3265  ema -7.6474
pes  3375  seg-loss -19.9383  ema -9.7172
  probe-score -1.3516 (new best, saved)
pes  3400  seg-loss -20.7233  ema -14.0546
pes  3425  seg-loss -18.1539  ema -15.5943
pes  3450  seg-loss -2.2694  ema -10.6686
pes  3475  seg-loss -2.5602  ema -7.4184
  probe-score -1.4190 (new best, saved)
pes  3500  seg-loss -6.5396  ema -5.6834
pes  3525  seg-loss -15.6701  ema -8.7761
pes  3550  seg-loss -7.3358  ema -9.0646
pes  3575  seg-loss -3.4312  ema -8.5853
  probe-score -1.4668 (new best, saved)
pes  3600  seg-loss -15.5092  ema -9.3527
pes  3625  seg-loss -1.7073  ema -10.9555
pes  3650  seg-loss -2.4754  ema -7.5193
pes  3675  seg-loss -0.6805  ema -5.4727
pes  3700  seg-loss -0.5883  ema -3.5250
pes  3725  seg-loss -0.5980  ema -2.3632
pes  3750  seg-loss -20.3910  ema -5.9629
pes  3775  seg-loss -20.3169  ema -11.6704
pes  3800  seg-loss -3.3083  ema -13.3146
pes  3825  seg-loss -20.7233  ema -14.3250
pes  3850  seg-loss -20.7233  ema -16.8621
pes  3875  seg-loss -20.1297  ema -18.0898
pes  3900  seg-loss -1.2233  ema -15.1574
pes  3925  seg-loss -16.5202  ema -11.5197
pes  3950  seg-loss -1.0029  ema -10.6861
pes  3975  seg-loss -1.1055  ema -6.8727
  probe-score -1.4779 (new best, saved)
pes  4000  seg-loss -1.7292  ema -4.6142
  eval[h16] learned: loss 0.8513 acc 0.846  vs  muon(lr=0.1): loss 0.0007 acc 1.000
  eval[h64-wider] learned: loss 0.8078 acc 0.922  vs  muon(lr=0.1): loss 0.0000 acc 1.000
  eval[h16-long] learned: loss 0.0000 acc 1.000  vs  muon(lr=0.1): loss 0.0000 acc 1.000
  eval[fashion-h16 HELD-OUT] learned: loss 0.0002 acc 1.000  vs  muon(lr=0.03): loss 0.0000 acc 1.000
  eval[fashion-h64 HELD-OUT] learned: loss 0.0035 acc 1.000  vs  muon(lr=0.03): loss 0.0000 acc 1.000
pes  4025  seg-loss -20.7233  ema -6.0386
pes  4050  seg-loss -20.7233  ema -11.8616
pes  4075  seg-loss -3.8875  ema -12.6837
  probe-score -1.5131 (new best, saved)
pes  4100  seg-loss -1.6515  ema -8.6760
pes  4125  seg-loss -2.1387  ema -5.9937
pes  4150  seg-loss -0.5825  ema -4.5075
pes  4175  seg-loss -20.7233  ema -6.7939
  probe-score -1.5598 (new best, saved)
pes  4200  seg-loss -20.7047  ema -12.2108
pes  4225  seg-loss -0.4853  ema -12.9590
pes  4250  seg-loss -1.4179  ema -8.1461
pes  4275  seg-loss -5.8415  ema -6.3366
  probe-score -1.5601 (new best, saved)
pes  4300  seg-loss -20.1974  ema -9.4820
pes  4325  seg-loss -20.6769  ema -12.4414
pes  4350  seg-loss -20.6574  ema -15.7195
pes  4375  seg-loss -3.9057  ema -12.5591
  probe-score -1.6143 (new best, saved)
pes  4400  seg-loss -19.9838  ema -12.2037
pes  4425  seg-loss -19.4935  ema -15.1699
pes  4450  seg-loss -5.4976  ema -13.3068
pes  4475  seg-loss -5.8972  ema -10.3236
  probe-score -1.6321 (new best, saved)
pes  4500  seg-loss -10.7337  ema -8.7274
pes  4525  seg-loss -16.5943  ema -12.1133
pes  4550  seg-loss -18.8735  ema -14.6395
pes  4575  seg-loss -0.5063  ema -14.5557
  probe-score -1.7261 (new best, saved)
pes  4600  seg-loss -0.0620  ema -10.9202
pes  4625  seg-loss -0.5969  ema -6.7428
pes  4650  seg-loss -3.1568  ema -4.5828
pes  4675  seg-loss -20.7135  ema -8.3708
  probe-score -1.8106 (new best, saved)
pes  4700  seg-loss -20.7233  ema -12.7444
pes  4725  seg-loss -11.9061  ema -12.0425
pes  4750  seg-loss -7.2442  ema -9.4059
pes  4775  seg-loss -11.9088  ema -10.7493
  probe-score -1.8352 (new best, saved)
pes  4800  seg-loss -0.8372  ema -9.0238
pes  4825  seg-loss -20.5421  ema -11.9159
pes  4850  seg-loss -20.2341  ema -15.2625
pes  4875  seg-loss -20.7233  ema -15.8319
pes  4900  seg-loss -20.7233  ema -17.7694
pes  4925  seg-loss -0.0627  ema -13.7549
pes  4950  seg-loss -0.5022  ema -8.4167
pes  4975  seg-loss -1.1793  ema -5.3406
pes  5000  seg-loss -1.0267  ema -3.6433
pes  5025  seg-loss -3.4745  ema -2.7258
pes  5050  seg-loss -11.3069  ema -4.1192
pes  5075  seg-loss -1.3957  ema -4.4315
  probe-score -1.9148 (new best, saved)
pes  5100  seg-loss -1.8513  ema -3.3448
pes  5125  seg-loss -8.1991  ema -3.8047
pes  5150  seg-loss -20.0917  ema -7.5527
pes  5175  seg-loss -20.7233  ema -10.3486
  probe-score -1.9698 (new best, saved)
pes  5200  seg-loss -0.6250  ema -8.6041
pes  5225  seg-loss -20.4732  ema -12.4580
pes  5250  seg-loss -20.6376  ema -15.6477
pes  5275  seg-loss -8.0412  ema -11.8241
pes  5300  seg-loss -14.4733  ema -12.1851
pes  5325  seg-loss -2.0812  ema -8.1845
pes  5350  seg-loss -7.7162  ema -6.8893
pes  5375  seg-loss -1.0760  ema -7.5854
pes  5400  seg-loss -0.5677  ema -7.3614
pes  5425  seg-loss -0.7946  ema -4.7417
pes  5450  seg-loss -0.5918  ema -3.6234
pes  5475  seg-loss -8.7071  ema -2.7062
pes  5500  seg-loss -20.3751  ema -9.7394
pes  5525  seg-loss -0.5931  ema -13.0492
pes  5550  seg-loss -19.8108  ema -9.6109
pes  5575  seg-loss -3.7019  ema -9.8306
pes  5600  seg-loss -0.5048  ema -8.5460
pes  5625  seg-loss -0.1241  ema -5.7071
pes  5650  seg-loss -20.7233  ema -6.1476
pes  5675  seg-loss -20.7233  ema -11.9273
pes  5700  seg-loss -4.1918  ema -13.1523
pes  5725  seg-loss -20.7233  ema -10.9308
pes  5750  seg-loss -20.7233  ema -14.8138
pes  5775  seg-loss -19.5671  ema -16.3139
  probe-score -1.9964 (new best, saved)
pes  5800  seg-loss -20.7233  ema -16.6253
pes  5825  seg-loss -8.1246  ema -14.8133
pes  5850  seg-loss -20.6764  ema -15.5989
pes  5875  seg-loss -7.9554  ema -12.6255
  probe-score -2.1304 (new best, saved)
pes  5900  seg-loss -0.1066  ema -10.5641
pes  5925  seg-loss -0.1164  ema -6.4190
pes  5950  seg-loss -1.7647  ema -3.9925
pes  5975  seg-loss -2.1520  ema -6.1742
  probe-score -2.1570 (new best, saved)
pes  6000  seg-loss -0.5271  ema -7.8858
pes  6025  seg-loss -19.5482  ema -7.6109
pes  6050  seg-loss -18.1572  ema -11.9592
pes  6075  seg-loss -20.7233  ema -14.0391
pes  6100  seg-loss -20.7233  ema -16.6896
pes  6125  seg-loss -10.4623  ema -15.8152
pes  6150  seg-loss -0.9504  ema -15.2426
pes  6175  seg-loss -20.7233  ema -13.3267
  probe-score -2.1764 (new best, saved)
pes  6200  seg-loss -0.5853  ema -9.8221
pes  6225  seg-loss -10.5635  ema -12.5108
pes  6250  seg-loss -9.3042  ema -10.2871
pes  6275  seg-loss -0.6724  ema -8.1262
  probe-score -2.2643 (new best, saved)
pes  6300  seg-loss -0.1507  ema -5.0137
pes  6325  seg-loss -0.4425  ema -3.1513
pes  6350  seg-loss -1.5272  ema -2.5276
pes  6375  seg-loss -0.7025  ema -1.9950
pes  6400  seg-loss -0.8805  ema -1.5151
pes  6425  seg-loss -1.2504  ema -1.2986
pes  6450  seg-loss -1.2786  ema -1.2854
pes  6475  seg-loss -2.0360  ema -1.3251
pes  6500  seg-loss -0.7100  ema -1.3298
pes  6525  seg-loss -0.7772  ema -1.1038
pes  6550  seg-loss -5.0356  ema -1.8071
pes  6575  seg-loss -5.3717  ema -3.1245
pes  6600  seg-loss -0.1963  ema -2.9329
pes  6625  seg-loss -0.4214  ema -1.8796
pes  6650  seg-loss -19.0005  ema -2.9354
pes  6675  seg-loss -0.8053  ema -4.6121
pes  6700  seg-loss -17.1536  ema -6.0920
pes  6725  seg-loss -17.1874  ema -10.5875
pes  6750  seg-loss -1.8395  ema -8.6007
pes  6775  seg-loss -2.1056  ema -5.9880
pes  6800  seg-loss -20.6987  ema -7.7691
pes  6825  seg-loss -2.0243  ema -7.9874
pes  6850  seg-loss -0.5472  ema -5.8529
pes  6875  seg-loss -0.6065  ema -3.7540
pes  6900  seg-loss -0.6953  ema -2.5259
pes  6925  seg-loss -0.7524  ema -1.7939
pes  6950  seg-loss -0.8438  ema -1.4043
pes  6975  seg-loss -5.4357  ema -1.4628
pes  7000  seg-loss -8.1909  ema -3.7698
pes  7025  seg-loss -2.6573  ema -5.5118
pes  7050  seg-loss -19.1540  ema -10.3278
pes  7075  seg-loss -19.8751  ema -14.2869
pes  7100  seg-loss -0.4688  ema -15.2594
pes  7125  seg-loss -2.4729  ema -9.9998
pes  7150  seg-loss -2.5498  ema -6.8871
pes  7175  seg-loss -2.8260  ema -5.2369
pes  7200  seg-loss -20.7233  ema -11.1444
pes  7225  seg-loss -20.7233  ema -14.9427
pes  7250  seg-loss -20.7233  ema -15.4913
pes  7275  seg-loss -20.6807  ema -17.5587
pes  7300  seg-loss -0.8373  ema -11.8630
pes  7325  seg-loss -6.2933  ema -7.6392
pes  7350  seg-loss -4.5704  ema -11.1018
pes  7375  seg-loss -1.9659  ema -7.7205
pes  7400  seg-loss -20.2807  ema -12.1519
pes  7425  seg-loss -2.3927  ema -11.9047
pes  7450  seg-loss -20.6643  ema -11.7790
pes  7475  seg-loss -20.6071  ema -15.3007
pes  7500  seg-loss -19.5723  ema -16.3481
pes  7525  seg-loss -19.6408  ema -17.5844
pes  7550  seg-loss 0.0340  ema -15.8282
pes  7575  seg-loss -0.5390  ema -14.8765
pes  7600  seg-loss -0.5954  ema -9.2094
pes  7625  seg-loss -0.7512  ema -5.8003
pes  7650  seg-loss -19.6269  ema -10.2902
pes  7675  seg-loss -19.9333  ema -13.9864
pes  7700  seg-loss -1.6118  ema -9.3489
pes  7725  seg-loss -2.0035  ema -6.3732
pes  7750  seg-loss -2.3927  ema -7.5933
pes  7775  seg-loss -7.5577  ema -6.6578
pes  7800  seg-loss -0.8537  ema -7.6692
pes  7825  seg-loss -0.6488  ema -5.0060
pes  7850  seg-loss -0.3538  ema -4.2427
pes  7875  seg-loss -1.2015  ema -3.0593
pes  7900  seg-loss -1.2724  ema -2.3408
pes  7925  seg-loss -14.3239  ema -4.1192
pes  7950  seg-loss -17.0718  ema -8.9636
pes  7975  seg-loss -0.6195  ema -7.6639
pes  8000  seg-loss -0.7098  ema -4.8931
  eval[h16] learned: loss 0.6259 acc 0.895  vs  muon(lr=0.1): loss 0.0013 acc 1.000
  eval[h64-wider] learned: loss 0.7679 acc 0.939  vs  muon(lr=0.1): loss 0.0000 acc 1.000
  eval[h16-long] learned: loss 0.0000 acc 1.000  vs  muon(lr=0.03): loss 0.0000 acc 1.000
  eval[fashion-h16 HELD-OUT] learned: loss 0.0008 acc 1.000  vs  muon(lr=0.03): loss 0.0000 acc 1.000
  eval[fashion-h64 HELD-OUT] learned: loss 0.0026 acc 1.000  vs  muon(lr=0.03): loss 0.0000 acc 1.000
pes  8025  seg-loss -20.3979  ema -6.6770
pes  8050  seg-loss -19.7506  ema -11.9789
pes  8075  seg-loss -20.6609  ema -13.6425
pes  8100  seg-loss -1.8278  ema -10.9188
pes  8125  seg-loss -1.8435  ema -7.3228
pes  8150  seg-loss -5.7483  ema -5.4855
pes  8175  seg-loss -17.8095  ema -8.3709
pes  8200  seg-loss -20.4567  ema -10.2319
pes  8225  seg-loss -20.7233  ema -14.3920
pes  8250  seg-loss -0.9653  ema -14.2799
pes  8275  seg-loss -1.6122  ema -9.1378
pes  8300  seg-loss -0.5868  ema -6.1327
pes  8325  seg-loss -7.8238  ema -4.5241
pes  8350  seg-loss -17.4024  ema -8.2661
pes  8375  seg-loss -17.1187  ema -11.8011
pes  8400  seg-loss -5.7690  ema -11.8332
pes  8425  seg-loss -6.3756  ema -9.6139
pes  8450  seg-loss -3.7021  ema -7.8249
pes  8475  seg-loss -15.9194  ema -11.1328
pes  8500  seg-loss -19.4523  ema -13.5732
pes  8525  seg-loss -17.5433  ema -14.4866
pes  8550  seg-loss -0.7483  ema -16.0060
pes  8575  seg-loss -7.3639  ema -10.7332
pes  8600  seg-loss -7.3746  ema -9.4022
pes  8625  seg-loss -1.2806  ema -7.7977
pes  8650  seg-loss -7.4874  ema -8.1094
pes  8675  seg-loss -19.5795  ema -11.5457
pes  8700  seg-loss -1.7053  ema -12.4315
pes  8725  seg-loss -1.8700  ema -8.2294
pes  8750  seg-loss -1.2191  ema -6.2140
pes  8775  seg-loss -20.7233  ema -11.7349
pes  8800  seg-loss -1.1398  ema -14.9073
pes  8825  seg-loss -1.1835  ema -9.0907
pes  8850  seg-loss -19.4823  ema -11.7258
pes  8875  seg-loss -0.1152  ema -7.5720
pes  8900  seg-loss -0.5535  ema -4.7669
pes  8925  seg-loss -0.6338  ema -3.1179
pes  8950  seg-loss -16.8765  ema -2.6632
pes  8975  seg-loss -19.9944  ema -9.3645
pes  9000  seg-loss -0.5512  ema -9.2227
pes  9025  seg-loss -0.5837  ema -5.7929
pes  9050  seg-loss -13.3836  ema -4.7365
pes  9075  seg-loss -20.7233  ema -10.9510
pes  9100  seg-loss -0.5014  ema -11.4577
pes  9125  seg-loss -7.0029  ema -8.3072
pes  9150  seg-loss -1.7804  ema -6.0104
pes  9175  seg-loss -1.9571  ema -4.3719
pes  9200  seg-loss -11.7467  ema -5.8127
pes  9225  seg-loss -10.9725  ema -6.2141
pes  9250  seg-loss -20.2926  ema -10.3774
pes  9275  seg-loss -19.2422  ema -13.4960
pes  9300  seg-loss -18.3359  ema -15.6807
pes  9325  seg-loss -20.1886  ema -14.9000
pes  9350  seg-loss -18.7843  ema -16.6868
pes  9375  seg-loss -20.0291  ema -17.0922
pes  9400  seg-loss -0.7879  ema -11.6092
pes  9425  seg-loss -0.8586  ema -7.3428
pes  9450  seg-loss -10.3510  ema -7.0511
pes  9475  seg-loss -10.0029  ema -8.1838
pes  9500  seg-loss -0.1893  ema -6.0528
pes  9525  seg-loss -20.6812  ema -7.7013
pes  9550  seg-loss -20.7233  ema -12.8648
pes  9575  seg-loss -18.6501  ema -13.2849
  probe-score -2.2870 (new best, saved)
pes  9600  seg-loss -2.4218  ema -10.0075
pes  9625  seg-loss -3.6385  ema -7.3053
pes  9650  seg-loss -16.0067  ema -8.3031
pes  9675  seg-loss -16.6924  ema -11.5692
  probe-score -2.3845 (new best, saved)
pes  9700  seg-loss -6.5571  ema -10.5940
pes  9725  seg-loss -6.5930  ema -9.0105
pes  9750  seg-loss -0.7454  ema -6.3227
pes  9775  seg-loss -20.6517  ema -10.4162
pes  9800  seg-loss -20.6561  ema -14.4770
pes  9825  seg-loss -20.4700  ema -14.8636
pes  9850  seg-loss -11.5955  ema -11.6288
pes  9875  seg-loss -19.6123  ema -14.4045
  probe-score -2.5591 (new best, saved)
pes  9900  seg-loss 0.3172  ema -11.0253
pes  9925  seg-loss 0.1814  ema -6.5660
pes  9950  seg-loss -20.7233  ema -8.9104
pes  9975  seg-loss -19.9117  ema -11.0229
pes 10000  seg-loss -5.5151  ema -10.2753
pes 10025  seg-loss -0.6388  ema -6.6190
pes 10050  seg-loss -0.7430  ema -4.2682
pes 10075  seg-loss -1.6925  ema -9.1577
  probe-score -2.6601 (new best, saved)
pes 10100  seg-loss -17.4213  ema -10.1264
pes 10125  seg-loss -18.0924  ema -13.1256
pes 10150  seg-loss -3.1776  ema -9.2276
pes 10175  seg-loss -11.0749  ema -8.8196
pes 10200  seg-loss -0.5995  ema -9.5722
pes 10225  seg-loss -16.8392  ema -12.1915
pes 10250  seg-loss -16.4726  ema -13.9119
pes 10275  seg-loss -0.7235  ema -9.2528
pes 10300  seg-loss -20.5342  ema -13.5712
pes 10325  seg-loss -20.6241  ema -16.3459
pes 10350  seg-loss -0.1035  ema -10.1367
pes 10375  seg-loss -15.2708  ema -9.0081
  probe-score -2.7054 (new best, saved)
pes 10400  seg-loss -0.2926  ema -12.6339
pes 10425  seg-loss -0.8790  ema -8.5737
pes 10450  seg-loss -0.8825  ema -5.5234
pes 10475  seg-loss -4.7802  ema -4.2483
pes 10500  seg-loss -5.2106  ema -4.5833
pes 10525  seg-loss -20.7233  ema -7.4598
pes 10550  seg-loss -0.3116  ema -6.7662
pes 10575  seg-loss -19.6256  ema -9.7088
pes 10600  seg-loss -7.2666  ema -8.1156
pes 10625  seg-loss -10.8380  ema -8.8378
pes 10650  seg-loss -18.3776  ema -11.6819
pes 10675  seg-loss -0.4178  ema -14.1863
  probe-score -3.0608 (new best, saved)
pes 10700  seg-loss -1.1966  ema -9.9948
pes 10725  seg-loss -1.3750  ema -6.5299
pes 10750  seg-loss -3.2278  ema -4.5403
pes 10775  seg-loss -5.7827  ema -4.6637
  probe-score -3.1047 (new best, saved)
pes 10800  seg-loss -20.3842  ema -6.2951
pes 10825  seg-loss -15.5809  ema -9.9287
pes 10850  seg-loss -13.7219  ema -11.8292
pes 10875  seg-loss -0.7987  ema -7.5558
pes 10900  seg-loss -0.7323  ema -4.9941
pes 10925  seg-loss -0.5213  ema -3.3367
pes 10950  seg-loss -0.6184  ema -2.2504
pes 10975  seg-loss -1.5011  ema -1.6432
pes 11000  seg-loss -1.5472  ema -1.7399
pes 11025  seg-loss -2.4370  ema -1.8538
pes 11050  seg-loss -19.4310  ema -3.4270
pes 11075  seg-loss -20.1158  ema -8.3025
pes 11100  seg-loss -6.4468  ema -6.5627
pes 11125  seg-loss -11.7201  ema -7.6957
pes 11150  seg-loss -1.3533  ema -4.7898
pes 11175  seg-loss -8.4959  ema -5.1986
pes 11200  seg-loss -0.5607  ema -8.1923
pes 11225  seg-loss -0.6020  ema -5.6411
pes 11250  seg-loss -0.6774  ema -3.6577
pes 11275  seg-loss -6.4439  ema -3.7248
pes 11300  seg-loss -8.9673  ema -5.1179
pes 11325  seg-loss -2.1128  ema -3.9480
pes 11350  seg-loss -2.2924  ema -3.2680
pes 11375  seg-loss -0.5484  ema -2.4043
pes 11400  seg-loss -0.2165  ema -2.6927
pes 11425  seg-loss -0.2421  ema -1.7182
pes 11450  seg-loss -1.8617  ema -1.3823
pes 11475  seg-loss -7.8268  ema -2.4520
pes 11500  seg-loss -17.1619  ema -6.9457
pes 11525  seg-loss -11.9133  ema -8.2395
pes 11550  seg-loss -19.5065  ema -9.2439
pes 11575  seg-loss -19.5497  ema -13.3434
pes 11600  seg-loss -18.6555  ema -14.6550
pes 11625  seg-loss -18.6221  ema -16.1623
pes 11650  seg-loss -0.6303  ema -10.4696
pes 11675  seg-loss -19.8815  ema -7.3720
pes 11700  seg-loss -20.7089  ema -12.1110
pes 11725  seg-loss -20.7233  ema -15.5224
pes 11750  seg-loss -3.6694  ema -11.3173
pes 11775  seg-loss -9.9524  ema -9.3529
pes 11800  seg-loss 0.1694  ema -6.6654
pes 11825  seg-loss 0.0761  ema -3.9779
pes 11850  seg-loss -20.5772  ema -8.2487
pes 11875  seg-loss -20.6073  ema -13.1373
pes 11900  seg-loss -20.4671  ema -12.4605
pes 11925  seg-loss -18.0962  ema -14.7077
pes 11950  seg-loss -18.1393  ema -16.0526
pes 11975  seg-loss -0.7844  ema -13.6943
pes 12000  seg-loss -0.9131  ema -8.6120
  eval[h16] learned: loss 0.2117 acc 0.975  vs  muon(lr=0.1): loss 0.0014 acc 1.000
  eval[h64-wider] learned: loss 0.2820 acc 0.979  vs  muon(lr=0.1): loss 0.0000 acc 1.000
  eval[h16-long] learned: loss 0.0000 acc 1.000  vs  muon(lr=0.03): loss 0.0000 acc 1.000
  eval[fashion-h16 HELD-OUT] learned: loss 0.0021 acc 0.999  vs  muon(lr=0.03): loss 0.0000 acc 1.000
  eval[fashion-h64 HELD-OUT] learned: loss 0.0002 acc 1.000  vs  muon(lr=0.03): loss 0.0000 acc 1.000
