matrix optimizer: 12525 meta-params
  dataset qmnist unavailable: FileNotFoundError: [Errno 2] No such file or directory: '/home/arthurb/.cache/qmnist/qmnist-train-images-idx3-ubyte.gz'
  dataset cifar10 unavailable: EOFError: Compressed file ended before the end-of-stream marker was reached
  dataset cifar100 unavailable: FileNotFoundError: [Errno 2] No such file or directory: '/home/arthurb/.cache/cifar100/cifar-100-python.tar.gz'
dataset registry: ['covtype', 'kmnist', 'letter', 'magic', 'miniboone', 'mnist', 'optdigits', 'poker', 'satimage', 'spambase', 'svhn'] (11 available)
pes     0  seg-loss 0.0329  ema 0.0329
  eval[h16] learned: loss 6143.8652 acc 0.096  vs  muon(lr=0.1): loss 0.0018 acc 0.999
  eval[h64-wider] learned: loss 85611.3281 acc 0.072  vs  muon(lr=0.1): loss 0.0000 acc 1.000
  eval[h16-long] learned: loss 66324.8438 acc 0.095  vs  muon(lr=0.03): loss 0.0000 acc 1.000
  eval[fashion-h16 HELD-OUT] learned: loss 71988.7188 acc 0.115  vs  muon(lr=0.03): loss 0.0000 acc 1.000
  eval[fashion-h64 HELD-OUT] learned: loss 1456620.6250 acc 0.100  vs  muon(lr=0.03): loss 0.0000 acc 1.000
pes    25  seg-loss 10.2791  ema 3.2084
pes    50  seg-loss -0.3114  ema 2.1602
pes    75  seg-loss 2.6808  ema 1.3090
  probe-score 2.1055 (new best, saved)
pes   100  seg-loss -0.1270  ema 1.3880
pes   125  seg-loss 1.6196  ema 1.1416
pes   150  seg-loss -1.1366  ema 0.9863
pes   175  seg-loss 2.4430  ema 0.7773
  probe-score 0.1087 (new best, saved)
pes   200  seg-loss 0.1390  ema 0.7508
pes   225  seg-loss -0.5857  ema 0.4199
pes   250  seg-loss -0.0185  ema 0.4080
pes   275  seg-loss 0.2850  ema -0.0469
pes   300  seg-loss -0.8769  ema -0.1324
pes   325  seg-loss -0.8995  ema -0.1719
pes   350  seg-loss -1.5934  ema -0.8966
pes   375  seg-loss -0.7453  ema -1.0808
pes   400  seg-loss -1.0298  ema -0.8966
pes   425  seg-loss 1.6926  ema -0.4821
pes   450  seg-loss -4.4438  ema -0.6666
pes   475  seg-loss -0.0108  ema -1.1547
pes   500  seg-loss -5.6430  ema -1.3142
pes   525  seg-loss -0.0288  ema -2.4302
pes   550  seg-loss -1.5494  ema -1.7905
pes   575  seg-loss 0.6608  ema -0.9988
pes   600  seg-loss -2.6765  ema -1.9721
pes   625  seg-loss -0.8020  ema -2.6365
pes   650  seg-loss -4.1340  ema -2.1991
pes   675  seg-loss -9.3336  ema -4.0141
pes   700  seg-loss -1.0640  ema -3.9350
pes   725  seg-loss 0.5973  ema -2.3162
pes   750  seg-loss 1.0694  ema -1.2046
pes   775  seg-loss -1.6409  ema -1.1401
  probe-score -0.3169 (new best, saved)
pes   800  seg-loss 0.2217  ema -2.6448
pes   825  seg-loss -0.3699  ema -1.6619
pes   850  seg-loss -6.2218  ema -1.6808
pes   875  seg-loss -1.7656  ema -5.4958
pes   900  seg-loss 0.5021  ema -3.9020
pes   925  seg-loss -1.0218  ema -2.5212
pes   950  seg-loss -2.3613  ema -2.1867
pes   975  seg-loss -1.9504  ema -2.0717
  probe-score -0.3378 (new best, saved)
pes  1000  seg-loss -1.3216  ema -2.0627
pes  1025  seg-loss -0.2725  ema -1.4542
pes  1050  seg-loss -9.4167  ema -2.4593
pes  1075  seg-loss -0.4359  ema -4.4434
pes  1100  seg-loss 0.2836  ema -2.7243
pes  1125  seg-loss -2.8596  ema -2.1274
pes  1150  seg-loss -18.7817  ema -5.8260
pes  1175  seg-loss -5.3798  ema -4.1910
pes  1200  seg-loss 0.0830  ema -4.8865
pes  1225  seg-loss -19.8405  ema -5.5080
pes  1250  seg-loss -0.8447  ema -6.1800
pes  1275  seg-loss -1.1173  ema -4.3177
pes  1300  seg-loss -0.1714  ema -3.0952
pes  1325  seg-loss -4.0580  ema -2.6775
pes  1350  seg-loss -18.3713  ema -5.6212
pes  1375  seg-loss -0.1429  ema -4.6668
pes  1400  seg-loss -11.5477  ema -4.8133
pes  1425  seg-loss 0.1348  ema -3.9838
pes  1450  seg-loss -9.4192  ema -3.7006
pes  1475  seg-loss -2.5452  ema -4.6034
pes  1500  seg-loss -20.3669  ema -6.8734
pes  1525  seg-loss 0.1682  ema -5.5514
pes  1550  seg-loss 0.0118  ema -3.2720
pes  1575  seg-loss -5.2080  ema -2.7054
  probe-score -0.3855 (new best, saved)
pes  1600  seg-loss 0.8686  ema -2.4460
pes  1625  seg-loss -3.4433  ema -1.8962
pes  1650  seg-loss -13.7570  ema -3.7682
pes  1675  seg-loss -1.2775  ema -2.5981
pes  1700  seg-loss 0.1905  ema -2.8765
pes  1725  seg-loss 0.1464  ema -1.6529
pes  1750  seg-loss -1.6210  ema -1.1452
pes  1775  seg-loss -6.3544  ema -1.9549
  probe-score -0.5003 (new best, saved)
pes  1800  seg-loss -2.9729  ema -2.1280
pes  1825  seg-loss 0.1047  ema -1.5697
pes  1850  seg-loss -9.1032  ema -2.7731
pes  1875  seg-loss -0.8422  ema -1.9550
pes  1900  seg-loss -0.4926  ema -1.0110
pes  1925  seg-loss -5.4657  ema -1.7662
pes  1950  seg-loss -0.2890  ema -4.9797
pes  1975  seg-loss -10.3723  ema -5.5570
pes  2000  seg-loss 0.1873  ema -3.3398
pes  2025  seg-loss -3.6213  ema -1.8939
pes  2050  seg-loss -0.3459  ema -5.9327
pes  2075  seg-loss -0.9233  ema -3.6908
pes  2100  seg-loss -3.2362  ema -2.8453
pes  2125  seg-loss -17.0549  ema -5.1469
pes  2150  seg-loss -17.2298  ema -7.9646
pes  2175  seg-loss -1.8778  ema -6.2867
pes  2200  seg-loss -0.2417  ema -4.1392
pes  2225  seg-loss -4.6696  ema -3.9489
pes  2250  seg-loss 0.5304  ema -2.5513
pes  2275  seg-loss -0.6815  ema -1.3988
pes  2300  seg-loss -0.5832  ema -0.8496
pes  2325  seg-loss -3.6079  ema -1.2060
pes  2350  seg-loss -1.1213  ema -2.2848
pes  2375  seg-loss 0.7577  ema -1.9242
pes  2400  seg-loss -17.3961  ema -2.7291
pes  2425  seg-loss 0.2643  ema -4.6252
pes  2450  seg-loss -1.6150  ema -3.0508
pes  2475  seg-loss -0.4159  ema -2.1564
  probe-score -0.5165 (new best, saved)
pes  2500  seg-loss 3.0968  ema -1.2154
  eval[h16] learned: loss 3.6480 acc 0.199  vs  muon(lr=0.1): loss 0.0018 acc 0.999
  eval[h64-wider] learned: loss 3.9761 acc 0.157  vs  muon(lr=0.1): loss 0.0000 acc 1.000
  eval[h16-long] learned: loss 2.2670 acc 0.254  vs  muon(lr=0.03): loss 0.0000 acc 1.000
  eval[fashion-h16 HELD-OUT] learned: loss 2.1945 acc 0.182  vs  muon(lr=0.03): loss 0.0000 acc 1.000
  eval[fashion-h64 HELD-OUT] learned: loss 19.6943 acc 0.144  vs  muon(lr=0.03): loss 0.0000 acc 1.000
pes  2525  seg-loss 0.2058  ema -0.8529
pes  2550  seg-loss -5.6940  ema -1.6912
pes  2575  seg-loss 0.1414  ema -2.2634
pes  2600  seg-loss -2.1954  ema -1.5976
pes  2625  seg-loss -4.1390  ema -2.1373
pes  2650  seg-loss 0.8391  ema -1.4606
pes  2675  seg-loss 0.1822  ema -0.9017
  probe-score -0.5570 (new best, saved)
pes  2700  seg-loss 0.0125  ema -1.6891
pes  2725  seg-loss 0.2433  ema -0.9787
pes  2750  seg-loss -0.0545  ema -0.5918
pes  2775  seg-loss 0.7367  ema -0.2158
  probe-score -0.5956 (new best, saved)
pes  2800  seg-loss 0.0853  ema -0.3905
pes  2825  seg-loss -4.6552  ema -1.3160
pes  2850  seg-loss -19.4806  ema -3.9826
pes  2875  seg-loss -1.7955  ema -5.2051
pes  2900  seg-loss 0.0118  ema -6.7830
pes  2925  seg-loss 0.3735  ema -4.7128
pes  2950  seg-loss -2.0990  ema -2.8632
pes  2975  seg-loss -1.6314  ema -2.1444
pes  3000  seg-loss -3.2708  ema -2.3764
pes  3025  seg-loss -9.6276  ema -2.5181
pes  3050  seg-loss -1.2435  ema -5.5472
pes  3075  seg-loss -5.2655  ema -4.3312
  probe-score -0.6095 (new best, saved)
pes  3100  seg-loss -13.9510  ema -5.0272
pes  3125  seg-loss -0.7588  ema -6.7507
pes  3150  seg-loss -3.5057  ema -4.9708
pes  3175  seg-loss 0.0497  ema -4.0490
pes  3200  seg-loss 0.6140  ema -2.2470
pes  3225  seg-loss -10.8261  ema -2.8108
pes  3250  seg-loss 0.3082  ema -3.0966
pes  3275  seg-loss -17.3276  ema -3.8141
pes  3300  seg-loss -7.4398  ema -5.6162
pes  3325  seg-loss -1.7168  ema -3.7455
pes  3350  seg-loss -4.0462  ema -5.6426
pes  3375  seg-loss -1.6178  ema -5.4495
  probe-score -0.6814 (new best, saved)
pes  3400  seg-loss -4.1308  ema -4.2969
pes  3425  seg-loss -0.4819  ema -3.6335
pes  3450  seg-loss -0.7282  ema -2.5162
pes  3475  seg-loss -0.9335  ema -1.8120
pes  3500  seg-loss -0.0584  ema -1.8516
pes  3525  seg-loss -9.5045  ema -2.6816
pes  3550  seg-loss -19.0894  ema -6.5974
pes  3575  seg-loss -0.4653  ema -5.3790
pes  3600  seg-loss 0.0359  ema -3.4272
pes  3625  seg-loss 0.3925  ema -1.9231
pes  3650  seg-loss -3.3361  ema -2.1253
pes  3675  seg-loss -0.1065  ema -2.0057
pes  3700  seg-loss -0.0295  ema -2.0271
pes  3725  seg-loss -1.4854  ema -1.3560
pes  3750  seg-loss -0.3141  ema -1.2986
pes  3775  seg-loss -5.5237  ema -1.3495
pes  3800  seg-loss -15.1455  ema -3.2802
pes  3825  seg-loss -4.5163  ema -4.5604
pes  3850  seg-loss -13.4652  ema -3.9682
pes  3875  seg-loss -12.5465  ema -7.9334
pes  3900  seg-loss 0.3256  ema -6.8840
pes  3925  seg-loss -9.4952  ema -5.6646
pes  3950  seg-loss -19.1731  ema -7.9136
pes  3975  seg-loss -4.7613  ema -6.7453
pes  4000  seg-loss -2.0287  ema -7.3874
pes  4025  seg-loss -3.1095  ema -5.7248
pes  4050  seg-loss -0.0108  ema -5.1363
pes  4075  seg-loss 0.4380  ema -3.0334
pes  4100  seg-loss -7.6889  ema -3.1662
pes  4125  seg-loss 0.1233  ema -3.7975
pes  4150  seg-loss -19.1901  ema -6.7762
pes  4175  seg-loss 0.3601  ema -5.2437
  probe-score -0.7144 (new best, saved)
pes  4200  seg-loss -0.2720  ema -7.9370
pes  4225  seg-loss 0.1565  ema -4.9278
pes  4250  seg-loss -1.4025  ema -3.1200
pes  4275  seg-loss -4.9181  ema -3.3684
  probe-score -0.7748 (new best, saved)
pes  4300  seg-loss -2.0089  ema -3.0350
pes  4325  seg-loss -0.1029  ema -1.9924
pes  4350  seg-loss 0.4443  ema -3.5018
pes  4375  seg-loss 0.5317  ema -2.1046
pes  4400  seg-loss -0.4107  ema -1.2193
pes  4425  seg-loss 0.1106  ema -0.7921
pes  4450  seg-loss -4.4857  ema -1.4263
pes  4475  seg-loss -4.9394  ema -2.0001
pes  4500  seg-loss -0.5986  ema -3.7134
pes  4525  seg-loss -1.8768  ema -6.7153
pes  4550  seg-loss -18.8794  ema -9.7398
pes  4575  seg-loss -1.2967  ema -9.5533
pes  4600  seg-loss -0.8825  ema -6.8217
pes  4625  seg-loss -3.1283  ema -5.6218
pes  4650  seg-loss -2.5815  ema -5.6012
pes  4675  seg-loss -1.8412  ema -4.4799
pes  4700  seg-loss -15.7470  ema -5.4289
pes  4725  seg-loss -2.0521  ema -4.4694
pes  4750  seg-loss -0.1954  ema -3.4763
pes  4775  seg-loss -10.1907  ema -3.2044
pes  4800  seg-loss -12.9827  ema -6.8527
pes  4825  seg-loss -0.9939  ema -5.9291
pes  4850  seg-loss 0.0754  ema -3.6396
pes  4875  seg-loss -12.3155  ema -5.1533
pes  4900  seg-loss 0.2009  ema -3.0459
pes  4925  seg-loss -0.2026  ema -3.6789
pes  4950  seg-loss -6.4383  ema -3.3041
pes  4975  seg-loss -11.0571  ema -2.8110
pes  5000  seg-loss -17.6484  ema -7.2011
  eval[h16] learned: loss 2.0635 acc 0.294  vs  muon(lr=0.1): loss 0.0018 acc 0.999
  eval[h64-wider] learned: loss 11.9804 acc 0.132  vs  muon(lr=0.1): loss 0.0000 acc 1.000
  eval[h16-long] learned: loss 1.6818 acc 0.345  vs  muon(lr=0.03): loss 0.0000 acc 1.000
  eval[fashion-h16 HELD-OUT] learned: loss 2.2205 acc 0.165  vs  muon(lr=0.03): loss 0.0000 acc 1.000
  eval[fashion-h64 HELD-OUT] learned: loss 2.5519 acc 0.162  vs  muon(lr=0.03): loss 0.0000 acc 1.000
pes  5025  seg-loss 0.1691  ema -7.8127
pes  5050  seg-loss -8.7126  ema -5.0376
pes  5075  seg-loss -1.8217  ema -7.2960
pes  5100  seg-loss -1.2555  ema -9.0567
pes  5125  seg-loss -18.6669  ema -8.0041
pes  5150  seg-loss -0.1138  ema -10.0158
pes  5175  seg-loss -0.8788  ema -6.2662
pes  5200  seg-loss -19.6367  ema -7.0441
pes  5225  seg-loss -1.9455  ema -6.3583
pes  5250  seg-loss -17.0126  ema -6.4668
pes  5275  seg-loss -6.7065  ema -6.8454
pes  5300  seg-loss -1.7709  ema -5.0664
pes  5325  seg-loss -1.1212  ema -3.0688
pes  5350  seg-loss -1.3911  ema -2.2751
pes  5375  seg-loss -18.3356  ema -7.5478
  probe-score -0.8057 (new best, saved)
pes  5400  seg-loss -0.1433  ema -5.2355
pes  5425  seg-loss 0.3814  ema -3.5218
pes  5450  seg-loss -14.7547  ema -3.9223
pes  5475  seg-loss -15.8215  ema -7.5267
pes  5500  seg-loss -19.4974  ema -11.3254
pes  5525  seg-loss -1.4703  ema -8.6934
pes  5550  seg-loss 0.0516  ema -6.7357
pes  5575  seg-loss -2.2399  ema -4.2849
pes  5600  seg-loss -0.7234  ema -3.6075
pes  5625  seg-loss -0.5723  ema -2.5408
pes  5650  seg-loss -0.7290  ema -1.8062
pes  5675  seg-loss -18.5492  ema -4.5632
pes  5700  seg-loss -1.4118  ema -3.2290
pes  5725  seg-loss -4.2143  ema -2.1386
pes  5750  seg-loss -19.5231  ema -7.4651
pes  5775  seg-loss 0.3405  ema -7.9257
pes  5800  seg-loss -1.4968  ema -5.3569
pes  5825  seg-loss -4.3854  ema -4.1043
pes  5850  seg-loss -1.4941  ema -3.2840
pes  5875  seg-loss -0.6749  ema -3.0976
pes  5900  seg-loss -1.1115  ema -2.2285
pes  5925  seg-loss -0.6963  ema -1.7175
pes  5950  seg-loss -14.1906  ema -4.1758
pes  5975  seg-loss -1.3170  ema -3.8838
pes  6000  seg-loss -0.9768  ema -2.6256
pes  6025  seg-loss -19.0630  ema -5.6109
pes  6050  seg-loss 0.0554  ema -6.6911
pes  6075  seg-loss -0.2639  ema -4.4894
pes  6100  seg-loss -13.2255  ema -4.1433
pes  6125  seg-loss -1.5700  ema -7.0239
pes  6150  seg-loss 0.3585  ema -4.7584
pes  6175  seg-loss -4.1229  ema -3.5464
  probe-score -0.8633 (new best, saved)
pes  6200  seg-loss -2.4196  ema -2.5405
pes  6225  seg-loss -1.1435  ema -7.8251
pes  6250  seg-loss -0.2098  ema -6.8419
pes  6275  seg-loss 0.2003  ema -5.3915
pes  6300  seg-loss -0.7743  ema -4.0228
pes  6325  seg-loss -1.2043  ema -3.1477
pes  6350  seg-loss -13.6607  ema -5.3489
pes  6375  seg-loss 0.2002  ema -7.7369
  probe-score -0.8770 (new best, saved)
pes  6400  seg-loss -9.0927  ema -5.6355
pes  6425  seg-loss -19.2605  ema -8.4581
pes  6450  seg-loss -0.7135  ema -6.7436
pes  6475  seg-loss -12.9008  ema -9.2564
  probe-score -0.8961 (new best, saved)
pes  6500  seg-loss -0.8308  ema -5.6415
pes  6525  seg-loss -0.1446  ema -4.7252
pes  6550  seg-loss -2.2905  ema -3.1215
pes  6575  seg-loss -0.2743  ema -4.9169
pes  6600  seg-loss 2.5574  ema -3.7598
pes  6625  seg-loss -20.2406  ema -7.9058
pes  6650  seg-loss -1.9562  ema -7.1780
pes  6675  seg-loss -0.8041  ema -6.3250
pes  6700  seg-loss -0.1569  ema -6.2871
pes  6725  seg-loss 0.1421  ema -3.8470
pes  6750  seg-loss -0.8906  ema -2.5473
pes  6775  seg-loss -0.7249  ema -3.1425
pes  6800  seg-loss -15.0123  ema -4.2345
pes  6825  seg-loss -1.9368  ema -6.5001
pes  6850  seg-loss -1.7930  ema -4.6074
pes  6875  seg-loss -3.9166  ema -3.8910
pes  6900  seg-loss -18.9323  ema -7.4117
pes  6925  seg-loss 0.5490  ema -5.1063
pes  6950  seg-loss -0.0603  ema -3.6700
pes  6975  seg-loss -5.2231  ema -2.5452
pes  7000  seg-loss 0.3633  ema -3.2890
pes  7025  seg-loss -19.6863  ema -4.3617
pes  7050  seg-loss -5.3259  ema -6.1168
pes  7075  seg-loss -3.9067  ema -5.2024
  probe-score -0.9251 (new best, saved)
pes  7100  seg-loss -0.9382  ema -5.3910
pes  7125  seg-loss -17.4605  ema -5.8771
pes  7150  seg-loss -1.5611  ema -7.0277
pes  7175  seg-loss -3.9755  ema -5.7324
pes  7200  seg-loss -4.7785  ema -5.3140
pes  7225  seg-loss -1.8893  ema -4.1858
pes  7250  seg-loss -15.3273  ema -4.7841
pes  7275  seg-loss -1.5401  ema -4.9982
pes  7300  seg-loss -18.3774  ema -6.7927
pes  7325  seg-loss -15.8372  ema -10.3015
pes  7350  seg-loss -10.9779  ema -8.1820
pes  7375  seg-loss -0.0830  ema -5.2278
pes  7400  seg-loss -1.0904  ema -5.7845
pes  7425  seg-loss -9.3280  ema -6.2671
pes  7450  seg-loss 0.3804  ema -6.7424
pes  7475  seg-loss -19.5435  ema -10.2386
pes  7500  seg-loss -0.0367  ema -10.6533
  eval[h16] learned: loss 2.0285 acc 0.243  vs  muon(lr=0.1): loss 0.0018 acc 0.999
  eval[h64-wider] learned: loss 3.2327 acc 0.178  vs  muon(lr=0.1): loss 0.0000 acc 1.000
  eval[h16-long] learned: loss 1.9975 acc 0.240  vs  muon(lr=0.03): loss 0.0000 acc 1.000
  eval[fashion-h16 HELD-OUT] learned: loss 2.1804 acc 0.178  vs  muon(lr=0.03): loss 0.0000 acc 1.000
  eval[fashion-h64 HELD-OUT] learned: loss 2.2710 acc 0.147  vs  muon(lr=0.03): loss 0.0000 acc 1.000
pes  7525  seg-loss -1.7115  ema -6.6114
pes  7550  seg-loss -1.4790  ema -5.1393
pes  7575  seg-loss 0.1334  ema -7.3729
pes  7600  seg-loss 0.3835  ema -4.3683
pes  7625  seg-loss -5.0704  ema -3.1357
pes  7650  seg-loss -0.4308  ema -2.8026
pes  7675  seg-loss -12.3056  ema -4.1079
pes  7700  seg-loss -2.2043  ema -3.8618
pes  7725  seg-loss -2.2117  ema -3.2492
pes  7750  seg-loss -0.8578  ema -2.9019
pes  7775  seg-loss -3.1470  ema -2.4974
pes  7800  seg-loss 0.1234  ema -1.6999
pes  7825  seg-loss -0.5680  ema -2.0769
pes  7850  seg-loss -1.1009  ema -1.5883
pes  7875  seg-loss -9.1026  ema -2.3472
  probe-score -0.9489 (new best, saved)
pes  7900  seg-loss -0.3130  ema -4.0429
pes  7925  seg-loss -0.3881  ema -3.1380
pes  7950  seg-loss 0.0328  ema -1.8996
pes  7975  seg-loss -8.0704  ema -1.9922
  probe-score -0.9829 (new best, saved)
pes  8000  seg-loss -0.0434  ema -2.2583
pes  8025  seg-loss -0.3975  ema -1.4443
pes  8050  seg-loss -0.0692  ema -1.0773
pes  8075  seg-loss -13.9928  ema -3.4727
  probe-score -1.1919 (new best, saved)
pes  8100  seg-loss -1.1707  ema -6.6279
pes  8125  seg-loss -3.0617  ema -5.4165
pes  8150  seg-loss 0.5327  ema -4.5462
pes  8175  seg-loss -20.0475  ema -7.4810
pes  8200  seg-loss 0.4656  ema -6.1329
pes  8225  seg-loss -0.7267  ema -3.7242
pes  8250  seg-loss -3.4709  ema -2.8265
pes  8275  seg-loss -16.5018  ema -4.6618
pes  8300  seg-loss -14.9082  ema -6.8056
pes  8325  seg-loss -18.4157  ema -8.6355
pes  8350  seg-loss -10.6029  ema -7.8211
pes  8375  seg-loss 0.2947  ema -5.1018
pes  8400  seg-loss -0.3054  ema -3.1261
pes  8425  seg-loss -0.8733  ema -3.8734
pes  8450  seg-loss 0.0074  ema -3.3662
pes  8475  seg-loss -2.7057  ema -2.1519
pes  8500  seg-loss -2.7229  ema -2.7083
pes  8525  seg-loss -2.2188  ema -7.4198
pes  8550  seg-loss -13.3092  ema -7.4910
pes  8575  seg-loss 0.1567  ema -8.7027
pes  8600  seg-loss -0.7659  ema -5.2496
pes  8625  seg-loss -5.0699  ema -4.2543
pes  8650  seg-loss -0.5362  ema -3.5748
pes  8675  seg-loss -10.9349  ema -4.0167
pes  8700  seg-loss -13.3257  ema -5.8148
pes  8725  seg-loss -0.2769  ema -4.1247
pes  8750  seg-loss -0.1158  ema -7.1985
pes  8775  seg-loss -13.3424  ema -6.0176
pes  8800  seg-loss -0.6904  ema -4.7661
pes  8825  seg-loss -0.6954  ema -3.7186
pes  8850  seg-loss 2.1771  ema -2.5193
pes  8875  seg-loss -13.4423  ema -3.7323
pes  8900  seg-loss -0.5833  ema -4.3598
pes  8925  seg-loss -3.7341  ema -3.2953
pes  8950  seg-loss -0.8423  ema -2.7768
pes  8975  seg-loss -13.1165  ema -3.2824
pes  9000  seg-loss -2.1212  ema -4.1548
pes  9025  seg-loss -17.9403  ema -7.0658
pes  9050  seg-loss -4.9643  ema -10.3062
pes  9075  seg-loss -4.6685  ema -7.2066
pes  9100  seg-loss -0.5737  ema -10.3130
pes  9125  seg-loss -11.8752  ema -11.1960
pes  9150  seg-loss -19.9626  ema -12.1342
pes  9175  seg-loss -19.4543  ema -14.0668
pes  9200  seg-loss -0.1625  ema -9.5437
pes  9225  seg-loss 0.0080  ema -6.2703
pes  9250  seg-loss -0.2069  ema -3.8158
pes  9275  seg-loss -0.8095  ema -2.3140
pes  9300  seg-loss -2.7255  ema -2.6503
pes  9325  seg-loss -1.8236  ema -2.6588
pes  9350  seg-loss -2.6509  ema -2.3870
pes  9375  seg-loss -20.7210  ema -7.5892
pes  9400  seg-loss -6.8055  ema -5.2681
pes  9425  seg-loss -1.4036  ema -7.2776
pes  9450  seg-loss -13.0033  ema -6.8877
pes  9475  seg-loss -9.9537  ema -8.3306
pes  9500  seg-loss -1.2040  ema -5.0435
pes  9525  seg-loss -19.1265  ema -5.7311
pes  9550  seg-loss -13.3067  ema -8.8972
pes  9575  seg-loss -19.9725  ema -12.2394
  probe-score -1.7726 (new best, saved)
pes  9600  seg-loss -1.8065  ema -7.7794
pes  9625  seg-loss -3.5905  ema -6.2581
pes  9650  seg-loss -10.4922  ema -8.6515
pes  9675  seg-loss -0.4989  ema -6.1724
pes  9700  seg-loss -15.0404  ema -6.2999
pes  9725  seg-loss -6.2684  ema -6.6954
pes  9750  seg-loss -3.9038  ema -7.4553
pes  9775  seg-loss -0.0931  ema -4.5537
  probe-score -2.0884 (new best, saved)
pes  9800  seg-loss -0.3784  ema -3.3189
pes  9825  seg-loss -9.5571  ema -3.2553
pes  9850  seg-loss -14.8991  ema -6.7107
pes  9875  seg-loss -2.9048  ema -8.3932
pes  9900  seg-loss -2.3393  ema -5.5286
pes  9925  seg-loss -20.4767  ema -7.5587
pes  9950  seg-loss -6.8466  ema -8.1744
pes  9975  seg-loss -3.4464  ema -6.7807
pes 10000  seg-loss -5.1488  ema -5.4637
  eval[h16] learned: loss 1.4937 acc 0.456  vs  muon(lr=0.1): loss 0.0018 acc 0.999
  eval[h64-wider] learned: loss 2.2288 acc 0.168  vs  muon(lr=0.1): loss 0.0000 acc 1.000
  eval[h16-long] learned: loss 0.7627 acc 0.699  vs  muon(lr=0.03): loss 0.0000 acc 1.000
  eval[fashion-h16 HELD-OUT] learned: loss 1.8291 acc 0.303  vs  muon(lr=0.03): loss 0.0000 acc 1.000
  eval[fashion-h64 HELD-OUT] learned: loss 2.2231 acc 0.190  vs  muon(lr=0.03): loss 0.0000 acc 1.000
pes 10025  seg-loss -1.5661  ema -3.8916
pes 10050  seg-loss -12.4865  ema -5.8720
pes 10075  seg-loss -16.0852  ema -9.2224
pes 10100  seg-loss -0.8632  ema -8.1914
pes 10125  seg-loss -1.9009  ema -10.0833
pes 10150  seg-loss -2.3401  ema -7.2228
pes 10175  seg-loss 0.2435  ema -7.2695
pes 10200  seg-loss -0.9692  ema -9.2219
pes 10225  seg-loss -19.4817  ema -8.5119
pes 10250  seg-loss 0.0632  ema -7.6808
pes 10275  seg-loss -17.5941  ema -9.5172
pes 10300  seg-loss -1.4482  ema -7.1114
pes 10325  seg-loss -0.1241  ema -4.7858
pes 10350  seg-loss -18.9041  ema -5.8608
pes 10375  seg-loss -20.0596  ema -8.2787
pes 10400  seg-loss -19.7921  ema -10.2729
pes 10425  seg-loss -14.7485  ema -11.3178
pes 10450  seg-loss -18.6334  ema -13.4828
pes 10475  seg-loss -9.5426  ema -11.1817
pes 10500  seg-loss -0.8647  ema -12.2704
pes 10525  seg-loss -0.8882  ema -7.8323
pes 10550  seg-loss -0.5995  ema -4.9251
pes 10575  seg-loss -0.9178  ema -3.0343
pes 10600  seg-loss -18.7912  ema -4.3624
pes 10625  seg-loss -0.1488  ema -5.4673
pes 10650  seg-loss -15.8739  ema -7.2471
pes 10675  seg-loss -1.3296  ema -4.6029
pes 10700  seg-loss -1.2010  ema -3.6234
pes 10725  seg-loss -20.5090  ema -5.2017
pes 10750  seg-loss -0.1771  ema -6.0272
pes 10775  seg-loss -0.6215  ema -4.0123
pes 10800  seg-loss -5.3168  ema -3.2334
pes 10825  seg-loss -13.6156  ema -4.7504
pes 10850  seg-loss -18.8015  ema -9.7207
pes 10875  seg-loss -3.4423  ema -7.8438
pes 10900  seg-loss -15.4655  ema -6.9369
pes 10925  seg-loss -0.6808  ema -8.3025
pes 10950  seg-loss -3.2661  ema -5.6437
pes 10975  seg-loss -19.1482  ema -9.7981
pes 11000  seg-loss -0.3005  ema -7.4675
pes 11025  seg-loss -3.6339  ema -5.1189
pes 11050  seg-loss -19.3054  ema -7.3193
pes 11075  seg-loss -1.0954  ema -6.8530
pes 11100  seg-loss -1.7049  ema -4.9675
pes 11125  seg-loss -20.4709  ema -7.2812
pes 11150  seg-loss -8.4500  ema -8.0055
pes 11175  seg-loss -0.4578  ema -6.9924
pes 11200  seg-loss -1.9606  ema -4.5244
pes 11225  seg-loss -1.3188  ema -5.4063
pes 11250  seg-loss -2.3656  ema -3.9087
pes 11275  seg-loss -2.7431  ema -4.5271
pes 11300  seg-loss -2.7649  ema -4.7941
pes 11325  seg-loss -1.0260  ema -4.0961
pes 11350  seg-loss -0.9155  ema -3.1916
pes 11375  seg-loss -6.6008  ema -2.7937
pes 11400  seg-loss -3.1873  ema -5.4891
pes 11425  seg-loss -18.9665  ema -8.2817
pes 11450  seg-loss -0.1652  ema -6.5213
pes 11475  seg-loss -17.6759  ema -9.7693
pes 11500  seg-loss -19.1301  ema -11.7530
pes 11525  seg-loss -4.0008  ema -8.5220
pes 11550  seg-loss -4.8878  ema -6.4217
pes 11575  seg-loss -18.2677  ema -5.3612
pes 11600  seg-loss -4.6513  ema -8.2569
pes 11625  seg-loss -3.8702  ema -6.3438
pes 11650  seg-loss -2.6757  ema -4.9248
pes 11675  seg-loss -8.2873  ema -5.2654
pes 11700  seg-loss -4.3621  ema -4.7871
pes 11725  seg-loss 0.0265  ema -3.3620
pes 11750  seg-loss -5.8371  ema -3.1831
pes 11775  seg-loss -3.6725  ema -3.1873
pes 11800  seg-loss -2.1790  ema -3.5802
pes 11825  seg-loss -14.5636  ema -5.1171
pes 11850  seg-loss -14.9443  ema -6.1218
pes 11875  seg-loss -0.3269  ema -4.1539
pes 11900  seg-loss -0.6706  ema -8.6026
pes 11925  seg-loss -3.7261  ema -7.1750
pes 11950  seg-loss -6.5100  ema -6.5191
pes 11975  seg-loss -19.7208  ema -10.0777
pes 12000  seg-loss -0.2481  ema -7.8615
pes 12025  seg-loss -0.3900  ema -8.3215
pes 12050  seg-loss -1.9437  ema -5.4927
pes 12075  seg-loss -0.3073  ema -3.8875
pes 12100  seg-loss -1.8111  ema -3.2387
pes 12125  seg-loss 0.2000  ema -4.1580
pes 12150  seg-loss -8.3782  ema -2.7714
pes 12175  seg-loss -0.2210  ema -5.7727
pes 12200  seg-loss -16.5560  ema -5.1894
pes 12225  seg-loss -5.2209  ema -6.6838
pes 12250  seg-loss -2.7754  ema -5.8634
pes 12275  seg-loss -1.3507  ema -4.5985
pes 12300  seg-loss -14.4997  ema -4.5191
pes 12325  seg-loss 0.2223  ema -4.7112
pes 12350  seg-loss 0.1532  ema -2.6964
pes 12375  seg-loss 0.1172  ema -1.6674
pes 12400  seg-loss -1.0157  ema -1.8946
pes 12425  seg-loss -4.9579  ema -2.2063
pes 12450  seg-loss -19.0392  ema -7.5901
pes 12475  seg-loss -14.5668  ema -7.5282
pes 12500  seg-loss -0.8770  ema -10.5542
  eval[h16] learned: loss 1.8916 acc 0.354  vs  muon(lr=0.1): loss 0.0018 acc 0.999
  eval[h64-wider] learned: loss 2.2989 acc 0.198  vs  muon(lr=0.1): loss 0.0000 acc 1.000
  eval[h16-long] learned: loss 1.6598 acc 0.391  vs  muon(lr=0.03): loss 0.0000 acc 1.000
  eval[fashion-h16 HELD-OUT] learned: loss 2.1258 acc 0.195  vs  muon(lr=0.03): loss 0.0000 acc 1.000
  eval[fashion-h64 HELD-OUT] learned: loss 2.2414 acc 0.167  vs  muon(lr=0.03): loss 0.0000 acc 1.000
pes 12525  seg-loss -1.4010  ema -8.8540
pes 12550  seg-loss -2.7718  ema -5.4560
pes 12575  seg-loss -16.1842  ema -6.5549
pes 12600  seg-loss -8.5560  ema -5.1876
pes 12625  seg-loss -0.0121  ema -4.2203
pes 12650  seg-loss -0.0333  ema -2.6542
pes 12675  seg-loss -0.6481  ema -1.7725
pes 12700  seg-loss -0.7066  ema -1.2756
pes 12725  seg-loss -0.4402  ema -0.9076
pes 12750  seg-loss 1.9513  ema -0.1728
pes 12775  seg-loss -17.9749  ema -4.2779
pes 12800  seg-loss -2.1056  ema -3.4463
pes 12825  seg-loss -3.1213  ema -7.8563
pes 12850  seg-loss 0.1792  ema -9.2218
pes 12875  seg-loss -2.3652  ema -5.7020
pes 12900  seg-loss -18.8067  ema -6.4085
pes 12925  seg-loss -1.0485  ema -6.9585
pes 12950  seg-loss -13.2277  ema -6.4086
pes 12975  seg-loss -18.9711  ema -10.3159
pes 13000  seg-loss 0.0750  ema -6.6676
pes 13025  seg-loss -2.3225  ema -4.4893
pes 13050  seg-loss -20.6343  ema -5.1744
pes 13075  seg-loss -2.9966  ema -7.1626
pes 13100  seg-loss -9.3420  ema -6.1296
pes 13125  seg-loss -0.7365  ema -4.1842
pes 13150  seg-loss -6.5929  ema -7.8487
pes 13175  seg-loss -2.2751  ema -6.2957
pes 13200  seg-loss -0.3332  ema -3.9514
pes 13225  seg-loss -0.3137  ema -3.0465
pes 13250  seg-loss -13.7753  ema -2.6463
pes 13275  seg-loss -7.9657  ema -3.0439
pes 13300  seg-loss -0.8132  ema -6.5354
pes 13325  seg-loss -2.5951  ema -5.1973
pes 13350  seg-loss -0.8142  ema -4.1133
pes 13375  seg-loss -0.7055  ema -2.8431
pes 13400  seg-loss -2.4168  ema -2.2465
pes 13425  seg-loss -3.8960  ema -2.4221
pes 13450  seg-loss -7.1740  ema -3.3360
pes 13475  seg-loss -19.9028  ema -5.4281
pes 13500  seg-loss -3.3294  ema -6.9289
pes 13525  seg-loss -0.7687  ema -5.4055
pes 13550  seg-loss -0.4350  ema -3.4871
pes 13575  seg-loss -0.1377  ema -2.1731
pes 13600  seg-loss -1.0869  ema -1.4428
pes 13625  seg-loss -12.5705  ema -2.9613
pes 13650  seg-loss -4.2771  ema -4.2913
pes 13675  seg-loss -20.7087  ema -6.7076
pes 13700  seg-loss -0.3024  ema -6.8185
pes 13725  seg-loss -4.3585  ema -5.7800
pes 13750  seg-loss -1.4806  ema -7.9386
pes 13775  seg-loss -12.9051  ema -7.2148
pes 13800  seg-loss -5.7024  ema -7.6334
pes 13825  seg-loss -0.2366  ema -8.0156
pes 13850  seg-loss -1.3880  ema -8.4924
pes 13875  seg-loss -3.2770  ema -6.1708
pes 13900  seg-loss -2.5610  ema -4.7679
pes 13925  seg-loss 1.4454  ema -2.9729
pes 13950  seg-loss -0.0798  ema -1.7528
pes 13975  seg-loss -8.0084  ema -2.2633
pes 14000  seg-loss -4.6578  ema -5.6228
pes 14025  seg-loss -4.0313  ema -4.9512
pes 14050  seg-loss -14.7329  ema -8.1927
pes 14075  seg-loss -16.9363  ema -7.9765
pes 14100  seg-loss -2.5976  ema -7.1411
pes 14125  seg-loss 0.0307  ema -4.7945
pes 14150  seg-loss -5.5775  ema -3.4981
pes 14175  seg-loss -1.6211  ema -3.1974
pes 14200  seg-loss -8.8236  ema -3.2184
pes 14225  seg-loss -1.3195  ema -3.6085
pes 14250  seg-loss -17.4157  ema -5.5788
pes 14275  seg-loss -19.4447  ema -9.0682
pes 14300  seg-loss -17.4846  ema -10.2802
pes 14325  seg-loss -0.5852  ema -6.9143
pes 14350  seg-loss -3.9451  ema -4.9303
pes 14375  seg-loss 0.0800  ema -6.2502
pes 14400  seg-loss -0.3668  ema -3.8190
pes 14425  seg-loss -20.1450  ema -6.6063
pes 14450  seg-loss -3.1841  ema -6.2528
pes 14475  seg-loss -0.3698  ema -4.5690
pes 14500  seg-loss -0.1094  ema -2.8497
pes 14525  seg-loss -9.2106  ema -2.5933
pes 14550  seg-loss -1.1279  ema -4.9587
pes 14575  seg-loss -16.5739  ema -6.7239
pes 14600  seg-loss -3.6643  ema -5.8677
pes 14625  seg-loss -0.6303  ema -4.4124
pes 14650  seg-loss -1.5328  ema -3.1034
pes 14675  seg-loss -19.2846  ema -6.9411
pes 14700  seg-loss -0.1044  ema -5.6641
pes 14725  seg-loss -3.7436  ema -4.6129
pes 14750  seg-loss -2.1294  ema -3.7576
pes 14775  seg-loss -12.4262  ema -3.1732
pes 14800  seg-loss -0.9270  ema -1.8314
pes 14825  seg-loss -1.4093  ema -2.8315
pes 14850  seg-loss -18.7432  ema -4.8273
pes 14875  seg-loss -0.9341  ema -5.4533
pes 14900  seg-loss -20.0952  ema -5.1907
pes 14925  seg-loss -3.5595  ema -7.6273
pes 14950  seg-loss -19.1875  ema -10.5099
pes 14975  seg-loss -1.0856  ema -8.8060
pes 15000  seg-loss -4.1118  ema -6.3628
  eval[h16] learned: loss 1.6456 acc 0.476  vs  muon(lr=0.1): loss 0.0018 acc 0.999
  eval[h64-wider] learned: loss 2.3349 acc 0.179  vs  muon(lr=0.1): loss 0.0000 acc 1.000
  eval[h16-long] learned: loss 0.3087 acc 0.885  vs  muon(lr=0.03): loss 0.0000 acc 1.000
  eval[fashion-h16 HELD-OUT] learned: loss 2.1578 acc 0.185  vs  muon(lr=0.03): loss 0.0000 acc 1.000
  eval[fashion-h64 HELD-OUT] learned: loss 2.2147 acc 0.167  vs  muon(lr=0.03): loss 0.0000 acc 1.000
pes 15025  seg-loss -0.0387  ema -5.3685
pes 15050  seg-loss -1.2524  ema -3.4757
pes 15075  seg-loss -0.0479  ema -2.2489
pes 15100  seg-loss -14.4634  ema -4.0188
pes 15125  seg-loss -13.9567  ema -6.9579
pes 15150  seg-loss -1.7314  ema -5.7869
pes 15175  seg-loss -4.1306  ema -4.9893
pes 15200  seg-loss -1.4503  ema -4.6730
pes 15225  seg-loss -3.8572  ema -3.7767
pes 15250  seg-loss -17.7693  ema -6.4629
pes 15275  seg-loss -7.2218  ema -7.1468
pes 15300  seg-loss -11.4715  ema -6.6145
pes 15325  seg-loss -11.2073  ema -4.7817
pes 15350  seg-loss -3.2598  ema -8.4583
pes 15375  seg-loss -1.8931  ema -6.0579
pes 15400  seg-loss -1.2093  ema -4.2373
pes 15425  seg-loss -1.7612  ema -3.0195
pes 15450  seg-loss -19.2744  ema -6.5957
pes 15475  seg-loss -13.1022  ema -6.2066
pes 15500  seg-loss -0.7119  ema -9.0590
pes 15525  seg-loss -8.0330  ema -7.6824
pes 15550  seg-loss -2.3013  ema -8.1536
pes 15575  seg-loss -5.2239  ema -5.8103
pes 15600  seg-loss -1.1253  ema -4.5606
pes 15625  seg-loss 0.5848  ema -3.1362
pes 15650  seg-loss -17.8524  ema -5.1600
pes 15675  seg-loss -1.6854  ema -5.7821
pes 15700  seg-loss -10.7085  ema -5.0549
pes 15725  seg-loss -19.1552  ema -9.7122
pes 15750  seg-loss -20.3231  ema -11.7751
pes 15775  seg-loss -19.1548  ema -12.5048
pes 15800  seg-loss -0.1944  ema -13.4231
pes 15825  seg-loss -7.4067  ema -8.5705
pes 15850  seg-loss -0.5055  ema -10.0066
pes 15875  seg-loss -1.4524  ema -6.5638
pes 15900  seg-loss -3.9623  ema -5.2300
pes 15925  seg-loss -2.3005  ema -5.5915
pes 15950  seg-loss -0.0775  ema -3.7705
pes 15975  seg-loss -2.7312  ema -2.6691
pes 16000  seg-loss -0.3889  ema -2.4559
pes 16025  seg-loss -3.6690  ema -2.7275
pes 16050  seg-loss -1.7000  ema -5.3935
pes 16075  seg-loss -1.6859  ema -3.7070
pes 16100  seg-loss -0.2671  ema -5.0625
pes 16125  seg-loss -18.9155  ema -8.1040
pes 16150  seg-loss -17.5537  ema -10.6268
pes 16175  seg-loss -3.7362  ema -8.1922
pes 16200  seg-loss -9.1549  ema -6.5276
pes 16225  seg-loss -17.1682  ema -8.2328
pes 16250  seg-loss -0.5727  ema -6.0592
pes 16275  seg-loss -13.4572  ema -4.9837
pes 16300  seg-loss -4.2893  ema -6.4379
pes 16325  seg-loss -1.0344  ema -4.8671
pes 16350  seg-loss -3.6289  ema -4.3893
pes 16375  seg-loss -0.0561  ema -5.5325
pes 16400  seg-loss -1.1573  ema -3.4920
pes 16425  seg-loss -0.7361  ema -3.3004
pes 16450  seg-loss -2.6244  ema -3.0386
pes 16475  seg-loss -2.2689  ema -5.0541
pes 16500  seg-loss -0.3079  ema -4.9440
pes 16525  seg-loss -0.6112  ema -5.7882
pes 16550  seg-loss -16.1644  ema -9.4232
pes 16575  seg-loss -0.5291  ema -9.0796
pes 16600  seg-loss -3.3451  ema -8.0763
pes 16625  seg-loss -19.7103  ema -11.1956
pes 16650  seg-loss -1.5835  ema -7.6821
pes 16675  seg-loss -0.1515  ema -4.8989
pes 16700  seg-loss -0.2790  ema -4.7936
pes 16725  seg-loss -10.3691  ema -7.0941
pes 16750  seg-loss -2.3557  ema -8.0652
pes 16775  seg-loss -0.8307  ema -5.4730
pes 16800  seg-loss -0.5240  ema -3.4166
pes 16825  seg-loss -1.7452  ema -2.8247
pes 16850  seg-loss -1.8379  ema -7.4422
pes 16875  seg-loss -20.1219  ema -8.7324
pes 16900  seg-loss -2.0989  ema -9.2512
pes 16925  seg-loss -0.0524  ema -6.9947
pes 16950  seg-loss 0.2967  ema -4.2098
pes 16975  seg-loss -0.6733  ema -2.7009
pes 17000  seg-loss -1.5071  ema -4.3946
pes 17025  seg-loss -7.7567  ema -3.8771
pes 17050  seg-loss -16.8850  ema -8.0542
pes 17075  seg-loss -13.5431  ema -9.4088
pes 17100  seg-loss -9.8734  ema -8.4081
pes 17125  seg-loss -0.1361  ema -5.5647
pes 17150  seg-loss -2.5951  ema -7.3125
pes 17175  seg-loss -0.6155  ema -5.3026
pes 17200  seg-loss -0.4573  ema -4.4571
pes 17225  seg-loss -10.9716  ema -5.1955
pes 17250  seg-loss 0.0630  ema -4.1816
pes 17275  seg-loss -8.5163  ema -3.6927
pes 17300  seg-loss -1.8020  ema -6.2381
pes 17325  seg-loss -6.2353  ema -5.0892
pes 17350  seg-loss -18.9299  ema -9.2996
pes 17375  seg-loss -1.9627  ema -6.4593
pes 17400  seg-loss -17.0153  ema -9.0690
pes 17425  seg-loss -0.2389  ema -6.0893
pes 17450  seg-loss -20.6000  ema -8.5774
pes 17475  seg-loss -4.0113  ema -7.4730
pes 17500  seg-loss -5.4898  ema -5.4262
  eval[h16] learned: loss 1.2538 acc 0.576  vs  muon(lr=0.1): loss 0.0018 acc 0.999
  eval[h64-wider] learned: loss 13.4998 acc 0.277  vs  muon(lr=0.1): loss 0.0000 acc 1.000
  eval[h16-long] learned: loss 0.2477 acc 0.929  vs  muon(lr=0.03): loss 0.0000 acc 1.000
  eval[fashion-h16 HELD-OUT] learned: loss 2.0082 acc 0.294  vs  muon(lr=0.03): loss 0.0000 acc 1.000
  eval[fashion-h64 HELD-OUT] learned: loss 39.4448 acc 0.283  vs  muon(lr=0.03): loss 0.0000 acc 1.000
pes 17525  seg-loss -2.5850  ema -6.3398
pes 17550  seg-loss -18.4385  ema -8.6770
pes 17575  seg-loss -0.6138  ema -6.6202
pes 17600  seg-loss -0.2848  ema -7.5198
pes 17625  seg-loss -14.1298  ema -7.7862
pes 17650  seg-loss -1.9670  ema -5.3868
pes 17675  seg-loss -2.1313  ema -4.9054
pes 17700  seg-loss -3.1325  ema -6.8452
pes 17725  seg-loss 0.0461  ema -6.9653
pes 17750  seg-loss -2.0325  ema -4.3352
pes 17775  seg-loss -2.9166  ema -3.7667
pes 17800  seg-loss -1.0996  ema -4.8079
pes 17825  seg-loss -17.4449  ema -6.1900
pes 17850  seg-loss -18.8506  ema -9.4074
pes 17875  seg-loss -4.7155  ema -7.6093
pes 17900  seg-loss -1.7979  ema -5.8605
pes 17925  seg-loss -0.0787  ema -4.0208
pes 17950  seg-loss -5.9666  ema -2.9745
pes 17975  seg-loss -20.3963  ema -8.3349
pes 18000  seg-loss -0.2072  ema -5.1257
pes 18025  seg-loss -2.1541  ema -5.5160
pes 18050  seg-loss -6.3501  ema -4.4216
pes 18075  seg-loss -2.4279  ema -3.6778
pes 18100  seg-loss -0.6298  ema -6.0918
pes 18125  seg-loss -2.0327  ema -8.9023
pes 18150  seg-loss -3.1306  ema -6.5783
pes 18175  seg-loss -1.5656  ema -4.4930
pes 18200  seg-loss -5.7120  ema -4.9588
pes 18225  seg-loss -3.0709  ema -6.3610
pes 18250  seg-loss -3.4502  ema -4.8993
pes 18275  seg-loss -16.2459  ema -6.8787
pes 18300  seg-loss -3.2143  ema -5.6188
pes 18325  seg-loss -18.7214  ema -9.1923
pes 18350  seg-loss -0.8152  ema -8.7834
pes 18375  seg-loss -6.3230  ema -9.6189
pes 18400  seg-loss -1.2857  ema -8.2983
pes 18425  seg-loss -2.5122  ema -5.8724
pes 18450  seg-loss 0.0020  ema -3.8554
pes 18475  seg-loss -15.1329  ema -4.6026
pes 18500  seg-loss -0.9460  ema -5.0036
pes 18525  seg-loss -1.9924  ema -5.3576
pes 18550  seg-loss -16.8180  ema -6.4247
pes 18575  seg-loss -6.4245  ema -6.7739
  probe-score -2.1743 (new best, saved)
pes 18600  seg-loss -19.7099  ema -7.8735
pes 18625  seg-loss -15.8988  ema -10.7586
pes 18650  seg-loss -1.8295  ema -10.6674
pes 18675  seg-loss -0.0401  ema -9.4245
pes 18700  seg-loss -19.3609  ema -12.6256
pes 18725  seg-loss -20.6527  ema -13.6034
pes 18750  seg-loss -20.5804  ema -15.6695
pes 18775  seg-loss -16.6022  ema -14.4057
pes 18800  seg-loss -6.1727  ema -12.3451
pes 18825  seg-loss -11.3405  ema -10.3117
pes 18850  seg-loss -0.3583  ema -8.3609
pes 18875  seg-loss -4.2191  ema -6.0766
pes 18900  seg-loss -0.1493  ema -5.6389
pes 18925  seg-loss -1.9610  ema -4.2793
pes 18950  seg-loss -16.4108  ema -6.7499
pes 18975  seg-loss -2.6039  ema -4.9387
  probe-score -2.4286 (new best, saved)
pes 19000  seg-loss -2.6395  ema -3.8603
pes 19025  seg-loss -9.6397  ema -3.3247
pes 19050  seg-loss 0.1743  ema -2.5693
pes 19075  seg-loss -0.7812  ema -1.8193
pes 19100  seg-loss -2.2746  ema -1.4705
pes 19125  seg-loss -0.3720  ema -2.2266
pes 19150  seg-loss -18.0634  ema -5.6811
pes 19175  seg-loss -6.3368  ema -5.5019
pes 19200  seg-loss -0.5478  ema -5.1931
pes 19225  seg-loss -7.5538  ema -6.2494
pes 19250  seg-loss -13.6555  ema -9.0638
pes 19275  seg-loss -0.2565  ema -9.9276
pes 19300  seg-loss -2.2212  ema -6.2207
pes 19325  seg-loss -7.5605  ema -5.9727
pes 19350  seg-loss -16.2458  ema -8.1685
pes 19375  seg-loss -13.0698  ema -7.3939
pes 19400  seg-loss -2.3788  ema -7.6784
pes 19425  seg-loss -20.2469  ema -10.3383
pes 19450  seg-loss -1.2752  ema -7.5617
pes 19475  seg-loss -0.0469  ema -6.4666
pes 19500  seg-loss -1.4186  ema -4.0635
pes 19525  seg-loss 0.0472  ema -2.7298
pes 19550  seg-loss -15.0892  ema -4.3889
pes 19575  seg-loss -0.0726  ema -3.7790
pes 19600  seg-loss -2.5203  ema -3.3456
pes 19625  seg-loss -13.4744  ema -4.9972
pes 19650  seg-loss -0.1945  ema -4.2273
pes 19675  seg-loss -3.6318  ema -4.3863
pes 19700  seg-loss -0.4483  ema -6.0255
pes 19725  seg-loss -2.4978  ema -4.2278
pes 19750  seg-loss -17.2757  ema -6.0281
pes 19775  seg-loss -20.0228  ema -10.4783
pes 19800  seg-loss -0.0514  ema -10.1269
pes 19825  seg-loss -0.0567  ema -6.2275
pes 19850  seg-loss -0.9334  ema -3.8607
pes 19875  seg-loss -10.2407  ema -3.8732
pes 19900  seg-loss -0.1837  ema -4.7979
pes 19925  seg-loss -0.0476  ema -3.3236
pes 19950  seg-loss -5.0846  ema -2.3163
pes 19975  seg-loss -3.2065  ema -5.8895
pes 20000  seg-loss -1.7149  ema -5.7921
  eval[h16] learned: loss 0.8883 acc 0.669  vs  muon(lr=0.1): loss 0.0018 acc 0.999
  eval[h64-wider] learned: loss 2.1611 acc 0.230  vs  muon(lr=0.1): loss 0.0000 acc 1.000
  eval[h16-long] learned: loss 0.0128 acc 0.996  vs  muon(lr=0.03): loss 0.0000 acc 1.000
  eval[fashion-h16 HELD-OUT] learned: loss 1.9576 acc 0.249  vs  muon(lr=0.03): loss 0.0000 acc 1.000
  eval[fashion-h64 HELD-OUT] learned: loss 2.2281 acc 0.210  vs  muon(lr=0.03): loss 0.0000 acc 1.000
pes 20025  seg-loss -0.0794  ema -4.0149
pes 20050  seg-loss -8.5601  ema -3.3234
pes 20075  seg-loss -5.4866  ema -5.3973
pes 20100  seg-loss -1.4569  ema -5.6801
pes 20125  seg-loss -1.7813  ema -4.0888
pes 20150  seg-loss -0.1391  ema -3.4050
pes 20175  seg-loss -10.2095  ema -2.8031
pes 20200  seg-loss -1.7309  ema -5.9928
pes 20225  seg-loss -10.1994  ema -5.6577
pes 20250  seg-loss -2.6848  ema -4.6995
pes 20275  seg-loss -19.2274  ema -8.8154
pes 20300  seg-loss -1.2742  ema -8.8874
pes 20325  seg-loss -1.8328  ema -7.2995
pes 20350  seg-loss -5.6205  ema -9.4525
pes 20375  seg-loss -20.7090  ema -11.3851
pes 20400  seg-loss 0.1670  ema -10.2363
pes 20425  seg-loss -20.1530  ema -10.7620
pes 20450  seg-loss -1.0701  ema -7.7950
pes 20475  seg-loss 0.8342  ema -5.4431
pes 20500  seg-loss -1.3877  ema -5.4666
pes 20525  seg-loss -0.2252  ema -3.9313
pes 20550  seg-loss -14.5358  ema -5.0142
pes 20575  seg-loss -0.7707  ema -4.5237
pes 20600  seg-loss -2.9646  ema -3.5285
pes 20625  seg-loss -18.8378  ema -6.3242
pes 20650  seg-loss -4.1412  ema -6.1167
pes 20675  seg-loss -2.1048  ema -4.4527
pes 20700  seg-loss -20.1092  ema -6.8224
pes 20725  seg-loss -4.1681  ema -7.7746
pes 20750  seg-loss -7.1416  ema -6.4554
pes 20775  seg-loss -3.3447  ema -7.8630
pes 20800  seg-loss -2.1271  ema -7.4434
pes 20825  seg-loss -0.5270  ema -8.1639
pes 20850  seg-loss -1.4158  ema -5.5696
pes 20875  seg-loss -3.1415  ema -4.4551
pes 20900  seg-loss -15.4615  ema -5.5541
pes 20925  seg-loss -2.9787  ema -6.5373
pes 20950  seg-loss -0.0415  ema -4.3245
pes 20975  seg-loss -2.3476  ema -3.0470
pes 21000  seg-loss -1.0556  ema -3.8862
pes 21025  seg-loss -0.0567  ema -5.6934
pes 21050  seg-loss -6.7448  ema -3.7331
pes 21075  seg-loss -3.7291  ema -7.2640
pes 21100  seg-loss -6.5017  ema -6.4543
pes 21125  seg-loss -0.2510  ema -8.2084
pes 21150  seg-loss -1.1504  ema -5.4412
pes 21175  seg-loss -18.4231  ema -7.0162
pes 21200  seg-loss -0.0758  ema -4.2176
pes 21225  seg-loss -1.5960  ema -2.7470
pes 21250  seg-loss -18.9566  ema -6.5479
pes 21275  seg-loss -0.6841  ema -5.4676
pes 21300  seg-loss -11.6681  ema -4.8291
pes 21325  seg-loss -0.8198  ema -4.4146
pes 21350  seg-loss -4.3062  ema -3.4122
pes 21375  seg-loss -9.5112  ema -4.2252
  probe-score -2.6079 (new best, saved)
pes 21400  seg-loss -13.0939  ema -4.8549
pes 21425  seg-loss -17.6381  ema -6.7312
pes 21450  seg-loss -1.1533  ema -5.9286
pes 21475  seg-loss -18.1487  ema -9.7595
pes 21500  seg-loss -0.9887  ema -10.5041
pes 21525  seg-loss -20.6967  ema -12.9918
pes 21550  seg-loss -1.8241  ema -8.5933
pes 21575  seg-loss -2.1579  ema -7.2324
pes 21600  seg-loss -2.9639  ema -5.1744
pes 21625  seg-loss -14.6339  ema -5.9444
pes 21650  seg-loss -10.9128  ema -8.0278
pes 21675  seg-loss -20.3208  ema -8.6956
pes 21700  seg-loss -3.8702  ema -6.0294
pes 21725  seg-loss -19.9121  ema -9.2866
pes 21750  seg-loss -0.3880  ema -7.7461
pes 21775  seg-loss -19.7269  ema -6.8441
pes 21800  seg-loss -1.1942  ema -9.4793
pes 21825  seg-loss -2.8343  ema -7.2581
pes 21850  seg-loss -12.3668  ema -8.3848
pes 21875  seg-loss -1.4761  ema -10.0732
pes 21900  seg-loss -0.9197  ema -11.1372
pes 21925  seg-loss -16.6880  ema -8.9059
pes 21950  seg-loss -1.3038  ema -8.0845
pes 21975  seg-loss -6.3981  ema -6.4740
pes 22000  seg-loss -16.7432  ema -9.9292
pes 22025  seg-loss -2.1434  ema -6.4569
pes 22050  seg-loss -6.0496  ema -4.1922
pes 22075  seg-loss -19.1647  ema -9.1739
pes 22100  seg-loss -9.5150  ema -10.0738
pes 22125  seg-loss -5.1721  ema -8.4588
pes 22150  seg-loss -1.9098  ema -6.8682
pes 22175  seg-loss -2.8495  ema -4.8547
pes 22200  seg-loss -0.8077  ema -3.7109
pes 22225  seg-loss -9.8318  ema -4.0296
pes 22250  seg-loss -3.1660  ema -5.3834
pes 22275  seg-loss -2.4092  ema -4.7263
pes 22300  seg-loss -20.6993  ema -6.5515
pes 22325  seg-loss -20.2052  ema -11.5187
pes 22350  seg-loss -2.8298  ema -10.9971
pes 22375  seg-loss -10.5988  ema -8.5290
pes 22400  seg-loss -9.3752  ema -7.7165
pes 22425  seg-loss -5.6782  ema -6.9721
pes 22450  seg-loss -0.7431  ema -5.5232
pes 22475  seg-loss -11.2564  ema -4.8989
pes 22500  seg-loss -17.9825  ema -7.8816
  eval[h16] learned: loss 0.6410 acc 0.779  vs  muon(lr=0.1): loss 0.0018 acc 0.999
  eval[h64-wider] learned: loss 3.4316 acc 0.535  vs  muon(lr=0.1): loss 0.0000 acc 1.000
  eval[h16-long] learned: loss 0.0427 acc 0.986  vs  muon(lr=0.03): loss 0.0000 acc 1.000
  eval[fashion-h16 HELD-OUT] learned: loss 1.1232 acc 0.593  vs  muon(lr=0.03): loss 0.0000 acc 1.000
  eval[fashion-h64 HELD-OUT] learned: loss 4.1980 acc 0.325  vs  muon(lr=0.03): loss 0.0000 acc 1.000
pes 22525  seg-loss -20.0308  ema -10.6249
pes 22550  seg-loss -5.5982  ema -10.5435
pes 22575  seg-loss -5.2908  ema -8.6583
pes 22600  seg-loss -20.2586  ema -11.4225
pes 22625  seg-loss -1.8925  ema -11.2965
pes 22650  seg-loss -2.8539  ema -13.1975
pes 22675  seg-loss -8.6024  ema -9.8700
pes 22700  seg-loss -8.5346  ema -11.3356
pes 22725  seg-loss -0.0735  ema -9.1602
pes 22750  seg-loss -7.6765  ema -6.6096
pes 22775  seg-loss -15.6475  ema -7.6946
  probe-score -2.9964 (new best, saved)
pes 22800  seg-loss -1.0533  ema -5.3521
pes 22825  seg-loss -1.9527  ema -6.0198
pes 22850  seg-loss -0.9581  ema -8.5844
pes 22875  seg-loss -14.8732  ema -7.6251
pes 22900  seg-loss -0.3462  ema -7.5936
pes 22925  seg-loss -3.5165  ema -5.5699
pes 22950  seg-loss 0.0352  ema -3.7030
pes 22975  seg-loss -1.8019  ema -2.7247
pes 23000  seg-loss -1.3672  ema -3.4238
pes 23025  seg-loss -10.3032  ema -3.9983
pes 23050  seg-loss -17.2979  ema -8.1219
pes 23075  seg-loss -0.2249  ema -5.2370
pes 23100  seg-loss -0.4481  ema -7.3098
pes 23125  seg-loss -3.0602  ema -5.4663
pes 23150  seg-loss -3.2974  ema -4.1713
pes 23175  seg-loss -4.4923  ema -3.9260
pes 23200  seg-loss -1.3353  ema -7.7022
pes 23225  seg-loss -1.2990  ema -7.7630
pes 23250  seg-loss -1.1118  ema -10.6948
pes 23275  seg-loss -15.0336  ema -10.4083
pes 23300  seg-loss -0.0863  ema -7.1947
pes 23325  seg-loss -5.7193  ema -5.9458
pes 23350  seg-loss -1.5526  ema -6.7559
pes 23375  seg-loss -1.7298  ema -4.6792
pes 23400  seg-loss -13.1093  ema -5.0808
pes 23425  seg-loss -3.3426  ema -5.8830
pes 23450  seg-loss -2.1002  ema -4.4066
pes 23475  seg-loss -20.0038  ema -8.1284
pes 23500  seg-loss -0.1828  ema -6.0374
pes 23525  seg-loss -5.8134  ema -7.8021
pes 23550  seg-loss -19.3678  ema -11.2368
pes 23575  seg-loss -20.2052  ema -12.6452
  probe-score -3.0573 (new best, saved)
pes 23600  seg-loss -3.5768  ema -8.4935
pes 23625  seg-loss -19.5299  ema -10.7785
pes 23650  seg-loss -2.6004  ema -12.6322
pes 23675  seg-loss -0.7119  ema -7.7333
pes 23700  seg-loss -0.6132  ema -5.3740
pes 23725  seg-loss -0.7666  ema -4.4205
pes 23750  seg-loss -15.6810  ema -5.7089
pes 23775  seg-loss -17.3283  ema -8.4350
pes 23800  seg-loss -0.2310  ema -7.4482
pes 23825  seg-loss -1.7232  ema -5.4765
pes 23850  seg-loss -5.3266  ema -4.2751
pes 23875  seg-loss -4.8284  ema -4.4231
pes 23900  seg-loss -2.6971  ema -3.8645
pes 23925  seg-loss -5.7192  ema -4.2369
pes 23950  seg-loss -9.7263  ema -9.3136
pes 23975  seg-loss -20.6635  ema -12.7506
pes 24000  seg-loss -20.1091  ema -15.1245
pes 24025  seg-loss -20.5503  ema -16.4464
pes 24050  seg-loss -3.8286  ema -12.5315
pes 24075  seg-loss -19.3996  ema -13.0333
pes 24100  seg-loss -0.9860  ema -13.8573
pes 24125  seg-loss -0.8938  ema -11.6732
pes 24150  seg-loss -2.4166  ema -7.8397
pes 24175  seg-loss -0.6421  ema -8.3261
pes 24200  seg-loss -3.6367  ema -6.9075
pes 24225  seg-loss -3.9516  ema -5.2300
pes 24250  seg-loss -11.0010  ema -4.9685
pes 24275  seg-loss -0.0642  ema -4.8515
pes 24300  seg-loss -18.2527  ema -6.0926
pes 24325  seg-loss -0.3576  ema -6.7562
pes 24350  seg-loss -13.6345  ema -4.9514
pes 24375  seg-loss -18.4302  ema -9.5195
pes 24400  seg-loss -10.3559  ema -10.3367
pes 24425  seg-loss -3.9119  ema -8.5257
pes 24450  seg-loss -11.7908  ema -7.4868
pes 24475  seg-loss -12.4824  ema -10.2619
pes 24500  seg-loss -19.7136  ema -13.3341
pes 24525  seg-loss -2.7233  ema -10.7784
pes 24550  seg-loss -14.4872  ema -8.5188
pes 24575  seg-loss -2.3334  ema -7.6396
pes 24600  seg-loss -16.7502  ema -8.2154
pes 24625  seg-loss -18.2545  ema -11.7964
pes 24650  seg-loss -20.3595  ema -14.8025
pes 24675  seg-loss -16.7753  ema -15.8789
pes 24700  seg-loss -9.9827  ema -14.6339
pes 24725  seg-loss -6.6165  ema -12.3897
pes 24750  seg-loss -16.1974  ema -12.0534
pes 24775  seg-loss -20.4676  ema -10.3936
pes 24800  seg-loss -19.7081  ema -10.0571
pes 24825  seg-loss -0.0124  ema -9.8986
pes 24850  seg-loss -18.3795  ema -8.9840
pes 24875  seg-loss -20.2563  ema -10.8207
pes 24900  seg-loss -20.0022  ema -13.7590
pes 24925  seg-loss -1.4723  ema -14.8185
pes 24950  seg-loss -15.7053  ema -12.7379
pes 24975  seg-loss -19.0382  ema -14.6417
pes 25000  seg-loss -0.0923  ema -13.2277
  eval[h16] learned: loss 1.3336 acc 0.710  vs  muon(lr=0.1): loss 0.0018 acc 0.999
  eval[h64-wider] learned: loss 1.5399 acc 0.606  vs  muon(lr=0.1): loss 0.0000 acc 1.000
  eval[h16-long] learned: loss 0.1250 acc 0.964  vs  muon(lr=0.03): loss 0.0000 acc 1.000
  eval[fashion-h16 HELD-OUT] learned: loss 1.7887 acc 0.418  vs  muon(lr=0.03): loss 0.0000 acc 1.000
  eval[fashion-h64 HELD-OUT] learned: loss 2.4287 acc 0.324  vs  muon(lr=0.03): loss 0.0000 acc 1.000
pes 25025  seg-loss -12.9944  ema -9.7919
pes 25050  seg-loss -2.0018  ema -7.8649
pes 25075  seg-loss -9.5955  ema -6.9065
pes 25100  seg-loss -2.7261  ema -5.4485
pes 25125  seg-loss -13.6963  ema -6.3422
pes 25150  seg-loss -0.0677  ema -5.0419
pes 25175  seg-loss -13.9284  ema -5.8460
pes 25200  seg-loss -4.6731  ema -5.3258
pes 25225  seg-loss -18.7547  ema -8.3327
pes 25250  seg-loss -19.8127  ema -8.8184
pes 25275  seg-loss -3.9866  ema -9.3038
pes 25300  seg-loss -0.0126  ema -6.0458
pes 25325  seg-loss -0.8252  ema -7.8458
pes 25350  seg-loss -2.4383  ema -5.5749
pes 25375  seg-loss -11.0717  ema -4.6465
pes 25400  seg-loss -17.9689  ema -7.0153
pes 25425  seg-loss -3.2812  ema -9.7884
pes 25450  seg-loss -7.7670  ema -8.0503
pes 25475  seg-loss -8.5882  ema -7.5054
pes 25500  seg-loss -0.4308  ema -7.3863
pes 25525  seg-loss -2.9031  ema -7.1165
pes 25550  seg-loss -1.2222  ema -5.2726
pes 25575  seg-loss -3.6048  ema -4.0515
pes 25600  seg-loss -3.8425  ema -7.2646
pes 25625  seg-loss -1.4666  ema -9.6669
pes 25650  seg-loss -2.6421  ema -10.9085
pes 25675  seg-loss -3.8634  ema -9.6313
  probe-score -3.1527 (new best, saved)
pes 25700  seg-loss -8.4233  ema -8.1377
pes 25725  seg-loss -1.0372  ema -7.6096
pes 25750  seg-loss -3.4633  ema -9.6150
pes 25775  seg-loss -1.0176  ema -7.4060
pes 25800  seg-loss -10.3845  ema -6.1637
pes 25825  seg-loss -20.3694  ema -8.6858
pes 25850  seg-loss -16.3364  ema -9.7673
pes 25875  seg-loss -1.1469  ema -9.9994
pes 25900  seg-loss -3.6116  ema -6.6920
pes 25925  seg-loss -11.1712  ema -6.6468
pes 25950  seg-loss -0.9067  ema -6.5255
pes 25975  seg-loss -2.6440  ema -4.6862
pes 26000  seg-loss -15.2785  ema -7.9212
pes 26025  seg-loss -0.9267  ema -8.6052
pes 26050  seg-loss -0.2355  ema -5.8776
pes 26075  seg-loss -17.4029  ema -5.7072
pes 26100  seg-loss -20.2241  ema -11.1573
pes 26125  seg-loss -7.1334  ema -10.7024
pes 26150  seg-loss -5.5740  ema -9.6739
pes 26175  seg-loss -2.1987  ema -8.4085
pes 26200  seg-loss -0.8428  ema -5.5419
pes 26225  seg-loss -0.4887  ema -3.9784
pes 26250  seg-loss -15.8688  ema -4.5563
pes 26275  seg-loss -2.6866  ema -4.6155
pes 26300  seg-loss -0.8651  ema -3.4462
pes 26325  seg-loss 1.6932  ema -2.7738
pes 26350  seg-loss -2.2753  ema -1.6760
pes 26375  seg-loss -18.6888  ema -6.4062
pes 26400  seg-loss -17.4093  ema -7.1356
pes 26425  seg-loss -12.3957  ema -8.2609
pes 26450  seg-loss -4.3962  ema -8.6921
pes 26475  seg-loss -19.5368  ema -8.3041
pes 26500  seg-loss -11.2859  ema -8.4742
pes 26525  seg-loss -19.9858  ema -10.4280
pes 26550  seg-loss -19.9392  ema -11.0595
pes 26575  seg-loss -2.0592  ema -9.5765
pes 26600  seg-loss -0.0972  ema -6.6757
pes 26625  seg-loss -9.6746  ema -6.2616
pes 26650  seg-loss -19.3913  ema -10.5361
pes 26675  seg-loss -13.1578  ema -10.3121
pes 26700  seg-loss -1.0301  ema -6.9906
pes 26725  seg-loss -1.0056  ema -8.3328
pes 26750  seg-loss -6.9471  ema -6.7361
pes 26775  seg-loss -1.5641  ema -7.7859
pes 26800  seg-loss -11.4147  ema -6.2205
pes 26825  seg-loss -17.5658  ema -9.0860
pes 26850  seg-loss -19.6407  ema -12.7503
pes 26875  seg-loss 0.1438  ema -8.8876
pes 26900  seg-loss -17.8595  ema -10.0178
pes 26925  seg-loss -19.3516  ema -9.7818
pes 26950  seg-loss -9.2696  ema -10.8876
pes 26975  seg-loss -0.7627  ema -10.6265
pes 27000  seg-loss -17.7777  ema -8.8330
pes 27025  seg-loss -17.6474  ema -12.0086
pes 27050  seg-loss -18.6333  ema -13.3995
pes 27075  seg-loss -16.0755  ema -12.8564
pes 27100  seg-loss -16.6896  ema -12.8852
pes 27125  seg-loss -0.7878  ema -11.7935
pes 27150  seg-loss -10.6203  ema -8.3484
pes 27175  seg-loss -17.4666  ema -10.5350
pes 27200  seg-loss -4.3916  ema -7.4817
pes 27225  seg-loss -1.0258  ema -9.8858
pes 27250  seg-loss -1.2900  ema -6.7257
pes 27275  seg-loss -20.0267  ema -10.6588
pes 27300  seg-loss -2.4811  ema -13.3336
pes 27325  seg-loss -18.8404  ema -14.2091
pes 27350  seg-loss -16.6866  ema -15.0726
pes 27375  seg-loss -1.1573  ema -11.9246
pes 27400  seg-loss -0.7451  ema -7.7272
pes 27425  seg-loss -2.7749  ema -5.2152
pes 27450  seg-loss -19.1911  ema -8.4169
pes 27475  seg-loss -14.8680  ema -10.2534
pes 27500  seg-loss -3.3049  ema -7.5376
  eval[h16] learned: loss 0.7899 acc 0.725  vs  muon(lr=0.1): loss 0.0018 acc 0.999
  eval[h64-wider] learned: loss 1.9085 acc 0.509  vs  muon(lr=0.1): loss 0.0000 acc 1.000
  eval[h16-long] learned: loss 0.3199 acc 0.887  vs  muon(lr=0.03): loss 0.0000 acc 1.000
  eval[fashion-h16 HELD-OUT] learned: loss 1.5743 acc 0.430  vs  muon(lr=0.03): loss 0.0000 acc 1.000
  eval[fashion-h64 HELD-OUT] learned: loss 2.1874 acc 0.175  vs  muon(lr=0.03): loss 0.0000 acc 1.000
pes 27525  seg-loss -2.5864  ema -5.4614
pes 27550  seg-loss -7.4631  ema -5.0326
pes 27575  seg-loss -14.9130  ema -7.8270
pes 27600  seg-loss -2.9130  ema -5.6363
pes 27625  seg-loss -18.2991  ema -9.4453
pes 27650  seg-loss -3.1158  ema -8.1215
pes 27675  seg-loss -3.0914  ema -5.8048
pes 27700  seg-loss -0.7226  ema -6.5662
pes 27725  seg-loss -14.3344  ema -6.4067
pes 27750  seg-loss -1.5417  ema -7.4115
pes 27775  seg-loss -15.3088  ema -6.7711
pes 27800  seg-loss -20.2420  ema -9.9447
pes 27825  seg-loss -20.7094  ema -10.9882
pes 27850  seg-loss -20.7214  ema -8.4744
pes 27875  seg-loss -1.2726  ema -5.8547
pes 27900  seg-loss -20.7056  ema -8.4955
pes 27925  seg-loss -2.6920  ema -10.0396
pes 27950  seg-loss -10.9818  ema -11.4407
pes 27975  seg-loss -1.4337  ema -10.0368
pes 28000  seg-loss -0.5892  ema -7.6366
pes 28025  seg-loss -6.6331  ema -8.2069
pes 28050  seg-loss -2.7844  ema -6.7245
pes 28075  seg-loss -1.2065  ema -4.6882
  probe-score -3.4023 (new best, saved)
pes 28100  seg-loss -1.4034  ema -3.6165
pes 28125  seg-loss -18.7757  ema -7.3498
pes 28150  seg-loss -2.9841  ema -9.5546
pes 28175  seg-loss -3.6952  ema -7.8008
pes 28200  seg-loss -9.0551  ema -9.2938
pes 28225  seg-loss 0.1678  ema -9.7026
pes 28250  seg-loss -18.8497  ema -7.6039
pes 28275  seg-loss -18.8907  ema -11.7555
pes 28300  seg-loss -0.8059  ema -9.3419
pes 28325  seg-loss -2.6043  ema -11.1528
pes 28350  seg-loss -0.0138  ema -7.0118
pes 28375  seg-loss -19.7716  ema -10.1069
pes 28400  seg-loss -1.0368  ema -6.6866
pes 28425  seg-loss 0.4674  ema -4.8870
pes 28450  seg-loss -6.7351  ema -4.1505
pes 28475  seg-loss -2.0935  ema -8.3982
pes 28500  seg-loss -2.0867  ema -6.3916
pes 28525  seg-loss -2.3343  ema -5.0881
pes 28550  seg-loss -0.9827  ema -3.4152
pes 28575  seg-loss -19.0220  ema -7.3612
pes 28600  seg-loss 0.1157  ema -4.1018
pes 28625  seg-loss -19.1363  ema -5.6532
pes 28650  seg-loss -15.8584  ema -8.1663
pes 28675  seg-loss -17.6649  ema -10.5093
pes 28700  seg-loss -8.7705  ema -10.1424
pes 28725  seg-loss -1.1256  ema -8.6040
pes 28750  seg-loss 0.2567  ema -5.1863
pes 28775  seg-loss -1.3365  ema -4.7132
pes 28800  seg-loss -1.2936  ema -7.7170
pes 28825  seg-loss -2.7778  ema -9.9501
pes 28850  seg-loss -0.0626  ema -6.7339
pes 28875  seg-loss -19.1502  ema -6.4505
pes 28900  seg-loss -5.8416  ema -7.2043
pes 28925  seg-loss -1.8251  ema -7.9657
pes 28950  seg-loss -14.6499  ema -9.1445
pes 28975  seg-loss -19.9577  ema -11.4259
pes 29000  seg-loss -1.2493  ema -8.4242
pes 29025  seg-loss -19.2787  ema -9.8732
pes 29050  seg-loss -14.6219  ema -10.7086
pes 29075  seg-loss -10.8352  ema -8.9346
pes 29100  seg-loss -0.2653  ema -5.9714
pes 29125  seg-loss -1.1501  ema -4.0792
pes 29150  seg-loss -0.4730  ema -8.3583
pes 29175  seg-loss -4.1083  ema -6.3837
pes 29200  seg-loss -20.1654  ema -8.7118
pes 29225  seg-loss -18.9539  ema -11.3981
pes 29250  seg-loss -19.7661  ema -10.6057
pes 29275  seg-loss -1.2762  ema -10.2207
pes 29300  seg-loss 0.6012  ema -6.0485
pes 29325  seg-loss 0.0673  ema -4.4439
pes 29350  seg-loss -1.9942  ema -7.9038
pes 29375  seg-loss -5.1106  ema -8.5543
pes 29400  seg-loss -8.3903  ema -9.1150
pes 29425  seg-loss -9.1116  ema -9.2848
pes 29450  seg-loss -3.1293  ema -7.5883
pes 29475  seg-loss -1.1081  ema -8.7331
pes 29500  seg-loss -20.1094  ema -9.8256
pes 29525  seg-loss -2.5760  ema -8.7423
pes 29550  seg-loss -20.6752  ema -11.9037
pes 29575  seg-loss -20.4745  ema -10.2203
pes 29600  seg-loss -7.0710  ema -11.5392
pes 29625  seg-loss -4.1132  ema -9.3235
pes 29650  seg-loss -20.5566  ema -7.2201
pes 29675  seg-loss -3.9370  ema -10.6809
pes 29700  seg-loss -1.1994  ema -6.9809
pes 29725  seg-loss -1.4100  ema -5.1787
pes 29750  seg-loss -7.7821  ema -3.3353
pes 29775  seg-loss -2.5819  ema -6.1788
pes 29800  seg-loss -20.3248  ema -7.3213
pes 29825  seg-loss -0.8187  ema -8.3149
pes 29850  seg-loss -13.1454  ema -7.9603
pes 29875  seg-loss -15.7772  ema -9.9333
pes 29900  seg-loss -0.0789  ema -7.7649
pes 29925  seg-loss -0.9481  ema -4.9843
pes 29950  seg-loss -18.6150  ema -6.3553
pes 29975  seg-loss -0.0166  ema -5.4656
  eval[h16] learned: loss 1.3732 acc 0.512  vs  muon(lr=0.1): loss 0.0018 acc 0.999
  eval[h64-wider] learned: loss 2.0105 acc 0.420  vs  muon(lr=0.1): loss 0.0000 acc 1.000
  eval[h16-long] learned: loss 2.0071 acc 0.597  vs  muon(lr=0.03): loss 0.0000 acc 1.000
  eval[fashion-h16 HELD-OUT] learned: loss 2.0437 acc 0.223  vs  muon(lr=0.03): loss 0.0000 acc 1.000
  eval[fashion-h64 HELD-OUT] learned: loss 3.3011 acc 0.160  vs  muon(lr=0.03): loss 0.0000 acc 1.000
done
