warm-started from learned_matrix10.pt
matrix optimizer: 28543 meta-params
  dataset qmnist unavailable: FileNotFoundError: [Errno 2] No such file or directory: '/home/arthurb/.cache/qmnist/qmnist-train-images-idx3-ubyte.gz'
dataset registry: ['cifar10', 'cifar100', 'covtype', 'kmnist', 'letter', 'magic', 'miniboone', 'mnist', 'optdigits', 'poker', 'satimage', 'spambase', 'svhn'] (13 available)
openml: +54 train datasets (13 held out by dataset)
pes     0  seg-loss -1.2019  ema -1.2019
  eval[h16] learned: loss 0.0035 acc 1.000  vs  muon(lr=0.1): loss 0.0007 acc 1.000
  eval[h64-wider] learned: loss 0.0448 acc 0.987  vs  muon(lr=0.03): loss 0.0008 acc 1.000
  eval[h16-long] learned: loss 0.0000 acc 1.000  vs  muon(lr=0.03): loss 0.0000 acc 1.000
  eval[fashion-h16 HELD-OUT] learned: loss 0.0055 acc 0.998  vs  muon(lr=0.03): loss 0.0000 acc 1.000
  eval[fashion-h64 HELD-OUT] learned: loss 0.1423 acc 0.957  vs  muon(lr=0.03): loss 0.0000 acc 1.000
pes    25  seg-loss -18.3424  ema -6.6948
pes    50  seg-loss -19.5913  ema -11.7004
pes    75  seg-loss -20.3484  ema -15.0285
  probe-score -4.4197 (new best, saved)
pes   100  seg-loss -20.3989  ema -17.1455
pes   125  seg-loss -19.8194  ema -17.8181
pes   150  seg-loss -8.1786  ema -13.3360
pes   175  seg-loss -14.5603  ema -12.4963
pes   200  seg-loss -0.6315  ema -7.9916
pes   225  seg-loss -0.8723  ema -5.1411
pes   250  seg-loss -17.3697  ema -9.3980
pes   275  seg-loss -17.0675  ema -12.4855
pes   300  seg-loss -19.9550  ema -15.2499
pes   325  seg-loss -19.6599  ema -17.0491
pes   350  seg-loss -9.0953  ema -12.6077
pes   375  seg-loss -12.5964  ema -12.2845
pes   400  seg-loss -0.0979  ema -8.8423
pes   425  seg-loss -0.5939  ema -5.5103
pes   450  seg-loss -20.6683  ema -8.6742
pes   475  seg-loss -20.7147  ema -13.4435
pes   500  seg-loss -20.7233  ema -16.2087
pes   525  seg-loss -20.7182  ema -17.9969
pes   550  seg-loss -20.7023  ema -19.0738
pes   575  seg-loss -20.7196  ema -19.7184
pes   600  seg-loss -20.0206  ema -18.8520
pes   625  seg-loss -19.7729  ema -19.2232
pes   650  seg-loss -20.7081  ema -19.5687
pes   675  seg-loss -1.1422  ema -14.4494
pes   700  seg-loss -1.5855  ema -9.2872
pes   725  seg-loss -1.8325  ema -6.2912
pes   750  seg-loss -2.0303  ema -4.5756
pes   775  seg-loss 0.0132  ema -3.2475
pes   800  seg-loss -0.3173  ema -2.1920
pes   825  seg-loss -0.4534  ema -1.4833
pes   850  seg-loss -0.4841  ema -1.0872
pes   875  seg-loss -0.2263  ema -0.7721
pes   900  seg-loss -20.7228  ema -3.2210
pes   925  seg-loss -20.7233  ema -10.1605
pes   950  seg-loss -18.3163  ema -13.1575
pes   975  seg-loss -18.8206  ema -15.2077
pes  1000  seg-loss -20.5553  ema -15.8875
pes  1025  seg-loss -19.7483  ema -17.5055
pes  1050  seg-loss -19.7427  ema -18.3541
pes  1075  seg-loss -19.4428  ema -18.7955
  probe-score -4.9241 (new best, saved)
pes  1100  seg-loss -0.5799  ema -17.8790
pes  1125  seg-loss -0.4647  ema -10.9603
pes  1150  seg-loss -0.5028  ema -6.8104
pes  1175  seg-loss -14.3334  ema -7.5595
pes  1200  seg-loss -13.6395  ema -10.0968
pes  1225  seg-loss -20.6963  ema -13.7067
pes  1250  seg-loss -20.6768  ema -16.4738
pes  1275  seg-loss -20.7173  ema -18.1463
pes  1300  seg-loss -20.6688  ema -19.1459
pes  1325  seg-loss -19.2635  ema -18.5307
pes  1350  seg-loss -0.5728  ema -11.3801
pes  1375  seg-loss -0.6084  ema -7.1022
pes  1400  seg-loss -20.7233  ema -9.7974
pes  1425  seg-loss -12.4182  ema -9.6150
pes  1450  seg-loss -16.2543  ema -11.7337
pes  1475  seg-loss -20.7233  ema -14.5819
pes  1500  seg-loss -20.6949  ema -17.0099
pes  1525  seg-loss -20.7070  ema -18.4754
pes  1550  seg-loss -20.6774  ema -19.3611
pes  1575  seg-loss -0.7718  ema -14.5985
pes  1600  seg-loss -20.7233  ema -14.3814
pes  1625  seg-loss 0.0578  ema -9.4263
pes  1650  seg-loss 0.0735  ema -5.6640
pes  1675  seg-loss 0.0236  ema -3.4039
pes  1700  seg-loss 0.0085  ema -2.0397
pes  1725  seg-loss -18.3158  ema -6.8012
pes  1750  seg-loss -19.3001  ema -11.6409
pes  1775  seg-loss -0.5764  ema -7.9491
pes  1800  seg-loss -0.6023  ema -5.0307
pes  1825  seg-loss -0.6071  ema -3.2759
pes  1850  seg-loss -0.6212  ema -2.2209
pes  1875  seg-loss -20.7046  ema -7.5404
pes  1900  seg-loss -20.5664  ema -6.3097
pes  1925  seg-loss -20.0433  ema -11.8048
pes  1950  seg-loss -20.1438  ema -15.0676
pes  1975  seg-loss -20.1557  ema -17.0844
pes  2000  seg-loss -20.6007  ema -18.0273
pes  2025  seg-loss -20.7233  ema -19.0960
pes  2050  seg-loss -20.6171  ema -19.4612
pes  2075  seg-loss -20.0896  ema -19.7478
pes  2100  seg-loss -19.7470  ema -19.8285
pes  2125  seg-loss -20.0920  ema -19.8949
pes  2150  seg-loss -0.7829  ema -18.8589
pes  2175  seg-loss -1.0025  ema -11.7532
pes  2200  seg-loss -20.4612  ema -8.3641
pes  2225  seg-loss -20.2499  ema -13.0646
pes  2250  seg-loss -20.2368  ema -15.9097
pes  2275  seg-loss -20.2475  ema -17.6323
pes  2300  seg-loss -11.6124  ema -17.9771
pes  2325  seg-loss -20.6859  ema -19.0514
pes  2350  seg-loss -3.2052  ema -19.3307
pes  2375  seg-loss -20.7233  ema -19.3758
pes  2400  seg-loss -20.7233  ema -19.9071
pes  2425  seg-loss -0.0525  ema -12.7937
pes  2450  seg-loss -0.1345  ema -7.7651
pes  2475  seg-loss -20.7233  ema -10.9846
pes  2500  seg-loss -18.6297  ema -12.1061
pes  2525  seg-loss -18.5106  ema -14.6543
pes  2550  seg-loss -18.1353  ema -16.1060
pes  2575  seg-loss -18.1364  ema -16.7994
pes  2600  seg-loss -12.1476  ema -11.0632
pes  2625  seg-loss -20.6488  ema -14.8795
pes  2650  seg-loss -0.2582  ema -16.7355
pes  2675  seg-loss -0.6495  ema -10.3152
pes  2700  seg-loss -0.8739  ema -6.5304
pes  2725  seg-loss -1.1727  ema -4.3567
pes  2750  seg-loss -0.4000  ema -3.1629
pes  2775  seg-loss -20.2791  ema -8.5654
pes  2800  seg-loss -19.9228  ema -13.1235
pes  2825  seg-loss -19.9775  ema -15.7833
pes  2850  seg-loss -19.6849  ema -17.3486
pes  2875  seg-loss -5.1255  ema -12.9913
pes  2900  seg-loss -8.9879  ema -10.6510
pes  2925  seg-loss -0.4869  ema -7.1684
pes  2950  seg-loss -4.0902  ema -5.6327
pes  2975  seg-loss -4.6599  ema -5.1340
pes  3000  seg-loss -1.9696  ema -3.7741
pes  3025  seg-loss -2.9027  ema -3.2587
pes  3050  seg-loss -0.2132  ema -2.8598
pes  3075  seg-loss -0.5969  ema -1.9533
pes  3100  seg-loss -0.6226  ema -1.4217
pes  3125  seg-loss -0.6402  ema -1.1089
pes  3150  seg-loss -1.3277  ema -0.9404
pes  3175  seg-loss -2.6891  ema -1.5358
pes  3200  seg-loss -2.9421  ema -2.0452
pes  3225  seg-loss -3.1465  ema -2.4486
pes  3250  seg-loss -2.3577  ema -2.7743
pes  3275  seg-loss -20.5902  ema -9.5912
pes  3300  seg-loss -20.6642  ema -13.9840
pes  3325  seg-loss -20.6767  ema -16.6327
pes  3350  seg-loss -3.8521  ema -17.8974
pes  3375  seg-loss -15.7823  ema -16.9627
pes  3400  seg-loss -10.4087  ema -16.3839
pes  3425  seg-loss -18.1679  ema -15.4893
pes  3450  seg-loss -18.7140  ema -16.7280
pes  3475  seg-loss -19.4128  ema -17.7110
pes  3500  seg-loss -19.5260  ema -18.4002
pes  3525  seg-loss 0.2298  ema -12.8580
pes  3550  seg-loss 0.0513  ema -7.7317
pes  3575  seg-loss 0.0546  ema -4.6526
pes  3600  seg-loss -0.0030  ema -2.8044
pes  3625  seg-loss -3.1969  ema -2.0339
pes  3650  seg-loss -4.8717  ema -2.8777
pes  3675  seg-loss -5.2564  ema -3.8025
pes  3700  seg-loss -6.3500  ema -4.6482
pes  3725  seg-loss 0.2700  ema -4.5462
pes  3750  seg-loss -0.1789  ema -2.7498
pes  3775  seg-loss -0.2308  ema -1.6972
pes  3800  seg-loss -2.0690  ema -1.6241
pes  3825  seg-loss -2.8063  ema -2.1105
pes  3850  seg-loss -3.1977  ema -2.5470
pes  3875  seg-loss -17.7757  ema -3.9841
pes  3900  seg-loss -0.1784  ema -6.5739
pes  3925  seg-loss -1.2469  ema -4.2322
pes  3950  seg-loss -2.9250  ema -3.4220
pes  3975  seg-loss -4.0389  ema -3.4659
pes  4000  seg-loss -3.0705  ema -3.4968
  eval[h16] learned: loss 0.1540 acc 0.970  vs  muon(lr=0.1): loss 0.0007 acc 1.000
  eval[h64-wider] learned: loss 0.7432 acc 0.771  vs  muon(lr=0.1): loss 0.0000 acc 1.000
  eval[h16-long] learned: loss 0.0233 acc 0.992  vs  muon(lr=0.03): loss 0.0000 acc 1.000
  eval[fashion-h16 HELD-OUT] learned: loss 2.0524 acc 0.560  vs  muon(lr=0.03): loss 0.0000 acc 1.000
  eval[fashion-h64 HELD-OUT] learned: loss 8.8930 acc 0.213  vs  muon(lr=0.03): loss 0.0000 acc 1.000
pes  4025  seg-loss -1.7677  ema -3.0059
pes  4050  seg-loss -1.8983  ema -2.5477
pes  4075  seg-loss -20.7127  ema -6.7671
pes  4100  seg-loss -20.7233  ema -12.1187
pes  4125  seg-loss -20.7218  ema -15.5295
pes  4150  seg-loss -20.6633  ema -17.5871
pes  4175  seg-loss -20.7233  ema -18.8258
pes  4200  seg-loss -3.8900  ema -13.8000
pes  4225  seg-loss -4.6000  ema -10.0706
pes  4250  seg-loss -4.9075  ema -8.0107
pes  4275  seg-loss -5.1702  ema -6.8587
pes  4300  seg-loss -13.3529  ema -7.4175
pes  4325  seg-loss -16.7633  ema -10.5354
pes  4350  seg-loss -20.7233  ema -12.8038
pes  4375  seg-loss -20.7233  ema -15.9442
pes  4400  seg-loss -20.7233  ema -17.8392
pes  4425  seg-loss -20.7233  ema -18.9828
pes  4450  seg-loss -2.9686  ema -14.0450
pes  4475  seg-loss -4.8712  ema -10.1752
pes  4500  seg-loss -5.3899  ema -8.1927
pes  4525  seg-loss -6.4871  ema -7.2952
pes  4550  seg-loss -4.1399  ema -6.0835
pes  4575  seg-loss -15.6091  ema -7.6244
pes  4600  seg-loss -19.6530  ema -12.1682
pes  4625  seg-loss -19.5822  ema -15.0948
pes  4650  seg-loss -20.6992  ema -16.5027
pes  4675  seg-loss -20.6896  ema -18.1632
pes  4700  seg-loss -11.1526  ema -16.5287
pes  4725  seg-loss -20.6730  ema -17.5120
pes  4750  seg-loss -0.5273  ema -16.1047
pes  4775  seg-loss -15.7422  ema -12.9932
pes  4800  seg-loss -15.7781  ema -14.3184
pes  4825  seg-loss -17.1397  ema -15.1636
pes  4850  seg-loss -17.5556  ema -15.9054
pes  4875  seg-loss -0.7830  ema -12.9701
pes  4900  seg-loss -0.3669  ema -8.0474
pes  4925  seg-loss -0.4053  ema -5.0182
pes  4950  seg-loss -0.3705  ema -3.1797
pes  4975  seg-loss 0.5859  ema -1.8193
pes  5000  seg-loss 0.5758  ema -0.8095
pes  5025  seg-loss 0.5061  ema -0.2533
pes  5050  seg-loss 0.3922  ema 0.0276
pes  5075  seg-loss -20.6517  ema -2.7429
pes  5100  seg-loss -20.6960  ema -9.8338
pes  5125  seg-loss -1.6317  ema -11.2554
pes  5150  seg-loss -2.2948  ema -7.6084
pes  5175  seg-loss -1.4493  ema -5.3968
pes  5200  seg-loss 1.2674  ema -3.2276
pes  5225  seg-loss 0.9478  ema -1.4450
pes  5250  seg-loss -20.7233  ema -4.4338
pes  5275  seg-loss 0.1041  ema -4.5274
pes  5300  seg-loss -0.2334  ema -2.7723
pes  5325  seg-loss -0.4909  ema -1.8206
pes  5350  seg-loss -0.7420  ema -1.3355
pes  5375  seg-loss -1.8331  ema -1.3458
pes  5400  seg-loss -2.1353  ema -1.6141
pes  5425  seg-loss -2.3910  ema -1.8787
pes  5450  seg-loss -2.5237  ema -2.1154
pes  5475  seg-loss -18.5538  ema -6.0599
pes  5500  seg-loss -17.7686  ema -10.8013
pes  5525  seg-loss -18.0640  ema -13.6231
pes  5550  seg-loss -18.0917  ema -15.3607
pes  5575  seg-loss -6.4074  ema -12.5889
pes  5600  seg-loss -8.9451  ema -10.9500
pes  5625  seg-loss -10.2660  ema -10.8278
pes  5650  seg-loss -11.0283  ema -11.0100
pes  5675  seg-loss -8.1822  ema -9.5950
pes  5700  seg-loss -20.6143  ema -12.8995
pes  5725  seg-loss -20.5922  ema -15.9425
pes  5750  seg-loss -0.9670  ema -10.8246
pes  5775  seg-loss -1.8584  ema -7.1174
pes  5800  seg-loss -2.2284  ema -5.1039
pes  5825  seg-loss -2.3926  ema -3.9840
pes  5850  seg-loss -2.0301  ema -4.5851
pes  5875  seg-loss -2.2907  ema -3.6203
pes  5900  seg-loss -2.4363  ema -3.1113
pes  5925  seg-loss -2.4638  ema -2.8517
pes  5950  seg-loss -1.8200  ema -2.4762
pes  5975  seg-loss -3.1223  ema -2.5304
pes  6000  seg-loss -3.7818  ema -2.9193
pes  6025  seg-loss -4.2740  ema -3.3719
pes  6050  seg-loss -5.6358  ema -3.6282
pes  6075  seg-loss -17.0547  ema -7.9155
pes  6100  seg-loss -17.6837  ema -11.6932
pes  6125  seg-loss -17.7859  ema -14.0593
pes  6150  seg-loss -18.1433  ema -15.1488
pes  6175  seg-loss -5.6202  ema -13.6981
pes  6200  seg-loss -20.1552  ema -16.1914
pes  6225  seg-loss -0.8965  ema -16.9379
pes  6250  seg-loss -1.2588  ema -16.1659
pes  6275  seg-loss 0.0966  ema -15.2085
pes  6300  seg-loss -0.0018  ema -9.1719
pes  6325  seg-loss -0.0315  ema -5.5634
pes  6350  seg-loss -0.0859  ema -3.3867
pes  6375  seg-loss 0.5394  ema -2.0321
pes  6400  seg-loss -0.3826  ema -1.4136
pes  6425  seg-loss -20.4595  ema -2.5444
pes  6450  seg-loss -0.5134  ema -6.1151
pes  6475  seg-loss -0.6510  ema -3.9313
pes  6500  seg-loss -0.6951  ema -2.6415
pes  6525  seg-loss -0.7251  ema -1.8773
pes  6550  seg-loss -0.2900  ema -1.3924
pes  6575  seg-loss -19.5177  ema -2.8085
pes  6600  seg-loss -0.8232  ema -5.7642
pes  6625  seg-loss -1.3797  ema -3.9340
pes  6650  seg-loss -18.5480  ema -6.0619
pes  6675  seg-loss -20.0633  ema -10.6844
pes  6700  seg-loss -19.8669  ema -14.4033
pes  6725  seg-loss -19.8672  ema -16.5133
pes  6750  seg-loss -20.1351  ema -17.8573
pes  6775  seg-loss -1.4892  ema -13.9758
pes  6800  seg-loss -17.7808  ema -12.8045
pes  6825  seg-loss -18.7872  ema -14.9412
pes  6850  seg-loss -1.4331  ema -11.3301
pes  6875  seg-loss -15.6844  ema -10.9983
pes  6900  seg-loss -17.1311  ema -13.3562
pes  6925  seg-loss -9.9116  ema -11.0708
pes  6950  seg-loss -0.9394  ema -8.5335
pes  6975  seg-loss -1.9266  ema -5.8758
pes  7000  seg-loss -2.0844  ema -4.3477
pes  7025  seg-loss -2.2086  ema -3.4819
pes  7050  seg-loss -0.0875  ema -2.9596
pes  7075  seg-loss -6.1793  ema -3.2034
pes  7100  seg-loss -9.2920  ema -4.9972
pes  7125  seg-loss -12.5959  ema -7.5113
pes  7150  seg-loss -14.8075  ema -10.0579
pes  7175  seg-loss -20.6991  ema -12.8095
pes  7200  seg-loss -20.5811  ema -15.9142
pes  7225  seg-loss -0.1337  ema -10.5527
pes  7250  seg-loss -0.1694  ema -6.4268
pes  7275  seg-loss -20.3290  ema -6.1714
pes  7300  seg-loss -20.5892  ema -11.8332
pes  7325  seg-loss -13.7337  ema -14.5423
pes  7350  seg-loss -16.3805  ema -14.9015
pes  7375  seg-loss -17.2079  ema -15.7343
pes  7400  seg-loss -18.4219  ema -16.4585
pes  7425  seg-loss -6.9164  ema -15.8728
pes  7450  seg-loss -14.9386  ema -14.4948
pes  7475  seg-loss -4.1977  ema -13.7140
pes  7500  seg-loss -13.1563  ema -13.2418
pes  7525  seg-loss -11.6021  ema -12.5597
pes  7550  seg-loss -11.9708  ema -12.0097
pes  7575  seg-loss -20.3034  ema -12.3564
pes  7600  seg-loss -18.5651  ema -12.2609
pes  7625  seg-loss -20.6416  ema -15.3775
pes  7650  seg-loss -20.7233  ema -17.4936
pes  7675  seg-loss -20.7152  ema -18.7710
pes  7700  seg-loss -20.1267  ema -19.0711
pes  7725  seg-loss -20.1736  ema -19.5255
pes  7750  seg-loss -1.0092  ema -12.1502
pes  7775  seg-loss -1.0471  ema -7.7399
pes  7800  seg-loss -1.0927  ema -5.0941
pes  7825  seg-loss -1.1419  ema -3.5112
pes  7850  seg-loss -1.6026  ema -2.6347
pes  7875  seg-loss -1.6230  ema -2.2430
pes  7900  seg-loss -0.4576  ema -1.5878
pes  7925  seg-loss -1.1713  ema -1.3557
pes  7950  seg-loss -1.3386  ema -1.3142
pes  7975  seg-loss -1.4418  ema -1.3159
pes  8000  seg-loss -20.7213  ema -7.3090
  eval[h16] learned: loss 0.9821 acc 0.711  vs  muon(lr=0.1): loss 0.0029 acc 0.999
  eval[h64-wider] learned: loss 2.8737 acc 0.483  vs  muon(lr=0.1): loss 0.0000 acc 1.000
  eval[h16-long] learned: loss 0.1142 acc 0.968  vs  muon(lr=0.03): loss 0.0000 acc 1.000
  eval[fashion-h16 HELD-OUT] learned: loss 1.2771 acc 0.706  vs  muon(lr=0.03): loss 0.0000 acc 1.000
  eval[fashion-h64 HELD-OUT] learned: loss 5.5037 acc 0.544  vs  muon(lr=0.03): loss 0.0000 acc 1.000
pes  8025  seg-loss -6.3837  ema -6.6030
pes  8050  seg-loss -7.4983  ema -6.8597
pes  8075  seg-loss -3.4886  ema -5.0617
pes  8100  seg-loss -0.5843  ema -3.9218
pes  8125  seg-loss -18.6075  ema -7.0205
pes  8150  seg-loss -18.2876  ema -11.9216
pes  8175  seg-loss -13.5203  ema -10.6717
pes  8200  seg-loss -11.6872  ema -11.6000
pes  8225  seg-loss 0.0143  ema -7.1039
pes  8250  seg-loss 0.0841  ema -4.2549
pes  8275  seg-loss -0.0013  ema -2.5641
pes  8300  seg-loss 0.1475  ema -1.4774
pes  8325  seg-loss -0.0498  ema -1.3122
pes  8350  seg-loss -16.6155  ema -6.1748
pes  8375  seg-loss -16.9795  ema -10.3971
pes  8400  seg-loss -17.4540  ema -13.0763
pes  8425  seg-loss -17.5125  ema -14.7592
pes  8450  seg-loss -19.2549  ema -16.0032
pes  8475  seg-loss -19.5582  ema -17.4228
pes  8500  seg-loss -19.3000  ema -18.2638
pes  8525  seg-loss -19.6804  ema -18.7707
pes  8550  seg-loss -1.5495  ema -12.7026
pes  8575  seg-loss -1.7559  ema -8.3334
pes  8600  seg-loss -1.8927  ema -5.7595
pes  8625  seg-loss -1.9911  ema -4.2470
pes  8650  seg-loss -4.0517  ema -3.7321
pes  8675  seg-loss -5.4724  ema -4.3044
pes  8700  seg-loss -18.7527  ema -7.7740
pes  8725  seg-loss -18.6666  ema -12.1200
pes  8750  seg-loss -18.4634  ema -14.6813
pes  8775  seg-loss -17.9225  ema -16.1744
pes  8800  seg-loss -0.6093  ema -12.9470
pes  8825  seg-loss -0.6658  ema -8.0666
pes  8850  seg-loss -0.7121  ema -5.1437
pes  8875  seg-loss -0.7386  ema -3.3932
pes  8900  seg-loss -20.0177  ema -5.7056
pes  8925  seg-loss -20.0541  ema -11.4661
pes  8950  seg-loss -18.5462  ema -12.8574
pes  8975  seg-loss -4.4074  ema -12.4309
pes  9000  seg-loss -12.2389  ema -11.7918
pes  9025  seg-loss -13.3710  ema -12.4048
pes  9050  seg-loss -13.6569  ema -12.8181
pes  9075  seg-loss -0.5783  ema -11.4714
pes  9100  seg-loss -0.7728  ema -7.2072
pes  9125  seg-loss -0.8472  ema -4.6556
pes  9150  seg-loss -2.2954  ema -3.4456
pes  9175  seg-loss -3.3977  ema -3.2308
pes  9200  seg-loss -4.2059  ema -3.5093
pes  9225  seg-loss 0.5281  ema -3.5390
pes  9250  seg-loss 0.5604  ema -1.8960
pes  9275  seg-loss -0.5052  ema -1.0027
pes  9300  seg-loss -20.0554  ema -7.6919
pes  9325  seg-loss -20.0214  ema -12.5471
pes  9350  seg-loss -19.9435  ema -10.2185
pes  9375  seg-loss -19.9686  ema -13.9833
pes  9400  seg-loss -19.8756  ema -16.2348
pes  9425  seg-loss -19.4947  ema -17.5849
pes  9450  seg-loss -0.8746  ema -16.5819
pes  9475  seg-loss -1.6755  ema -10.5445
pes  9500  seg-loss -4.0376  ema -7.0960
pes  9525  seg-loss -20.6094  ema -9.0909
pes  9550  seg-loss -20.3279  ema -13.5822
pes  9575  seg-loss -20.2380  ema -16.2539
pes  9600  seg-loss -19.9389  ema -17.8543
pes  9625  seg-loss -0.6888  ema -15.8595
pes  9650  seg-loss -0.7862  ema -9.8601
pes  9675  seg-loss -0.7783  ema -6.2497
pes  9700  seg-loss -0.5604  ema -4.0723
pes  9725  seg-loss -0.6855  ema -2.7273
pes  9750  seg-loss -0.7822  ema -1.9394
pes  9775  seg-loss -0.7859  ema -1.4805
pes  9800  seg-loss -0.7812  ema -1.1901
pes  9825  seg-loss -7.9285  ema -1.4303
pes  9850  seg-loss -0.4780  ema -5.0193
pes  9875  seg-loss -1.4615  ema -3.5103
pes  9900  seg-loss -19.3677  ema -4.8243
pes  9925  seg-loss -16.2301  ema -8.5398
pes  9950  seg-loss -16.7247  ema -11.8683
pes  9975  seg-loss -3.7369  ema -11.7898
pes 10000  seg-loss -12.2450  ema -10.4039
pes 10025  seg-loss -14.8949  ema -11.9152
pes 10050  seg-loss -15.1810  ema -13.1490
pes 10075  seg-loss -0.0058  ema -11.8589
pes 10100  seg-loss -0.8292  ema -7.3274
pes 10125  seg-loss -0.8655  ema -4.7591
pes 10150  seg-loss -0.8603  ema -3.2133
pes 10175  seg-loss -0.8808  ema -2.2852
pes 10200  seg-loss -3.9495  ema -2.1504
pes 10225  seg-loss -4.5890  ema -3.0431
pes 10250  seg-loss -1.9597  ema -2.8848
pes 10275  seg-loss -3.5611  ema -2.9158
pes 10300  seg-loss -4.2583  ema -3.3257
pes 10325  seg-loss -4.5603  ema -3.7659
pes 10350  seg-loss -19.4335  ema -4.5281
pes 10375  seg-loss -0.4625  ema -3.6914
pes 10400  seg-loss -0.4769  ema -2.4146
pes 10425  seg-loss -0.4996  ema -1.6539
pes 10450  seg-loss -0.5185  ema -1.2023
pes 10475  seg-loss -0.6187  ema -1.5886
pes 10500  seg-loss -19.8734  ema -6.7401
pes 10525  seg-loss -7.9656  ema -6.6097
pes 10550  seg-loss -12.4708  ema -8.1641
pes 10575  seg-loss -13.0710  ema -9.9879
pes 10600  seg-loss -14.2575  ema -11.4561
pes 10625  seg-loss 0.4630  ema -7.2960
pes 10650  seg-loss 0.3799  ema -4.2298
pes 10675  seg-loss 0.2464  ema -2.4367
pes 10700  seg-loss 0.0471  ema -1.4162
pes 10725  seg-loss -3.3858  ema -1.9948
pes 10750  seg-loss -11.7688  ema -7.0391
pes 10775  seg-loss -9.8229  ema -8.0516
pes 10800  seg-loss -14.3791  ema -9.1396
pes 10825  seg-loss -0.7419  ema -6.6754
pes 10850  seg-loss -0.7705  ema -4.3332
pes 10875  seg-loss -0.8175  ema -2.9346
pes 10900  seg-loss -0.8524  ema -2.0987
pes 10925  seg-loss -19.0331  ema -6.6007
pes 10950  seg-loss -18.1625  ema -11.2384
pes 10975  seg-loss -15.8664  ema -11.5762
pes 11000  seg-loss -15.8676  ema -13.3327
pes 11025  seg-loss -16.2168  ema -14.5092
pes 11050  seg-loss -16.7731  ema -15.4044
pes 11075  seg-loss -0.0397  ema -12.3045
pes 11100  seg-loss -0.0325  ema -7.4441
pes 11125  seg-loss -0.0331  ema -4.5080
pes 11150  seg-loss -0.0360  ema -2.7358
pes 11175  seg-loss -4.0139  ema -2.3458
pes 11200  seg-loss -19.6470  ema -5.3565
pes 11225  seg-loss -20.2336  ema -11.3101
pes 11250  seg-loss 0.0180  ema -10.2210
pes 11275  seg-loss -0.0055  ema -6.1699
pes 11300  seg-loss -19.9753  ema -4.9560
pes 11325  seg-loss -6.6302  ema -8.8518
pes 11350  seg-loss -13.0771  ema -9.6015
pes 11375  seg-loss -15.1931  ema -11.6751
pes 11400  seg-loss -15.5262  ema -13.2644
pes 11425  seg-loss -0.9806  ema -12.5490
pes 11450  seg-loss -1.4527  ema -8.0785
pes 11475  seg-loss -1.6899  ema -5.4962
pes 11500  seg-loss -1.8859  ema -4.0283
pes 11525  seg-loss -20.7233  ema -5.1801
pes 11550  seg-loss -20.7233  ema -11.3430
pes 11575  seg-loss -2.2743  ema -13.0524
pes 11600  seg-loss -11.9018  ema -10.9469
pes 11625  seg-loss -15.8821  ema -12.3521
pes 11650  seg-loss -16.7181  ema -14.0262
pes 11675  seg-loss -18.9762  ema -15.1191
pes 11700  seg-loss -18.4107  ema -16.7246
pes 11725  seg-loss -18.3751  ema -17.3510
pes 11750  seg-loss -18.1114  ema -17.6799
pes 11775  seg-loss -15.9251  ema -17.6159
pes 11800  seg-loss -19.6049  ema -17.2636
pes 11825  seg-loss -20.5561  ema -18.4346
pes 11850  seg-loss -20.5327  ema -19.2691
pes 11875  seg-loss -20.4543  ema -19.7444
pes 11900  seg-loss -0.8572  ema -18.0030
pes 11925  seg-loss 0.4148  ema -11.7925
pes 11950  seg-loss -0.4363  ema -7.1343
pes 11975  seg-loss -0.5517  ema -4.5089
pes 12000  seg-loss -0.5774  ema -2.9440
  eval[h16] learned: loss 0.4132 acc 0.910  vs  muon(lr=0.1): loss 0.0005 acc 1.000
  eval[h64-wider] learned: loss 2.3023 acc 0.560  vs  muon(lr=0.1): loss 0.0000 acc 1.000
  eval[h16-long] learned: loss 1.2070 acc 0.854  vs  muon(lr=0.03): loss 0.0000 acc 1.000
  eval[fashion-h16 HELD-OUT] learned: loss 3.1543 acc 0.588  vs  muon(lr=0.03): loss 0.0000 acc 1.000
  eval[fashion-h64 HELD-OUT] learned: loss 4.6305 acc 0.539  vs  muon(lr=0.03): loss 0.0000 acc 1.000
pes 12025  seg-loss -0.5869  ema -2.0077
pes 12050  seg-loss -1.5389  ema -1.5995
pes 12075  seg-loss -2.4776  ema -1.7909
pes 12100  seg-loss -3.1596  ema -2.2054
pes 12125  seg-loss -3.7545  ema -2.7120
pes 12150  seg-loss -20.4622  ema -6.5318
pes 12175  seg-loss -20.3358  ema -12.0367
pes 12200  seg-loss -20.1541  ema -14.8093
pes 12225  seg-loss -12.9429  ema -13.6414
pes 12250  seg-loss -1.1863  ema -9.9249
pes 12275  seg-loss -1.1015  ema -6.4344
pes 12300  seg-loss -1.1237  ema -4.3426
pes 12325  seg-loss -1.0994  ema -3.0796
pes 12350  seg-loss -15.0675  ema -3.4814
pes 12375  seg-loss -20.0894  ema -10.0493
pes 12400  seg-loss -9.1307  ema -11.8398
pes 12425  seg-loss -0.7718  ema -7.5637
pes 12450  seg-loss -0.7929  ema -4.8750
pes 12475  seg-loss -0.7928  ema -3.2555
pes 12500  seg-loss -0.8041  ema -2.2812
pes 12525  seg-loss -18.2459  ema -7.4971
pes 12550  seg-loss -18.6681  ema -12.0174
pes 12575  seg-loss -1.9056  ema -8.1288
pes 12600  seg-loss -2.1277  ema -5.7166
pes 12625  seg-loss -20.2850  ema -5.4575
pes 12650  seg-loss -19.8944  ema -11.2136
pes 12675  seg-loss -17.3324  ema -14.0042
pes 12700  seg-loss -19.5987  ema -16.3094
pes 12725  seg-loss -16.4147  ema -17.1392
pes 12750  seg-loss -18.3542  ema -17.2988
pes 12775  seg-loss -19.2421  ema -17.8598
pes 12800  seg-loss -19.5831  ema -18.4439
pes 12825  seg-loss -19.7458  ema -18.2916
pes 12850  seg-loss 0.0511  ema -15.4669
pes 12875  seg-loss -0.4173  ema -9.4154
pes 12900  seg-loss -0.5266  ema -5.8617
pes 12925  seg-loss -0.6141  ema -3.8100
pes 12950  seg-loss -20.7219  ema -4.9562
pes 12975  seg-loss -6.3163  ema -6.9646
pes 13000  seg-loss -9.6345  ema -7.7304
pes 13025  seg-loss -6.9123  ema -7.4229
pes 13050  seg-loss 1.3358  ema -5.0067
pes 13075  seg-loss -1.4612  ema -3.6244
pes 13100  seg-loss -0.5193  ema -2.4785
pes 13125  seg-loss -0.5825  ema -1.7179
pes 13150  seg-loss -0.6103  ema -1.2736
pes 13175  seg-loss -0.6217  ema -1.0125
pes 13200  seg-loss -1.0670  ema -0.9080
pes 13225  seg-loss -1.1748  ema -0.9911
pes 13250  seg-loss -1.2072  ema -1.0700
pes 13275  seg-loss -2.4894  ema -1.4255
pes 13300  seg-loss -2.7528  ema -1.9205
pes 13325  seg-loss -2.8668  ema -1.2575
pes 13350  seg-loss -11.8584  ema -4.4935
pes 13375  seg-loss -2.9377  ema -8.0099
pes 13400  seg-loss -2.1496  ema -10.9491
pes 13425  seg-loss -4.1211  ema -8.0387
pes 13450  seg-loss -5.1399  ema -6.7048
pes 13475  seg-loss -5.6813  ema -6.1966
pes 13500  seg-loss 0.7811  ema -5.5912
pes 13525  seg-loss 0.2453  ema -3.2340
pes 13550  seg-loss -0.1090  ema -1.9190
pes 13575  seg-loss -18.1158  ema -1.8648
pes 13600  seg-loss -20.1459  ema -9.1204
pes 13625  seg-loss -20.2949  ema -13.5368
pes 13650  seg-loss -20.2895  ema -16.2393
pes 13675  seg-loss -2.2662  ema -17.1426
pes 13700  seg-loss -4.9949  ema -11.9473
pes 13725  seg-loss -7.6509  ema -9.6587
pes 13750  seg-loss -10.1622  ema -9.4592
pes 13775  seg-loss -19.6851  ema -10.3741
pes 13800  seg-loss -19.0774  ema -14.0675
pes 13825  seg-loss -1.3553  ema -15.3313
pes 13850  seg-loss -13.8909  ema -10.9720
pes 13875  seg-loss -2.8603  ema -10.1376
pes 13900  seg-loss -5.1021  ema -7.7346
pes 13925  seg-loss -8.0089  ema -7.3081
pes 13950  seg-loss -9.6458  ema -7.9863
pes 13975  seg-loss -0.1720  ema -7.3178
pes 14000  seg-loss -0.2779  ema -4.6017
pes 14025  seg-loss -5.2816  ema -3.2081
pes 14050  seg-loss -4.8399  ema -4.8789
pes 14075  seg-loss -6.1717  ema -5.2802
pes 14100  seg-loss -16.1063  ema -6.3430
pes 14125  seg-loss -16.6811  ema -10.9021
pes 14150  seg-loss -16.6830  ema -13.1142
pes 14175  seg-loss -16.0762  ema -14.3786
pes 14200  seg-loss -0.5163  ema -13.7672
pes 14225  seg-loss -1.6099  ema -8.6967
pes 14250  seg-loss -2.5421  ema -6.1143
pes 14275  seg-loss -1.7356  ema -4.6477
pes 14300  seg-loss -0.9656  ema -3.7763
pes 14325  seg-loss 0.1531  ema -3.1762
pes 14350  seg-loss -1.1629  ema -2.1764
pes 14375  seg-loss -1.2463  ema -1.7905
pes 14400  seg-loss -1.2663  ema -1.5725
pes 14425  seg-loss -1.2926  ema -1.4551
pes 14450  seg-loss -0.3687  ema -1.1378
pes 14475  seg-loss -2.9759  ema -2.1612
pes 14500  seg-loss -6.2996  ema -3.4433
pes 14525  seg-loss -7.1764  ema -4.8247
pes 14550  seg-loss -7.6633  ema -5.8423
pes 14575  seg-loss -7.9187  ema -6.6217
pes 14600  seg-loss -19.8362  ema -10.7856
pes 14625  seg-loss -20.1695  ema -14.4763
pes 14650  seg-loss -20.2482  ema -16.7496
pes 14675  seg-loss -20.5236  ema -18.1520
pes 14700  seg-loss -1.7146  ema -13.0466
pes 14725  seg-loss -1.8860  ema -8.5970
pes 14750  seg-loss -1.9306  ema -5.9505
pes 14775  seg-loss -1.9865  ema -4.3736
pes 14800  seg-loss -18.6463  ema -7.8124
pes 14825  seg-loss -19.4454  ema -12.2635
pes 14850  seg-loss -19.7722  ema -15.1208
pes 14875  seg-loss -19.5165  ema -16.8860
pes 14900  seg-loss -12.5908  ema -14.5659
pes 14925  seg-loss -20.7126  ema -16.8504
pes 14950  seg-loss -0.3793  ema -17.7581
pes 14975  seg-loss 0.9062  ema -10.8196
pes 15000  seg-loss 0.3136  ema -6.3615
pes 15025  seg-loss 0.1789  ema -3.7675
pes 15050  seg-loss 0.3046  ema -2.1648
pes 15075  seg-loss -0.2151  ema -1.6202
pes 15100  seg-loss -0.7894  ema -6.4606
pes 15125  seg-loss -4.8831  ema -4.5895
pes 15150  seg-loss -20.0541  ema -8.7058
pes 15175  seg-loss -3.0423  ema -10.6179
pes 15200  seg-loss -9.7204  ema -9.1273
pes 15225  seg-loss -0.5083  ema -8.2948
pes 15250  seg-loss -6.2163  ema -6.9047
pes 15275  seg-loss -7.8558  ema -7.0325
pes 15300  seg-loss -8.7070  ema -7.5381
pes 15325  seg-loss 0.0776  ema -7.6726
pes 15350  seg-loss -0.6964  ema -5.0391
pes 15375  seg-loss -0.8042  ema -3.3513
pes 15400  seg-loss -0.8443  ema -2.3527
pes 15425  seg-loss -0.8726  ema -1.7611
pes 15450  seg-loss -0.3160  ema -2.7807
pes 15475  seg-loss -5.2257  ema -3.4646
pes 15500  seg-loss -15.7680  ema -6.0452
pes 15525  seg-loss -19.8639  ema -9.7407
pes 15550  seg-loss -20.2436  ema -13.8830
pes 15575  seg-loss -20.3881  ema -16.4586
pes 15600  seg-loss -20.4648  ema -18.0337
pes 15625  seg-loss -18.8653  ema -17.8380
pes 15650  seg-loss -18.9331  ema -18.3315
pes 15675  seg-loss -18.3991  ema -18.5031
pes 15700  seg-loss -18.6002  ema -18.5599
pes 15725  seg-loss -1.1999  ema -18.0195
pes 15750  seg-loss -4.3334  ema -11.8111
pes 15775  seg-loss -6.0967  ema -9.3457
pes 15800  seg-loss -6.2197  ema -8.0650
pes 15825  seg-loss -6.2583  ema -7.3415
pes 15850  seg-loss -20.1771  ema -9.6871
pes 15875  seg-loss -0.9019  ema -7.9657
pes 15900  seg-loss -1.0745  ema -5.1984
pes 15925  seg-loss -1.0930  ema -3.5794
pes 15950  seg-loss -1.2326  ema -2.6306
pes 15975  seg-loss -19.4863  ema -7.4823
pes 16000  seg-loss -19.7565  ema -12.2487
  eval[h16] learned: loss 0.6831 acc 0.790  vs  muon(lr=0.1): loss 0.0030 acc 1.000
  eval[h64-wider] learned: loss 0.9752 acc 0.821  vs  muon(lr=0.1): loss 0.0000 acc 1.000
  eval[h16-long] learned: loss 0.0893 acc 0.982  vs  muon(lr=0.03): loss 0.0000 acc 1.000
  eval[fashion-h16 HELD-OUT] learned: loss 0.8112 acc 0.723  vs  muon(lr=0.03): loss 0.0000 acc 1.000
  eval[fashion-h64 HELD-OUT] learned: loss 0.7878 acc 0.719  vs  muon(lr=0.03): loss 0.0000 acc 1.000
pes 16025  seg-loss -19.7995  ema -15.0799
pes 16050  seg-loss -19.8108  ema -16.8085
pes 16075  seg-loss -20.6133  ema -15.8478
pes 16100  seg-loss -17.2491  ema -16.4364
pes 16125  seg-loss -17.6204  ema -16.8584
pes 16150  seg-loss -0.6882  ema -12.7026
pes 16175  seg-loss -0.8151  ema -7.9710
pes 16200  seg-loss -0.8734  ema -5.1481
pes 16225  seg-loss -0.9066  ema -3.4609
pes 16250  seg-loss -0.5678  ema -3.3262
pes 16275  seg-loss 0.7563  ema -1.9783
pes 16300  seg-loss 0.2928  ema -1.0957
pes 16325  seg-loss -14.2086  ema -2.6540
pes 16350  seg-loss -16.8452  ema -7.9688
pes 16375  seg-loss -18.7324  ema -11.3738
pes 16400  seg-loss -18.3491  ema -14.2103
pes 16425  seg-loss -17.7835  ema -15.8074
pes 16450  seg-loss -17.8822  ema -16.6751
pes 16475  seg-loss 0.7719  ema -14.3581
pes 16500  seg-loss -5.5098  ema -9.7810
pes 16525  seg-loss -5.5725  ema -8.0897
pes 16550  seg-loss -5.6038  ema -7.1032
pes 16575  seg-loss -5.4740  ema -6.5180
pes 16600  seg-loss -20.7222  ema -9.4921
pes 16625  seg-loss -20.7233  ema -13.9433
pes 16650  seg-loss -18.6567  ema -15.7868
pes 16675  seg-loss -17.0751  ema -16.5667
pes 16700  seg-loss -15.6580  ema -16.4493
pes 16725  seg-loss -14.6323  ema -15.8699
pes 16750  seg-loss -20.5791  ema -16.4102
pes 16775  seg-loss -20.2273  ema -18.0071
pes 16800  seg-loss -3.5027  ema -14.6905
pes 16825  seg-loss -5.4288  ema -10.6985
pes 16850  seg-loss 0.0527  ema -7.5115
pes 16875  seg-loss -3.4347  ema -5.2509
pes 16900  seg-loss -1.6902  ema -4.0197
pes 16925  seg-loss -1.8469  ema -3.1326
pes 16950  seg-loss -13.3538  ema -5.0492
pes 16975  seg-loss -14.7812  ema -8.6415
pes 17000  seg-loss -18.9833  ema -12.0084
pes 17025  seg-loss -17.8865  ema -14.4898
pes 17050  seg-loss -18.1922  ema -15.9093
pes 17075  seg-loss -18.3129  ema -16.8283
pes 17100  seg-loss -10.6465  ema -13.8367
pes 17125  seg-loss -3.4015  ema -10.6463
pes 17150  seg-loss -5.6254  ema -8.3737
pes 17175  seg-loss -6.1685  ema -7.3919
pes 17200  seg-loss -6.3602  ema -6.9418
pes 17225  seg-loss -20.4601  ema -8.9640
pes 17250  seg-loss -20.3187  ema -13.4857
pes 17275  seg-loss -20.1387  ema -16.1294
pes 17300  seg-loss -20.0209  ema -17.6499
pes 17325  seg-loss -3.9345  ema -14.7567
pes 17350  seg-loss 0.8328  ema -10.3584
pes 17375  seg-loss -0.5667  ema -6.2425
pes 17400  seg-loss -0.6383  ema -4.0092
pes 17425  seg-loss -0.6108  ema -2.6554
pes 17450  seg-loss -0.6545  ema -1.8557
pes 17475  seg-loss -0.7138  ema -1.3910
pes 17500  seg-loss -0.7762  ema -1.1376
pes 17525  seg-loss -20.1964  ema -5.5451
pes 17550  seg-loss -20.0480  ema -11.3268
pes 17575  seg-loss -18.8334  ema -14.1679
pes 17600  seg-loss -17.2326  ema -15.7411
pes 17625  seg-loss -16.5690  ema -16.2614
pes 17650  seg-loss -17.8499  ema -16.7266
pes 17675  seg-loss -13.7067  ema -14.4107
pes 17700  seg-loss -20.7233  ema -16.8825
pes 17725  seg-loss -1.5617  ema -16.8649
pes 17750  seg-loss -1.5612  ema -10.7249
pes 17775  seg-loss -1.7817  ema -7.1365
pes 17800  seg-loss -1.8566  ema -5.0355
pes 17825  seg-loss -2.0143  ema -3.8116
pes 17850  seg-loss -2.8549  ema -5.8118
pes 17875  seg-loss -9.7189  ema -6.0240
pes 17900  seg-loss -15.5079  ema -8.8521
pes 17925  seg-loss -19.5633  ema -12.4958
pes 17950  seg-loss -19.6725  ema -15.0646
pes 17975  seg-loss -20.5731  ema -17.2197
pes 18000  seg-loss -19.9972  ema -18.4085
pes 18025  seg-loss -15.7000  ema -17.0389
pes 18050  seg-loss -20.7233  ema -18.3184
pes 18075  seg-loss -20.7233  ema -19.2716
pes 18100  seg-loss -9.0249  ema -14.7302
pes 18125  seg-loss -13.1643  ema -13.6025
pes 18150  seg-loss -0.7474  ema -8.5168
pes 18175  seg-loss -0.9045  ema -5.4724
pes 18200  seg-loss 0.1492  ema -8.6463
pes 18225  seg-loss -0.0852  ema -5.1805
pes 18250  seg-loss -0.1647  ema -3.1856
pes 18275  seg-loss -0.1874  ema -1.9962
pes 18300  seg-loss -0.1378  ema -1.2805
pes 18325  seg-loss -6.0306  ema -2.4411
pes 18350  seg-loss -8.1356  ema -4.2154
pes 18375  seg-loss -8.5872  ema -5.7634
pes 18400  seg-loss -0.4120  ema -6.7090
pes 18425  seg-loss -0.2464  ema -8.8452
pes 18450  seg-loss -1.8806  ema -5.9228
pes 18475  seg-loss -2.7319  ema -4.5095
pes 18500  seg-loss -3.5530  ema -3.9839
pes 18525  seg-loss -4.3767  ema -4.0062
pes 18550  seg-loss 0.0574  ema -7.8388
pes 18575  seg-loss -0.7273  ema -4.9735
pes 18600  seg-loss -0.8302  ema -3.3151
pes 18625  seg-loss -0.8858  ema -2.3435
pes 18650  seg-loss -0.9177  ema -1.7727
pes 18675  seg-loss -16.7509  ema -6.0038
pes 18700  seg-loss -7.8167  ema -5.8664
pes 18725  seg-loss -4.4854  ema -7.6608
pes 18750  seg-loss -5.1304  ema -6.6599
pes 18775  seg-loss -6.1243  ema -6.2893
pes 18800  seg-loss -5.8624  ema -6.1870
pes 18825  seg-loss -4.8793  ema -5.5702
pes 18850  seg-loss 0.7984  ema -5.2707
pes 18875  seg-loss 0.4817  ema -2.9198
pes 18900  seg-loss -20.5409  ema -5.2621
pes 18925  seg-loss -20.4905  ema -11.2722
pes 18950  seg-loss -20.4473  ema -14.8952
pes 18975  seg-loss -20.0323  ema -17.0314
pes 19000  seg-loss -8.0722  ema -15.2938
pes 19025  seg-loss -13.7073  ema -14.2202
pes 19050  seg-loss -14.5467  ema -14.2207
pes 19075  seg-loss -15.2238  ema -14.4161
pes 19100  seg-loss -17.8431  ema -14.3099
pes 19125  seg-loss -19.2347  ema -16.1414
pes 19150  seg-loss -19.0393  ema -17.3031
pes 19175  seg-loss -19.0878  ema -17.9359
pes 19200  seg-loss -0.9638  ema -15.8545
pes 19225  seg-loss -3.2328  ema -10.5522
pes 19250  seg-loss -4.0976  ema -7.8379
pes 19275  seg-loss -4.4212  ema -6.4255
pes 19300  seg-loss -0.6846  ema -5.1485
pes 19325  seg-loss -0.7589  ema -3.3912
pes 19350  seg-loss -0.6968  ema -3.6422
pes 19375  seg-loss -1.6546  ema -5.0047
pes 19400  seg-loss -2.1591  ema -3.8153
pes 19425  seg-loss -2.8193  ema -3.2097
pes 19450  seg-loss -0.7480  ema -2.1958
pes 19475  seg-loss -0.8285  ema -1.6407
pes 19500  seg-loss -0.8728  ema -1.3292
pes 19525  seg-loss -0.8995  ema -1.1543
pes 19550  seg-loss -18.1489  ema -7.5680
pes 19575  seg-loss -17.9821  ema -11.6711
pes 19600  seg-loss -1.2047  ema -7.8647
pes 19625  seg-loss -1.3476  ema -5.2598
pes 19650  seg-loss -18.5733  ema -4.3743
pes 19675  seg-loss -19.8805  ema -10.5160
pes 19700  seg-loss 0.1504  ema -13.1537
pes 19725  seg-loss -1.0297  ema -8.1936
pes 19750  seg-loss -1.3797  ema -5.4547
pes 19775  seg-loss -1.6382  ema -3.9084
pes 19800  seg-loss -0.4401  ema -2.9440
pes 19825  seg-loss -5.3786  ema -3.5712
pes 19850  seg-loss -5.4769  ema -4.3119
pes 19875  seg-loss -5.4783  ema -4.7984
pes 19900  seg-loss -5.6127  ema -5.1077
pes 19925  seg-loss -7.5702  ema -4.5266
pes 19950  seg-loss -13.0422  ema -7.3342
pes 19975  seg-loss -13.3216  ema -9.7742
pes 20000  seg-loss -14.8489  ema -11.5816
  eval[h16] learned: loss 0.4137 acc 0.900  vs  muon(lr=0.1): loss 0.0009 acc 1.000
  eval[h64-wider] learned: loss 0.8359 acc 0.828  vs  muon(lr=0.1): loss 0.0001 acc 1.000
  eval[h16-long] learned: loss 0.0004 acc 1.000  vs  muon(lr=0.03): loss 0.0000 acc 1.000
  eval[fashion-h16 HELD-OUT] learned: loss 2.0085 acc 0.743  vs  muon(lr=0.03): loss 0.0000 acc 1.000
  eval[fashion-h64 HELD-OUT] learned: loss 1.0094 acc 0.729  vs  muon(lr=0.03): loss 0.0000 acc 1.000
pes 20025  seg-loss -13.3290  ema -11.0622
pes 20050  seg-loss -0.6697  ema -7.2574
pes 20075  seg-loss -19.4429  ema -11.0198
pes 20100  seg-loss -20.3004  ema -14.5428
pes 20125  seg-loss -20.1117  ema -16.6908
pes 20150  seg-loss -19.8901  ema -18.0122
pes 20175  seg-loss -7.8423  ema -13.8825
pes 20200  seg-loss -8.8799  ema -11.7722
pes 20225  seg-loss -0.1607  ema -7.9344
pes 20250  seg-loss -0.1983  ema -4.8585
pes 20275  seg-loss -0.0435  ema -2.9619
pes 20300  seg-loss -0.0681  ema -1.8119
pes 20325  seg-loss -1.9250  ema -1.5975
pes 20350  seg-loss -2.1695  ema -1.7853
pes 20375  seg-loss -4.5495  ema -2.3929
pes 20400  seg-loss -2.9506  ema -2.4961
pes 20425  seg-loss -4.2612  ema -2.9539
pes 20450  seg-loss -17.5817  ema -6.6999
pes 20475  seg-loss -18.0882  ema -11.2458
pes 20500  seg-loss -17.7905  ema -13.8652
pes 20525  seg-loss -18.3521  ema -15.5234
pes 20550  seg-loss -20.2127  ema -16.8684
pes 20575  seg-loss -19.8179  ema -18.0812
pes 20600  seg-loss -1.3543  ema -14.7821
pes 20625  seg-loss -1.4662  ema -9.4544
pes 20650  seg-loss -4.2704  ema -6.5029
pes 20675  seg-loss -8.3574  ema -6.5897
pes 20700  seg-loss -12.9594  ema -8.3062
pes 20725  seg-loss -17.3628  ema -11.2193
pes 20750  seg-loss -19.9092  ema -13.4498
pes 20775  seg-loss -18.9640  ema -15.8514
pes 20800  seg-loss -18.4434  ema -17.0493
pes 20825  seg-loss -18.4236  ema -17.7201
pes 20850  seg-loss -7.9147  ema -16.2590
pes 20875  seg-loss -18.4742  ema -16.3170
pes 20900  seg-loss -0.7268  ema -14.5377
pes 20925  seg-loss -1.8586  ema -9.2650
pes 20950  seg-loss -0.2088  ema -5.9348
pes 20975  seg-loss -0.3450  ema -3.6995
pes 21000  seg-loss -5.6181  ema -3.1695
pes 21025  seg-loss -6.4202  ema -4.3228
pes 21050  seg-loss -7.1643  ema -5.2886
pes 21075  seg-loss -7.2661  ema -6.0136
pes 21100  seg-loss -1.4653  ema -5.3027
pes 21125  seg-loss -1.8923  ema -3.8804
pes 21150  seg-loss -2.2887  ema -3.1787
pes 21175  seg-loss -2.5906  ema -2.8976
pes 21200  seg-loss -0.4308  ema -2.6149
pes 21225  seg-loss -0.5949  ema -1.7990
pes 21250  seg-loss -0.6243  ema -1.2959
pes 21275  seg-loss -2.0679  ema -1.4342
pes 21300  seg-loss -3.4815  ema -2.0391
pes 21325  seg-loss -3.7690  ema -2.5954
pes 21350  seg-loss -5.2920  ema -3.1579
pes 21375  seg-loss -20.5935  ema -10.0337
pes 21400  seg-loss -20.5949  ema -14.2263
pes 21425  seg-loss -20.5532  ema -16.7493
pes 21450  seg-loss -0.5233  ema -17.8529
pes 21475  seg-loss -0.0059  ema -11.4567
pes 21500  seg-loss -1.2822  ema -7.2874
pes 21525  seg-loss -18.8795  ema -9.7822
pes 21550  seg-loss -18.0264  ema -13.3343
pes 21575  seg-loss -17.7174  ema -15.2686
pes 21600  seg-loss -16.5860  ema -16.1839
pes 21625  seg-loss -16.3418  ema -13.9751
pes 21650  seg-loss -1.0630  ema -14.0815
pes 21675  seg-loss -2.1983  ema -9.3000
pes 21700  seg-loss -2.4113  ema -6.5223
pes 21725  seg-loss -2.5178  ema -4.9101
pes 21750  seg-loss -1.0882  ema -3.9427
pes 21775  seg-loss -5.9553  ema -7.4452
pes 21800  seg-loss -19.1400  ema -10.8714
pes 21825  seg-loss -0.2557  ema -11.8724
pes 21850  seg-loss -0.4924  ema -7.3454
pes 21875  seg-loss -0.5195  ema -4.6343
pes 21900  seg-loss -0.5290  ema -3.0037
pes 21925  seg-loss -0.1097  ema -2.0042
pes 21950  seg-loss -0.1262  ema -1.2588
pes 21975  seg-loss -0.2044  ema -0.8302
pes 22000  seg-loss -19.4916  ema -2.9905
pes 22025  seg-loss -19.7499  ema -9.6156
pes 22050  seg-loss -0.6177  ema -11.2004
pes 22075  seg-loss -6.6930  ema -8.7397
pes 22100  seg-loss -10.8166  ema -8.8711
pes 22125  seg-loss -14.9793  ema -10.6719
pes 22150  seg-loss -0.0729  ema -12.6316
pes 22175  seg-loss -5.1606  ema -9.0722
pes 22200  seg-loss -2.5110  ema -7.6233
pes 22225  seg-loss -4.9006  ema -5.5621
pes 22250  seg-loss -0.7987  ema -3.8653
pes 22275  seg-loss -0.8447  ema -2.6631
pes 22300  seg-loss -0.9081  ema -1.9544
pes 22325  seg-loss -0.9254  ema -1.5414
pes 22350  seg-loss -19.2774  ema -6.8540
pes 22375  seg-loss -18.7623  ema -11.5926
pes 22400  seg-loss -18.9845  ema -14.5224
pes 22425  seg-loss -19.2202  ema -16.3620
pes 22450  seg-loss -0.5425  ema -11.5139
pes 22475  seg-loss -16.3808  ema -11.1974
pes 22500  seg-loss -16.4747  ema -13.2643
pes 22525  seg-loss -16.6889  ema -14.5675
pes 22550  seg-loss -16.8848  ema -15.4375
pes 22575  seg-loss -20.7233  ema -16.9810
pes 22600  seg-loss -19.1062  ema -17.8335
pes 22625  seg-loss -18.9283  ema -18.2863
pes 22650  seg-loss -18.4016  ema -18.4603
pes 22675  seg-loss -18.4092  ema -18.4726
pes 22700  seg-loss -0.4385  ema -17.6544
pes 22725  seg-loss -0.5820  ema -10.8765
pes 22750  seg-loss -2.3734  ema -6.8794
pes 22775  seg-loss -3.3948  ema -5.3507
pes 22800  seg-loss -5.5405  ema -5.0523
pes 22825  seg-loss -8.5635  ema -6.0374
pes 22850  seg-loss -0.3882  ema -6.7852
pes 22875  seg-loss -20.6083  ema -7.0562
pes 22900  seg-loss -20.4961  ema -12.4140
pes 22925  seg-loss -20.4650  ema -15.6256
pes 22950  seg-loss -20.5408  ema -17.5494
pes 22975  seg-loss -16.6531  ema -17.8583
pes 23000  seg-loss -19.8291  ema -16.5748
pes 23025  seg-loss -19.2100  ema -17.7156
pes 23050  seg-loss -13.1111  ema -16.5191
pes 23075  seg-loss -17.6611  ema -16.7568
pes 23100  seg-loss -0.5678  ema -14.4050
pes 23125  seg-loss -0.1522  ema -8.8080
pes 23150  seg-loss -19.9719  ema -11.3739
pes 23175  seg-loss -19.3029  ema -14.6039
pes 23200  seg-loss -19.1606  ema -16.4528
pes 23225  seg-loss -19.3190  ema -17.5210
pes 23250  seg-loss -20.2385  ema -18.2117
pes 23275  seg-loss -20.0263  ema -18.9377
pes 23300  seg-loss -11.3875  ema -14.7058
pes 23325  seg-loss -0.3657  ema -9.1510
pes 23350  seg-loss -0.4411  ema -5.6825
pes 23375  seg-loss -0.4262  ema -3.6135
pes 23400  seg-loss -0.4929  ema -2.3741
pes 23425  seg-loss -0.6318  ema -1.6668
pes 23450  seg-loss -0.6542  ema -1.2621
pes 23475  seg-loss -19.9983  ema -7.2442
pes 23500  seg-loss -20.2945  ema -12.3853
pes 23525  seg-loss -0.9720  ema -8.5575
pes 23550  seg-loss -1.0226  ema -5.5686
pes 23575  seg-loss -19.2392  ema -7.3973
pes 23600  seg-loss -20.0052  ema -12.3399
pes 23625  seg-loss -20.1950  ema -15.4362
pes 23650  seg-loss -20.3945  ema -17.3976
pes 23675  seg-loss -20.7075  ema -17.8643
pes 23700  seg-loss -0.3160  ema -11.8730
pes 23725  seg-loss -0.4775  ema -7.3418
pes 23750  seg-loss -0.5000  ema -4.6263
pes 23775  seg-loss -0.5368  ema -3.0037
pes 23800  seg-loss -20.7155  ema -8.2494
pes 23825  seg-loss -20.7114  ema -13.1888
pes 23850  seg-loss -20.6967  ema -16.1675
pes 23875  seg-loss -20.7173  ema -17.9664
pes 23900  seg-loss -16.1918  ema -14.9048
pes 23925  seg-loss -17.4926  ema -15.9208
pes 23950  seg-loss -0.6218  ema -11.6283
pes 23975  seg-loss -0.7032  ema -7.2788
pes 24000  seg-loss -0.8071  ema -4.6955
  eval[h16] learned: loss 0.4638 acc 0.904  vs  muon(lr=0.1): loss 0.0012 acc 1.000
  eval[h64-wider] learned: loss 0.7324 acc 0.876  vs  muon(lr=0.1): loss 0.0000 acc 1.000
  eval[h16-long] learned: loss 0.0003 acc 1.000  vs  muon(lr=0.1): loss 0.0000 acc 1.000
  eval[fashion-h16 HELD-OUT] learned: loss 0.7632 acc 0.813  vs  muon(lr=0.03): loss 0.0000 acc 1.000
  eval[fashion-h64 HELD-OUT] learned: loss 0.5332 acc 0.831  vs  muon(lr=0.03): loss 0.0000 acc 1.000
pes 24025  seg-loss -0.8728  ema -3.1705
pes 24050  seg-loss -2.4734  ema -2.6144
pes 24075  seg-loss -2.9642  ema -2.6871
pes 24100  seg-loss -3.2924  ema -2.8716
pes 24125  seg-loss -3.5632  ema -3.0982
pes 24150  seg-loss -7.7324  ema -3.6335
pes 24175  seg-loss -11.2237  ema -6.2082
pes 24200  seg-loss -20.4739  ema -10.6935
pes 24225  seg-loss -6.1184  ema -8.4588
pes 24250  seg-loss -9.2893  ema -8.5196
pes 24275  seg-loss -20.1137  ema -11.0033
pes 24300  seg-loss -19.5595  ema -14.4700
pes 24325  seg-loss -19.4432  ema -16.4509
pes 24350  seg-loss -19.3109  ema -17.6003
pes 24375  seg-loss -18.2736  ema -15.5837
pes 24400  seg-loss -19.0149  ema -16.7459
pes 24425  seg-loss -18.5375  ema -17.4776
pes 24450  seg-loss -19.2962  ema -18.0664
pes 24475  seg-loss -3.6375  ema -13.3159
pes 24500  seg-loss -4.1319  ema -9.3989
pes 24525  seg-loss -6.6606  ema -7.8769
pes 24550  seg-loss -8.9054  ema -8.0638
pes 24575  seg-loss -11.7313  ema -9.2184
pes 24600  seg-loss -16.0553  ema -9.2153
pes 24625  seg-loss -18.5101  ema -12.5721
pes 24650  seg-loss -2.8017  ema -10.1320
pes 24675  seg-loss -8.2684  ema -8.2930
pes 24700  seg-loss -14.8785  ema -10.0747
pes 24725  seg-loss -16.0820  ema -12.4091
pes 24750  seg-loss -0.6530  ema -9.3326
pes 24775  seg-loss -0.7200  ema -5.9086
pes 24800  seg-loss -3.3319  ema -4.4608
pes 24825  seg-loss -4.5292  ema -4.3517
pes 24850  seg-loss -1.8981  ema -3.6380
pes 24875  seg-loss -1.7553  ema -2.8479
pes 24900  seg-loss -1.8828  ema -2.4529
pes 24925  seg-loss -2.0048  ema -2.2591
pes 24950  seg-loss -2.0660  ema -2.1793
pes 24975  seg-loss -20.6895  ema -7.9179
pes 25000  seg-loss -20.6231  ema -12.9689
pes 25025  seg-loss -20.7146  ema -16.0248
pes 25050  seg-loss -20.6530  ema -17.8739
pes 25075  seg-loss -4.4535  ema -12.5442
pes 25100  seg-loss -12.3417  ema -11.3991
pes 25125  seg-loss -13.0885  ema -9.6040
pes 25150  seg-loss -0.5942  ema -6.8929
pes 25175  seg-loss -0.6492  ema -4.4080
pes 25200  seg-loss -5.6113  ema -4.2916
pes 25225  seg-loss -9.9906  ema -5.9828
pes 25250  seg-loss -3.7982  ema -5.7535
pes 25275  seg-loss -1.1846  ema -4.9213
pes 25300  seg-loss -1.3496  ema -3.4730
pes 25325  seg-loss -1.5272  ema -2.6789
pes 25350  seg-loss -1.7901  ema -2.2812
pes 25375  seg-loss -2.0575  ema -2.1021
pes 25400  seg-loss -2.1593  ema -2.0336
pes 25425  seg-loss -16.6901  ema -7.3993
pes 25450  seg-loss -13.1581  ema -10.3428
pes 25475  seg-loss -20.7138  ema -13.8267
pes 25500  seg-loss -20.7233  ema -16.5588
pes 25525  seg-loss -20.7233  ema -18.2081
pes 25550  seg-loss -20.7233  ema -19.2036
pes 25575  seg-loss -6.9091  ema -17.9001
pes 25600  seg-loss -19.4197  ema -18.3416
pes 25625  seg-loss -19.6559  ema -18.7902
pes 25650  seg-loss -0.4604  ema -13.1874
pes 25675  seg-loss -0.7287  ema -8.2230
pes 25700  seg-loss -9.5675  ema -5.5919
pes 25725  seg-loss -2.3428  ema -4.2971
pes 25750  seg-loss -2.8594  ema -3.6428
pes 25775  seg-loss -15.9734  ema -7.4123
pes 25800  seg-loss -13.9921  ema -10.4607
pes 25825  seg-loss -13.1921  ema -11.7931
pes 25850  seg-loss -13.5858  ema -12.4348
pes 25875  seg-loss -1.4803  ema -7.8994
pes 25900  seg-loss -2.0319  ema -5.5419
pes 25925  seg-loss -2.1558  ema -4.1782
pes 25950  seg-loss -2.2356  ema -3.3884
pes 25975  seg-loss -4.3791  ema -2.9499
pes 26000  seg-loss -0.6462  ema -2.0276
pes 26025  seg-loss -0.7020  ema -1.4888
pes 26050  seg-loss -0.7589  ema -1.1797
pes 26075  seg-loss -0.7679  ema -1.0165
pes 26100  seg-loss -1.2250  ema -1.0721
pes 26125  seg-loss -1.2858  ema -1.1482
pes 26150  seg-loss -0.4943  ema -6.5195
pes 26175  seg-loss -5.6273  ema -6.0434
pes 26200  seg-loss -0.3939  ema -5.7739
pes 26225  seg-loss -4.2563  ema -5.4188
pes 26250  seg-loss -5.5498  ema -5.2419
pes 26275  seg-loss -6.9562  ema -5.6844
pes 26300  seg-loss -8.5914  ema -6.5067
pes 26325  seg-loss -0.1821  ema -5.5118
pes 26350  seg-loss -0.2689  ema -3.4211
pes 26375  seg-loss -4.6536  ema -3.0764
pes 26400  seg-loss -0.5848  ema -2.4047
pes 26425  seg-loss -0.6093  ema -1.6898
pes 26450  seg-loss -0.6189  ema -1.2650
pes 26475  seg-loss -0.6265  ema -1.0107
pes 26500  seg-loss -1.6597  ema -1.0437
pes 26525  seg-loss -0.4653  ema -0.8445
pes 26550  seg-loss -0.6498  ema -0.7336
pes 26575  seg-loss -0.8676  ema -0.7455
pes 26600  seg-loss -1.1084  ema -0.8420
pes 26625  seg-loss -19.2748  ema -5.5005
pes 26650  seg-loss -0.6405  ema -5.4678
pes 26675  seg-loss -0.3792  ema -3.4455
pes 26700  seg-loss -0.4483  ema -2.2453
pes 26725  seg-loss -0.4612  ema -1.5340
pes 26750  seg-loss -0.4636  ema -1.1077
pes 26775  seg-loss -0.5941  ema -0.8741
pes 26800  seg-loss -20.6147  ema -7.2072
pes 26825  seg-loss -20.7009  ema -12.5460
pes 26850  seg-loss -17.8689  ema -14.8423
pes 26875  seg-loss -16.9600  ema -15.7250
pes 26900  seg-loss -16.4883  ema -16.0007
pes 26925  seg-loss -15.8477  ema -16.0074
pes 26950  seg-loss -12.4961  ema -12.4595
pes 26975  seg-loss -18.0721  ema -14.2968
pes 27000  seg-loss -18.6313  ema -15.8704
pes 27025  seg-loss -17.3065  ema -16.5313
pes 27050  seg-loss -4.4370  ema -11.5926
pes 27075  seg-loss 0.0255  ema -7.1364
pes 27100  seg-loss -0.0403  ema -4.3032
pes 27125  seg-loss -0.0164  ema -2.6063
pes 27150  seg-loss -0.0344  ema -1.5847
pes 27175  seg-loss -9.4632  ema -3.6848
pes 27200  seg-loss -2.8533  ema -7.8365
pes 27225  seg-loss -6.5760  ema -6.7745
pes 27250  seg-loss -8.7792  ema -7.2641
pes 27275  seg-loss -12.2891  ema -8.6273
pes 27300  seg-loss -6.2341  ema -8.8513
pes 27325  seg-loss -18.2882  ema -12.6411
pes 27350  seg-loss -3.4851  ema -13.8177
pes 27375  seg-loss -15.8714  ema -14.8938
pes 27400  seg-loss -14.2394  ema -14.6981
pes 27425  seg-loss -14.1312  ema -14.3199
pes 27450  seg-loss -9.7253  ema -13.6426
pes 27475  seg-loss -17.4267  ema -14.8702
pes 27500  seg-loss -0.0554  ema -14.9352
pes 27525  seg-loss -1.7223  ema -9.5790
pes 27550  seg-loss -1.9821  ema -6.5298
pes 27575  seg-loss -8.3444  ema -10.1821
pes 27600  seg-loss -12.8109  ema -10.9535
pes 27625  seg-loss -13.5418  ema -11.8635
pes 27650  seg-loss -13.8460  ema -12.5257
pes 27675  seg-loss -0.4256  ema -11.9343
pes 27700  seg-loss -20.6149  ema -8.8613
pes 27725  seg-loss -1.4097  ema -9.8711
pes 27750  seg-loss -1.7056  ema -6.5823
pes 27775  seg-loss -1.8574  ema -4.6898
pes 27800  seg-loss -1.9735  ema -3.6033
pes 27825  seg-loss 1.4828  ema -3.6341
pes 27850  seg-loss 0.5143  ema -1.8428
pes 27875  seg-loss 0.4012  ema -0.9487
pes 27900  seg-loss 0.1347  ema -0.4715
pes 27925  seg-loss -19.5393  ema -0.9864
pes 27950  seg-loss -20.7233  ema -8.8086
pes 27975  seg-loss -9.6693  ema -12.3169
pes 28000  seg-loss -17.0742  ema -13.5583
  eval[h16] learned: loss 0.4202 acc 0.892  vs  muon(lr=0.1): loss 0.0022 acc 0.999
  eval[h64-wider] learned: loss 1.4931 acc 0.744  vs  muon(lr=0.1): loss 0.0000 acc 1.000
  eval[h16-long] learned: loss 0.0000 acc 1.000  vs  muon(lr=0.03): loss 0.0000 acc 1.000
  eval[fashion-h16 HELD-OUT] learned: loss 0.2171 acc 0.953  vs  muon(lr=0.03): loss 0.0000 acc 1.000
  eval[fashion-h64 HELD-OUT] learned: loss 0.3233 acc 0.925  vs  muon(lr=0.03): loss 0.0000 acc 1.000
pes 28025  seg-loss -16.6342  ema -14.4036
pes 28050  seg-loss -0.4307  ema -12.5094
pes 28075  seg-loss -12.0153  ema -8.3236
pes 28100  seg-loss -5.2658  ema -6.5663
pes 28125  seg-loss -5.4808  ema -6.1536
pes 28150  seg-loss -5.9206  ema -6.0112
pes 28175  seg-loss -5.9723  ema -5.9970
pes 28200  seg-loss -19.9376  ema -10.9164
pes 28225  seg-loss -20.4681  ema -14.6305
pes 28250  seg-loss -4.0352  ema -9.9035
pes 28275  seg-loss -4.9295  ema -7.8229
pes 28300  seg-loss -5.3297  ema -6.7621
pes 28325  seg-loss -5.5121  ema -6.2482
pes 28350  seg-loss -0.3592  ema -4.5826
pes 28375  seg-loss -0.4036  ema -2.9159
pes 28400  seg-loss -0.3986  ema -1.9197
pes 28425  seg-loss -0.4146  ema -1.3243
pes 28450  seg-loss -0.3820  ema -2.3667
pes 28475  seg-loss -5.0829  ema -3.0284
pes 28500  seg-loss -1.6828  ema -3.9182
pes 28525  seg-loss -20.7104  ema -10.1694
pes 28550  seg-loss -20.5880  ema -14.3457
pes 28575  seg-loss -20.6606  ema -16.8610
pes 28600  seg-loss -0.4264  ema -17.9780
pes 28625  seg-loss -2.9769  ema -12.6036
pes 28650  seg-loss -3.2624  ema -8.8623
pes 28675  seg-loss -5.5700  ema -6.7478
pes 28700  seg-loss -19.2496  ema -10.2892
pes 28725  seg-loss -4.5392  ema -7.4074
pes 28750  seg-loss -3.5820  ema -6.0047
pes 28775  seg-loss -7.9751  ema -5.0434
pes 28800  seg-loss -19.9216  ema -7.9288
pes 28825  seg-loss -19.4912  ema -12.5756
pes 28850  seg-loss -4.1044  ema -11.8720
pes 28875  seg-loss -17.4133  ema -12.6870
pes 28900  seg-loss -18.3962  ema -14.7119
pes 28925  seg-loss -2.2879  ema -11.3983
pes 28950  seg-loss -3.0002  ema -7.9703
pes 28975  seg-loss -3.6676  ema -6.1479
pes 29000  seg-loss -4.4050  ema -5.3518
pes 29025  seg-loss -9.9345  ema -4.9828
pes 29050  seg-loss -3.8567  ema -4.1824
pes 29075  seg-loss -4.6336  ema -4.2356
pes 29100  seg-loss -19.3339  ema -9.8115
pes 29125  seg-loss -18.8937  ema -13.5305
pes 29150  seg-loss -18.6332  ema -15.5852
pes 29175  seg-loss -18.8556  ema -16.6945
pes 29200  seg-loss -1.7571  ema -11.1355
pes 29225  seg-loss -1.7887  ema -7.4230
pes 29250  seg-loss -1.9351  ema -5.2281
pes 29275  seg-loss -1.9498  ema -3.9198
pes 29300  seg-loss -13.5101  ema -6.0535
pes 29325  seg-loss -15.8019  ema -9.6159
pes 29350  seg-loss -0.2163  ema -6.7022
pes 29375  seg-loss -3.6767  ema -4.5813
pes 29400  seg-loss -17.5367  ema -8.5256
pes 29425  seg-loss -15.1508  ema -11.7698
pes 29450  seg-loss -14.2308  ema -13.0603
pes 29475  seg-loss -7.8377  ema -11.9514
pes 29500  seg-loss -2.5769  ema -8.8072
pes 29525  seg-loss -2.7103  ema -6.3844
pes 29550  seg-loss -4.8929  ema -5.1487
pes 29575  seg-loss -5.4070  ema -5.1826
pes 29600  seg-loss -19.1698  ema -8.6762
pes 29625  seg-loss -19.1450  ema -12.8592
pes 29650  seg-loss -0.1622  ema -9.8651
pes 29675  seg-loss -0.1936  ema -6.0214
pes 29700  seg-loss -1.0129  ema -5.1940
pes 29725  seg-loss -2.1582  ema -4.2403
pes 29750  seg-loss -2.4553  ema -3.4823
pes 29775  seg-loss 0.0720  ema -2.6226
pes 29800  seg-loss 0.0321  ema -1.5609
pes 29825  seg-loss 0.0251  ema -0.9315
pes 29850  seg-loss 0.0126  ema -0.5527
pes 29875  seg-loss -13.5742  ema -2.0124
pes 29900  seg-loss -15.6350  ema -7.3629
pes 29925  seg-loss -15.1817  ema -10.6244
pes 29950  seg-loss -15.0901  ema -12.4470
pes 29975  seg-loss -18.1786  ema -13.9990
pes 30000  seg-loss -14.7895  ema -15.0776
pes 30025  seg-loss -4.5501  ema -13.9003
pes 30050  seg-loss -18.3175  ema -13.4731
pes 30075  seg-loss -19.9789  ema -14.6187
pes 30100  seg-loss -20.0974  ema -15.3201
pes 30125  seg-loss -20.4276  ema -15.5886
pes 30150  seg-loss -19.8432  ema -17.3637
pes 30175  seg-loss -20.2907  ema -17.2084
pes 30200  seg-loss -20.7072  ema -18.5686
pes 30225  seg-loss -20.6995  ema -19.4174
pes 30250  seg-loss -20.7233  ema -19.9322
pes 30275  seg-loss -20.2418  ema -15.8805
pes 30300  seg-loss -19.3064  ema -17.1489
pes 30325  seg-loss -7.9630  ema -17.5090
pes 30350  seg-loss -0.2322  ema -15.6955
pes 30375  seg-loss -0.3980  ema -9.5990
pes 30400  seg-loss -18.6510  ema -8.0908
pes 30425  seg-loss -19.4477  ema -12.5040
pes 30450  seg-loss -19.5504  ema -15.3673
pes 30475  seg-loss -19.4627  ema -17.0828
pes 30500  seg-loss -14.3337  ema -17.1096
pes 30525  seg-loss -19.4493  ema -16.8691
pes 30550  seg-loss -18.0941  ema -17.4721
pes 30575  seg-loss -0.5532  ema -15.0516
pes 30600  seg-loss -5.6395  ema -10.6163
pes 30625  seg-loss -9.4363  ema -9.4301
pes 30650  seg-loss -15.6508  ema -10.8821
pes 30675  seg-loss -16.1794  ema -12.7956
pes 30700  seg-loss -16.2386  ema -14.0540
pes 30725  seg-loss -17.4259  ema -14.9892
pes 30750  seg-loss -20.7233  ema -15.8641
pes 30775  seg-loss -20.7161  ema -17.7886
pes 30800  seg-loss -20.7207  ema -18.9484
pes 30825  seg-loss -20.6899  ema -19.6368
pes 30850  seg-loss -16.3583  ema -19.1606
pes 30875  seg-loss -17.8786  ema -18.3492
pes 30900  seg-loss -0.4630  ema -13.6001
pes 30925  seg-loss -2.9238  ema -8.8650
pes 30950  seg-loss -5.5233  ema -7.0190
pes 30975  seg-loss -6.4101  ema -6.3597
pes 31000  seg-loss -20.7233  ema -9.8655
pes 31025  seg-loss -20.7206  ema -14.1709
pes 31050  seg-loss -20.7233  ema -16.7691
pes 31075  seg-loss -20.7233  ema -18.3368
pes 31100  seg-loss -0.7172  ema -14.0361
pes 31125  seg-loss -0.8087  ema -8.7742
pes 31150  seg-loss -0.9061  ema -5.6435
pes 31175  seg-loss -0.9707  ema -3.7831
pes 31200  seg-loss -3.6210  ema -3.6901
pes 31225  seg-loss -6.1528  ema -3.7946
pes 31250  seg-loss -17.0701  ema -7.9431
pes 31275  seg-loss -0.1793  ema -9.4854
pes 31300  seg-loss -0.3340  ema -5.8377
pes 31325  seg-loss -3.6667  ema -3.7592
pes 31350  seg-loss -16.7943  ema -9.0728
pes 31375  seg-loss -20.6667  ema -13.4281
pes 31400  seg-loss -20.5601  ema -16.2681
pes 31425  seg-loss -0.6353  ema -10.2902
pes 31450  seg-loss -0.7211  ema -6.4826
pes 31475  seg-loss -20.7233  ema -9.6464
pes 31500  seg-loss -6.6430  ema -11.3809
pes 31525  seg-loss -20.1245  ema -9.6637
pes 31550  seg-loss -20.7110  ema -14.0360
pes 31575  seg-loss -20.6378  ema -16.6686
pes 31600  seg-loss -20.5850  ema -18.2419
pes 31625  seg-loss -0.4087  ema -17.6081
pes 31650  seg-loss -0.5254  ema -10.8264
pes 31675  seg-loss -0.5780  ema -6.7536
pes 31700  seg-loss -0.5857  ema -4.3106
pes 31725  seg-loss -8.3756  ema -3.1225
pes 31750  seg-loss -0.0016  ema -2.3974
pes 31775  seg-loss -0.7908  ema -1.6527
pes 31800  seg-loss -1.1305  ema -1.3369
pes 31825  seg-loss -1.2521  ema -1.2746
pes 31850  seg-loss -1.3892  ema -1.3039
pes 31875  seg-loss -1.6109  ema -1.3990
pes 31900  seg-loss -1.6012  ema -1.4944
pes 31925  seg-loss -1.8352  ema -1.6079
pes 31950  seg-loss -1.8572  ema -1.7264
pes 31975  seg-loss -1.9443  ema -1.8282
pes 32000  seg-loss -1.6036  ema -1.8246
  eval[h16] learned: loss 1.5719 acc 0.664  vs  muon(lr=0.1): loss 0.0029 acc 0.999
  eval[h64-wider] learned: loss 0.9825 acc 0.812  vs  muon(lr=0.1): loss 0.0000 acc 1.000
  eval[h16-long] learned: loss 0.0871 acc 0.983  vs  muon(lr=0.03): loss 0.0000 acc 1.000
  eval[fashion-h16 HELD-OUT] learned: loss 0.7024 acc 0.807  vs  muon(lr=0.03): loss 0.0000 acc 1.000
  eval[fashion-h64 HELD-OUT] learned: loss 1.1762 acc 0.814  vs  muon(lr=0.03): loss 0.0000 acc 1.000
pes 32025  seg-loss -3.6246  ema -2.1914
pes 32050  seg-loss -6.5228  ema -3.3601
pes 32075  seg-loss -9.5282  ema -5.3047
pes 32100  seg-loss -2.1028  ema -6.3329
pes 32125  seg-loss -0.3478  ema -5.0670
pes 32150  seg-loss -0.7853  ema -3.3084
pes 32175  seg-loss -0.8727  ema -2.3452
pes 32200  seg-loss -1.2821  ema -1.8458
pes 32225  seg-loss -20.2677  ema -4.0676
pes 32250  seg-loss -20.1360  ema -10.4456
pes 32275  seg-loss -20.6587  ema -13.7337
pes 32300  seg-loss -20.6381  ema -16.4764
pes 32325  seg-loss -20.6655  ema -18.1165
pes 32350  seg-loss -20.6621  ema -19.1086
pes 32375  seg-loss -7.5219  ema -16.9364
pes 32400  seg-loss -17.6913  ema -16.8656
pes 32425  seg-loss -19.7077  ema -17.7507
pes 32450  seg-loss -20.2570  ema -18.6498
pes 32475  seg-loss -11.9024  ema -18.2308
pes 32500  seg-loss -19.5846  ema -18.2975
pes 32525  seg-loss -7.8720  ema -17.6673
pes 32550  seg-loss -5.7437  ema -16.4093
pes 32575  seg-loss -19.4936  ema -16.4828
pes 32600  seg-loss -20.7088  ema -18.0336
pes 32625  seg-loss -20.6941  ema -19.0863
pes 32650  seg-loss -2.7265  ema -17.2043
pes 32675  seg-loss -18.8557  ema -12.2858
pes 32700  seg-loss -17.8741  ema -10.7480
pes 32725  seg-loss -19.1468  ema -13.9756
pes 32750  seg-loss -2.7086  ema -11.0435
pes 32775  seg-loss -4.2393  ema -8.1098
pes 32800  seg-loss -5.3967  ema -6.8301
pes 32825  seg-loss -6.6501  ema -6.4973
pes 32850  seg-loss -1.6019  ema -5.2820
pes 32875  seg-loss -4.4499  ema -4.6417
pes 32900  seg-loss -1.6817  ema -3.9413
pes 32925  seg-loss -1.8562  ema -3.1098
pes 32950  seg-loss -2.0804  ema -2.6711
pes 32975  seg-loss -2.2465  ema -2.4828
pes 33000  seg-loss -0.8953  ema -2.0126
pes 33025  seg-loss -0.9461  ema -1.5445
pes 33050  seg-loss -20.0768  ema -5.9683
pes 33075  seg-loss -19.8078  ema -11.5370
pes 33100  seg-loss -20.0818  ema -14.8919
pes 33125  seg-loss -20.2030  ema -16.9074
pes 33150  seg-loss -1.3497  ema -13.1417
pes 33175  seg-loss -1.8655  ema -8.5841
pes 33200  seg-loss -8.8149  ema -6.5868
pes 33225  seg-loss -20.7233  ema -11.5619
pes 33250  seg-loss -20.7206  ema -13.6647
pes 33275  seg-loss -20.7233  ema -16.4637
pes 33300  seg-loss -18.6311  ema -16.1368
pes 33325  seg-loss -18.9748  ema -17.4982
pes 33350  seg-loss -19.6953  ema -18.3568
pes 33375  seg-loss -20.2895  ema -18.9984
pes 33400  seg-loss -0.8515  ema -16.8548
pes 33425  seg-loss -18.6769  ema -12.3086
pes 33450  seg-loss -1.1064  ema -10.2030
pes 33475  seg-loss -20.5858  ema -11.6200
pes 33500  seg-loss -0.8173  ema -7.7857
pes 33525  seg-loss -0.8585  ema -5.0341
pes 33550  seg-loss -1.4409  ema -3.4695
pes 33575  seg-loss -1.3822  ema -6.6506
pes 33600  seg-loss -0.8752  ema -9.3801
pes 33625  seg-loss -1.0200  ema -6.0447
pes 33650  seg-loss -14.0955  ema -4.5985
pes 33675  seg-loss -0.5772  ema -7.4679
pes 33700  seg-loss -0.7658  ema -4.7768
pes 33725  seg-loss -0.4464  ema -4.2236
pes 33750  seg-loss -0.7377  ema -2.8131
pes 33775  seg-loss -0.8051  ema -2.0059
pes 33800  seg-loss -0.8434  ema -1.5393
pes 33825  seg-loss -0.3990  ema -1.2495
pes 33850  seg-loss -0.6182  ema -0.9834
pes 33875  seg-loss -0.6732  ema -0.8522
pes 33900  seg-loss -0.6979  ema -0.7873
pes 33925  seg-loss -0.2134  ema -0.7364
pes 33950  seg-loss -4.5228  ema -4.4244
pes 33975  seg-loss -1.7935  ema -4.9375
pes 34000  seg-loss -2.3715  ema -3.8720
pes 34025  seg-loss -2.6207  ema -3.3572
pes 34050  seg-loss -2.5761  ema -3.0680
pes 34075  seg-loss -0.5789  ema -2.5798
pes 34100  seg-loss -0.7456  ema -1.8263
pes 34125  seg-loss -20.4654  ema -3.9303
pes 34150  seg-loss -20.4395  ema -10.5239
pes 34175  seg-loss -20.4170  ema -14.4426
pes 34200  seg-loss -20.0597  ema -16.7837
pes 34225  seg-loss -19.7962  ema -16.3587
pes 34250  seg-loss -20.7233  ema -18.0878
pes 34275  seg-loss -19.2794  ema -16.5643
pes 34300  seg-loss -20.7233  ema -18.2088
pes 34325  seg-loss -1.9352  ema -18.4295
pes 34350  seg-loss -14.8850  ema -15.3272
pes 34375  seg-loss -15.9863  ema -15.3957
pes 34400  seg-loss -16.6248  ema -15.8248
pes 34425  seg-loss -0.4344  ema -15.3997
pes 34450  seg-loss -0.6622  ema -9.5352
pes 34475  seg-loss -0.7346  ema -6.0354
pes 34500  seg-loss -0.7691  ema -3.9421
pes 34525  seg-loss -0.6088  ema -2.6733
pes 34550  seg-loss -0.9771  ema -1.9893
pes 34575  seg-loss -0.9850  ema -1.5902
pes 34600  seg-loss -0.9892  ema -1.3521
pes 34625  seg-loss -19.2146  ema -1.6640
pes 34650  seg-loss -20.3586  ema -8.9472
pes 34675  seg-loss -20.3833  ema -13.4313
pes 34700  seg-loss -20.0439  ema -16.1258
pes 34725  seg-loss -15.5384  ema -17.3936
pes 34750  seg-loss -19.5633  ema -18.1464
pes 34775  seg-loss -19.7023  ema -18.6591
pes 34800  seg-loss -19.9401  ema -19.0988
pes 34825  seg-loss -0.5358  ema -18.5938
pes 34850  seg-loss -0.7045  ema -17.5384
pes 34875  seg-loss -0.5682  ema -10.6764
pes 34900  seg-loss -2.1696  ema -7.2679
pes 34925  seg-loss -2.4690  ema -5.2227
pes 34950  seg-loss -19.6492  ema -9.4760
pes 34975  seg-loss -19.1094  ema -13.3590
pes 35000  seg-loss -19.0652  ema -15.6074
pes 35025  seg-loss -0.1338  ema -16.1577
pes 35050  seg-loss -1.3852  ema -9.9069
pes 35075  seg-loss -8.0803  ema -7.7570
pes 35100  seg-loss -0.5660  ema -7.3390
pes 35125  seg-loss -4.0683  ema -5.8406
pes 35150  seg-loss -14.9826  ema -8.6916
pes 35175  seg-loss -19.2329  ema -12.6603
pes 35200  seg-loss -19.9251  ema -15.3160
pes 35225  seg-loss -0.6126  ema -14.9493
pes 35250  seg-loss -1.4764  ema -9.3240
pes 35275  seg-loss -7.7391  ema -7.5450
pes 35300  seg-loss -9.2349  ema -8.1057
pes 35325  seg-loss -10.1857  ema -8.8170
pes 35350  seg-loss -5.6056  ema -8.4403
pes 35375  seg-loss -19.6362  ema -9.2548
pes 35400  seg-loss -19.2083  ema -13.3597
pes 35425  seg-loss -20.6830  ema -15.7043
pes 35450  seg-loss 0.3746  ema -11.5666
pes 35475  seg-loss -0.4004  ema -12.0741
pes 35500  seg-loss -0.1228  ema -7.4636
pes 35525  seg-loss -3.1853  ema -4.9932
pes 35550  seg-loss -5.1282  ema -4.7350
pes 35575  seg-loss -6.9077  ema -5.2673
pes 35600  seg-loss -8.8046  ema -6.3218
pes 35625  seg-loss -1.1012  ema -5.7784
pes 35650  seg-loss -1.1525  ema -3.9383
pes 35675  seg-loss -1.2107  ema -2.8521
pes 35700  seg-loss -1.3000  ema -2.2183
pes 35725  seg-loss -19.5950  ema -5.0430
pes 35750  seg-loss -19.2455  ema -10.7540
pes 35775  seg-loss -19.1299  ema -14.1283
pes 35800  seg-loss -19.4139  ema -16.1889
pes 35825  seg-loss -0.5709  ema -14.3341
pes 35850  seg-loss -18.3658  ema -10.8783
pes 35875  seg-loss -18.6539  ema -13.8353
pes 35900  seg-loss -18.1755  ema -15.3258
pes 35925  seg-loss -18.7466  ema -16.5995
pes 35950  seg-loss -18.6450  ema -17.3428
pes 35975  seg-loss -18.1621  ema -17.7355
pes 36000  seg-loss -20.4119  ema -18.0110
  eval[h16] learned: loss 0.4797 acc 0.879  vs  muon(lr=0.1): loss 0.0032 acc 0.999
  eval[h64-wider] learned: loss 0.5361 acc 0.912  vs  muon(lr=0.03): loss 0.0007 acc 1.000
  eval[h16-long] learned: loss 0.0175 acc 0.995  vs  muon(lr=0.03): loss 0.0000 acc 1.000
  eval[fashion-h16 HELD-OUT] learned: loss 0.8944 acc 0.825  vs  muon(lr=0.03): loss 0.0000 acc 1.000
  eval[fashion-h64 HELD-OUT] learned: loss 0.7476 acc 0.834  vs  muon(lr=0.1): loss 0.0000 acc 1.000
pes 36025  seg-loss -20.5613  ema -19.0146
pes 36050  seg-loss -1.7351  ema -14.0257
pes 36075  seg-loss -0.3324  ema -8.6439
pes 36100  seg-loss -0.3908  ema -5.3595
pes 36125  seg-loss -2.1761  ema -3.8866
pes 36150  seg-loss -3.6853  ema -3.5753
pes 36175  seg-loss -2.1210  ema -2.5314
pes 36200  seg-loss -17.8668  ema -6.4187
pes 36225  seg-loss -1.7501  ema -10.5875
pes 36250  seg-loss -1.2945  ema -6.8048
pes 36275  seg-loss -1.4212  ema -4.6401
pes 36300  seg-loss -1.4951  ema -3.3841
pes 36325  seg-loss -1.5655  ema -2.6649
pes 36350  seg-loss -20.4564  ema -7.9226
pes 36375  seg-loss -20.4135  ema -12.9027
pes 36400  seg-loss -20.5913  ema -15.9345
pes 36425  seg-loss -20.6073  ema -17.7823
pes 36450  seg-loss -0.8735  ema -13.0666
pes 36475  seg-loss -1.2770  ema -8.3262
pes 36500  seg-loss -16.2380  ema -7.8584
pes 36525  seg-loss -18.5268  ema -12.0185
pes 36550  seg-loss -18.5770  ema -14.6127
pes 36575  seg-loss -18.5621  ema -16.1914
pes 36600  seg-loss -0.6066  ema -11.9004
pes 36625  seg-loss -2.0389  ema -7.7219
pes 36650  seg-loss -3.1261  ema -5.7188
pes 36675  seg-loss -4.3614  ema -4.9754
pes 36700  seg-loss -5.7019  ema -5.0101
pes 36725  seg-loss -15.3352  ema -5.8603
pes 36750  seg-loss -7.5405  ema -4.5435
pes 36775  seg-loss -20.1947  ema -10.2559
pes 36800  seg-loss -19.6588  ema -13.9917
pes 36825  seg-loss -1.8287  ema -13.4577
pes 36850  seg-loss -5.3841  ema -9.6194
pes 36875  seg-loss -5.5220  ema -7.9676
pes 36900  seg-loss -1.9401  ema -6.0969
pes 36925  seg-loss -2.7949  ema -4.6372
pes 36950  seg-loss -3.0382  ema -3.9761
pes 36975  seg-loss -3.2766  ema -3.6821
pes 37000  seg-loss -0.6466  ema -2.9153
pes 37025  seg-loss -0.6271  ema -1.9903
pes 37050  seg-loss -0.6944  ema -1.4661
pes 37075  seg-loss -0.7244  ema -1.1677
pes 37100  seg-loss -0.7506  ema -0.9988
pes 37125  seg-loss -3.1425  ema -1.5003
pes 37150  seg-loss -3.9140  ema -2.3085
pes 37175  seg-loss -4.2490  ema -3.0354
pes 37200  seg-loss -5.1394  ema -3.7768
pes 37225  seg-loss -19.8770  ema -5.2012
pes 37250  seg-loss -0.4290  ema -6.5583
pes 37275  seg-loss -0.5086  ema -4.1517
pes 37300  seg-loss -0.5424  ema -2.7148
pes 37325  seg-loss -0.5391  ema -1.8535
pes 37350  seg-loss -2.4848  ema -1.3368
pes 37375  seg-loss -12.0416  ema -5.1321
pes 37400  seg-loss -11.8593  ema -7.8502
pes 37425  seg-loss 1.4102  ema -4.3324
pes 37450  seg-loss 0.7495  ema -2.2445
pes 37475  seg-loss 0.1459  ema -1.1820
pes 37500  seg-loss -0.0563  ema -0.6911
pes 37525  seg-loss -11.6055  ema -3.7195
pes 37550  seg-loss -15.6187  ema -7.8146
pes 37575  seg-loss -16.3546  ema -10.8885
pes 37600  seg-loss -15.9623  ema -12.9736
pes 37625  seg-loss -19.8732  ema -15.0013
pes 37650  seg-loss -4.4425  ema -10.5162
pes 37675  seg-loss -4.6363  ema -8.4508
pes 37700  seg-loss -4.5092  ema -6.8966
pes 37725  seg-loss -4.2977  ema -5.9028
pes 37750  seg-loss -4.2724  ema -5.2551
pes 37775  seg-loss -20.3324  ema -10.2435
pes 37800  seg-loss -20.3280  ema -14.2991
pes 37825  seg-loss -20.1422  ema -16.7416
pes 37850  seg-loss -20.4272  ema -18.2176
pes 37875  seg-loss -18.9714  ema -16.8295
pes 37900  seg-loss -18.8539  ema -17.6124
pes 37925  seg-loss -18.4927  ema -17.9759
pes 37950  seg-loss -18.4068  ema -18.1251
pes 37975  seg-loss -5.3509  ema -15.6490
pes 38000  seg-loss -8.8261  ema -12.3941
pes 38025  seg-loss -18.6180  ema -11.5814
pes 38050  seg-loss -20.0804  ema -14.8027
pes 38075  seg-loss -19.6371  ema -16.7180
pes 38100  seg-loss -18.7332  ema -17.7205
pes 38125  seg-loss -13.7361  ema -16.3044
pes 38150  seg-loss -1.8636  ema -13.5099
pes 38175  seg-loss -2.5119  ema -9.0476
pes 38200  seg-loss -16.7870  ema -8.6133
pes 38225  seg-loss -0.3114  ema -6.8964
pes 38250  seg-loss -0.3456  ema -4.2959
pes 38275  seg-loss -0.3657  ema -2.7379
pes 38300  seg-loss -0.3905  ema -1.8052
pes 38325  seg-loss -8.3469  ema -2.0233
pes 38350  seg-loss -19.1472  ema -7.9299
pes 38375  seg-loss -0.0771  ema -9.0484
pes 38400  seg-loss -0.1305  ema -5.5037
pes 38425  seg-loss -0.6944  ema -3.4650
pes 38450  seg-loss -0.8581  ema -2.4320
pes 38475  seg-loss -20.4831  ema -3.8403
pes 38500  seg-loss -20.7233  ema -9.6903
pes 38525  seg-loss -20.7233  ema -14.0629
pes 38550  seg-loss -20.7233  ema -16.7030
pes 38575  seg-loss -20.7218  ema -18.2927
pes 38600  seg-loss -1.9331  ema -15.3485
pes 38625  seg-loss -12.2327  ema -12.1644
pes 38650  seg-loss -0.2220  ema -11.4027
pes 38675  seg-loss -20.5779  ema -10.3278
pes 38700  seg-loss -20.6663  ema -14.4287
pes 38725  seg-loss -15.3035  ema -13.9028
pes 38750  seg-loss -19.1588  ema -16.1116
pes 38775  seg-loss -19.5842  ema -17.1684
pes 38800  seg-loss -18.4848  ema -17.6556
pes 38825  seg-loss -19.1498  ema -17.3231
pes 38850  seg-loss -20.5056  ema -18.5956
pes 38875  seg-loss -20.5849  ema -19.0842
pes 38900  seg-loss -20.7197  ema -19.7055
pes 38925  seg-loss -20.6088  ema -20.0802
pes 38950  seg-loss -20.5902  ema -20.2959
pes 38975  seg-loss -8.9968  ema -19.2066
pes 39000  seg-loss -14.2867  ema -17.9904
pes 39025  seg-loss 0.2721  ema -15.5120
pes 39050  seg-loss -0.5075  ema -9.4332
pes 39075  seg-loss -4.8095  ema -6.0444
pes 39100  seg-loss -14.7206  ema -8.9762
pes 39125  seg-loss -16.1004  ema -11.5954
pes 39150  seg-loss -17.0347  ema -13.6439
pes 39175  seg-loss -5.6157  ema -14.5847
pes 39200  seg-loss -20.5915  ema -16.5594
pes 39225  seg-loss -20.5883  ema -18.1509
pes 39250  seg-loss -20.5524  ema -19.1089
pes 39275  seg-loss -0.7400  ema -18.9062
pes 39300  seg-loss -0.9081  ema -11.7637
pes 39325  seg-loss -0.9096  ema -7.4681
pes 39350  seg-loss -0.9552  ema -4.8818
pes 39375  seg-loss -0.2215  ema -3.2935
pes 39400  seg-loss -0.2810  ema -2.0895
pes 39425  seg-loss -0.2793  ema -1.3707
pes 39450  seg-loss -0.3121  ema -0.9447
pes 39475  seg-loss 0.6657  ema -0.6583
pes 39500  seg-loss -0.0269  ema -0.3271
pes 39525  seg-loss 0.2484  ema -0.2180
pes 39550  seg-loss -19.3264  ema -2.1188
pes 39575  seg-loss -17.9315  ema -8.6780
pes 39600  seg-loss -1.3173  ema -11.2636
pes 39625  seg-loss -1.3021  ema -7.6402
pes 39650  seg-loss -13.0010  ema -9.5360
pes 39675  seg-loss -12.3298  ema -10.7623
pes 39700  seg-loss -9.8025  ema -10.4150
pes 39725  seg-loss -1.3224  ema -9.6803
pes 39750  seg-loss -0.3057  ema -11.3690
pes 39775  seg-loss -0.3409  ema -7.0010
pes 39800  seg-loss -0.2523  ema -4.3178
pes 39825  seg-loss -0.1175  ema -2.6512
pes 39850  seg-loss -5.8292  ema -1.9922
pes 39875  seg-loss -4.0312  ema -4.3786
pes 39900  seg-loss -5.3330  ema -4.6205
pes 39925  seg-loss -5.7333  ema -5.0109
pes 39950  seg-loss -6.0747  ema -5.3557
pes 39975  seg-loss -0.3850  ema -4.5789
  eval[h16] learned: loss 0.2091 acc 0.976  vs  muon(lr=0.1): loss 0.0006 acc 1.000
  eval[h64-wider] learned: loss 0.9235 acc 0.805  vs  muon(lr=0.1): loss 0.0000 acc 1.000
  eval[h16-long] learned: loss 0.0000 acc 1.000  vs  muon(lr=0.03): loss 0.0000 acc 1.000
  eval[fashion-h16 HELD-OUT] learned: loss 0.3931 acc 0.869  vs  muon(lr=0.03): loss 0.0000 acc 1.000
  eval[fashion-h64 HELD-OUT] learned: loss 1.2560 acc 0.775  vs  muon(lr=0.03): loss 0.0000 acc 1.000
done
