matrix optimizer: 12525 meta-params
pes     0  seg-loss 0.2881  ema 0.2881
  eval[h16] learned: loss 5156.2520 acc 0.088  vs  muon(lr=0.1): loss 0.0018 acc 0.999
  eval[h64-wider] learned: loss 118859.6562 acc 0.080  vs  muon(lr=0.1): loss 0.0000 acc 1.000
  eval[h16-long] learned: loss 55332.5938 acc 0.091  vs  muon(lr=0.03): loss 0.0000 acc 1.000
pes    25  seg-loss 0.2006  ema 0.7449
pes    50  seg-loss 0.5465  ema 0.5997
pes    75  seg-loss 1.2676  ema 0.7640
pes   100  seg-loss 0.1860  ema 1.0742
pes   125  seg-loss 0.5267  ema 0.8556
pes   150  seg-loss 0.7279  ema 0.9534
pes   175  seg-loss 0.6402  ema 0.9411
pes   200  seg-loss 1.6536  ema 0.5827
pes   225  seg-loss 0.5780  ema 0.5592
pes   250  seg-loss 0.3882  ema 0.6747
pes   275  seg-loss 0.0418  ema 0.4570
pes   300  seg-loss 1.0879  ema 0.4807
pes   325  seg-loss 0.4707  ema 0.3926
pes   350  seg-loss -0.0261  ema 0.2835
pes   375  seg-loss -0.0967  ema 0.1501
pes   400  seg-loss 1.5770  ema 0.1426
pes   425  seg-loss -0.0705  ema 0.1250
pes   450  seg-loss 0.0149  ema 0.0752
pes   475  seg-loss 0.1706  ema 0.0930
pes   500  seg-loss 2.1725  ema 0.0308
pes   525  seg-loss 0.1735  ema 0.1962
pes   550  seg-loss 0.1525  ema 0.1753
pes   575  seg-loss -0.4558  ema 0.0344
pes   600  seg-loss 1.9949  ema 0.1182
pes   625  seg-loss 0.0876  ema 0.1536
pes   650  seg-loss -0.3928  ema 0.0428
pes   675  seg-loss 0.0919  ema 0.0124
pes   700  seg-loss 1.1869  ema 0.0405
pes   725  seg-loss -0.3189  ema 0.0194
pes   750  seg-loss 0.3882  ema 0.0172
pes   775  seg-loss -0.2660  ema -0.0384
pes   800  seg-loss -0.0581  ema -0.0176
pes   825  seg-loss -0.2554  ema -0.1009
pes   850  seg-loss -0.3197  ema -0.1812
pes   875  seg-loss 0.0589  ema -0.0635
pes   900  seg-loss 1.8627  ema 0.0407
pes   925  seg-loss -0.1657  ema 0.0737
pes   950  seg-loss -0.3246  ema -0.0529
pes   975  seg-loss 0.0682  ema -0.0293
pes  1000  seg-loss 1.2040  ema -0.0020
  eval[h16] learned: loss 7.8016 acc 0.182  vs  muon(lr=0.1): loss 0.0018 acc 0.999
  eval[h64-wider] learned: loss 67.7987 acc 0.179  vs  muon(lr=0.1): loss 0.0000 acc 1.000
  eval[h16-long] learned: loss 2.1768 acc 0.223  vs  muon(lr=0.03): loss 0.0000 acc 1.000
pes  1025  seg-loss -0.0585  ema 0.0280
pes  1050  seg-loss -0.0317  ema 0.0059
pes  1075  seg-loss -0.7624  ema -0.1494
pes  1100  seg-loss 0.4668  ema -0.3065
pes  1125  seg-loss -0.0619  ema -0.2106
pes  1150  seg-loss -0.0851  ema -0.1364
pes  1175  seg-loss 0.0336  ema -0.0585
pes  1200  seg-loss 0.5576  ema -0.0472
pes  1225  seg-loss 0.1196  ema 0.0657
pes  1250  seg-loss -0.0707  ema 0.0826
pes  1275  seg-loss -0.4261  ema -0.0408
pes  1300  seg-loss -0.0605  ema 0.0338
pes  1325  seg-loss -0.0564  ema -0.1256
pes  1350  seg-loss 0.0051  ema -0.0939
pes  1375  seg-loss -0.3598  ema -0.1203
pes  1400  seg-loss 0.7375  ema -0.0668
pes  1425  seg-loss 0.0448  ema -0.0266
pes  1450  seg-loss -0.3300  ema -0.0661
pes  1475  seg-loss -0.8574  ema -0.2496
pes  1500  seg-loss -0.1013  ema -0.1861
pes  1525  seg-loss -0.2533  ema -0.2934
pes  1550  seg-loss -0.5396  ema -0.3347
pes  1575  seg-loss -0.0359  ema -0.2519
pes  1600  seg-loss 1.5907  ema -0.0982
pes  1625  seg-loss 0.1738  ema 0.0439
pes  1650  seg-loss -0.7235  ema -0.0580
pes  1675  seg-loss -0.5242  ema -0.2393
pes  1700  seg-loss -0.0739  ema -0.1296
pes  1725  seg-loss 0.1355  ema -0.2118
pes  1750  seg-loss -0.1074  ema -0.1342
pes  1775  seg-loss 0.0182  ema 0.0174
pes  1800  seg-loss -0.1399  ema 0.0151
pes  1825  seg-loss -0.0117  ema -0.1456
pes  1850  seg-loss -0.6529  ema -0.1829
pes  1875  seg-loss -0.2089  ema -0.2438
pes  1900  seg-loss 1.3300  ema -0.1277
pes  1925  seg-loss -0.5422  ema -0.0964
pes  1950  seg-loss -0.2426  ema -0.2363
pes  1975  seg-loss -0.7924  ema -0.3376
pes  2000  seg-loss -0.0569  ema -0.4056
  eval[h16] learned: loss 2.6637 acc 0.267  vs  muon(lr=0.1): loss 0.0018 acc 0.999
  eval[h64-wider] learned: loss 9.2834 acc 0.191  vs  muon(lr=0.1): loss 0.0000 acc 1.000
  eval[h16-long] learned: loss 1.8614 acc 0.354  vs  muon(lr=0.03): loss 0.0000 acc 1.000
pes  2025  seg-loss -0.0256  ema -0.4523
pes  2050  seg-loss -0.0844  ema -0.2733
pes  2075  seg-loss -0.7654  ema -0.3236
pes  2100  seg-loss 0.6146  ema -0.1946
pes  2125  seg-loss -0.1758  ema -0.1459
pes  2150  seg-loss -0.1246  ema -0.1346
pes  2175  seg-loss -1.1328  ema -0.3018
pes  2200  seg-loss -0.1708  ema -0.2014
pes  2225  seg-loss 0.0374  ema -0.3612
pes  2250  seg-loss -0.8115  ema -0.3232
pes  2275  seg-loss -0.0098  ema -0.3025
pes  2300  seg-loss 1.3852  ema -0.1036
pes  2325  seg-loss -0.5195  ema -0.0802
pes  2350  seg-loss -0.2049  ema -0.2246
pes  2375  seg-loss -0.2547  ema -0.2052
pes  2400  seg-loss 1.0177  ema -0.2938
pes  2425  seg-loss -0.5586  ema -0.2031
pes  2450  seg-loss -0.7889  ema -0.3905
pes  2475  seg-loss -0.1151  ema -0.3565
pes  2500  seg-loss 0.2651  ema -0.4636
pes  2525  seg-loss -0.7815  ema -0.4097
pes  2550  seg-loss -0.5713  ema -0.5512
pes  2575  seg-loss 0.0151  ema -0.3348
pes  2600  seg-loss -0.1329  ema -0.1665
pes  2625  seg-loss -0.0761  ema -0.3759
pes  2650  seg-loss -0.6478  ema -0.3397
pes  2675  seg-loss -0.2104  ema -0.3307
pes  2700  seg-loss 0.2960  ema -0.1408
pes  2725  seg-loss -0.7819  ema -0.1553
pes  2750  seg-loss -0.1872  ema -0.3662
pes  2775  seg-loss -0.9181  ema -0.4344
pes  2800  seg-loss 0.2625  ema -0.5167
pes  2825  seg-loss -0.8490  ema -0.4010
pes  2850  seg-loss -0.8802  ema -0.6517
pes  2875  seg-loss -0.0710  ema -0.5141
pes  2900  seg-loss -0.0981  ema -0.3442
pes  2925  seg-loss -0.9672  ema -0.5214
pes  2950  seg-loss 0.0515  ema -0.6045
pes  2975  seg-loss -1.5168  ema -0.6138
pes  3000  seg-loss 0.1439  ema -0.6115
  eval[h16] learned: loss 2.3680 acc 0.283  vs  muon(lr=0.1): loss 0.0018 acc 0.999
  eval[h64-wider] learned: loss 7.4842 acc 0.222  vs  muon(lr=0.1): loss 0.0000 acc 1.000
  eval[h16-long] learned: loss 1.3236 acc 0.492  vs  muon(lr=0.03): loss 0.0000 acc 1.000
pes  3025  seg-loss -0.2147  ema -0.4790
pes  3050  seg-loss -0.3900  ema -0.3909
pes  3075  seg-loss -1.3171  ema -0.5118
pes  3100  seg-loss 0.3662  ema -0.6377
pes  3125  seg-loss 0.0821  ema -0.4138
pes  3150  seg-loss 0.0294  ema -0.2535
pes  3175  seg-loss -0.0629  ema -0.1330
pes  3200  seg-loss 0.8887  ema -0.1222
pes  3225  seg-loss -0.4106  ema -0.0969
pes  3250  seg-loss -0.2534  ema -0.2198
pes  3275  seg-loss -1.3316  ema -0.4219
pes  3300  seg-loss 0.5611  ema -0.6623
pes  3325  seg-loss -0.0858  ema -0.4424
pes  3350  seg-loss -0.6227  ema -0.3798
pes  3375  seg-loss -1.4801  ema -0.6043
pes  3400  seg-loss -0.1314  ema -0.4436
pes  3425  seg-loss -0.8696  ema -0.6877
pes  3450  seg-loss -1.2714  ema -0.8895
pes  3475  seg-loss -1.2059  ema -0.9788
pes  3500  seg-loss 0.2116  ema -0.7417
pes  3525  seg-loss -0.8900  ema -0.5811
pes  3550  seg-loss 0.0072  ema -0.4475
pes  3575  seg-loss -1.5407  ema -0.5080
pes  3600  seg-loss -0.2267  ema -0.7975
pes  3625  seg-loss -0.5174  ema -0.8433
pes  3650  seg-loss -1.0013  ema -0.7930
pes  3675  seg-loss -0.3504  ema -0.7248
pes  3700  seg-loss -0.1820  ema -0.8828
pes  3725  seg-loss -0.0885  ema -0.9270
pes  3750  seg-loss -1.4429  ema -0.7743
pes  3775  seg-loss -1.3414  ema -0.9621
pes  3800  seg-loss -0.2051  ema -0.9230
pes  3825  seg-loss -1.2272  ema -1.0721
pes  3850  seg-loss -1.2649  ema -1.1631
pes  3875  seg-loss -0.7616  ema -1.0321
pes  3900  seg-loss -0.2589  ema -0.8635
pes  3925  seg-loss -0.9925  ema -1.0070
pes  3950  seg-loss -1.5814  ema -1.0952
pes  3975  seg-loss -1.3943  ema -1.2024
pes  4000  seg-loss 0.1586  ema -1.2181
  eval[h16] learned: loss 2.0350 acc 0.313  vs  muon(lr=0.1): loss 0.0018 acc 0.999
  eval[h64-wider] learned: loss 3.9321 acc 0.281  vs  muon(lr=0.1): loss 0.0000 acc 1.000
  eval[h16-long] learned: loss 2.2690 acc 0.483  vs  muon(lr=0.03): loss 0.0000 acc 1.000
pes  4025  seg-loss -0.3481  ema -0.9082
pes  4050  seg-loss -1.5786  ema -0.8461
pes  4075  seg-loss -0.1332  ema -0.7323
pes  4100  seg-loss 0.2207  ema -0.9550
pes  4125  seg-loss -0.3037  ema -0.7734
pes  4150  seg-loss -1.5326  ema -0.7771
pes  4175  seg-loss -0.0700  ema -0.7065
pes  4200  seg-loss 0.2879  ema -0.7621
pes  4225  seg-loss -1.0282  ema -0.5726
pes  4250  seg-loss -0.4002  ema -0.6997
pes  4275  seg-loss -0.7639  ema -0.5911
pes  4300  seg-loss 1.0844  ema -0.3785
pes  4325  seg-loss -1.1931  ema -0.3136
pes  4350  seg-loss -0.6217  ema -0.5889
pes  4375  seg-loss -1.6319  ema -0.7614
pes  4400  seg-loss -0.1332  ema -1.0871
pes  4425  seg-loss 0.0101  ema -1.0586
pes  4450  seg-loss -0.2597  ema -0.6868
pes  4475  seg-loss -2.0327  ema -0.8581
pes  4500  seg-loss -0.1959  ema -0.6458
pes  4525  seg-loss -0.6623  ema -0.8818
pes  4550  seg-loss -1.5479  ema -0.9633
pes  4575  seg-loss -0.0691  ema -0.7892
pes  4600  seg-loss -0.2048  ema -0.6232
pes  4625  seg-loss 0.1180  ema -0.8566
pes  4650  seg-loss -1.8525  ema -0.7710
pes  4675  seg-loss -0.2764  ema -0.7658
pes  4700  seg-loss 0.1332  ema -0.9617
pes  4725  seg-loss -0.0641  ema -0.7025
pes  4750  seg-loss -1.5498  ema -0.6507
pes  4775  seg-loss -1.7381  ema -0.9846
pes  4800  seg-loss -0.1849  ema -1.2618
pes  4825  seg-loss -1.5028  ema -1.1982
pes  4850  seg-loss -0.2526  ema -1.2923
pes  4875  seg-loss -0.2059  ema -0.8525
pes  4900  seg-loss 0.2998  ema -0.9305
pes  4925  seg-loss -1.1852  ema -0.7186
pes  4950  seg-loss -1.1128  ema -0.9345
pes  4975  seg-loss -1.0423  ema -0.9065
pes  5000  seg-loss -0.2146  ema -0.7571
  eval[h16] learned: loss 1.6945 acc 0.382  vs  muon(lr=0.1): loss 0.0018 acc 0.999
  eval[h64-wider] learned: loss 2.5458 acc 0.262  vs  muon(lr=0.1): loss 0.0000 acc 1.000
  eval[h16-long] learned: loss 0.7370 acc 0.714  vs  muon(lr=0.03): loss 0.0000 acc 1.000
pes  5025  seg-loss -0.0105  ema -1.0927
pes  5050  seg-loss -0.2418  ema -0.6656
pes  5075  seg-loss -2.6346  ema -0.9617
pes  5100  seg-loss -0.1369  ema -1.4489
pes  5125  seg-loss -0.5242  ema -1.2588
pes  5150  seg-loss -1.7525  ema -1.1769
pes  5175  seg-loss -1.6612  ema -1.3437
pes  5200  seg-loss 0.9712  ema -1.2720
pes  5225  seg-loss -0.3970  ema -0.8061
pes  5250  seg-loss -0.1059  ema -0.5869
pes  5275  seg-loss -0.3378  ema -0.4549
pes  5300  seg-loss 0.9602  ema -0.4116
pes  5325  seg-loss -0.6920  ema -0.3212
pes  5350  seg-loss -1.8818  ema -0.7469
pes  5375  seg-loss -2.5470  ema -1.1253
pes  5400  seg-loss 0.1965  ema -1.2408
pes  5425  seg-loss -0.6977  ema -1.0783
pes  5450  seg-loss -2.3356  ema -1.2317
pes  5475  seg-loss -3.4250  ema -1.5563
pes  5500  seg-loss 1.0521  ema -1.8931
pes  5525  seg-loss -2.1975  ema -1.9181
pes  5550  seg-loss -1.8958  ema -2.1267
pes  5575  seg-loss -3.6345  ema -2.2226
pes  5600  seg-loss -0.1621  ema -2.4196
pes  5625  seg-loss -1.6612  ema -2.1583
pes  5650  seg-loss -3.1793  ema -2.3728
pes  5675  seg-loss -5.0725  ema -2.6493
pes  5700  seg-loss -0.0850  ema -2.7930
pes  5725  seg-loss -2.0647  ema -2.9715
pes  5750  seg-loss -3.1281  ema -2.9172
pes  5775  seg-loss -5.4014  ema -2.9700
pes  5800  seg-loss 0.2525  ema -3.3051
pes  5825  seg-loss -2.6930  ema -3.5475
pes  5850  seg-loss -2.6876  ema -3.3228
pes  5875  seg-loss -4.5642  ema -3.2180
pes  5900  seg-loss 0.2332  ema -3.1135
pes  5925  seg-loss -2.4936  ema -3.0940
pes  5950  seg-loss -2.8729  ema -2.9922
pes  5975  seg-loss -4.1934  ema -3.0032
pes  6000  seg-loss 0.0457  ema -3.4158
  eval[h16] learned: loss 1.0479 acc 0.615  vs  muon(lr=0.1): loss 0.0018 acc 0.999
  eval[h64-wider] learned: loss 4.3344 acc 0.456  vs  muon(lr=0.1): loss 0.0000 acc 1.000
  eval[h16-long] learned: loss 0.0847 acc 0.978  vs  muon(lr=0.03): loss 0.0000 acc 1.000
pes  6025  seg-loss -2.1839  ema -3.4160
pes  6050  seg-loss -4.5666  ema -3.1939
pes  6075  seg-loss -7.7830  ema -3.8674
pes  6100  seg-loss -0.3208  ema -3.6790
pes  6125  seg-loss -2.2810  ema -3.4021
pes  6150  seg-loss -3.5710  ema -4.0771
pes  6175  seg-loss -9.6803  ema -4.5746
pes  6200  seg-loss -0.3104  ema -5.2234
pes  6225  seg-loss -1.9233  ema -4.2404
pes  6250  seg-loss -5.5539  ema -3.8547
pes  6275  seg-loss -10.2995  ema -4.8526
pes  6300  seg-loss 0.3126  ema -4.8918
pes  6325  seg-loss -4.0860  ema -5.5199
pes  6350  seg-loss -4.2442  ema -6.1966
pes  6375  seg-loss -5.7589  ema -5.6708
pes  6400  seg-loss -0.1982  ema -5.1208
pes  6425  seg-loss -4.0599  ema -6.5913
pes  6450  seg-loss -4.5244  ema -6.6361
pes  6475  seg-loss -12.7532  ema -6.6913
pes  6500  seg-loss -0.3753  ema -5.8065
pes  6525  seg-loss -3.2569  ema -5.1341
pes  6550  seg-loss -5.2806  ema -4.7972
pes  6575  seg-loss -9.9492  ema -5.6040
pes  6600  seg-loss -0.3755  ema -5.5621
pes  6625  seg-loss -1.8693  ema -4.7795
pes  6650  seg-loss -3.4856  ema -4.3637
pes  6675  seg-loss -6.3402  ema -4.2182
pes  6700  seg-loss -0.2738  ema -4.5839
pes  6725  seg-loss -2.0669  ema -3.8585
pes  6750  seg-loss -8.8135  ema -3.8345
pes  6775  seg-loss -4.4698  ema -4.4757
pes  6800  seg-loss -0.2924  ema -4.2874
pes  6825  seg-loss -3.5199  ema -3.9296
pes  6850  seg-loss -3.7367  ema -4.8257
pes  6875  seg-loss -4.8499  ema -4.4376
pes  6900  seg-loss -0.3609  ema -4.3431
pes  6925  seg-loss -2.9686  ema -4.1161
pes  6950  seg-loss -4.4939  ema -4.1295
pes  6975  seg-loss -11.8069  ema -4.6893
pes  7000  seg-loss -0.4137  ema -5.0695
  eval[h16] learned: loss 1.3330 acc 0.532  vs  muon(lr=0.1): loss 0.0018 acc 0.999
  eval[h64-wider] learned: loss 2.6126 acc 0.293  vs  muon(lr=0.1): loss 0.0000 acc 1.000
  eval[h16-long] learned: loss 0.0465 acc 0.986  vs  muon(lr=0.03): loss 0.0000 acc 1.000
pes  7025  seg-loss -2.1538  ema -4.6915
pes  7050  seg-loss -8.2731  ema -4.5853
pes  7075  seg-loss -7.4178  ema -5.2455
pes  7100  seg-loss -0.0276  ema -7.2693
pes  7125  seg-loss -5.4262  ema -7.0357
pes  7150  seg-loss -5.7951  ema -7.4059
pes  7175  seg-loss -12.8722  ema -7.4850
pes  7200  seg-loss -0.2852  ema -7.0168
pes  7225  seg-loss -3.7260  ema -5.6668
pes  7250  seg-loss -10.8116  ema -5.5577
pes  7275  seg-loss -6.8332  ema -5.8869
pes  7300  seg-loss -0.0572  ema -5.5690
pes  7325  seg-loss -3.4064  ema -6.0387
pes  7350  seg-loss -10.3680  ema -5.7166
pes  7375  seg-loss -14.9620  ema -7.4791
pes  7400  seg-loss 0.3635  ema -7.4230
pes  7425  seg-loss -4.5104  ema -7.5866
pes  7450  seg-loss -8.1930  ema -7.7950
pes  7475  seg-loss -14.2427  ema -8.2159
pes  7500  seg-loss 0.1228  ema -8.4080
pes  7525  seg-loss -2.7108  ema -7.3783
pes  7550  seg-loss -5.9476  ema -6.1497
pes  7575  seg-loss -8.4319  ema -6.1124
pes  7600  seg-loss -0.2799  ema -7.5694
pes  7625  seg-loss -4.8279  ema -6.3125
pes  7650  seg-loss -9.4203  ema -6.8899
pes  7675  seg-loss -6.4997  ema -6.5328
pes  7700  seg-loss -0.2947  ema -5.7621
pes  7725  seg-loss -3.1508  ema -5.1678
pes  7750  seg-loss -12.0346  ema -5.6203
pes  7775  seg-loss -12.0072  ema -7.4405
pes  7800  seg-loss -0.3496  ema -6.4144
pes  7825  seg-loss -2.3913  ema -5.8034
pes  7850  seg-loss -4.9651  ema -5.1401
pes  7875  seg-loss -13.5381  ema -5.9506
pes  7900  seg-loss 0.0306  ema -7.3731
pes  7925  seg-loss -4.2231  ema -7.4783
pes  7950  seg-loss -6.6195  ema -6.6775
pes  7975  seg-loss -7.1232  ema -6.2599
pes  8000  seg-loss -0.0360  ema -6.6413
  eval[h16] learned: loss 0.4592 acc 0.851  vs  muon(lr=0.1): loss 0.0018 acc 0.999
  eval[h64-wider] learned: loss 1.2364 acc 0.726  vs  muon(lr=0.1): loss 0.0000 acc 1.000
  eval[h16-long] learned: loss 0.0011 acc 0.999  vs  muon(lr=0.03): loss 0.0000 acc 1.000
pes  8025  seg-loss -4.5747  ema -7.5955
pes  8050  seg-loss -5.2925  ema -7.4942
pes  8075  seg-loss -8.1165  ema -6.7817
pes  8100  seg-loss 0.1433  ema -7.7280
pes  8125  seg-loss -4.5387  ema -7.7283
pes  8150  seg-loss -5.7759  ema -6.7626
pes  8175  seg-loss -16.1351  ema -7.5973
pes  8200  seg-loss -0.2367  ema -8.8950
pes  8225  seg-loss -3.9603  ema -8.7932
pes  8250  seg-loss -6.6299  ema -8.5477
pes  8275  seg-loss -6.3998  ema -7.2260
pes  8300  seg-loss -0.3413  ema -7.0913
pes  8325  seg-loss -2.9521  ema -6.2949
pes  8350  seg-loss -5.7111  ema -5.6351
pes  8375  seg-loss -16.5922  ema -6.9494
pes  8400  seg-loss 0.0344  ema -6.7185
pes  8425  seg-loss -3.3401  ema -6.4094
pes  8450  seg-loss -11.4825  ema -6.3535
pes  8475  seg-loss -15.4659  ema -8.1795
pes  8500  seg-loss -0.0284  ema -7.8153
pes  8525  seg-loss -3.5299  ema -7.1426
pes  8550  seg-loss -13.0566  ema -7.6794
pes  8575  seg-loss -15.9988  ema -8.8310
pes  8600  seg-loss 0.0112  ema -8.8955
pes  8625  seg-loss -3.8727  ema -8.5536
pes  8650  seg-loss -11.5288  ema -8.0681
pes  8675  seg-loss -13.1606  ema -8.3859
pes  8700  seg-loss -0.3378  ema -7.5248
pes  8725  seg-loss -4.2016  ema -7.0682
pes  8750  seg-loss -15.7300  ema -8.2924
pes  8775  seg-loss -16.4256  ema -9.1410
pes  8800  seg-loss -0.0596  ema -10.0906
pes  8825  seg-loss -4.0631  ema -9.3688
pes  8850  seg-loss -9.7171  ema -9.0443
pes  8875  seg-loss -15.3504  ema -9.2156
pes  8900  seg-loss -0.2196  ema -10.2836
pes  8925  seg-loss -5.3603  ema -9.7282
pes  8950  seg-loss -9.1368  ema -8.9572
pes  8975  seg-loss -14.4386  ema -9.3368
pes  9000  seg-loss -0.0559  ema -10.0538
  eval[h16] learned: loss 0.5979 acc 0.824  vs  muon(lr=0.1): loss 0.0018 acc 0.999
  eval[h64-wider] learned: loss 0.5213 acc 0.850  vs  muon(lr=0.1): loss 0.0000 acc 1.000
  eval[h16-long] learned: loss 0.0004 acc 1.000  vs  muon(lr=0.03): loss 0.0000 acc 1.000
pes  9025  seg-loss -4.8138  ema -9.5931
pes  9050  seg-loss -5.7521  ema -8.7699
pes  9075  seg-loss -15.1521  ema -8.4818
pes  9100  seg-loss -0.2964  ema -9.8506
pes  9125  seg-loss -6.4077  ema -9.6458
pes  9150  seg-loss -6.4298  ema -8.6191
pes  9175  seg-loss -15.4396  ema -8.7722
pes  9200  seg-loss -0.2617  ema -8.5211
pes  9225  seg-loss -5.4558  ema -8.6038
pes  9250  seg-loss -9.9133  ema -8.5401
pes  9275  seg-loss -16.6532  ema -8.8860
pes  9300  seg-loss -0.4619  ema -7.9973
pes  9325  seg-loss -2.8282  ema -7.7608
pes  9350  seg-loss -6.6307  ema -7.1753
pes  9375  seg-loss -17.2439  ema -8.4901
pes  9400  seg-loss -0.2700  ema -9.7945
pes  9425  seg-loss -8.2082  ema -7.8760
pes  9450  seg-loss -14.3837  ema -9.0919
pes  9475  seg-loss -14.1888  ema -10.0572
pes  9500  seg-loss -0.3067  ema -8.6775
pes  9525  seg-loss -6.0033  ema -7.1201
pes  9550  seg-loss -8.7319  ema -7.7114
pes  9575  seg-loss -16.0685  ema -8.5934
pes  9600  seg-loss -0.4029  ema -7.7966
pes  9625  seg-loss -7.1169  ema -6.7181
pes  9650  seg-loss -15.8090  ema -8.0382
pes  9675  seg-loss -17.0096  ema -9.3373
pes  9700  seg-loss -0.4570  ema -9.6679
pes  9725  seg-loss -3.1537  ema -8.4724
pes  9750  seg-loss -12.5928  ema -8.8345
pes  9775  seg-loss -15.9288  ema -9.5576
pes  9800  seg-loss -0.4068  ema -10.1769
pes  9825  seg-loss -2.9366  ema -9.1674
pes  9850  seg-loss -13.9163  ema -8.4073
pes  9875  seg-loss -15.6467  ema -9.1039
pes  9900  seg-loss -0.4804  ema -10.3600
pes  9925  seg-loss -4.2845  ema -9.2760
pes  9950  seg-loss -12.0809  ema -8.8586
pes  9975  seg-loss -15.4156  ema -10.4099
  eval[h16] learned: loss 0.4618 acc 0.892  vs  muon(lr=0.1): loss 0.0018 acc 0.999
  eval[h64-wider] learned: loss 0.6084 acc 0.812  vs  muon(lr=0.1): loss 0.0000 acc 1.000
  eval[h16-long] learned: loss 0.0020 acc 1.000  vs  muon(lr=0.03): loss 0.0000 acc 1.000
done
