warm-started from learned_matrix13.pt (17/17 tensors; skipped [])
matrix optimizer: 28640 meta-params
  dataset qmnist unavailable: FileNotFoundError: [Errno 2] No such file or directory: '/home/arthurb/.cache/qmnist/qmnist-train-images-idx3-ubyte.gz'
dataset registry: ['cifar10', 'cifar100', 'covtype', 'kmnist', 'letter', 'magic', 'miniboone', 'mnist', 'optdigits', 'poker', 'satimage', 'spambase', 'svhn'] (13 available)
openml: +54 train datasets (13 held out by dataset)
pes     0  seg-loss -1.1494  ema -1.1494
  eval[h16] learned: loss 0.0385 acc 0.995  vs  muon(lr=0.1): loss 0.0019 acc 0.999
  eval[h64-wider] learned: loss 0.0724 acc 0.994  vs  muon(lr=0.1): loss 0.0000 acc 1.000
  eval[h16-long] learned: loss 0.0000 acc 1.000  vs  muon(lr=0.03): loss 0.0000 acc 1.000
  eval[fashion-h16 HELD-OUT] learned: loss 0.0034 acc 0.999  vs  muon(lr=0.03): loss 0.0000 acc 1.000
  eval[fashion-h64 HELD-OUT] learned: loss 0.0014 acc 1.000  vs  muon(lr=0.03): loss 0.0000 acc 1.000
pes    25  seg-loss -18.0371  ema -6.0605
pes    50  seg-loss -20.7014  ema -11.2343
pes    75  seg-loss -20.4222  ema -14.9738
  probe-score -4.1000 (new best, saved)
pes   100  seg-loss -13.9824  ema -13.7967
pes   125  seg-loss -14.8325  ema -14.0906
pes   150  seg-loss -0.8451  ema -9.1534
pes   175  seg-loss -0.8606  ema -5.8617
pes   200  seg-loss -18.6831  ema -10.3048
pes   225  seg-loss -18.6761  ema -13.6238
pes   250  seg-loss -0.0826  ema -9.5736
pes   275  seg-loss -0.0850  ema -5.8107
pes   300  seg-loss -0.5433  ema -3.6854
pes   325  seg-loss -0.5702  ema -2.4508
pes   350  seg-loss -0.4495  ema -1.6215
pes   375  seg-loss -0.6183  ema -1.1958
pes   400  seg-loss -20.7233  ema -5.7870
pes   425  seg-loss -20.7233  ema -11.7094
pes   450  seg-loss -16.3157  ema -14.2871
pes   475  seg-loss -17.1712  ema -13.7804
pes   500  seg-loss -4.6911  ema -10.9599
pes   525  seg-loss -14.0268  ema -10.8884
pes   550  seg-loss -0.5817  ema -10.2742
pes   575  seg-loss -0.7208  ema -6.4606
pes   600  seg-loss -2.8689  ema -4.2698
pes   625  seg-loss -20.4803  ema -9.3423
pes   650  seg-loss -20.7233  ema -13.8383
pes   675  seg-loss -16.8877  ema -14.8130
pes   700  seg-loss -18.4330  ema -16.2223
pes   725  seg-loss -20.0577  ema -16.6154
pes   750  seg-loss -13.0480  ema -11.6983
pes   775  seg-loss -13.6551  ema -12.7327
pes   800  seg-loss -20.6999  ema -14.7155
pes   825  seg-loss -19.1004  ema -15.8446
pes   850  seg-loss -17.8333  ema -16.7995
pes   875  seg-loss -0.9312  ema -11.5113
pes   900  seg-loss -20.7209  ema -11.9155
pes   925  seg-loss -11.3024  ema -10.8044
pes   950  seg-loss -15.2472  ema -12.1043
pes   975  seg-loss -17.2036  ema -14.1939
pes  1000  seg-loss -0.6246  ema -15.3335
pes  1025  seg-loss -0.8695  ema -9.5721
pes  1050  seg-loss -3.2858  ema -6.2400
pes  1075  seg-loss -8.0554  ema -6.1365
pes  1100  seg-loss 0.0024  ema -7.5715
pes  1125  seg-loss -0.0013  ema -4.5691
pes  1150  seg-loss -2.5892  ema -2.8088
pes  1175  seg-loss -0.6241  ema -2.2958
pes  1200  seg-loss -0.6950  ema -1.6484
pes  1225  seg-loss -2.2882  ema -1.7385
pes  1250  seg-loss -2.9861  ema -2.0922
pes  1275  seg-loss -0.8352  ema -2.4854
pes  1300  seg-loss -6.3496  ema -8.3479
pes  1325  seg-loss -18.9516  ema -12.6160
pes  1350  seg-loss -0.2020  ema -15.0067
pes  1375  seg-loss -19.3204  ema -15.5739
pes  1400  seg-loss -18.2159  ema -16.8576
pes  1425  seg-loss -20.7233  ema -18.0486
pes  1450  seg-loss -18.3983  ema -17.9926
pes  1475  seg-loss -19.2695  ema -18.2635
pes  1500  seg-loss -0.2277  ema -11.2786
pes  1525  seg-loss -0.2915  ema -6.9112
pes  1550  seg-loss -1.4479  ema -10.9875
pes  1575  seg-loss -14.0032  ema -10.6526
pes  1600  seg-loss -0.4510  ema -12.1258
pes  1625  seg-loss -20.3716  ema -9.8073
pes  1650  seg-loss -19.5578  ema -13.8366
pes  1675  seg-loss -4.0616  ema -14.7323
pes  1700  seg-loss -0.6161  ema -10.3777
pes  1725  seg-loss -3.0661  ema -6.9633
pes  1750  seg-loss -3.6613  ema -5.5604
pes  1775  seg-loss -20.5590  ema -8.4626
pes  1800  seg-loss -20.7207  ema -12.5397
pes  1825  seg-loss -20.6894  ema -15.7778
pes  1850  seg-loss -2.5281  ema -12.1114
pes  1875  seg-loss -3.2349  ema -8.4936
pes  1900  seg-loss -15.8751  ema -7.7909
pes  1925  seg-loss -18.0402  ema -11.3886
pes  1950  seg-loss -20.2436  ema -14.0934
pes  1975  seg-loss -17.1495  ema -14.2074
pes  2000  seg-loss -19.0654  ema -15.9134
pes  2025  seg-loss -0.6348  ema -14.4261
pes  2050  seg-loss -0.7287  ema -8.9791
pes  2075  seg-loss -5.9619  ema -6.4527
pes  2100  seg-loss -0.1156  ema -4.9081
pes  2125  seg-loss -0.5472  ema -3.1080
pes  2150  seg-loss -0.2961  ema -2.0306
pes  2175  seg-loss -3.3974  ema -1.9671
pes  2200  seg-loss -7.1021  ema -3.7595
pes  2225  seg-loss -7.1212  ema -5.0747
pes  2250  seg-loss -20.7233  ema -6.4745
pes  2275  seg-loss -2.3064  ema -9.0577
pes  2300  seg-loss -20.7233  ema -12.8181
pes  2325  seg-loss -0.9067  ema -15.1573
pes  2350  seg-loss -6.8365  ema -10.9613
pes  2375  seg-loss -5.2628  ema -12.9078
pes  2400  seg-loss -0.7205  ema -11.8113
pes  2425  seg-loss -0.8393  ema -8.1326
pes  2450  seg-loss -1.2969  ema -11.8845
pes  2475  seg-loss -1.4766  ema -7.8843
pes  2500  seg-loss -20.5774  ema -8.0354
pes  2525  seg-loss -20.4104  ema -12.9871
pes  2550  seg-loss -20.7135  ema -14.1853
pes  2575  seg-loss -2.7789  ema -11.8016
pes  2600  seg-loss -1.7059  ema -8.0352
pes  2625  seg-loss -14.5466  ema -8.0366
pes  2650  seg-loss -14.7236  ema -10.5694
pes  2675  seg-loss -15.8472  ema -11.2571
pes  2700  seg-loss -16.3168  ema -12.7461
pes  2725  seg-loss -16.3989  ema -14.1806
pes  2750  seg-loss -20.7059  ema -16.0442
pes  2775  seg-loss -15.0449  ema -14.7678
pes  2800  seg-loss -15.3651  ema -14.9753
pes  2825  seg-loss -20.2864  ema -16.0194
pes  2850  seg-loss -0.8047  ema -11.0630
pes  2875  seg-loss -1.6249  ema -7.2956
pes  2900  seg-loss -1.7149  ema -5.0647
pes  2925  seg-loss -0.6547  ema -4.2659
pes  2950  seg-loss -0.7081  ema -2.8460
pes  2975  seg-loss -4.7066  ema -3.1315
pes  3000  seg-loss -20.3422  ema -9.3818
  eval[h16] learned: loss 0.0494 acc 0.996  vs  muon(lr=0.1): loss 0.0026 acc 1.000
  eval[h64-wider] learned: loss 0.1647 acc 0.992  vs  muon(lr=0.1): loss 0.0000 acc 1.000
  eval[h16-long] learned: loss 0.0000 acc 1.000  vs  muon(lr=0.03): loss 0.0000 acc 1.000
  eval[fashion-h16 HELD-OUT] learned: loss 0.0254 acc 0.990  vs  muon(lr=0.03): loss 0.0000 acc 1.000
  eval[fashion-h64 HELD-OUT] learned: loss 0.0008 acc 1.000  vs  muon(lr=0.03): loss 0.0000 acc 1.000
pes  3025  seg-loss -5.5810  ema -12.4309
pes  3050  seg-loss -8.2534  ema -10.3926
pes  3075  seg-loss -20.7233  ema -10.2782
pes  3100  seg-loss -1.1401  ema -6.6473
pes  3125  seg-loss -1.1307  ema -4.4734
pes  3150  seg-loss -1.0207  ema -3.4499
pes  3175  seg-loss -1.1289  ema -2.5160
pes  3200  seg-loss -0.6943  ema -1.8018
pes  3225  seg-loss -0.5972  ema -1.3153
pes  3250  seg-loss -0.6185  ema -1.0363
pes  3275  seg-loss -4.8081  ema -0.9929
pes  3300  seg-loss -0.7918  ema -2.2557
pes  3325  seg-loss -20.0330  ema -7.0231
pes  3350  seg-loss -18.2519  ema -6.2544
pes  3375  seg-loss -20.7233  ema -11.3507
pes  3400  seg-loss -20.7233  ema -15.0673
pes  3425  seg-loss -20.7233  ema -16.9934
pes  3450  seg-loss -2.2022  ema -11.7761
pes  3475  seg-loss -2.5782  ema -8.0743
pes  3500  seg-loss -15.9129  ema -7.4932
pes  3525  seg-loss -16.2684  ema -10.9834
pes  3550  seg-loss -9.2098  ema -10.5391
pes  3575  seg-loss -3.5847  ema -9.9110
pes  3600  seg-loss -12.1653  ema -9.3726
pes  3625  seg-loss -1.7565  ema -10.4536
pes  3650  seg-loss -2.5803  ema -7.2380
pes  3675  seg-loss -1.3342  ema -5.3687
pes  3700  seg-loss -0.6182  ema -3.4743
pes  3725  seg-loss -0.6351  ema -2.3457
pes  3750  seg-loss -16.7729  ema -6.8156
pes  3775  seg-loss -18.7158  ema -11.4266
pes  3800  seg-loss -3.9171  ema -12.9615
pes  3825  seg-loss -20.5793  ema -14.3028
pes  3850  seg-loss -20.7161  ema -16.8387
pes  3875  seg-loss -15.3446  ema -17.4226
pes  3900  seg-loss -2.4428  ema -14.8997
pes  3925  seg-loss -15.5918  ema -13.9963
pes  3950  seg-loss -0.9639  ema -12.3078
pes  3975  seg-loss -1.0875  ema -7.8422
pes  4000  seg-loss -1.6972  ema -5.2041
pes  4025  seg-loss -20.7210  ema -6.6533
pes  4050  seg-loss -20.7205  ema -12.2314
pes  4075  seg-loss -5.3864  ema -13.0695
pes  4100  seg-loss -1.6130  ema -9.2852
pes  4125  seg-loss -2.1609  ema -6.3532
pes  4150  seg-loss -0.5998  ema -4.9700
pes  4175  seg-loss -20.7088  ema -7.6576
pes  4200  seg-loss -20.2264  ema -12.6331
pes  4225  seg-loss -0.4781  ema -13.4432
pes  4250  seg-loss -1.4634  ema -8.4352
pes  4275  seg-loss -5.8639  ema -6.4276
pes  4300  seg-loss -19.2655  ema -9.2525
pes  4325  seg-loss -20.6568  ema -12.4116
pes  4350  seg-loss -20.5333  ema -15.6730
pes  4375  seg-loss -5.3193  ema -12.7517
pes  4400  seg-loss -19.0698  ema -12.6839
pes  4425  seg-loss -18.5006  ema -15.0804
pes  4450  seg-loss -5.2382  ema -13.0616
pes  4475  seg-loss -6.2677  ema -10.2832
pes  4500  seg-loss -15.3995  ema -9.2292
pes  4525  seg-loss -16.5884  ema -12.4164
pes  4550  seg-loss -17.9242  ema -14.2686
pes  4575  seg-loss -0.8310  ema -14.0835
pes  4600  seg-loss -0.0443  ema -9.9268
pes  4625  seg-loss -0.6274  ema -6.1800
pes  4650  seg-loss -5.2020  ema -4.4571
pes  4675  seg-loss -19.7399  ema -9.2175
pes  4700  seg-loss -20.7233  ema -13.1606
pes  4725  seg-loss -13.3698  ema -12.4680
pes  4750  seg-loss -8.5500  ema -10.0763
pes  4775  seg-loss -11.2806  ema -10.9276
pes  4800  seg-loss -0.7973  ema -9.0266
pes  4825  seg-loss -19.9975  ema -11.9711
pes  4850  seg-loss -19.3936  ema -15.0323
pes  4875  seg-loss -20.6976  ema -15.6854
pes  4900  seg-loss -20.7061  ema -17.6718
pes  4925  seg-loss -0.0836  ema -14.1642
pes  4950  seg-loss -0.5040  ema -8.7056
pes  4975  seg-loss -1.2360  ema -5.5053
pes  5000  seg-loss -1.0506  ema -3.7708
pes  5025  seg-loss -4.4230  ema -2.8357
pes  5050  seg-loss -12.1914  ema -4.5338
pes  5075  seg-loss -1.4670  ema -4.9443
pes  5100  seg-loss -1.7912  ema -3.6463
pes  5125  seg-loss -17.7289  ema -6.1584
pes  5150  seg-loss -19.4148  ema -9.8578
pes  5175  seg-loss -20.7223  ema -12.1936
pes  5200  seg-loss -0.7069  ema -9.7352
pes  5225  seg-loss -20.2099  ema -13.0342
pes  5250  seg-loss -20.4714  ema -15.9622
pes  5275  seg-loss -9.6558  ema -12.3653
pes  5300  seg-loss -14.6255  ema -12.8941
pes  5325  seg-loss -2.1641  ema -8.6286
pes  5350  seg-loss -7.4856  ema -7.2415
pes  5375  seg-loss -2.7442  ema -7.9439
pes  5400  seg-loss -0.5700  ema -7.6103
pes  5425  seg-loss -0.7764  ema -4.8870
pes  5450  seg-loss -0.6648  ema -3.6587
pes  5475  seg-loss -17.8341  ema -2.9725
pes  5500  seg-loss -18.8487  ema -9.5253
pes  5525  seg-loss -0.5964  ema -12.3679
pes  5550  seg-loss -19.2229  ema -9.6274
pes  5575  seg-loss -3.7603  ema -10.0868
pes  5600  seg-loss -0.7911  ema -8.6474
pes  5625  seg-loss -0.5373  ema -5.7799
pes  5650  seg-loss -20.7213  ema -6.6186
pes  5675  seg-loss -20.7233  ema -12.2105
pes  5700  seg-loss -7.2585  ema -13.6640
pes  5725  seg-loss -20.7233  ema -12.9576
pes  5750  seg-loss -20.7233  ema -16.0369
pes  5775  seg-loss -20.2307  ema -17.4394
pes  5800  seg-loss -20.7233  ema -17.6846
pes  5825  seg-loss -14.4455  ema -16.2624
pes  5850  seg-loss -20.2882  ema -17.2389
pes  5875  seg-loss -6.9666  ema -13.6260
pes  5900  seg-loss -0.1037  ema -11.6247
pes  5925  seg-loss -0.1186  ema -7.0601
pes  5950  seg-loss -2.3560  ema -4.4010
pes  5975  seg-loss -3.0001  ema -6.1556
pes  6000  seg-loss -0.5655  ema -8.1021
  eval[h16] learned: loss 0.0807 acc 0.994  vs  muon(lr=0.1): loss 0.0008 acc 1.000
  eval[h64-wider] learned: loss 0.1232 acc 0.999  vs  muon(lr=0.1): loss 0.0000 acc 1.000
  eval[h16-long] learned: loss 0.0000 acc 1.000  vs  muon(lr=0.03): loss 0.0000 acc 1.000
  eval[fashion-h16 HELD-OUT] learned: loss 0.0147 acc 0.996  vs  muon(lr=0.03): loss 0.0000 acc 1.000
  eval[fashion-h64 HELD-OUT] learned: loss 0.0043 acc 0.998  vs  muon(lr=0.03): loss 0.0000 acc 1.000
pes  6025  seg-loss -18.5430  ema -7.6678
pes  6050  seg-loss -17.3280  ema -11.5445
pes  6075  seg-loss -20.7233  ema -13.9455
pes  6100  seg-loss -20.7186  ema -16.6321
pes  6125  seg-loss -15.6695  ema -15.8983
pes  6150  seg-loss -0.9962  ema -15.2970
pes  6175  seg-loss -20.4292  ema -13.4734
pes  6200  seg-loss -0.6586  ema -9.9204
pes  6225  seg-loss -19.2892  ema -13.1826
pes  6250  seg-loss -12.8457  ema -11.3929
pes  6275  seg-loss -0.6595  ema -9.3232
pes  6300  seg-loss -0.0758  ema -5.7219
pes  6325  seg-loss -0.2627  ema -3.5208
pes  6350  seg-loss -1.6071  ema -2.8194
pes  6375  seg-loss -0.7143  ema -2.2152
pes  6400  seg-loss -0.9042  ema -1.6550
pes  6425  seg-loss -1.1870  ema -1.3841
pes  6450  seg-loss -1.1999  ema -1.3163
pes  6475  seg-loss -2.0573  ema -1.3347
pes  6500  seg-loss -0.6964  ema -1.3676
pes  6525  seg-loss -0.7955  ema -1.1292
pes  6550  seg-loss -10.7729  ema -2.6251
pes  6575  seg-loss -13.9655  ema -6.8999
pes  6600  seg-loss -0.1023  ema -6.6544
pes  6625  seg-loss -0.0521  ema -4.0455
pes  6650  seg-loss -20.7233  ema -5.4950
pes  6675  seg-loss -1.3398  ema -6.2141
pes  6700  seg-loss -18.9080  ema -8.1703
pes  6725  seg-loss -16.7064  ema -11.9236
pes  6750  seg-loss -1.7451  ema -9.3407
pes  6775  seg-loss -2.0705  ema -6.4059
pes  6800  seg-loss -20.3573  ema -8.1304
pes  6825  seg-loss -2.2690  ema -8.1042
pes  6850  seg-loss -0.6084  ema -5.9654
pes  6875  seg-loss -0.6412  ema -3.8375
pes  6900  seg-loss -0.7850  ema -2.6054
pes  6925  seg-loss -0.7962  ema -1.8633
pes  6950  seg-loss -0.9000  ema -1.4675
pes  6975  seg-loss -9.0142  ema -1.6921
pes  7000  seg-loss -12.8418  ema -5.9608
pes  7025  seg-loss -3.2297  ema -7.8118
pes  7050  seg-loss -19.4480  ema -11.8362
pes  7075  seg-loss -19.6570  ema -14.9800
pes  7100  seg-loss -0.5006  ema -15.6231
pes  7125  seg-loss -2.3239  ema -10.2121
pes  7150  seg-loss -2.6421  ema -7.0551
pes  7175  seg-loss -2.8949  ema -5.3734
pes  7200  seg-loss -20.7233  ema -11.3302
pes  7225  seg-loss -20.7155  ema -15.0529
pes  7250  seg-loss -20.4793  ema -15.7801
pes  7275  seg-loss -20.1822  ema -17.5782
pes  7300  seg-loss -0.6578  ema -11.8485
pes  7325  seg-loss -12.5992  ema -7.8266
pes  7350  seg-loss -5.6242  ema -11.3058
pes  7375  seg-loss -1.9318  ema -8.0883
pes  7400  seg-loss -19.7078  ema -12.5327
