warm-started from learned_matrix5.pt
matrix optimizer: 28543 meta-params
  dataset qmnist unavailable: FileNotFoundError: [Errno 2] No such file or directory: '/home/arthurb/.cache/qmnist/qmnist-train-images-idx3-ubyte.gz'
dataset registry: ['cifar10', 'cifar100', 'covtype', 'kmnist', 'letter', 'magic', 'miniboone', 'mnist', 'optdigits', 'poker', 'satimage', 'spambase', 'svhn'] (13 available)
pes     0  seg-loss -0.7875  ema -0.7875
  eval[h16] learned: loss 0.0143 acc 0.995  vs  muon(lr=0.1): loss 0.0018 acc 0.999
  eval[h64-wider] learned: loss 0.2719 acc 0.926  vs  muon(lr=0.1): loss 0.0000 acc 1.000
  eval[h16-long] learned: loss 0.0354 acc 0.996  vs  muon(lr=0.03): loss 0.0000 acc 1.000
  eval[fashion-h16 HELD-OUT] learned: loss 0.0780 acc 0.973  vs  muon(lr=0.03): loss 0.0000 acc 1.000
  eval[fashion-h64 HELD-OUT] learned: loss 1.7722 acc 0.676  vs  muon(lr=0.03): loss 0.0000 acc 1.000
pes    25  seg-loss -3.1805  ema -2.3220
pes    50  seg-loss 0.0540  ema -3.6649
pes    75  seg-loss -2.2836  ema -3.5034
  probe-score -5.1090 (new best, saved)
pes   100  seg-loss -18.1496  ema -7.5406
pes   125  seg-loss -19.7519  ema -10.2108
pes   150  seg-loss -17.3239  ema -11.3420
pes   175  seg-loss -15.0887  ema -11.2415
pes   200  seg-loss -20.3076  ema -12.5930
pes   225  seg-loss -16.4181  ema -14.4472
pes   250  seg-loss 0.0759  ema -9.1486
pes   275  seg-loss -0.6701  ema -5.6570
pes   300  seg-loss -20.6941  ema -9.2399
pes   325  seg-loss -17.3832  ema -9.2798
pes   350  seg-loss -19.5588  ema -10.1441
pes   375  seg-loss -5.5121  ema -8.9479
pes   400  seg-loss -14.8459  ema -10.2611
pes   425  seg-loss -1.7543  ema -10.9431
pes   450  seg-loss -4.6776  ema -7.8559
pes   475  seg-loss -1.5377  ema -5.8961
pes   500  seg-loss -4.7859  ema -4.8968
pes   525  seg-loss -11.6060  ema -5.9176
pes   550  seg-loss -0.2737  ema -9.5892
pes   575  seg-loss -6.2646  ema -8.5494
pes   600  seg-loss -5.0756  ema -10.2588
pes   625  seg-loss -4.7604  ema -7.6596
pes   650  seg-loss -19.5690  ema -8.5180
pes   675  seg-loss -4.4603  ema -12.0950
pes   700  seg-loss -1.7835  ema -13.4863
pes   725  seg-loss 0.5978  ema -8.2871
pes   750  seg-loss -19.9460  ema -10.7353
pes   775  seg-loss 3.1646  ema -12.7018
pes   800  seg-loss -13.5030  ema -8.4494
pes   825  seg-loss -4.1593  ema -8.1122
pes   850  seg-loss -16.8605  ema -10.7107
pes   875  seg-loss -4.3216  ema -10.5350
pes   900  seg-loss -0.6576  ema -8.2302
pes   925  seg-loss -5.5587  ema -8.0074
pes   950  seg-loss -14.4930  ema -9.2036
pes   975  seg-loss -20.2428  ema -13.2569
pes  1000  seg-loss -11.1079  ema -13.6169
pes  1025  seg-loss -0.8639  ema -11.7437
pes  1050  seg-loss -8.7642  ema -8.9246
pes  1075  seg-loss -2.7969  ema -7.1000
pes  1100  seg-loss -16.9758  ema -9.6802
pes  1125  seg-loss -10.0476  ema -9.8058
pes  1150  seg-loss -12.5953  ema -9.2069
pes  1175  seg-loss -15.9693  ema -9.7924
pes  1200  seg-loss -4.5115  ema -8.9106
pes  1225  seg-loss -17.6296  ema -8.4858
pes  1250  seg-loss -0.0521  ema -10.8640
pes  1275  seg-loss -3.9154  ema -12.9233
pes  1300  seg-loss -3.0488  ema -11.3512
pes  1325  seg-loss -18.6042  ema -10.0960
pes  1350  seg-loss 0.2514  ema -9.1066
pes  1375  seg-loss -0.1538  ema -5.8661
pes  1400  seg-loss -18.7778  ema -5.4529
pes  1425  seg-loss -20.6788  ema -8.4355
pes  1450  seg-loss -0.0591  ema -5.4543
pes  1475  seg-loss -12.5505  ema -7.7903
pes  1500  seg-loss -3.9798  ema -9.8283
pes  1525  seg-loss -1.8781  ema -7.4818
pes  1550  seg-loss -2.6621  ema -6.1011
pes  1575  seg-loss -19.0221  ema -6.9530
pes  1600  seg-loss -0.0220  ema -7.7399
pes  1625  seg-loss -18.2197  ema -8.6354
pes  1650  seg-loss -16.2425  ema -9.1274
pes  1675  seg-loss -3.0216  ema -8.5178
pes  1700  seg-loss -12.1615  ema -8.8072
pes  1725  seg-loss -1.5257  ema -7.6436
pes  1750  seg-loss -4.0973  ema -6.1703
pes  1775  seg-loss -19.7223  ema -6.3772
pes  1800  seg-loss -20.2655  ema -11.3368
pes  1825  seg-loss -4.8482  ema -11.2153
pes  1850  seg-loss 0.1490  ema -8.1036
pes  1875  seg-loss 1.7291  ema -5.8114
pes  1900  seg-loss -20.7194  ema -9.6407
pes  1925  seg-loss -10.6401  ema -11.1071
pes  1950  seg-loss -2.4765  ema -10.8345
pes  1975  seg-loss -18.8063  ema -10.8160
pes  2000  seg-loss -19.2679  ema -11.7258
pes  2025  seg-loss -17.3632  ema -12.5384
pes  2050  seg-loss -2.9864  ema -12.2292
pes  2075  seg-loss -1.5384  ema -8.8128
pes  2100  seg-loss -4.6832  ema -10.0685
pes  2125  seg-loss -16.4821  ema -10.5412
pes  2150  seg-loss -19.8580  ema -12.1358
pes  2175  seg-loss -18.8679  ema -14.3965
pes  2200  seg-loss -19.0990  ema -14.1449
pes  2225  seg-loss -18.8307  ema -15.9061
pes  2250  seg-loss -0.6884  ema -13.3849
pes  2275  seg-loss -2.3936  ema -13.2900
pes  2300  seg-loss -0.5993  ema -7.7064
pes  2325  seg-loss -0.7099  ema -7.0233
pes  2350  seg-loss -0.8475  ema -5.7044
pes  2375  seg-loss -8.4700  ema -5.0891
pes  2400  seg-loss -20.1068  ema -4.1112
pes  2425  seg-loss -2.9893  ema -7.3327
pes  2450  seg-loss -2.1280  ema -6.0106
pes  2475  seg-loss -19.9784  ema -7.4802
  probe-score -5.1760 (new best, saved)
pes  2500  seg-loss -18.0666  ema -11.3138
pes  2525  seg-loss -18.5477  ema -11.2534
pes  2550  seg-loss -7.1997  ema -11.7694
pes  2575  seg-loss -19.7734  ema -13.6479
pes  2600  seg-loss -6.8028  ema -11.8253
pes  2625  seg-loss -10.1746  ema -10.0469
pes  2650  seg-loss -4.9207  ema -10.2670
pes  2675  seg-loss -6.0012  ema -10.9445
  probe-score -5.3188 (new best, saved)
pes  2700  seg-loss -16.4127  ema -9.8536
pes  2725  seg-loss -3.7418  ema -9.2435
pes  2750  seg-loss -3.4513  ema -6.9590
pes  2775  seg-loss -4.3259  ema -5.8873
  probe-score -5.3685 (new best, saved)
pes  2800  seg-loss 0.0686  ema -3.7160
pes  2825  seg-loss -7.6028  ema -2.7473
pes  2850  seg-loss -18.8091  ema -7.9503
pes  2875  seg-loss -20.4122  ema -9.4377
pes  2900  seg-loss -8.4393  ema -11.3863
pes  2925  seg-loss -19.9105  ema -9.2581
pes  2950  seg-loss -2.5495  ema -10.8531
pes  2975  seg-loss -1.8813  ema -7.9997
pes  3000  seg-loss -19.7539  ema -9.2357
pes  3025  seg-loss -4.5824  ema -8.0744
pes  3050  seg-loss -19.0456  ema -10.3482
pes  3075  seg-loss -14.4659  ema -9.6205
  probe-score -5.5392 (new best, saved)
pes  3100  seg-loss -4.9658  ema -7.0112
pes  3125  seg-loss -15.7544  ema -10.3379
pes  3150  seg-loss -15.9441  ema -7.0768
pes  3175  seg-loss -20.7228  ema -11.7771
pes  3200  seg-loss -0.3998  ema -12.7022
pes  3225  seg-loss -2.1461  ema -9.3658
pes  3250  seg-loss -0.5026  ema -7.0917
pes  3275  seg-loss -20.1335  ema -8.1274
pes  3300  seg-loss -5.4708  ema -8.3545
pes  3325  seg-loss -3.0068  ema -5.7671
pes  3350  seg-loss -2.2955  ema -6.0473
pes  3375  seg-loss -7.3582  ema -3.7150
pes  3400  seg-loss -1.6787  ema -3.9970
pes  3425  seg-loss -19.0703  ema -7.5195
pes  3450  seg-loss -17.8743  ema -9.2910
pes  3475  seg-loss -17.7454  ema -10.5335
pes  3500  seg-loss -20.4565  ema -10.8848
pes  3525  seg-loss -20.7212  ema -10.9420
pes  3550  seg-loss 0.1501  ema -11.3231
pes  3575  seg-loss -20.0667  ema -7.6623
pes  3600  seg-loss -18.3926  ema -8.8979
pes  3625  seg-loss -2.3980  ema -9.1704
pes  3650  seg-loss -18.1420  ema -9.8765
pes  3675  seg-loss -20.4100  ema -13.2915
pes  3700  seg-loss -0.0436  ema -10.4295
pes  3725  seg-loss -12.5621  ema -8.5665
pes  3750  seg-loss -2.3246  ema -8.8618
pes  3775  seg-loss -13.7284  ema -8.5500
pes  3800  seg-loss -19.8479  ema -10.1428
pes  3825  seg-loss -2.0657  ema -6.8075
pes  3850  seg-loss -0.6648  ema -5.7046
pes  3875  seg-loss -14.1507  ema -9.8821
pes  3900  seg-loss -20.7233  ema -13.0733
pes  3925  seg-loss -11.5638  ema -13.6343
pes  3950  seg-loss -20.2084  ema -15.0128
pes  3975  seg-loss -10.4567  ema -12.8123
pes  4000  seg-loss -17.0675  ema -13.7550
pes  4025  seg-loss -1.8923  ema -14.2448
pes  4050  seg-loss -0.4935  ema -14.9751
pes  4075  seg-loss -18.3983  ema -11.4484
pes  4100  seg-loss -13.4736  ema -12.6453
pes  4125  seg-loss -4.7476  ema -11.5255
pes  4150  seg-loss -3.7258  ema -8.6371
pes  4175  seg-loss -2.4173  ema -6.3026
pes  4200  seg-loss -13.3084  ema -8.6055
pes  4225  seg-loss -2.4016  ema -8.6240
pes  4250  seg-loss -12.0700  ema -7.6242
pes  4275  seg-loss -20.5544  ema -9.7027
pes  4300  seg-loss -0.3843  ema -9.7308
pes  4325  seg-loss -12.6006  ema -9.3276
pes  4350  seg-loss -1.9864  ema -9.2956
pes  4375  seg-loss -19.8273  ema -11.3665
pes  4400  seg-loss -15.8211  ema -10.6676
pes  4425  seg-loss -20.7135  ema -13.2881
pes  4450  seg-loss -2.5304  ema -8.3915
pes  4475  seg-loss -4.5006  ema -10.3075
pes  4500  seg-loss -11.8623  ema -8.9957
pes  4525  seg-loss -5.3090  ema -6.8959
pes  4550  seg-loss -0.5998  ema -9.7849
pes  4575  seg-loss -3.0767  ema -7.1926
pes  4600  seg-loss -8.7576  ema -6.6097
pes  4625  seg-loss -0.4348  ema -9.8648
pes  4650  seg-loss -2.3606  ema -7.1089
pes  4675  seg-loss -20.1346  ema -7.3668
pes  4700  seg-loss -4.4157  ema -8.4168
pes  4725  seg-loss -16.0722  ema -10.7536
pes  4750  seg-loss -19.1707  ema -13.4317
pes  4775  seg-loss -20.7148  ema -12.7896
  probe-score -6.0606 (new best, saved)
pes  4800  seg-loss -13.1442  ema -13.7095
pes  4825  seg-loss -5.1344  ema -10.8646
pes  4850  seg-loss -5.3133  ema -8.3970
pes  4875  seg-loss -11.4621  ema -9.8697
pes  4900  seg-loss -1.5970  ema -10.2971
pes  4925  seg-loss -3.0614  ema -11.4317
pes  4950  seg-loss -2.0603  ema -9.3706
pes  4975  seg-loss -15.6542  ema -9.2057
pes  5000  seg-loss -3.7787  ema -7.9167
  eval[h16] learned: loss 0.0163 acc 0.994  vs  muon(lr=0.1): loss 0.0018 acc 0.999
  eval[h64-wider] learned: loss 0.8782 acc 0.769  vs  muon(lr=0.1): loss 0.0000 acc 1.000
  eval[h16-long] learned: loss 0.0000 acc 1.000  vs  muon(lr=0.03): loss 0.0000 acc 1.000
  eval[fashion-h16 HELD-OUT] learned: loss 0.1465 acc 0.966  vs  muon(lr=0.03): loss 0.0000 acc 1.000
  eval[fashion-h64 HELD-OUT] learned: loss 4.9137 acc 0.341  vs  muon(lr=0.03): loss 0.0000 acc 1.000
pes  5025  seg-loss 0.0373  ema -9.3986
pes  5050  seg-loss -20.3771  ema -7.6654
pes  5075  seg-loss -5.0502  ema -8.4664
pes  5100  seg-loss -3.4908  ema -6.3793
pes  5125  seg-loss -16.4201  ema -6.1691
pes  5150  seg-loss -1.5049  ema -6.4168
pes  5175  seg-loss -2.6698  ema -4.7380
pes  5200  seg-loss -11.8173  ema -5.6940
pes  5225  seg-loss -19.3931  ema -9.7760
pes  5250  seg-loss -19.3163  ema -13.0757
pes  5275  seg-loss -18.5362  ema -13.9089
pes  5300  seg-loss -16.6663  ema -13.6340
pes  5325  seg-loss -6.4109  ema -14.4405
pes  5350  seg-loss -1.2717  ema -12.1184
pes  5375  seg-loss 0.8834  ema -7.8470
pes  5400  seg-loss -0.6895  ema -6.1715
pes  5425  seg-loss -19.9834  ema -9.5841
pes  5450  seg-loss -0.6693  ema -12.0105
pes  5475  seg-loss -3.4244  ema -9.4048
pes  5500  seg-loss -0.4692  ema -12.4664
pes  5525  seg-loss -0.0922  ema -8.9911
pes  5550  seg-loss -5.1824  ema -6.7101
pes  5575  seg-loss -5.1381  ema -6.1642
pes  5600  seg-loss -13.6594  ema -6.3674
pes  5625  seg-loss -5.3545  ema -7.7327
pes  5650  seg-loss -18.5868  ema -9.1751
pes  5675  seg-loss -18.1952  ema -10.0116
pes  5700  seg-loss -3.4411  ema -7.3400
pes  5725  seg-loss -2.3459  ema -6.6348
pes  5750  seg-loss -2.7809  ema -9.8805
pes  5775  seg-loss 0.3607  ema -6.7217
pes  5800  seg-loss -15.0873  ema -8.2267
pes  5825  seg-loss -5.3046  ema -6.6276
pes  5850  seg-loss -5.2070  ema -6.4680
pes  5875  seg-loss -6.3957  ema -5.8542
pes  5900  seg-loss -5.2281  ema -5.6868
pes  5925  seg-loss -19.8718  ema -9.2409
pes  5950  seg-loss 2.7222  ema -5.9597
pes  5975  seg-loss -13.9015  ema -3.5866
pes  6000  seg-loss -5.6660  ema -3.4738
pes  6025  seg-loss -12.4920  ema -3.8920
pes  6050  seg-loss -14.5948  ema -7.3104
pes  6075  seg-loss -4.6160  ema -8.5510
pes  6100  seg-loss -0.0285  ema -6.7433
pes  6125  seg-loss -16.2589  ema -9.7797
pes  6150  seg-loss -4.8035  ema -7.2760
pes  6175  seg-loss -5.4171  ema -6.2043
pes  6200  seg-loss -0.1010  ema -4.5011
pes  6225  seg-loss -11.9149  ema -5.1672
pes  6250  seg-loss -2.6575  ema -6.7046
pes  6275  seg-loss -8.0672  ema -6.2059
pes  6300  seg-loss -20.3514  ema -9.5596
pes  6325  seg-loss -6.0565  ema -11.2029
pes  6350  seg-loss -11.0598  ema -12.5107
pes  6375  seg-loss -15.4215  ema -13.0681
pes  6400  seg-loss -1.3385  ema -11.1623
pes  6425  seg-loss -2.6015  ema -10.8042
pes  6450  seg-loss -0.1857  ema -6.9395
pes  6475  seg-loss -5.3813  ema -5.9826
pes  6500  seg-loss -1.0346  ema -6.1977
pes  6525  seg-loss -1.0417  ema -8.7445
pes  6550  seg-loss -2.1326  ema -8.2310
pes  6575  seg-loss -16.4541  ema -10.5115
pes  6600  seg-loss -9.1482  ema -8.5375
pes  6625  seg-loss -6.9205  ema -5.6428
pes  6650  seg-loss 1.8045  ema -5.6429
pes  6675  seg-loss -15.7946  ema -6.4884
pes  6700  seg-loss -19.2118  ema -9.7112
pes  6725  seg-loss -20.7233  ema -12.4416
pes  6750  seg-loss -5.8521  ema -13.6068
pes  6775  seg-loss -20.7215  ema -14.8777
pes  6800  seg-loss -3.6603  ema -14.6574
pes  6825  seg-loss 0.1709  ema -10.2080
pes  6850  seg-loss -20.0524  ema -8.7798
pes  6875  seg-loss -20.4103  ema -10.9188
pes  6900  seg-loss -18.8202  ema -10.5757
pes  6925  seg-loss -14.5582  ema -11.4199
pes  6950  seg-loss -5.0970  ema -8.9966
pes  6975  seg-loss -8.6696  ema -7.6172
pes  7000  seg-loss -18.3599  ema -9.9042
pes  7025  seg-loss -5.2062  ema -8.7096
pes  7050  seg-loss -19.7235  ema -6.8836
pes  7075  seg-loss -13.2453  ema -9.7131
pes  7100  seg-loss -17.9993  ema -11.1149
pes  7125  seg-loss -18.1540  ema -12.4120
pes  7150  seg-loss -11.4007  ema -10.7499
pes  7175  seg-loss -19.3123  ema -12.7441
pes  7200  seg-loss -5.4419  ema -11.0816
pes  7225  seg-loss -3.8206  ema -8.1266
pes  7250  seg-loss -6.8988  ema -7.6294
pes  7275  seg-loss 0.2586  ema -5.4103
pes  7300  seg-loss -20.0078  ema -6.4352
pes  7325  seg-loss -19.5063  ema -10.8256
pes  7350  seg-loss -3.5426  ema -9.8249
pes  7375  seg-loss -6.8456  ema -8.5882
pes  7400  seg-loss -20.1190  ema -10.4788
pes  7425  seg-loss -2.7179  ema -6.8822
pes  7450  seg-loss -0.0063  ema -8.9428
pes  7475  seg-loss -1.0570  ema -5.8792
pes  7500  seg-loss -5.3639  ema -5.0978
pes  7525  seg-loss -3.4338  ema -4.8259
pes  7550  seg-loss -2.5635  ema -5.0306
pes  7575  seg-loss -3.9990  ema -9.3366
pes  7600  seg-loss -15.9608  ema -7.7693
pes  7625  seg-loss -12.7708  ema -10.1605
pes  7650  seg-loss -0.5538  ema -10.7341
pes  7675  seg-loss -18.7677  ema -12.6579
pes  7700  seg-loss -4.4135  ema -9.4879
pes  7725  seg-loss -0.1165  ema -8.6376
pes  7750  seg-loss -16.1209  ema -11.1037
pes  7775  seg-loss -4.7127  ema -11.6134
pes  7800  seg-loss 0.0197  ema -8.8559
pes  7825  seg-loss 0.1924  ema -5.2880
pes  7850  seg-loss -5.1090  ema -4.3545
pes  7875  seg-loss -2.4697  ema -7.2286
pes  7900  seg-loss -5.3424  ema -5.8539
pes  7925  seg-loss -1.7453  ema -9.9042
pes  7950  seg-loss -4.2367  ema -11.5407
pes  7975  seg-loss -20.5870  ema -12.8746
pes  8000  seg-loss -0.2158  ema -9.5822
pes  8025  seg-loss -5.4185  ema -7.1159
pes  8050  seg-loss -17.1462  ema -9.1768
pes  8075  seg-loss -13.2602  ema -7.7073
pes  8100  seg-loss -8.3919  ema -10.8283
pes  8125  seg-loss 0.5769  ema -7.5268
pes  8150  seg-loss -5.9282  ema -5.5718
pes  8175  seg-loss -13.7989  ema -7.3183
pes  8200  seg-loss -4.8429  ema -6.6149
pes  8225  seg-loss -7.5575  ema -8.7094
pes  8250  seg-loss -0.9638  ema -6.6269
pes  8275  seg-loss -2.7864  ema -5.5780
pes  8300  seg-loss -1.4198  ema -9.2585
pes  8325  seg-loss -18.4475  ema -7.7351
pes  8350  seg-loss -17.4992  ema -10.0374
pes  8375  seg-loss -15.3315  ema -10.9170
pes  8400  seg-loss -0.0241  ema -10.2924
pes  8425  seg-loss -0.9018  ema -6.5800
pes  8450  seg-loss -18.7198  ema -8.7222
pes  8475  seg-loss -19.3412  ema -9.5821
pes  8500  seg-loss -5.4268  ema -8.6576
pes  8525  seg-loss -9.1631  ema -11.1093
pes  8550  seg-loss 1.8203  ema -11.5015
pes  8575  seg-loss -4.3961  ema -7.9431
pes  8600  seg-loss -3.9178  ema -9.8040
pes  8625  seg-loss -2.2165  ema -7.2710
pes  8650  seg-loss 2.2439  ema -6.4592
pes  8675  seg-loss -6.4268  ema -7.9947
pes  8700  seg-loss -2.4388  ema -9.7938
pes  8725  seg-loss -2.7984  ema -6.2801
pes  8750  seg-loss -20.7185  ema -7.6558
pes  8775  seg-loss -1.0379  ema -6.8410
pes  8800  seg-loss -1.8647  ema -5.6970
pes  8825  seg-loss -14.8840  ema -6.9902
pes  8850  seg-loss -0.9903  ema -6.0064
pes  8875  seg-loss -19.9209  ema -8.3304
pes  8900  seg-loss -6.5566  ema -8.2630
pes  8925  seg-loss -18.3588  ema -6.7875
pes  8950  seg-loss 0.0582  ema -9.4813
pes  8975  seg-loss -4.0676  ema -5.9792
pes  9000  seg-loss -8.0219  ema -6.1880
pes  9025  seg-loss -5.6282  ema -7.0758
pes  9050  seg-loss -6.9443  ema -6.0360
pes  9075  seg-loss -18.8172  ema -8.5906
pes  9100  seg-loss -4.3694  ema -7.6319
pes  9125  seg-loss -8.7679  ema -7.6335
pes  9150  seg-loss -4.4262  ema -6.6282
pes  9175  seg-loss -19.8627  ema -8.2614
pes  9200  seg-loss -20.1196  ema -10.7061
pes  9225  seg-loss -9.2910  ema -9.8244
pes  9250  seg-loss -9.5168  ema -9.3691
pes  9275  seg-loss -20.4298  ema -12.0975
pes  9300  seg-loss -0.5650  ema -14.6774
pes  9325  seg-loss 0.0468  ema -13.8385
pes  9350  seg-loss -19.5146  ema -9.6088
pes  9375  seg-loss -20.3206  ema -11.8077
pes  9400  seg-loss -1.2343  ema -11.2532
pes  9425  seg-loss -0.3407  ema -7.1568
pes  9450  seg-loss -5.0609  ema -5.4568
pes  9475  seg-loss -0.1167  ema -3.7260
pes  9500  seg-loss -15.7395  ema -6.6336
pes  9525  seg-loss -4.9988  ema -7.2867
pes  9550  seg-loss -0.5099  ema -6.0830
pes  9575  seg-loss -20.5236  ema -8.0880
pes  9600  seg-loss -20.7233  ema -12.2714
pes  9625  seg-loss -5.8924  ema -10.5515
pes  9650  seg-loss -17.3518  ema -9.4597
pes  9675  seg-loss -1.6754  ema -10.7515
pes  9700  seg-loss -3.5709  ema -8.9077
pes  9725  seg-loss -1.5775  ema -7.8848
pes  9750  seg-loss -9.4509  ema -6.2622
pes  9775  seg-loss -2.3943  ema -6.5552
pes  9800  seg-loss -5.2452  ema -5.3530
pes  9825  seg-loss -4.7571  ema -5.7449
pes  9850  seg-loss -1.0157  ema -5.2661
pes  9875  seg-loss -9.3738  ema -7.6545
pes  9900  seg-loss -0.0613  ema -5.5951
pes  9925  seg-loss -2.4846  ema -4.9766
pes  9950  seg-loss -20.0766  ema -8.4894
pes  9975  seg-loss -0.0107  ema -6.2267
pes 10000  seg-loss -3.8287  ema -4.7198
  eval[h16] learned: loss 0.0563 acc 0.984  vs  muon(lr=0.1): loss 0.0018 acc 0.999
  eval[h64-wider] learned: loss 1.1668 acc 0.836  vs  muon(lr=0.1): loss 0.0000 acc 1.000
  eval[h16-long] learned: loss 0.0000 acc 1.000  vs  muon(lr=0.03): loss 0.0000 acc 1.000
  eval[fashion-h16 HELD-OUT] learned: loss 0.0313 acc 0.994  vs  muon(lr=0.03): loss 0.0000 acc 1.000
  eval[fashion-h64 HELD-OUT] learned: loss 1.1387 acc 0.658  vs  muon(lr=0.03): loss 0.0000 acc 1.000
pes 10025  seg-loss -17.8458  ema -8.1261
pes 10050  seg-loss -0.8503  ema -11.7186
pes 10075  seg-loss -5.3508  ema -11.6538
pes 10100  seg-loss -10.7589  ema -9.7071
pes 10125  seg-loss -5.4676  ema -8.7455
pes 10150  seg-loss 0.0880  ema -8.9966
pes 10175  seg-loss -5.4763  ema -7.1472
pes 10200  seg-loss -19.0021  ema -8.5570
pes 10225  seg-loss -1.6237  ema -8.3371
pes 10250  seg-loss -20.1508  ema -8.8609
pes 10275  seg-loss 0.3149  ema -11.2464
pes 10300  seg-loss -1.3286  ema -7.1839
pes 10325  seg-loss 1.3335  ema -5.4819
pes 10350  seg-loss -20.2885  ema -6.5254
pes 10375  seg-loss -15.9812  ema -8.6442
pes 10400  seg-loss -1.8219  ema -11.5671
pes 10425  seg-loss -1.1267  ema -12.1066
pes 10450  seg-loss -6.4577  ema -8.0939
pes 10475  seg-loss -20.5175  ema -10.9580
pes 10500  seg-loss -3.6621  ema -10.6066
pes 10525  seg-loss -3.8145  ema -12.8905
pes 10550  seg-loss -0.5054  ema -10.0805
pes 10575  seg-loss -4.8373  ema -6.2787
pes 10600  seg-loss -0.2538  ema -8.8644
pes 10625  seg-loss -3.2079  ema -10.8765
pes 10650  seg-loss -4.3981  ema -10.2920
pes 10675  seg-loss -2.2215  ema -7.3168
pes 10700  seg-loss -11.0953  ema -7.3231
pes 10725  seg-loss -5.6031  ema -6.0985
pes 10750  seg-loss -0.9179  ema -4.9854
pes 10775  seg-loss -1.8117  ema -3.9297
pes 10800  seg-loss -1.6927  ema -4.7494
pes 10825  seg-loss -19.2888  ema -9.2397
pes 10850  seg-loss -18.3990  ema -11.6910
pes 10875  seg-loss -1.3710  ema -12.0324
pes 10900  seg-loss -3.6720  ema -8.9229
pes 10925  seg-loss 0.0247  ema -6.8426
pes 10950  seg-loss -1.5232  ema -4.6217
pes 10975  seg-loss -11.6540  ema -8.9426
pes 11000  seg-loss -5.2072  ema -9.0146
pes 11025  seg-loss -5.2771  ema -7.2937
pes 11050  seg-loss -14.0119  ema -7.8191
pes 11075  seg-loss -17.2312  ema -10.3061
pes 11100  seg-loss -17.6236  ema -12.7135
pes 11125  seg-loss -4.3851  ema -9.3597
pes 11150  seg-loss 0.1376  ema -6.8207
pes 11175  seg-loss -0.0460  ema -4.8033
pes 11200  seg-loss -20.4942  ema -3.7718
pes 11225  seg-loss -2.8151  ema -7.8460
pes 11250  seg-loss -0.5161  ema -7.8086
pes 11275  seg-loss -12.6204  ema -7.5202
pes 11300  seg-loss -3.8538  ema -9.8168
pes 11325  seg-loss -8.4490  ema -12.1875
pes 11350  seg-loss -5.8999  ema -9.0298
pes 11375  seg-loss -9.1535  ema -11.0208
pes 11400  seg-loss -20.1404  ema -14.4710
pes 11425  seg-loss -12.3721  ema -14.1085
pes 11450  seg-loss 0.0497  ema -9.0563
pes 11475  seg-loss 0.2314  ema -11.8356
pes 11500  seg-loss -19.6228  ema -8.8225
pes 11525  seg-loss -4.8280  ema -10.0946
pes 11550  seg-loss -16.2752  ema -9.6138
pes 11575  seg-loss 0.9522  ema -8.3262
pes 11600  seg-loss 0.2020  ema -4.8820
pes 11625  seg-loss -19.8944  ema -7.9000
pes 11650  seg-loss -3.7278  ema -10.2832
pes 11675  seg-loss 2.4732  ema -11.3726
pes 11700  seg-loss -10.8997  ema -7.3618
pes 11725  seg-loss -3.5782  ema -8.2604
pes 11750  seg-loss -13.4986  ema -8.5978
pes 11775  seg-loss -5.3332  ema -7.9294
pes 11800  seg-loss -4.0336  ema -6.7192
pes 11825  seg-loss -4.9658  ema -5.5186
pes 11850  seg-loss -16.9973  ema -7.3240
pes 11875  seg-loss -18.4611  ema -10.4530
pes 11900  seg-loss 0.0260  ema -8.5806
pes 11925  seg-loss -5.6685  ema -6.5212
pes 11950  seg-loss -3.8765  ema -9.9382
pes 11975  seg-loss -0.1244  ema -8.5606
pes 12000  seg-loss -15.5716  ema -8.5352
pes 12025  seg-loss -2.0523  ema -7.8897
pes 12050  seg-loss -4.5136  ema -6.5007
pes 12075  seg-loss -5.2679  ema -5.8080
pes 12100  seg-loss -3.7502  ema -4.3390
pes 12125  seg-loss -18.5240  ema -4.4452
pes 12150  seg-loss -15.6777  ema -8.2772
pes 12175  seg-loss -18.2337  ema -11.0227
pes 12200  seg-loss -0.8152  ema -7.3638
pes 12225  seg-loss -1.5765  ema -10.2415
pes 12250  seg-loss -15.8324  ema -10.2194
pes 12275  seg-loss -10.8006  ema -9.7907
pes 12300  seg-loss -0.0098  ema -9.7997
pes 12325  seg-loss -20.3305  ema -11.9756
pes 12350  seg-loss -19.6386  ema -9.4359
pes 12375  seg-loss 0.5827  ema -9.7796
pes 12400  seg-loss -19.4478  ema -8.6449
pes 12425  seg-loss -4.8419  ema -9.9466
pes 12450  seg-loss -3.2963  ema -7.2977
pes 12475  seg-loss -4.7530  ema -6.8842
pes 12500  seg-loss -20.6275  ema -8.1407
pes 12525  seg-loss -4.7811  ema -9.0364
pes 12550  seg-loss -20.1838  ema -12.1637
pes 12575  seg-loss -19.6766  ema -13.2726
pes 12600  seg-loss -2.1960  ema -11.6346
pes 12625  seg-loss -4.9657  ema -7.2832
pes 12650  seg-loss -20.1448  ema -9.9417
pes 12675  seg-loss -14.8237  ema -10.6941
pes 12700  seg-loss -20.1422  ema -13.4029
pes 12725  seg-loss -1.5615  ema -10.0510
pes 12750  seg-loss -19.7655  ema -11.7780
pes 12775  seg-loss -4.5991  ema -13.4363
pes 12800  seg-loss -15.9077  ema -12.3045
pes 12825  seg-loss -0.0830  ema -8.6813
pes 12850  seg-loss -18.7276  ema -9.5746
pes 12875  seg-loss -13.7580  ema -9.7953
pes 12900  seg-loss -20.7219  ema -11.6258
pes 12925  seg-loss -19.0741  ema -14.0803
pes 12950  seg-loss -20.0370  ema -14.6072
pes 12975  seg-loss -3.0842  ema -15.1343
pes 13000  seg-loss 1.7824  ema -12.6058
pes 13025  seg-loss -20.4651  ema -13.6065
pes 13050  seg-loss -3.3135  ema -8.7888
pes 13075  seg-loss -3.1316  ema -10.7192
pes 13100  seg-loss -6.8041  ema -8.0422
pes 13125  seg-loss -10.8611  ema -10.7507
pes 13150  seg-loss -0.1126  ema -8.4606
pes 13175  seg-loss -19.6307  ema -10.9199
pes 13200  seg-loss -18.8378  ema -9.2908
pes 13225  seg-loss -19.8357  ema -12.8927
pes 13250  seg-loss 0.1797  ema -11.0062
pes 13275  seg-loss -16.5433  ema -10.0406
pes 13300  seg-loss 1.0776  ema -8.3827
pes 13325  seg-loss 4.8003  ema -4.7348
pes 13350  seg-loss -4.9915  ema -4.1119
pes 13375  seg-loss -9.7934  ema -4.2309
pes 13400  seg-loss -3.1281  ema -4.7125
pes 13425  seg-loss -5.1205  ema -5.2073
pes 13450  seg-loss -9.9336  ema -6.0736
pes 13475  seg-loss -20.5470  ema -6.2906
pes 13500  seg-loss -11.2279  ema -9.6719
pes 13525  seg-loss -19.9458  ema -10.6280
pes 13550  seg-loss -3.3226  ema -11.6704
pes 13575  seg-loss -20.1974  ema -12.8015
pes 13600  seg-loss -5.0234  ema -11.4679
pes 13625  seg-loss -18.4325  ema -11.5889
pes 13650  seg-loss -1.2991  ema -11.1355
pes 13675  seg-loss -17.2697  ema -13.6653
pes 13700  seg-loss 1.0514  ema -12.1979
pes 13725  seg-loss -20.4723  ema -9.5059
pes 13750  seg-loss -19.2969  ema -12.2114
pes 13775  seg-loss -20.5725  ema -14.2677
pes 13800  seg-loss -5.3570  ema -11.8687
pes 13825  seg-loss -19.8756  ema -12.5687
pes 13850  seg-loss -0.7997  ema -14.4184
pes 13875  seg-loss 0.2322  ema -10.7294
pes 13900  seg-loss -5.0226  ema -7.6101
pes 13925  seg-loss -17.6945  ema -7.9665
pes 13950  seg-loss -19.9864  ema -11.2217
pes 13975  seg-loss -16.0075  ema -12.4074
pes 14000  seg-loss 0.4457  ema -9.0089
pes 14025  seg-loss 0.1809  ema -5.3675
pes 14050  seg-loss -20.4245  ema -4.1463
pes 14075  seg-loss 0.8107  ema -3.7959
pes 14100  seg-loss -8.1004  ema -2.8082
pes 14125  seg-loss -0.1118  ema -5.6102
pes 14150  seg-loss -1.1621  ema -4.8257
pes 14175  seg-loss -16.9738  ema -7.8056
pes 14200  seg-loss -1.8329  ema -6.0337
pes 14225  seg-loss -9.9391  ema -9.5273
pes 14250  seg-loss -5.5349  ema -8.8262
pes 14275  seg-loss -4.7371  ema -7.2034
pes 14300  seg-loss -19.4566  ema -8.1188
pes 14325  seg-loss -14.6545  ema -9.1082
pes 14350  seg-loss -20.2519  ema -13.2487
pes 14375  seg-loss -16.4807  ema -13.7857
pes 14400  seg-loss -18.7082  ema -13.4013
pes 14425  seg-loss -20.4914  ema -14.5633
pes 14450  seg-loss -17.5866  ema -14.8808
pes 14475  seg-loss -4.8766  ema -11.5409
pes 14500  seg-loss -9.4754  ema -11.1023
pes 14525  seg-loss 0.4507  ema -12.3206
pes 14550  seg-loss -6.9711  ema -7.7131
pes 14575  seg-loss -1.5832  ema -5.3996
pes 14600  seg-loss -1.4746  ema -7.9762
pes 14625  seg-loss -1.3030  ema -4.9230
pes 14650  seg-loss 0.0006  ema -4.1595
pes 14675  seg-loss -19.7723  ema -7.9940
pes 14700  seg-loss -18.6971  ema -9.3328
pes 14725  seg-loss -20.6934  ema -12.4667
pes 14750  seg-loss -3.9221  ema -9.2568
pes 14775  seg-loss 1.5857  ema -5.6449
pes 14800  seg-loss -4.4148  ema -3.9393
pes 14825  seg-loss -20.7207  ema -8.5036
pes 14850  seg-loss -20.7230  ema -12.9591
pes 14875  seg-loss -3.5521  ema -8.6478
pes 14900  seg-loss -6.1803  ema -7.8827
pes 14925  seg-loss -5.0972  ema -6.8850
pes 14950  seg-loss -20.5313  ema -10.4504
pes 14975  seg-loss -20.1146  ema -13.6552
pes 15000  seg-loss -19.6673  ema -14.4214
  eval[h16] learned: loss 0.0339 acc 0.988  vs  muon(lr=0.1): loss 0.0018 acc 0.999
  eval[h64-wider] learned: loss 1.5987 acc 0.754  vs  muon(lr=0.1): loss 0.0000 acc 1.000
  eval[h16-long] learned: loss 0.0000 acc 1.000  vs  muon(lr=0.03): loss 0.0000 acc 1.000
  eval[fashion-h16 HELD-OUT] learned: loss 0.3337 acc 0.921  vs  muon(lr=0.03): loss 0.0000 acc 1.000
  eval[fashion-h64 HELD-OUT] learned: loss 14.4106 acc 0.495  vs  muon(lr=0.03): loss 0.0000 acc 1.000
pes 15025  seg-loss -14.2433  ema -11.8914
pes 15050  seg-loss -19.6694  ema -13.2263
pes 15075  seg-loss -1.7685  ema -10.2794
pes 15100  seg-loss -18.0665  ema -10.0689
pes 15125  seg-loss -0.0221  ema -9.0014
pes 15150  seg-loss -0.0992  ema -5.4679
pes 15175  seg-loss -19.7013  ema -9.2225
pes 15200  seg-loss -1.7422  ema -9.2178
pes 15225  seg-loss -4.2725  ema -10.0534
pes 15250  seg-loss -10.3611  ema -7.7773
pes 15275  seg-loss -0.1865  ema -9.3031
pes 15300  seg-loss -0.5668  ema -6.3895
pes 15325  seg-loss -18.5383  ema -6.5402
pes 15350  seg-loss -0.1463  ema -7.7264
pes 15375  seg-loss -18.5485  ema -9.9707
pes 15400  seg-loss -9.4418  ema -8.5230
pes 15425  seg-loss -2.9002  ema -8.2819
pes 15450  seg-loss -20.6632  ema -10.8695
pes 15475  seg-loss -5.1069  ema -8.4877
pes 15500  seg-loss -15.1941  ema -9.2659
pes 15525  seg-loss -15.0797  ema -12.1586
pes 15550  seg-loss -5.2850  ema -8.8761
pes 15575  seg-loss -4.0900  ema -11.0779
pes 15600  seg-loss -3.3441  ema -9.7036
pes 15625  seg-loss -20.7233  ema -9.3444
pes 15650  seg-loss -18.0818  ema -11.0609
pes 15675  seg-loss -2.0572  ema -10.5156
pes 15700  seg-loss -12.9120  ema -11.9560
pes 15725  seg-loss -13.3533  ema -9.1787
pes 15750  seg-loss -1.1041  ema -7.2256
pes 15775  seg-loss -2.1643  ema -8.7276
pes 15800  seg-loss -0.6746  ema -6.7521
pes 15825  seg-loss -3.9850  ema -7.1350
pes 15850  seg-loss -4.8692  ema -5.9212
pes 15875  seg-loss -5.1398  ema -5.4327
pes 15900  seg-loss -20.1178  ema -8.5058
pes 15925  seg-loss -5.5082  ema -6.8377
pes 15950  seg-loss -20.5946  ema -9.3758
pes 15975  seg-loss -1.9813  ema -10.4601
pes 16000  seg-loss -4.3948  ema -11.4002
pes 16025  seg-loss -20.1784  ema -9.8832
pes 16050  seg-loss -17.1620  ema -12.8559
pes 16075  seg-loss 0.3457  ema -11.7435
pes 16100  seg-loss -19.8405  ema -7.9270
pes 16125  seg-loss -2.7801  ema -10.0696
pes 16150  seg-loss -5.4699  ema -7.3622
pes 16175  seg-loss -5.7845  ema -6.3414
pes 16200  seg-loss -20.7059  ema -10.0968
pes 16225  seg-loss -20.4931  ema -8.9820
pes 16250  seg-loss -18.9202  ema -12.0098
pes 16275  seg-loss -2.5194  ema -10.3103
pes 16300  seg-loss -19.0606  ema -10.9213
pes 16325  seg-loss -19.0974  ema -11.0747
pes 16350  seg-loss -7.6719  ema -9.1621
pes 16375  seg-loss -5.3111  ema -7.3074
pes 16400  seg-loss -0.0240  ema -5.8184
pes 16425  seg-loss -20.5604  ema -9.6259
pes 16450  seg-loss -20.2462  ema -10.4002
pes 16475  seg-loss -4.4966  ema -8.4367
pes 16500  seg-loss -19.8835  ema -8.1469
pes 16525  seg-loss 0.7790  ema -7.6874
pes 16550  seg-loss -7.4363  ema -6.1291
pes 16575  seg-loss -9.6759  ema -10.0302
pes 16600  seg-loss -1.1577  ema -10.7642
pes 16625  seg-loss -5.3331  ema -8.0062
pes 16650  seg-loss -20.3371  ema -10.4946
pes 16675  seg-loss -5.5561  ema -8.6251
pes 16700  seg-loss -3.9146  ema -5.5271
pes 16725  seg-loss -18.5813  ema -9.7513
pes 16750  seg-loss -2.5344  ema -10.9729
pes 16775  seg-loss -5.8601  ema -8.6664
pes 16800  seg-loss -4.0619  ema -5.9895
pes 16825  seg-loss 3.2724  ema -7.6375
pes 16850  seg-loss -0.4654  ema -4.2168
pes 16875  seg-loss -5.3670  ema -3.7325
pes 16900  seg-loss -0.6350  ema -2.8076
pes 16925  seg-loss -1.1693  ema -3.2398
pes 16950  seg-loss -17.0031  ema -6.7677
pes 16975  seg-loss -6.4833  ema -9.9060
pes 17000  seg-loss -18.6265  ema -11.7500
pes 17025  seg-loss -7.0825  ema -13.2362
pes 17050  seg-loss -0.1419  ema -8.2327
pes 17075  seg-loss -19.5177  ema -7.7148
pes 17100  seg-loss -17.6382  ema -9.3993
pes 17125  seg-loss -14.5941  ema -11.3640
pes 17150  seg-loss -20.7104  ema -13.8373
pes 17175  seg-loss -19.0933  ema -13.9024
pes 17200  seg-loss -3.7087  ema -15.0790
pes 17225  seg-loss -1.0945  ema -15.3137
pes 17250  seg-loss 0.8475  ema -13.5443
pes 17275  seg-loss -0.1162  ema -8.9237
pes 17300  seg-loss -1.8639  ema -5.4865
pes 17325  seg-loss -2.9265  ema -4.2233
pes 17350  seg-loss -12.0211  ema -4.4537
pes 17375  seg-loss -16.7485  ema -8.6873
pes 17400  seg-loss -5.1533  ema -8.3983
pes 17425  seg-loss -3.5879  ema -6.5738
pes 17450  seg-loss -4.4915  ema -6.3747
pes 17475  seg-loss -2.1065  ema -6.1452
pes 17500  seg-loss -1.5209  ema -8.2758
pes 17525  seg-loss -19.5859  ema -11.6305
pes 17550  seg-loss -13.7556  ema -12.1432
pes 17575  seg-loss -19.4943  ema -13.2925
pes 17600  seg-loss -4.8530  ema -11.4458
pes 17625  seg-loss -20.0800  ema -12.8085
pes 17650  seg-loss 1.1286  ema -8.4705
pes 17675  seg-loss -18.8903  ema -8.9713
pes 17700  seg-loss -4.9374  ema -8.0186
pes 17725  seg-loss -19.8758  ema -9.8148
pes 17750  seg-loss -18.0886  ema -10.1671
pes 17775  seg-loss -20.7096  ema -12.2452
pes 17800  seg-loss -17.7473  ema -13.8134
pes 17825  seg-loss 0.2929  ema -8.5486
pes 17850  seg-loss -20.5796  ema -13.0257
pes 17875  seg-loss -2.8051  ema -13.5733
pes 17900  seg-loss -18.2462  ema -12.5163
pes 17925  seg-loss -6.1606  ema -12.5974
pes 17950  seg-loss -0.9280  ema -13.5459
pes 17975  seg-loss -4.9752  ema -9.8001
pes 18000  seg-loss -16.0357  ema -10.9277
pes 18025  seg-loss -1.4092  ema -8.2639
pes 18050  seg-loss -19.3336  ema -7.9751
pes 18075  seg-loss -3.9594  ema -8.5291
pes 18100  seg-loss -0.6385  ema -6.1031
pes 18125  seg-loss -3.9731  ema -4.1291
pes 18150  seg-loss -19.8757  ema -7.3822
pes 18175  seg-loss -20.6765  ema -10.4493
pes 18200  seg-loss -2.9245  ema -11.2549
pes 18225  seg-loss -8.3875  ema -12.8472
pes 18250  seg-loss -15.8868  ema -12.7510
pes 18275  seg-loss -14.6354  ema -13.4380
pes 18300  seg-loss -0.0241  ema -10.7270
pes 18325  seg-loss -4.9923  ema -7.6980
pes 18350  seg-loss -4.8015  ema -6.2160
pes 18375  seg-loss 0.0466  ema -4.3453
pes 18400  seg-loss -18.9456  ema -8.1641
pes 18425  seg-loss -3.8943  ema -6.5497
pes 18450  seg-loss 1.6621  ema -10.0125
pes 18475  seg-loss -6.2948  ema -6.4018
pes 18500  seg-loss -8.3754  ema -7.9824
pes 18525  seg-loss -4.4323  ema -8.4202
pes 18550  seg-loss -4.3027  ema -6.6229
pes 18575  seg-loss -4.6103  ema -5.8216
pes 18600  seg-loss -4.8948  ema -5.3287
pes 18625  seg-loss -7.8563  ema -5.2386
pes 18650  seg-loss -8.0368  ema -10.2560
pes 18675  seg-loss -20.7178  ema -13.4641
pes 18700  seg-loss -2.8785  ema -14.1398
pes 18725  seg-loss -17.8035  ema -12.0672
pes 18750  seg-loss -19.4138  ema -12.6017
pes 18775  seg-loss -8.3393  ema -11.1200
pes 18800  seg-loss -0.6974  ema -10.2261
pes 18825  seg-loss -2.2785  ema -10.5244
pes 18850  seg-loss -1.1901  ema -6.6948
pes 18875  seg-loss -9.9717  ema -9.2932
pes 18900  seg-loss -5.5566  ema -7.7160
pes 18925  seg-loss 1.9346  ema -9.5912
pes 18950  seg-loss -0.8084  ema -5.0239
pes 18975  seg-loss -1.4216  ema -7.2848
pes 19000  seg-loss -13.5386  ema -10.1165
pes 19025  seg-loss -2.0676  ema -7.8589
pes 19050  seg-loss -5.1237  ema -6.2335
pes 19075  seg-loss -1.2219  ema -5.2060
pes 19100  seg-loss -19.8140  ema -7.2426
pes 19125  seg-loss -5.0920  ema -7.7437
pes 19150  seg-loss -6.3506  ema -6.1490
pes 19175  seg-loss -16.2863  ema -9.4438
pes 19200  seg-loss -17.7599  ema -11.8600
pes 19225  seg-loss -13.1634  ema -10.3667
pes 19250  seg-loss -3.7013  ema -11.5151
pes 19275  seg-loss -5.6578  ema -9.7746
pes 19300  seg-loss -2.4120  ema -11.5797
pes 19325  seg-loss -1.9668  ema -8.6081
pes 19350  seg-loss -18.0424  ema -11.4723
pes 19375  seg-loss -19.3484  ema -12.1955
pes 19400  seg-loss -5.0313  ema -11.7225
pes 19425  seg-loss -4.6781  ema -11.0530
pes 19450  seg-loss -5.2662  ema -12.2081
pes 19475  seg-loss -3.4665  ema -9.5809
pes 19500  seg-loss -15.4659  ema -9.7700
pes 19525  seg-loss -1.8718  ema -8.6027
pes 19550  seg-loss -17.6623  ema -7.3691
pes 19575  seg-loss -5.0753  ema -9.2071
pes 19600  seg-loss -18.9808  ema -8.6918
pes 19625  seg-loss -20.7192  ema -12.3932
pes 19650  seg-loss -8.1549  ema -12.7134
pes 19675  seg-loss -4.8571  ema -12.4404
pes 19700  seg-loss -0.5042  ema -10.7009
pes 19725  seg-loss -20.4843  ema -12.9264
pes 19750  seg-loss -0.4928  ema -14.0063
pes 19775  seg-loss -1.4040  ema -10.0914
pes 19800  seg-loss -0.0144  ema -7.5049
pes 19825  seg-loss -20.0320  ema -8.6891
pes 19850  seg-loss -6.3681  ema -8.5668
pes 19875  seg-loss -19.6327  ema -8.9230
pes 19900  seg-loss -13.6968  ema -9.6613
pes 19925  seg-loss -5.1035  ema -9.7463
pes 19950  seg-loss -13.8155  ema -8.6548
pes 19975  seg-loss -8.6015  ema -7.6296
pes 20000  seg-loss -4.2693  ema -8.8244
  eval[h16] learned: loss 0.0119 acc 0.994  vs  muon(lr=0.1): loss 0.0018 acc 0.999
  eval[h64-wider] learned: loss 0.6076 acc 0.827  vs  muon(lr=0.1): loss 0.0000 acc 1.000
  eval[h16-long] learned: loss 0.0000 acc 1.000  vs  muon(lr=0.03): loss 0.0000 acc 1.000
  eval[fashion-h16 HELD-OUT] learned: loss 0.0726 acc 0.981  vs  muon(lr=0.03): loss 0.0000 acc 1.000
  eval[fashion-h64 HELD-OUT] learned: loss 2.3912 acc 0.481  vs  muon(lr=0.03): loss 0.0000 acc 1.000
pes 20025  seg-loss -19.3184  ema -9.7526
pes 20050  seg-loss -13.3639  ema -9.8774
pes 20075  seg-loss -2.7135  ema -10.1437
pes 20100  seg-loss -18.9019  ema -8.8343
pes 20125  seg-loss -14.1887  ema -10.0289
pes 20150  seg-loss -19.7344  ema -11.9324
pes 20175  seg-loss -3.1932  ema -11.0415
pes 20200  seg-loss -3.0953  ema -10.3320
pes 20225  seg-loss -1.6950  ema -7.2861
pes 20250  seg-loss -20.7088  ema -9.5258
pes 20275  seg-loss -20.1236  ema -12.8666
pes 20300  seg-loss -19.9500  ema -13.7925
pes 20325  seg-loss -4.1863  ema -13.5749
pes 20350  seg-loss -5.2567  ema -12.4398
pes 20375  seg-loss 0.0640  ema -8.2516
pes 20400  seg-loss -0.0151  ema -4.9648
pes 20425  seg-loss -18.9128  ema -7.2466
pes 20450  seg-loss -18.0522  ema -11.2155
pes 20475  seg-loss -20.7226  ema -13.1109
pes 20500  seg-loss -3.5435  ema -8.1124
pes 20525  seg-loss -14.6203  ema -7.6717
pes 20550  seg-loss -5.1289  ema -9.0614
pes 20575  seg-loss -18.5914  ema -8.6346
pes 20600  seg-loss -0.0929  ema -10.0920
pes 20625  seg-loss -2.9122  ema -5.9328
pes 20650  seg-loss -20.2414  ema -10.8963
pes 20675  seg-loss -20.1116  ema -12.2252
pes 20700  seg-loss -15.9477  ema -10.9352
pes 20725  seg-loss -12.2026  ema -10.8871
pes 20750  seg-loss -8.8462  ema -8.7318
pes 20775  seg-loss -2.9882  ema -11.2601
pes 20800  seg-loss -18.9168  ema -13.4012
pes 20825  seg-loss -5.4202  ema -12.1354
pes 20850  seg-loss -2.8926  ema -9.7301
pes 20875  seg-loss -8.3899  ema -7.0444
pes 20900  seg-loss -1.7762  ema -6.0621
pes 20925  seg-loss -20.6669  ema -10.9213
pes 20950  seg-loss -0.1422  ema -10.6748
pes 20975  seg-loss 1.4819  ema -5.8522
pes 21000  seg-loss -18.3119  ema -8.5331
pes 21025  seg-loss -17.0171  ema -12.3929
pes 21050  seg-loss -0.1010  ema -8.7653
pes 21075  seg-loss -16.8687  ema -7.8661
pes 21100  seg-loss -0.7362  ema -11.3196
pes 21125  seg-loss -1.7563  ema -12.5274
pes 21150  seg-loss -20.7210  ema -11.4359
pes 21175  seg-loss -1.5030  ema -11.1046
pes 21200  seg-loss -4.7694  ema -7.9246
pes 21225  seg-loss -5.5288  ema -6.5314
pes 21250  seg-loss -3.3763  ema -9.8612
pes 21275  seg-loss -5.3007  ema -9.9667
pes 21300  seg-loss 0.5939  ema -7.5127
pes 21325  seg-loss -3.8887  ema -6.0539
pes 21350  seg-loss 1.2641  ema -6.6594
pes 21375  seg-loss -2.7215  ema -4.4641
pes 21400  seg-loss -4.7212  ema -3.9452
pes 21425  seg-loss -20.6667  ema -7.1956
pes 21450  seg-loss -20.1872  ema -8.3103
pes 21475  seg-loss -4.2707  ema -9.2261
pes 21500  seg-loss -0.0295  ema -11.0382
pes 21525  seg-loss -5.3563  ema -8.2097
pes 21550  seg-loss -16.5741  ema -10.3773
pes 21575  seg-loss -5.5152  ema -11.2927
pes 21600  seg-loss -20.5410  ema -12.9076
pes 21625  seg-loss -3.7575  ema -9.8797
pes 21650  seg-loss -19.7153  ema -10.7115
pes 21675  seg-loss -1.5150  ema -9.5479
pes 21700  seg-loss -19.5084  ema -11.9125
pes 21725  seg-loss -20.3434  ema -13.7190
pes 21750  seg-loss -19.4219  ema -14.2588
pes 21775  seg-loss -19.3786  ema -11.0210
pes 21800  seg-loss -2.8025  ema -8.3383
pes 21825  seg-loss -0.6246  ema -5.6792
pes 21850  seg-loss 0.1244  ema -3.8092
pes 21875  seg-loss -4.9917  ema -3.9188
pes 21900  seg-loss -18.6745  ema -8.5050
pes 21925  seg-loss -19.9022  ema -11.8834
pes 21950  seg-loss -5.7856  ema -11.0970
pes 21975  seg-loss 0.6822  ema -6.9027
pes 22000  seg-loss -4.7870  ema -5.5938
pes 22025  seg-loss 3.7140  ema -4.6476
pes 22050  seg-loss -1.7533  ema -4.6131
pes 22075  seg-loss -13.4169  ema -4.9379
pes 22100  seg-loss -19.6628  ema -9.3576
pes 22125  seg-loss -18.3668  ema -12.1574
pes 22150  seg-loss -1.8199  ema -13.7125
pes 22175  seg-loss 0.4211  ema -12.9947
pes 22200  seg-loss -5.0766  ema -8.2121
pes 22225  seg-loss -19.8233  ema -8.0869
pes 22250  seg-loss -5.4225  ema -9.5493
pes 22275  seg-loss -20.0598  ema -11.5911
pes 22300  seg-loss -16.3829  ema -9.7384
pes 22325  seg-loss -18.0772  ema -10.2602
pes 22350  seg-loss -9.8827  ema -11.7252
pes 22375  seg-loss -2.3818  ema -13.0485
pes 22400  seg-loss -0.2661  ema -12.6036
pes 22425  seg-loss -4.8533  ema -12.9017
pes 22450  seg-loss -7.6976  ema -10.0406
pes 22475  seg-loss -20.7216  ema -11.9072
pes 22500  seg-loss -0.6334  ema -9.1152
pes 22525  seg-loss -2.5717  ema -7.2358
pes 22550  seg-loss -3.4219  ema -3.6158
pes 22575  seg-loss -5.5062  ema -4.8597
pes 22600  seg-loss -20.4827  ema -7.3522
pes 22625  seg-loss -20.4701  ema -11.9874
pes 22650  seg-loss -10.7353  ema -9.6898
pes 22675  seg-loss -5.0477  ema -9.9300
pes 22700  seg-loss -5.7783  ema -7.9436
pes 22725  seg-loss -17.3737  ema -10.6150
pes 22750  seg-loss -0.8280  ema -7.0241
pes 22775  seg-loss -20.3002  ema -7.3118
pes 22800  seg-loss -5.2198  ema -8.7032
pes 22825  seg-loss -4.9893  ema -6.6611
pes 22850  seg-loss -1.8169  ema -5.9997
pes 22875  seg-loss -7.7760  ema -6.4988
pes 22900  seg-loss -4.1540  ema -7.9118
pes 22925  seg-loss -19.4667  ema -10.7710
pes 22950  seg-loss -9.6355  ema -12.4868
pes 22975  seg-loss -3.4738  ema -12.7388
pes 23000  seg-loss -5.7549  ema -9.1372
pes 23025  seg-loss -9.1097  ema -5.6090
pes 23050  seg-loss 1.8422  ema -4.3476
pes 23075  seg-loss -1.0317  ema -2.5255
pes 23100  seg-loss -20.1419  ema -5.5012
pes 23125  seg-loss -17.7969  ema -6.5654
pes 23150  seg-loss -2.0158  ema -8.0608
pes 23175  seg-loss -19.9686  ema -8.6429
pes 23200  seg-loss -3.7622  ema -8.2041
pes 23225  seg-loss 0.1394  ema -6.3155
pes 23250  seg-loss -0.9985  ema -4.4594
pes 23275  seg-loss -2.3863  ema -8.5497
pes 23300  seg-loss -20.2802  ema -11.4103
pes 23325  seg-loss -0.2109  ema -12.2816
pes 23350  seg-loss -5.9915  ema -7.9894
pes 23375  seg-loss -3.4617  ema -10.3737
pes 23400  seg-loss -16.5064  ema -12.0955
pes 23425  seg-loss -2.1146  ema -11.5227
pes 23450  seg-loss -20.0054  ema -11.6583
pes 23475  seg-loss -4.6280  ema -9.9135
  probe-score -6.1881 (new best, saved)
pes 23500  seg-loss -20.1019  ema -11.9627
pes 23525  seg-loss -1.4924  ema -9.5918
pes 23550  seg-loss -20.3598  ema -9.2422
pes 23575  seg-loss -4.1045  ema -10.1689
pes 23600  seg-loss -13.0876  ema -8.5967
pes 23625  seg-loss 3.9741  ema -7.6925
pes 23650  seg-loss -19.6457  ema -9.8051
pes 23675  seg-loss -4.5866  ema -9.9398
pes 23700  seg-loss -0.1856  ema -10.1066
pes 23725  seg-loss -20.2386  ema -9.2276
pes 23750  seg-loss -18.9084  ema -12.5733
pes 23775  seg-loss -5.0890  ema -10.5625
pes 23800  seg-loss -4.1558  ema -7.5936
pes 23825  seg-loss -9.9899  ema -6.5694
pes 23850  seg-loss -20.2488  ema -8.6766
pes 23875  seg-loss -3.1349  ema -10.9307
pes 23900  seg-loss -18.8310  ema -11.2790
pes 23925  seg-loss -0.0282  ema -9.4098
pes 23950  seg-loss -7.5727  ema -6.2587
pes 23975  seg-loss -1.6184  ema -8.4079
pes 24000  seg-loss -3.7733  ema -6.6362
pes 24025  seg-loss 0.6131  ema -5.2300
pes 24050  seg-loss -19.9046  ema -4.4732
pes 24075  seg-loss -2.7118  ema -7.4213
pes 24100  seg-loss -4.9443  ema -6.7444
pes 24125  seg-loss -20.6294  ema -9.7569
pes 24150  seg-loss 0.1768  ema -7.4639
pes 24175  seg-loss 0.1241  ema -5.5104
pes 24200  seg-loss -20.2816  ema -6.2223
pes 24225  seg-loss -20.7233  ema -11.3216
pes 24250  seg-loss -3.5742  ema -9.8033
pes 24275  seg-loss -3.1358  ema -11.9724
pes 24300  seg-loss -20.6464  ema -12.8267
pes 24325  seg-loss -17.5009  ema -14.8248
pes 24350  seg-loss -15.8469  ema -12.5195
pes 24375  seg-loss -20.7067  ema -11.3342
pes 24400  seg-loss -0.4644  ema -11.5951
pes 24425  seg-loss -12.9714  ema -8.5606
pes 24450  seg-loss -20.7228  ema -11.9441
pes 24475  seg-loss -20.7144  ema -14.2386
pes 24500  seg-loss -1.0228  ema -10.0062
pes 24525  seg-loss -8.7489  ema -10.6895
pes 24550  seg-loss -1.0457  ema -10.8305
pes 24575  seg-loss -3.6620  ema -7.3482
pes 24600  seg-loss 0.0015  ema -6.5621
pes 24625  seg-loss -4.5304  ema -6.0299
pes 24650  seg-loss -1.5293  ema -4.8224
pes 24675  seg-loss -4.4885  ema -4.1000
pes 24700  seg-loss 2.7343  ema -2.3266
pes 24725  seg-loss -19.5435  ema -6.8103
pes 24750  seg-loss -0.4225  ema -11.2615
pes 24775  seg-loss -5.6166  ema -8.5158
pes 24800  seg-loss -18.8024  ema -11.4744
pes 24825  seg-loss -20.6968  ema -13.2492
pes 24850  seg-loss -0.1209  ema -12.2040
pes 24875  seg-loss -4.8547  ema -7.8251
pes 24900  seg-loss -0.7341  ema -10.0840
pes 24925  seg-loss -9.6258  ema -8.2545
pes 24950  seg-loss -19.9077  ema -10.7104
pes 24975  seg-loss -5.8847  ema -9.5971
pes 25000  seg-loss -0.0186  ema -11.4681
  eval[h16] learned: loss 0.0035 acc 0.999  vs  muon(lr=0.1): loss 0.0018 acc 0.999
  eval[h64-wider] learned: loss 5.0083 acc 0.654  vs  muon(lr=0.1): loss 0.0000 acc 1.000
  eval[h16-long] learned: loss 0.0000 acc 1.000  vs  muon(lr=0.03): loss 0.0000 acc 1.000
  eval[fashion-h16 HELD-OUT] learned: loss 0.2509 acc 0.934  vs  muon(lr=0.03): loss 0.0000 acc 1.000
  eval[fashion-h64 HELD-OUT] learned: loss 75.7189 acc 0.339  vs  muon(lr=0.03): loss 0.0000 acc 1.000
pes 25025  seg-loss -16.2591  ema -8.7402
pes 25050  seg-loss -11.5710  ema -9.4977
pes 25075  seg-loss -4.3084  ema -8.7438
pes 25100  seg-loss -18.3063  ema -10.0781
pes 25125  seg-loss -17.1721  ema -11.9837
pes 25150  seg-loss -3.7257  ema -8.5146
pes 25175  seg-loss -1.5473  ema -6.4021
pes 25200  seg-loss -1.3232  ema -5.2608
pes 25225  seg-loss -0.0450  ema -3.6510
pes 25250  seg-loss -18.0912  ema -5.8954
pes 25275  seg-loss -16.9821  ema -9.6271
pes 25300  seg-loss -3.6487  ema -9.8834
pes 25325  seg-loss 7.6255  ema -6.9346
pes 25350  seg-loss -7.0763  ema -9.1481
pes 25375  seg-loss -18.9598  ema -12.5327
pes 25400  seg-loss -18.2702  ema -10.5712
pes 25425  seg-loss -16.2252  ema -11.5658
pes 25450  seg-loss -20.2466  ema -13.9413
pes 25475  seg-loss -1.9438  ema -12.4388
pes 25500  seg-loss -5.0377  ema -10.0381
pes 25525  seg-loss -18.5887  ema -10.0750
pes 25550  seg-loss -20.3417  ema -13.1010
pes 25575  seg-loss -20.1693  ema -13.5662
pes 25600  seg-loss -0.5518  ema -14.6027
pes 25625  seg-loss -3.7042  ema -10.3105
pes 25650  seg-loss 6.8790  ema -9.4933
pes 25675  seg-loss -20.5408  ema -6.4311
pes 25700  seg-loss 0.3124  ema -8.7555
pes 25725  seg-loss -13.7648  ema -7.5474
pes 25750  seg-loss -14.4896  ema -8.0860
pes 25775  seg-loss -2.7207  ema -8.3688
pes 25800  seg-loss 0.0720  ema -5.8271
pes 25825  seg-loss -4.6076  ema -4.6052
pes 25850  seg-loss -20.3251  ema -7.4391
pes 25875  seg-loss -5.8824  ema -2.2761
pes 25900  seg-loss -1.2400  ema -3.1066
pes 25925  seg-loss -5.1050  ema -3.8811
pes 25950  seg-loss 0.1507  ema -2.8364
pes 25975  seg-loss -2.8260  ema -3.2049
pes 26000  seg-loss -1.2455  ema -3.0437
pes 26025  seg-loss -13.7424  ema -3.3112
pes 26050  seg-loss -1.4002  ema -7.2802
pes 26075  seg-loss -4.1816  ema -8.1751
pes 26100  seg-loss 2.8975  ema -10.9588
pes 26125  seg-loss -13.7893  ema -8.5661
pes 26150  seg-loss -3.3580  ema -12.0378
pes 26175  seg-loss -6.5998  ema -11.4513
pes 26200  seg-loss -0.6283  ema -7.7796
pes 26225  seg-loss -4.8129  ema -6.7983
pes 26250  seg-loss 0.3023  ema -8.0573
pes 26275  seg-loss -4.7373  ema -5.7161
pes 26300  seg-loss 1.7294  ema -3.9373
pes 26325  seg-loss -1.5481  ema -3.7696
pes 26350  seg-loss -19.8198  ema -6.2183
pes 26375  seg-loss -15.8752  ema -8.1560
pes 26400  seg-loss -3.7022  ema -7.2560
pes 26425  seg-loss -16.4613  ema -9.9380
pes 26450  seg-loss -2.0344  ema -11.7846
pes 26475  seg-loss -5.3777  ema -9.1951
pes 26500  seg-loss -2.7429  ema -7.6396
pes 26525  seg-loss -11.6310  ema -7.8175
pes 26550  seg-loss -19.3179  ema -11.2123
pes 26575  seg-loss -11.3427  ema -12.4616
pes 26600  seg-loss -3.4408  ema -11.7459
pes 26625  seg-loss -20.6260  ema -11.9647
pes 26650  seg-loss -2.7411  ema -13.4894
pes 26675  seg-loss 5.1695  ema -7.3076
pes 26700  seg-loss -18.8701  ema -10.0172
pes 26725  seg-loss -4.7990  ema -8.0943
pes 26750  seg-loss -16.1246  ema -10.6894
pes 26775  seg-loss -4.9096  ema -10.6413
pes 26800  seg-loss -5.3684  ema -8.1679
pes 26825  seg-loss -0.0073  ema -6.5488
pes 26850  seg-loss -19.7229  ema -9.5488
pes 26875  seg-loss 0.5556  ema -6.6819
pes 26900  seg-loss 3.7959  ema -3.1477
pes 26925  seg-loss -1.4872  ema -5.4829
pes 26950  seg-loss -19.0997  ema -6.0099
pes 26975  seg-loss -2.2331  ema -7.6993
pes 27000  seg-loss -3.8882  ema -7.4730
pes 27025  seg-loss -5.4841  ema -7.1229
pes 27050  seg-loss -0.1407  ema -4.8898
pes 27075  seg-loss -16.5883  ema -5.3533
pes 27100  seg-loss -5.0636  ema -5.6895
pes 27125  seg-loss -19.0432  ema -10.0932
pes 27150  seg-loss -5.5379  ema -8.4447
pes 27175  seg-loss -19.5531  ema -7.8924
pes 27200  seg-loss -4.6511  ema -9.1794
pes 27225  seg-loss -0.6473  ema -7.2293
pes 27250  seg-loss -5.5622  ema -6.1007
pes 27275  seg-loss -1.3796  ema -5.1561
pes 27300  seg-loss -2.6964  ema -4.8399
pes 27325  seg-loss -4.2552  ema -4.7689
pes 27350  seg-loss -11.6304  ema -4.7249
pes 27375  seg-loss -19.5774  ema -9.6548
pes 27400  seg-loss -0.7485  ema -9.7758
pes 27425  seg-loss -16.1018  ema -8.0960
pes 27450  seg-loss -19.8275  ema -10.1375
pes 27475  seg-loss -2.0072  ema -10.4667
pes 27500  seg-loss -9.5628  ema -8.4537
pes 27525  seg-loss -19.5515  ema -11.2896
pes 27550  seg-loss 0.5733  ema -9.0275
pes 27575  seg-loss -19.6824  ema -10.2228
pes 27600  seg-loss -20.1824  ema -12.9390
pes 27625  seg-loss -8.4747  ema -8.7369
pes 27650  seg-loss -18.3922  ema -10.7030
pes 27675  seg-loss -20.3544  ema -14.0559
pes 27700  seg-loss -16.3874  ema -13.5967
pes 27725  seg-loss -19.6301  ema -15.2931
pes 27750  seg-loss -11.5126  ema -12.4528
pes 27775  seg-loss -2.3274  ema -9.8912
pes 27800  seg-loss -3.6707  ema -12.3830
pes 27825  seg-loss -16.7388  ema -9.9441
pes 27850  seg-loss -0.6792  ema -10.6411
pes 27875  seg-loss 0.1184  ema -6.5262
pes 27900  seg-loss -13.9355  ema -8.0797
pes 27925  seg-loss -15.3961  ema -10.3498
pes 27950  seg-loss -17.6557  ema -11.8205
pes 27975  seg-loss -0.0391  ema -14.2414
pes 28000  seg-loss -0.7317  ema -14.7603
pes 28025  seg-loss -5.6466  ema -10.6556
pes 28050  seg-loss -4.6111  ema -8.3348
pes 28075  seg-loss -17.3143  ema -11.1917
pes 28100  seg-loss -2.4540  ema -11.2989
pes 28125  seg-loss -17.1619  ema -10.4195
pes 28150  seg-loss -19.8333  ema -13.5685
pes 28175  seg-loss -4.1200  ema -10.4922
pes 28200  seg-loss -1.1447  ema -8.4661
pes 28225  seg-loss -5.3939  ema -6.7902
pes 28250  seg-loss -19.2470  ema -8.6350
pes 28275  seg-loss -5.5665  ema -8.5585
pes 28300  seg-loss -14.4464  ema -7.3499
pes 28325  seg-loss -13.8075  ema -10.0654
pes 28350  seg-loss -0.7203  ema -8.3573
pes 28375  seg-loss -1.0701  ema -6.7690
pes 28400  seg-loss -20.7104  ema -5.8068
pes 28425  seg-loss -20.4256  ema -8.8005
pes 28450  seg-loss -20.5933  ema -12.4264
pes 28475  seg-loss -5.4936  ema -9.3956
pes 28500  seg-loss -14.4887  ema -9.3242
pes 28525  seg-loss -17.3792  ema -10.2999
pes 28550  seg-loss -18.5792  ema -11.6653
pes 28575  seg-loss -3.1593  ema -8.7216
pes 28600  seg-loss -0.8471  ema -6.8100
pes 28625  seg-loss -0.0465  ema -5.2568
pes 28650  seg-loss -13.5984  ema -4.5610
pes 28675  seg-loss -14.1274  ema -7.1611
pes 28700  seg-loss -19.1368  ema -10.7860
pes 28725  seg-loss -11.4435  ema -10.5521
pes 28750  seg-loss -1.1700  ema -8.7752
pes 28775  seg-loss -20.2930  ema -9.7620
pes 28800  seg-loss -0.4863  ema -9.4405
pes 28825  seg-loss -18.2717  ema -8.8561
pes 28850  seg-loss -5.7329  ema -9.7482
pes 28875  seg-loss -19.8298  ema -10.5357
pes 28900  seg-loss -3.2321  ema -9.1121
pes 28925  seg-loss -4.0157  ema -8.2241
pes 28950  seg-loss -7.9240  ema -6.9134
pes 28975  seg-loss -3.3904  ema -6.3118
pes 29000  seg-loss -6.4458  ema -8.7469
pes 29025  seg-loss -18.5245  ema -7.6599
pes 29050  seg-loss 5.0156  ema -5.9800
pes 29075  seg-loss -20.0819  ema -6.1464
pes 29100  seg-loss -19.5490  ema -6.3812
pes 29125  seg-loss -19.7993  ema -11.0291
pes 29150  seg-loss -4.1755  ema -9.9129
pes 29175  seg-loss -2.6547  ema -7.1039
pes 29200  seg-loss 1.0550  ema -4.3209
pes 29225  seg-loss -5.2762  ema -3.9908
pes 29250  seg-loss -20.5386  ema -8.3666
pes 29275  seg-loss -20.6894  ema -11.2182
pes 29300  seg-loss -4.5228  ema -8.1597
pes 29325  seg-loss -15.8731  ema -9.2909
pes 29350  seg-loss -3.5498  ema -7.7305
pes 29375  seg-loss -1.7547  ema -10.0464
pes 29400  seg-loss -19.8633  ema -10.6309
pes 29425  seg-loss -19.4072  ema -11.5006
pes 29450  seg-loss -17.1536  ema -13.6127
pes 29475  seg-loss -0.6080  ema -9.9877
pes 29500  seg-loss -19.8516  ema -7.0419
pes 29525  seg-loss -19.0809  ema -11.2340
pes 29550  seg-loss 1.1892  ema -9.2216
pes 29575  seg-loss -18.4420  ema -9.6696
pes 29600  seg-loss -0.4672  ema -6.7166
pes 29625  seg-loss -13.7492  ema -8.0833
pes 29650  seg-loss -9.9401  ema -8.4370
pes 29675  seg-loss -18.2392  ema -7.9088
pes 29700  seg-loss -15.3875  ema -11.5279
pes 29725  seg-loss -16.5257  ema -13.3674
pes 29750  seg-loss -19.2122  ema -10.9131
pes 29775  seg-loss -13.0961  ema -11.7472
pes 29800  seg-loss -19.5290  ema -14.2596
pes 29825  seg-loss -19.0314  ema -14.9996
pes 29850  seg-loss -20.3287  ema -13.3041
pes 29875  seg-loss -3.8776  ema -12.8932
pes 29900  seg-loss -14.9254  ema -11.6352
pes 29925  seg-loss 0.1685  ema -10.1447
pes 29950  seg-loss -4.8150  ema -6.7647
pes 29975  seg-loss -5.4475  ema -5.9694
pes 30000  seg-loss -1.8377  ema -5.2847
  eval[h16] learned: loss 0.0156 acc 0.995  vs  muon(lr=0.1): loss 0.0018 acc 0.999
  eval[h64-wider] learned: loss 3.1516 acc 0.588  vs  muon(lr=0.1): loss 0.0000 acc 1.000
  eval[h16-long] learned: loss 0.0000 acc 1.000  vs  muon(lr=0.03): loss 0.0000 acc 1.000
  eval[fashion-h16 HELD-OUT] learned: loss 1.0033 acc 0.797  vs  muon(lr=0.03): loss 0.0000 acc 1.000
  eval[fashion-h64 HELD-OUT] learned: loss 126.9168 acc 0.158  vs  muon(lr=0.03): loss 0.0000 acc 1.000
pes 30025  seg-loss -20.5576  ema -6.2266
pes 30050  seg-loss -5.4102  ema -5.5807
pes 30075  seg-loss -16.6887  ema -7.5326
pes 30100  seg-loss -0.0504  ema -5.6156
pes 30125  seg-loss -20.1425  ema -4.6602
pes 30150  seg-loss -7.4693  ema -4.1144
pes 30175  seg-loss -7.5252  ema -0.7823
pes 30200  seg-loss -10.0703  ema -5.7008
pes 30225  seg-loss -13.1408  ema -9.6488
pes 30250  seg-loss -8.5634  ema -11.5367
pes 30275  seg-loss -5.1324  ema -9.5865
pes 30300  seg-loss -20.3069  ema -10.4202
pes 30325  seg-loss -4.4248  ema -9.1821
pes 30350  seg-loss -17.2882  ema -10.1138
pes 30375  seg-loss -10.1775  ema -8.2467
pes 30400  seg-loss -20.5822  ema -10.0509
pes 30425  seg-loss -15.7794  ema -10.8455
pes 30450  seg-loss 4.9087  ema -10.5979
pes 30475  seg-loss -13.7056  ema -6.6795
pes 30500  seg-loss -12.6005  ema -8.9596
pes 30525  seg-loss -20.1374  ema -10.0508
pes 30550  seg-loss -20.6155  ema -12.0027
pes 30575  seg-loss -18.7533  ema -13.6793
pes 30600  seg-loss -0.3866  ema -12.4379
pes 30625  seg-loss -20.6001  ema -9.3357
pes 30650  seg-loss -17.5131  ema -12.3576
pes 30675  seg-loss -3.6791  ema -10.6998
pes 30700  seg-loss -5.2717  ema -8.2915
pes 30725  seg-loss -13.9044  ema -8.5362
pes 30750  seg-loss -18.6627  ema -9.9320
pes 30775  seg-loss 1.3336  ema -7.0566
pes 30800  seg-loss -6.8285  ema -8.0158
pes 30825  seg-loss -3.3690  ema -9.6078
pes 30850  seg-loss -6.2026  ema -7.6574
pes 30875  seg-loss -5.0385  ema -7.0926
pes 30900  seg-loss -18.1646  ema -7.1008
pes 30925  seg-loss -0.1804  ema -6.1002
pes 30950  seg-loss -18.5351  ema -9.1038
pes 30975  seg-loss -5.2506  ema -7.0930
pes 31000  seg-loss -2.2999  ema -4.9334
pes 31025  seg-loss -4.2989  ema -4.2416
pes 31050  seg-loss -5.0357  ema -4.5786
pes 31075  seg-loss -20.4285  ema -8.5428
pes 31100  seg-loss -4.7706  ema -8.1941
pes 31125  seg-loss -14.3334  ema -9.8307
pes 31150  seg-loss -5.5192  ema -8.1092
pes 31175  seg-loss -4.3609  ema -6.5868
pes 31200  seg-loss -18.6592  ema -9.0238
pes 31225  seg-loss -0.6471  ema -6.2464
pes 31250  seg-loss -1.7240  ema -5.1403
pes 31275  seg-loss -3.1060  ema -4.2039
pes 31300  seg-loss -4.2859  ema -7.2624
pes 31325  seg-loss -20.5582  ema -9.9592
pes 31350  seg-loss -2.8874  ema -10.4745
pes 31375  seg-loss -18.8884  ema -9.0198
pes 31400  seg-loss -13.9665  ema -11.3719
pes 31425  seg-loss -20.7061  ema -14.1738
pes 31450  seg-loss -14.2813  ema -11.7419
pes 31475  seg-loss -18.1791  ema -13.7656
pes 31500  seg-loss -2.1806  ema -15.2051
pes 31525  seg-loss -17.2916  ema -13.8701
pes 31550  seg-loss -13.8729  ema -12.3078
pes 31575  seg-loss -18.8706  ema -13.6987
pes 31600  seg-loss -5.3405  ema -11.2055
pes 31625  seg-loss -5.2698  ema -8.2891
pes 31650  seg-loss -16.6963  ema -7.4533
pes 31675  seg-loss -5.4834  ema -8.8852
pes 31700  seg-loss -5.2288  ema -8.9131
pes 31725  seg-loss 0.0247  ema -6.4788
pes 31750  seg-loss -3.1933  ema -4.8724
pes 31775  seg-loss -2.5217  ema -8.1611
pes 31800  seg-loss -16.0538  ema -9.9726
pes 31825  seg-loss -13.3271  ema -13.2820
pes 31850  seg-loss -4.5920  ema -13.3100
pes 31875  seg-loss -20.3125  ema -13.2682
pes 31900  seg-loss -20.3860  ema -13.9644
pes 31925  seg-loss -19.4027  ema -14.4019
pes 31950  seg-loss -3.1429  ema -12.5003
pes 31975  seg-loss -5.5412  ema -9.1942
pes 32000  seg-loss -20.2941  ema -12.2111
pes 32025  seg-loss -19.1606  ema -13.8278
pes 32050  seg-loss -5.7904  ema -9.7488
pes 32075  seg-loss -19.6741  ema -10.2003
pes 32100  seg-loss -20.4018  ema -11.9789
pes 32125  seg-loss -6.0195  ema -11.4942
pes 32150  seg-loss -0.1436  ema -7.4527
pes 32175  seg-loss -7.5075  ema -6.1048
pes 32200  seg-loss -20.0157  ema -4.2649
pes 32225  seg-loss -16.0945  ema -9.0741
pes 32250  seg-loss -20.2366  ema -11.6113
pes 32275  seg-loss -3.3856  ema -8.9330
pes 32300  seg-loss -16.7041  ema -9.9613
pes 32325  seg-loss -5.0156  ema -8.6330
pes 32350  seg-loss -19.6209  ema -10.2425
pes 32375  seg-loss -14.0838  ema -12.0909
pes 32400  seg-loss 4.4206  ema -7.2782
pes 32425  seg-loss -20.1722  ema -5.7301
pes 32450  seg-loss -5.7512  ema -8.0327
pes 32475  seg-loss -2.6650  ema -7.1765
pes 32500  seg-loss -4.0663  ema -4.4535
pes 32525  seg-loss -20.6500  ema -7.2282
pes 32550  seg-loss -0.1384  ema -6.3242
pes 32575  seg-loss -4.0419  ema -5.4015
pes 32600  seg-loss -3.0788  ema -6.7902
pes 32625  seg-loss -6.1902  ema -7.0135
pes 32650  seg-loss -3.1320  ema -9.6599
pes 32675  seg-loss -2.6562  ema -7.6278
pes 32700  seg-loss -5.3102  ema -6.2568
pes 32725  seg-loss -4.7136  ema -5.2523
pes 32750  seg-loss -5.0824  ema -5.2339
pes 32775  seg-loss -5.9944  ema -5.3704
pes 32800  seg-loss -19.3759  ema -8.2599
pes 32825  seg-loss -20.0576  ema -10.4200
pes 32850  seg-loss -1.8905  ema -10.7781
pes 32875  seg-loss -5.8099  ema -8.4199
pes 32900  seg-loss -15.4372  ema -8.1984
pes 32925  seg-loss -12.8580  ema -7.8326
pes 32950  seg-loss -0.4160  ema -6.8193
pes 32975  seg-loss -20.5785  ema -7.6846
pes 33000  seg-loss -20.4211  ema -5.6045
pes 33025  seg-loss -15.2837  ema -9.4879
pes 33050  seg-loss -16.4339  ema -12.2557
pes 33075  seg-loss -3.8847  ema -11.3145
pes 33100  seg-loss -0.4156  ema -12.2787
pes 33125  seg-loss -5.0841  ema -13.3146
pes 33150  seg-loss -0.8069  ema -13.2192
pes 33175  seg-loss -4.6610  ema -12.9227
pes 33200  seg-loss 0.0003  ema -12.2647
pes 33225  seg-loss -20.5520  ema -10.7642
pes 33250  seg-loss -15.5508  ema -13.0063
pes 33275  seg-loss -19.8288  ema -11.9592
pes 33300  seg-loss -14.3828  ema -12.0337
pes 33325  seg-loss -4.1570  ema -10.2191
pes 33350  seg-loss -1.8009  ema -7.4812
pes 33375  seg-loss -2.1422  ema -9.9540
pes 33400  seg-loss 0.0000  ema -11.0983
pes 33425  seg-loss -4.8917  ema -7.1046
pes 33450  seg-loss -20.1631  ema -8.7429
pes 33475  seg-loss -6.2586  ema -9.1137
pes 33500  seg-loss -20.2970  ema -10.0722
pes 33525  seg-loss -8.6333  ema -9.4725
pes 33550  seg-loss -17.3716  ema -10.6276
pes 33575  seg-loss 0.0208  ema -8.0764
pes 33600  seg-loss -14.7901  ema -5.8577
pes 33625  seg-loss -15.2143  ema -9.8838
pes 33650  seg-loss -4.1088  ema -8.3035
pes 33675  seg-loss 0.2799  ema -6.3428
pes 33700  seg-loss -4.9497  ema -9.6195
pes 33725  seg-loss -12.4096  ema -9.6651
pes 33750  seg-loss -1.0639  ema -10.4970
pes 33775  seg-loss -0.0862  ema -7.6683
pes 33800  seg-loss -18.5064  ema -10.9630
pes 33825  seg-loss -5.9570  ema -8.5278
pes 33850  seg-loss -2.3973  ema -7.7344
pes 33875  seg-loss -2.3979  ema -6.6743
pes 33900  seg-loss -20.0719  ema -6.0989
pes 33925  seg-loss -16.1113  ema -9.5669
pes 33950  seg-loss -5.1407  ema -9.1393
pes 33975  seg-loss -2.8725  ema -6.5374
pes 34000  seg-loss -5.4102  ema -5.4242
pes 34025  seg-loss -15.8216  ema -7.6740
pes 34050  seg-loss -5.5491  ema -7.2032
pes 34075  seg-loss -20.2792  ema -11.1821
pes 34100  seg-loss 0.1342  ema -7.8690
pes 34125  seg-loss -5.4461  ema -6.3253
pes 34150  seg-loss -19.4204  ema -7.8148
pes 34175  seg-loss -5.1525  ema -8.3918
pes 34200  seg-loss -8.9724  ema -7.4326
pes 34225  seg-loss -4.2237  ema -6.7443
pes 34250  seg-loss -0.7354  ema -8.7406
pes 34275  seg-loss -18.6585  ema -11.1683
pes 34300  seg-loss -11.9627  ema -9.3219
pes 34325  seg-loss -3.0907  ema -10.2350
pes 34350  seg-loss 6.0367  ema -7.8558
pes 34375  seg-loss -4.3757  ema -3.5742
pes 34400  seg-loss -0.0288  ema -3.5622
pes 34425  seg-loss -2.2940  ema -2.5188
pes 34450  seg-loss -11.9714  ema -7.4074
pes 34475  seg-loss -20.1519  ema -8.4270
pes 34500  seg-loss -3.9760  ema -6.3742
pes 34525  seg-loss 0.5506  ema -5.8803
pes 34550  seg-loss -7.4886  ema -4.9736
pes 34575  seg-loss -3.5465  ema -7.5565
pes 34600  seg-loss -3.3847  ema -5.6704
pes 34625  seg-loss -20.4014  ema -6.9071
pes 34650  seg-loss -17.6496  ema -11.5224
pes 34675  seg-loss -18.5169  ema -10.9810
pes 34700  seg-loss -1.7435  ema -11.3400
pes 34725  seg-loss -3.9650  ema -12.8644
pes 34750  seg-loss -0.8215  ema -10.5682
pes 34775  seg-loss -15.1193  ema -9.6021
pes 34800  seg-loss -20.4460  ema -6.9412
pes 34825  seg-loss -3.9138  ema -10.0642
pes 34850  seg-loss -20.0563  ema -12.3782
pes 34875  seg-loss -1.6038  ema -11.2482
pes 34900  seg-loss -18.2656  ema -9.9417
pes 34925  seg-loss -19.6100  ema -12.3307
pes 34950  seg-loss -20.5438  ema -13.6549
pes 34975  seg-loss -16.0453  ema -13.8978
pes 35000  seg-loss -20.1450  ema -13.7232
  eval[h16] learned: loss 0.0089 acc 0.999  vs  muon(lr=0.1): loss 0.0018 acc 0.999
  eval[h64-wider] learned: loss 1.1309 acc 0.736  vs  muon(lr=0.1): loss 0.0000 acc 1.000
  eval[h16-long] learned: loss 0.0000 acc 1.000  vs  muon(lr=0.03): loss 0.0000 acc 1.000
  eval[fashion-h16 HELD-OUT] learned: loss 0.9526 acc 0.771  vs  muon(lr=0.03): loss 0.0000 acc 1.000
  eval[fashion-h64 HELD-OUT] learned: loss 4.4217 acc 0.398  vs  muon(lr=0.03): loss 0.0000 acc 1.000
pes 35025  seg-loss -3.4859  ema -12.2469
pes 35050  seg-loss -0.5139  ema -8.2511
pes 35075  seg-loss -0.0496  ema -5.0959
pes 35100  seg-loss -0.4091  ema -8.3078
pes 35125  seg-loss -20.7233  ema -6.0219
pes 35150  seg-loss -2.5903  ema -9.5865
pes 35175  seg-loss -18.1825  ema -10.5558
pes 35200  seg-loss -5.7750  ema -8.7470
pes 35225  seg-loss 0.2358  ema -5.8675
pes 35250  seg-loss -0.5484  ema -7.4514
pes 35275  seg-loss -1.9410  ema -6.1117
pes 35300  seg-loss -3.3771  ema -5.2621
pes 35325  seg-loss -4.4239  ema -6.0812
pes 35350  seg-loss -19.2724  ema -7.5053
pes 35375  seg-loss -4.9776  ema -7.5644
pes 35400  seg-loss -5.3483  ema -6.2930
pes 35425  seg-loss 4.0121  ema -9.5759
pes 35450  seg-loss -19.3059  ema -8.9865
pes 35475  seg-loss -19.8439  ema -11.7042
pes 35500  seg-loss -4.8111  ema -10.7632
pes 35525  seg-loss -0.0050  ema -7.8103
pes 35550  seg-loss -18.9075  ema -7.3687
pes 35575  seg-loss -10.1018  ema -9.1783
pes 35600  seg-loss -19.5034  ema -12.3532
pes 35625  seg-loss -2.8410  ema -9.3472
pes 35650  seg-loss -17.1116  ema -10.3533
pes 35675  seg-loss -5.6998  ema -8.7759
pes 35700  seg-loss -5.4784  ema -7.3742
pes 35725  seg-loss -19.8637  ema -7.8044
pes 35750  seg-loss -0.5654  ema -9.1118
pes 35775  seg-loss -2.1316  ema -10.7031
pes 35800  seg-loss -19.1159  ema -13.9362
pes 35825  seg-loss -19.9824  ema -14.8772
pes 35850  seg-loss -17.7383  ema -14.2687
pes 35875  seg-loss -2.5401  ema -9.4322
pes 35900  seg-loss -14.6746  ema -11.4971
pes 35925  seg-loss -20.7221  ema -14.5981
pes 35950  seg-loss -15.8168  ema -13.2944
pes 35975  seg-loss -14.3564  ema -12.0199
pes 36000  seg-loss -13.3822  ema -12.2965
pes 36025  seg-loss -1.8476  ema -10.9819
pes 36050  seg-loss -3.0450  ema -8.7504
pes 36075  seg-loss -6.1004  ema -6.9813
pes 36100  seg-loss -1.9669  ema -9.9796
pes 36125  seg-loss -19.1147  ema -9.2038
pes 36150  seg-loss -19.6588  ema -11.5548
pes 36175  seg-loss -19.1988  ema -12.4305
pes 36200  seg-loss -0.0591  ema -10.4495
pes 36225  seg-loss -20.2372  ema -8.5649
pes 36250  seg-loss -4.1628  ema -9.6057
pes 36275  seg-loss 4.6229  ema -7.8761
pes 36300  seg-loss -19.6672  ema -11.1994
pes 36325  seg-loss -14.6846  ema -13.5444
pes 36350  seg-loss -1.2152  ema -11.3952
pes 36375  seg-loss -0.0144  ema -7.2099
pes 36400  seg-loss -0.3297  ema -10.2713
pes 36425  seg-loss -4.3764  ema -10.8073
pes 36450  seg-loss -1.0017  ema -8.5645
pes 36475  seg-loss -19.0928  ema -11.0846
pes 36500  seg-loss -20.5219  ema -12.7292
pes 36525  seg-loss -18.9533  ema -14.0482
pes 36550  seg-loss 0.2652  ema -12.6414
pes 36575  seg-loss -19.5963  ema -13.7603
pes 36600  seg-loss 0.2251  ema -12.7617
pes 36625  seg-loss -20.3828  ema -10.5648
pes 36650  seg-loss -1.8965  ema -10.1729
pes 36675  seg-loss -17.5769  ema -11.3207
pes 36700  seg-loss -0.5571  ema -7.6815
pes 36725  seg-loss -9.3453  ema -6.5946
pes 36750  seg-loss 3.5331  ema -8.8330
pes 36775  seg-loss -11.5608  ema -4.7384
pes 36800  seg-loss -15.0160  ema -7.7372
pes 36825  seg-loss -0.1519  ema -10.3448
pes 36850  seg-loss -20.3854  ema -9.4141
pes 36875  seg-loss -5.6676  ema -9.9307
pes 36900  seg-loss -4.2771  ema -7.3865
pes 36925  seg-loss -20.5194  ema -8.3656
pes 36950  seg-loss -19.8705  ema -12.1293
pes 36975  seg-loss -15.2577  ema -10.4851
pes 37000  seg-loss -19.4904  ema -12.3931
pes 37025  seg-loss 6.8642  ema -11.3586
pes 37050  seg-loss -6.2756  ema -8.6010
pes 37075  seg-loss -1.7898  ema -11.0063
pes 37100  seg-loss -5.5841  ema -8.7322
pes 37125  seg-loss -19.1727  ema -8.8823
pes 37150  seg-loss 8.8938  ema -6.0023
pes 37175  seg-loss -19.2656  ema -8.1545
pes 37200  seg-loss -3.4177  ema -3.1675
pes 37225  seg-loss -4.4360  ema -3.0246
pes 37250  seg-loss 3.9216  ema -5.0619
pes 37275  seg-loss -16.3297  ema -3.0256
pes 37300  seg-loss 4.2145  ema -4.2903
pes 37325  seg-loss -5.4541  ema -3.1438
pes 37350  seg-loss -19.8192  ema -7.3041
pes 37375  seg-loss -17.4621  ema -9.6413
pes 37400  seg-loss 0.0220  ema -7.2405
pes 37425  seg-loss -10.9955  ema -5.7294
pes 37450  seg-loss 0.0190  ema -5.6098
pes 37475  seg-loss 2.1771  ema -3.7182
pes 37500  seg-loss -20.1948  ema -8.4225
pes 37525  seg-loss -4.4693  ema -6.5697
pes 37550  seg-loss -16.2611  ema -8.6140
pes 37575  seg-loss -11.9807  ema -11.9319
pes 37600  seg-loss -0.4222  ema -14.1081
pes 37625  seg-loss 0.2366  ema -9.7162
pes 37650  seg-loss -3.6553  ema -7.0815
pes 37675  seg-loss -14.1705  ema -7.1207
pes 37700  seg-loss -5.2386  ema -8.8501
pes 37725  seg-loss 0.3928  ema -6.2224
pes 37750  seg-loss -19.1385  ema -7.5082
pes 37775  seg-loss -6.0864  ema -7.7365
pes 37800  seg-loss -1.4842  ema -6.4425
pes 37825  seg-loss -1.1089  ema -9.5058
pes 37850  seg-loss -19.7558  ema -9.1478
pes 37875  seg-loss -15.8088  ema -10.6068
pes 37900  seg-loss -20.2716  ema -13.4039
pes 37925  seg-loss -5.3846  ema -12.4515
pes 37950  seg-loss -5.5863  ema -9.5282
pes 37975  seg-loss -1.1817  ema -8.3107
pes 38000  seg-loss -3.2767  ema -6.5767
pes 38025  seg-loss -5.3552  ema -7.1127
pes 38050  seg-loss -0.0292  ema -7.4077
pes 38075  seg-loss -9.4908  ema -6.3685
pes 38100  seg-loss -13.8980  ema -7.0801
pes 38125  seg-loss -20.4865  ema -9.4170
pes 38150  seg-loss -12.9178  ema -9.1562
pes 38175  seg-loss -0.2964  ema -6.7222
pes 38200  seg-loss 1.1890  ema -9.9874
pes 38225  seg-loss -4.8215  ema -6.3209
pes 38250  seg-loss -10.5031  ema -10.3306
pes 38275  seg-loss -8.5825  ema -10.8884
pes 38300  seg-loss -13.2056  ema -10.3220
pes 38325  seg-loss -5.6585  ema -8.8383
pes 38350  seg-loss -5.9745  ema -5.6296
pes 38375  seg-loss -18.9921  ema -8.8428
pes 38400  seg-loss -2.0409  ema -8.8577
pes 38425  seg-loss -5.8244  ema -7.1074
pes 38450  seg-loss -1.0924  ema -6.6428
pes 38475  seg-loss -6.4413  ema -5.9314
pes 38500  seg-loss -17.4104  ema -7.7276
pes 38525  seg-loss -0.1288  ema -6.3327
pes 38550  seg-loss 0.2957  ema -4.6354
pes 38575  seg-loss -2.0873  ema -4.7736
pes 38600  seg-loss -1.6743  ema -8.4806
pes 38625  seg-loss -14.7520  ema -6.7675
pes 38650  seg-loss -19.7646  ema -10.1740
pes 38675  seg-loss -0.0510  ema -9.5536
pes 38700  seg-loss -3.5343  ema -7.1767
pes 38725  seg-loss -0.2061  ema -4.7281
pes 38750  seg-loss -1.8705  ema -2.9224
pes 38775  seg-loss -9.8207  ema -6.9946
pes 38800  seg-loss -0.4193  ema -8.1061
pes 38825  seg-loss -10.6786  ema -10.3263
pes 38850  seg-loss 6.7922  ema -10.0781
pes 38875  seg-loss -5.6858  ema -5.6269
pes 38900  seg-loss -20.7223  ema -7.3903
pes 38925  seg-loss -20.0762  ema -11.0141
pes 38950  seg-loss -4.6769  ema -10.3334
pes 38975  seg-loss 0.2657  ema -7.4632
pes 39000  seg-loss -4.6842  ema -5.3054
pes 39025  seg-loss -20.2437  ema -6.6168
pes 39050  seg-loss -5.7167  ema -9.3566
pes 39075  seg-loss -5.6993  ema -7.8032
pes 39100  seg-loss -14.5732  ema -7.6832
pes 39125  seg-loss -1.4832  ema -9.8063
pes 39150  seg-loss -18.7864  ema -8.8794
pes 39175  seg-loss 0.0025  ema -8.7319
pes 39200  seg-loss -19.2944  ema -9.5530
pes 39225  seg-loss -20.7216  ema -13.5374
pes 39250  seg-loss -20.6189  ema -14.3129
pes 39275  seg-loss -20.1279  ema -14.4537
pes 39300  seg-loss -2.2424  ema -11.7992
pes 39325  seg-loss -3.1102  ema -12.3904
pes 39350  seg-loss -20.4051  ema -13.1601
pes 39375  seg-loss -20.7180  ema -13.9970
pes 39400  seg-loss -2.0400  ema -14.4839
pes 39425  seg-loss -0.1158  ema -13.9972
pes 39450  seg-loss -1.2971  ema -10.1471
pes 39475  seg-loss -1.0868  ema -7.4193
pes 39500  seg-loss -19.4155  ema -9.9309
pes 39525  seg-loss -15.7673  ema -10.7247
pes 39550  seg-loss -2.2475  ema -11.1602
pes 39575  seg-loss -6.3871  ema -9.3962
pes 39600  seg-loss -0.4200  ema -8.7865
pes 39625  seg-loss -15.5416  ema -7.8465
pes 39650  seg-loss -4.6141  ema -5.5366
pes 39675  seg-loss -3.9351  ema -4.4173
pes 39700  seg-loss -10.0871  ema -6.0753
pes 39725  seg-loss -14.8017  ema -9.3764
pes 39750  seg-loss -0.1361  ema -10.6308
pes 39775  seg-loss -4.2582  ema -12.8111
pes 39800  seg-loss -0.5888  ema -11.0497
pes 39825  seg-loss -6.2089  ema -10.5478
pes 39850  seg-loss -5.0367  ema -8.3050
pes 39875  seg-loss -20.6985  ema -11.5293
pes 39900  seg-loss -19.4704  ema -12.7146
pes 39925  seg-loss -2.8246  ema -10.3152
pes 39950  seg-loss -20.3259  ema -9.3813
pes 39975  seg-loss -19.1175  ema -12.1023
pes 40000  seg-loss -2.7649  ema -10.2305
  eval[h16] learned: loss 0.0286 acc 0.995  vs  muon(lr=0.1): loss 0.0018 acc 0.999
  eval[h64-wider] learned: loss 2.1845 acc 0.668  vs  muon(lr=0.1): loss 0.0000 acc 1.000
  eval[h16-long] learned: loss 0.0000 acc 1.000  vs  muon(lr=0.03): loss 0.0000 acc 1.000
  eval[fashion-h16 HELD-OUT] learned: loss 1.4172 acc 0.796  vs  muon(lr=0.03): loss 0.0000 acc 1.000
  eval[fashion-h64 HELD-OUT] learned: loss 3.9533 acc 0.473  vs  muon(lr=0.03): loss 0.0000 acc 1.000
pes 40025  seg-loss -1.5329  ema -10.6535
