warm-started from learned_matrix6.pt
matrix optimizer: 28543 meta-params
  dataset qmnist unavailable: FileNotFoundError: [Errno 2] No such file or directory: '/home/arthurb/.cache/qmnist/qmnist-train-images-idx3-ubyte.gz'
dataset registry: ['cifar10', 'cifar100', 'covtype', 'kmnist', 'letter', 'magic', 'miniboone', 'mnist', 'optdigits', 'poker', 'satimage', 'spambase', 'svhn'] (13 available)
pes     0  seg-loss -0.8016  ema -0.8016
  eval[h16] learned: loss 0.0012 acc 1.000  vs  muon(lr=0.1): loss 0.0018 acc 0.999
  eval[h64-wider] learned: loss 0.0839 acc 0.976  vs  muon(lr=0.1): loss 0.0000 acc 1.000
  eval[h16-long] learned: loss 0.0000 acc 1.000  vs  muon(lr=0.03): loss 0.0000 acc 1.000
  eval[fashion-h16 HELD-OUT] learned: loss 0.0528 acc 0.990  vs  muon(lr=0.03): loss 0.0000 acc 1.000
  eval[fashion-h64 HELD-OUT] learned: loss 5.9661 acc 0.710  vs  muon(lr=0.03): loss 0.0000 acc 1.000
pes    25  seg-loss -16.7239  ema -5.4415
pes    50  seg-loss -20.5345  ema -7.1773
pes    75  seg-loss -2.3559  ema -8.8662
  probe-score -6.3531 (new best, saved)
pes   100  seg-loss -16.9756  ema -11.8144
pes   125  seg-loss -5.7599  ema -9.3702
pes   150  seg-loss -19.7130  ema -11.7454
pes   175  seg-loss -20.6665  ema -14.8386
pes   200  seg-loss -5.1067  ema -10.9701
pes   225  seg-loss -12.0389  ema -9.4945
pes   250  seg-loss -2.0130  ema -7.4290
pes   275  seg-loss -16.8332  ema -9.8491
pes   300  seg-loss -16.9000  ema -11.1251
pes   325  seg-loss -3.6314  ema -8.3074
pes   350  seg-loss -5.7238  ema -6.8379
pes   375  seg-loss -20.2534  ema -6.3241
pes   400  seg-loss -19.8136  ema -10.5386
pes   425  seg-loss -11.1865  ema -11.1475
pes   450  seg-loss -18.5053  ema -12.3131
pes   475  seg-loss -13.8019  ema -11.9631
pes   500  seg-loss -0.2786  ema -10.2118
pes   525  seg-loss -16.1990  ema -9.4292
pes   550  seg-loss -12.9414  ema -6.2511
pes   575  seg-loss -0.0202  ema -10.1384
  probe-score -6.4511 (new best, saved)
pes   600  seg-loss -6.2577  ema -8.0859
pes   625  seg-loss -18.7212  ema -11.8162
pes   650  seg-loss -9.7060  ema -14.1688
pes   675  seg-loss -10.5538  ema -14.9145
pes   700  seg-loss -0.5551  ema -16.0149
pes   725  seg-loss -17.9531  ema -16.1330
pes   750  seg-loss -13.0545  ema -12.4797
pes   775  seg-loss -1.4274  ema -13.4492
pes   800  seg-loss -15.7188  ema -10.6927
pes   825  seg-loss -1.6830  ema -10.5379
pes   850  seg-loss -4.0260  ema -10.9758
pes   875  seg-loss -2.7612  ema -7.7513
pes   900  seg-loss -0.5431  ema -8.0588
pes   925  seg-loss -20.7233  ema -11.0913
pes   950  seg-loss -19.0608  ema -13.3257
pes   975  seg-loss -19.0091  ema -9.2457
pes  1000  seg-loss -6.5644  ema -10.6059
pes  1025  seg-loss -4.5417  ema -8.2269
pes  1050  seg-loss -17.9073  ema -9.0159
pes  1075  seg-loss -17.1873  ema -11.0686
pes  1100  seg-loss -6.7404  ema -10.5010
pes  1125  seg-loss -19.8644  ema -11.4926
pes  1150  seg-loss -6.2292  ema -10.5613
pes  1175  seg-loss -12.4200  ema -9.8393
pes  1200  seg-loss -20.7233  ema -11.9459
pes  1225  seg-loss 0.6676  ema -8.6088
pes  1250  seg-loss -0.0809  ema -8.4785
pes  1275  seg-loss -2.3228  ema -4.7686
pes  1300  seg-loss -19.7027  ema -8.4828
pes  1325  seg-loss -4.1226  ema -9.6939
pes  1350  seg-loss -1.3392  ema -7.8739
pes  1375  seg-loss -16.0534  ema -11.7171
pes  1400  seg-loss -20.6375  ema -13.7054
pes  1425  seg-loss -19.4023  ema -13.1950
pes  1450  seg-loss -18.8765  ema -14.2900
pes  1475  seg-loss -15.8274  ema -14.3067
pes  1500  seg-loss -4.1846  ema -13.3306
pes  1525  seg-loss 0.1441  ema -10.3039
pes  1550  seg-loss -10.7661  ema -7.0845
pes  1575  seg-loss -6.5069  ema -9.6637
pes  1600  seg-loss -5.0502  ema -9.8476
pes  1625  seg-loss -20.0354  ema -10.9570
pes  1650  seg-loss -18.6255  ema -12.8501
pes  1675  seg-loss -14.4427  ema -12.3053
pes  1700  seg-loss -16.0645  ema -13.4319
pes  1725  seg-loss -13.6017  ema -10.4273
pes  1750  seg-loss -20.7124  ema -13.2781
pes  1775  seg-loss -4.1118  ema -13.9154
pes  1800  seg-loss -16.9133  ema -13.8896
pes  1825  seg-loss -5.5280  ema -12.0277
pes  1850  seg-loss -0.7677  ema -11.1552
pes  1875  seg-loss -16.3925  ema -10.1501
pes  1900  seg-loss -17.6174  ema -11.5877
pes  1925  seg-loss -2.1226  ema -13.5054
pes  1950  seg-loss -0.5189  ema -10.5608
pes  1975  seg-loss -0.5185  ema -6.9190
pes  2000  seg-loss -13.9578  ema -8.7123
pes  2025  seg-loss -19.2901  ema -11.3894
pes  2050  seg-loss -20.7233  ema -9.4914
pes  2075  seg-loss -0.9492  ema -12.0262
pes  2100  seg-loss -0.3304  ema -8.4703
pes  2125  seg-loss -0.0334  ema -5.1695
pes  2150  seg-loss -19.9922  ema -7.7631
pes  2175  seg-loss -20.7103  ema -12.5413
pes  2200  seg-loss -20.6192  ema -13.7759
pes  2225  seg-loss -20.7188  ema -16.1003
pes  2250  seg-loss -1.1467  ema -16.5325
pes  2275  seg-loss -0.1323  ema -16.2220
pes  2300  seg-loss -0.0426  ema -16.1095
pes  2325  seg-loss -19.5977  ema -12.9387
pes  2350  seg-loss -20.6117  ema -14.1326
pes  2375  seg-loss -0.2909  ema -14.4419
pes  2400  seg-loss -1.3922  ema -9.1084
pes  2425  seg-loss -1.6429  ema -9.0974
pes  2450  seg-loss -20.7081  ema -8.2692
pes  2475  seg-loss 0.3925  ema -9.2648
pes  2500  seg-loss -12.0937  ema -7.0923
pes  2525  seg-loss -0.2340  ema -6.6770
pes  2550  seg-loss -1.1910  ema -4.2590
pes  2575  seg-loss -19.4559  ema -6.8019
pes  2600  seg-loss 0.2392  ema -7.3265
pes  2625  seg-loss -17.9267  ema -6.9715
pes  2650  seg-loss -18.2608  ema -10.5814
pes  2675  seg-loss -19.8321  ema -9.4762
pes  2700  seg-loss -20.5805  ema -10.6094
pes  2725  seg-loss -20.7233  ema -11.3119
pes  2750  seg-loss -1.8301  ema -12.9453
pes  2775  seg-loss -20.7152  ema -11.9380
pes  2800  seg-loss -18.2065  ema -13.4343
pes  2825  seg-loss -19.7272  ema -14.7850
pes  2850  seg-loss -17.6887  ema -14.8273
pes  2875  seg-loss -3.9832  ema -13.6590
pes  2900  seg-loss -0.0672  ema -14.4494
pes  2925  seg-loss -20.5441  ema -10.5179
pes  2950  seg-loss -20.6846  ema -13.1783
pes  2975  seg-loss -17.7608  ema -11.5862
pes  3000  seg-loss -2.1798  ema -10.7153
pes  3025  seg-loss 0.4066  ema -7.6021
pes  3050  seg-loss -20.7129  ema -10.4122
pes  3075  seg-loss -7.5407  ema -9.4249
pes  3100  seg-loss -7.8584  ema -8.4833
pes  3125  seg-loss -17.1539  ema -7.4025
pes  3150  seg-loss -19.8239  ema -11.5940
pes  3175  seg-loss -12.1142  ema -12.3897
pes  3200  seg-loss -6.7249  ema -11.9995
pes  3225  seg-loss -20.4404  ema -14.4627
pes  3250  seg-loss -0.2108  ema -14.9942
pes  3275  seg-loss -19.4651  ema -14.8668
pes  3300  seg-loss -19.9370  ema -16.7588
pes  3325  seg-loss -20.7233  ema -14.2484
pes  3350  seg-loss 4.9062  ema -13.1099
pes  3375  seg-loss -10.3016  ema -14.1518
pes  3400  seg-loss -7.4987  ema -10.3166
pes  3425  seg-loss -5.7231  ema -9.3145
pes  3450  seg-loss -3.3980  ema -7.2203
pes  3475  seg-loss -20.3658  ema -11.2301
pes  3500  seg-loss -16.8996  ema -11.1597
pes  3525  seg-loss -19.8835  ema -12.0463
pes  3550  seg-loss -2.6144  ema -12.1642
pes  3575  seg-loss -2.7373  ema -9.0897
pes  3600  seg-loss -19.8482  ema -11.7760
pes  3625  seg-loss -20.4943  ema -11.2482
pes  3650  seg-loss -19.8247  ema -14.4335
pes  3675  seg-loss -6.7354  ema -12.8689
pes  3700  seg-loss -19.7248  ema -13.4873
pes  3725  seg-loss -20.4318  ema -13.9238
pes  3750  seg-loss 0.9800  ema -13.4221
pes  3775  seg-loss -7.4358  ema -9.9896
pes  3800  seg-loss -5.0664  ema -8.6189
pes  3825  seg-loss -0.3606  ema -8.4410
pes  3850  seg-loss -0.6995  ema -8.8269
pes  3875  seg-loss -0.2859  ema -10.1822
pes  3900  seg-loss -0.1621  ema -6.7008
pes  3925  seg-loss -20.0085  ema -5.3714
pes  3950  seg-loss -20.6278  ema -10.2235
pes  3975  seg-loss 2.6763  ema -10.4191
pes  4000  seg-loss -20.6973  ema -13.7027
  eval[h16] learned: loss 0.0040 acc 1.000  vs  muon(lr=0.1): loss 0.0018 acc 0.999
  eval[h64-wider] learned: loss 0.2004 acc 0.949  vs  muon(lr=0.1): loss 0.0000 acc 1.000
  eval[h16-long] learned: loss 0.0000 acc 1.000  vs  muon(lr=0.03): loss 0.0000 acc 1.000
  eval[fashion-h16 HELD-OUT] learned: loss 0.0245 acc 0.990  vs  muon(lr=0.03): loss 0.0000 acc 1.000
  eval[fashion-h64 HELD-OUT] learned: loss 0.8031 acc 0.851  vs  muon(lr=0.03): loss 0.0000 acc 1.000
pes  4025  seg-loss -19.9335  ema -14.5469
pes  4050  seg-loss -0.3922  ema -13.7229
pes  4075  seg-loss -6.7146  ema -10.2211
pes  4100  seg-loss -7.0324  ema -9.7873
pes  4125  seg-loss -17.3609  ema -12.1090
pes  4150  seg-loss -3.9823  ema -10.9840
pes  4175  seg-loss -16.7467  ema -7.5495
pes  4200  seg-loss -20.7156  ema -11.5422
pes  4225  seg-loss -9.9607  ema -12.3215
pes  4250  seg-loss -19.8897  ema -13.1153
pes  4275  seg-loss -4.6466  ema -12.6582
pes  4300  seg-loss -19.5967  ema -12.3263
pes  4325  seg-loss 0.1220  ema -9.7291
pes  4350  seg-loss -3.4001  ema -5.8417
pes  4375  seg-loss -2.4273  ema -8.5607
pes  4400  seg-loss 0.1182  ema -5.3421
pes  4425  seg-loss -0.2007  ema -3.3530
pes  4450  seg-loss -20.7233  ema -4.5087
pes  4475  seg-loss -18.8526  ema -9.5660
pes  4500  seg-loss -20.6140  ema -12.4893
pes  4525  seg-loss -19.5104  ema -14.3011
pes  4550  seg-loss -2.2943  ema -8.7077
pes  4575  seg-loss -4.0877  ema -8.2728
pes  4600  seg-loss 1.3633  ema -6.2477
pes  4625  seg-loss -20.5165  ema -4.4458
pes  4650  seg-loss -20.2898  ema -8.8188
pes  4675  seg-loss -10.2511  ema -10.8640
pes  4700  seg-loss -4.7433  ema -10.0161
pes  4725  seg-loss -20.7233  ema -12.9726
pes  4750  seg-loss -19.1232  ema -11.6687
pes  4775  seg-loss -19.9023  ema -12.4578
pes  4800  seg-loss -6.5929  ema -11.6289
pes  4825  seg-loss -20.5486  ema -13.7642
pes  4850  seg-loss -0.9234  ema -9.9753
pes  4875  seg-loss 0.7802  ema -11.1958
pes  4900  seg-loss -0.7508  ema -7.3997
pes  4925  seg-loss -12.5667  ema -10.7233
pes  4950  seg-loss -1.1498  ema -13.7983
pes  4975  seg-loss -4.7153  ema -10.8631
pes  5000  seg-loss -3.2340  ema -6.9907
pes  5025  seg-loss -19.2874  ema -8.1138
pes  5050  seg-loss -19.3133  ema -11.1878
pes  5075  seg-loss -20.0437  ema -12.6907
pes  5100  seg-loss -20.7009  ema -15.5032
pes  5125  seg-loss -5.2339  ema -12.2083
pes  5150  seg-loss -0.0281  ema -8.9569
pes  5175  seg-loss -10.1370  ema -7.0887
pes  5200  seg-loss -20.3143  ema -9.1484
pes  5225  seg-loss -20.5114  ema -12.9808
pes  5250  seg-loss -5.3459  ema -11.3231
pes  5275  seg-loss -7.3295  ema -9.4079
pes  5300  seg-loss -19.3276  ema -12.3622
pes  5325  seg-loss -20.5613  ema -9.1080
pes  5350  seg-loss -4.8869  ema -11.6775
pes  5375  seg-loss -19.5652  ema -14.1823
pes  5400  seg-loss -1.5604  ema -15.8741
pes  5425  seg-loss -1.5469  ema -10.2747
pes  5450  seg-loss -4.1692  ema -13.0138
pes  5475  seg-loss -4.9263  ema -12.1780
pes  5500  seg-loss -7.6174  ema -14.2243
pes  5525  seg-loss -18.9130  ema -16.3050
pes  5550  seg-loss -18.7838  ema -16.5177
pes  5575  seg-loss -4.9061  ema -14.6643
pes  5600  seg-loss -1.6765  ema -10.8634
pes  5625  seg-loss -16.0021  ema -9.7487
pes  5650  seg-loss -6.1529  ema -9.7095
pes  5675  seg-loss -15.6922  ema -10.4951
pes  5700  seg-loss -0.2315  ema -6.8782
pes  5725  seg-loss -3.7608  ema -5.6168
pes  5750  seg-loss -0.1679  ema -8.1986
pes  5775  seg-loss -5.3207  ema -6.9389
pes  5800  seg-loss -9.4520  ema -6.9412
pes  5825  seg-loss -15.9811  ema -9.6782
pes  5850  seg-loss -20.7233  ema -8.9639
pes  5875  seg-loss -14.5457  ema -10.1604
pes  5900  seg-loss 0.3319  ema -7.5798
pes  5925  seg-loss -18.5382  ema -8.9590
pes  5950  seg-loss -20.3566  ema -10.0930
pes  5975  seg-loss -20.4429  ema -13.4359
pes  6000  seg-loss 0.3333  ema -9.8068
pes  6025  seg-loss -19.1020  ema -9.8743
pes  6050  seg-loss -20.0492  ema -11.9012
pes  6075  seg-loss -17.8384  ema -12.5133
pes  6100  seg-loss -2.3000  ema -13.5850
pes  6125  seg-loss -4.7527  ema -10.1788
pes  6150  seg-loss -20.7233  ema -11.0501
pes  6175  seg-loss 0.0179  ema -9.7472
pes  6200  seg-loss -18.6503  ema -11.2856
pes  6225  seg-loss -13.1283  ema -11.5923
pes  6250  seg-loss -3.4793  ema -13.7733
pes  6275  seg-loss -6.9291  ema -10.2709
pes  6300  seg-loss -20.4429  ema -11.1156
pes  6325  seg-loss -15.6326  ema -12.8502
pes  6350  seg-loss -19.1903  ema -14.4646
pes  6375  seg-loss -5.8410  ema -13.8698
pes  6400  seg-loss -0.5853  ema -11.5811
pes  6425  seg-loss -3.6630  ema -9.7700
pes  6450  seg-loss -7.4189  ema -8.2865
pes  6475  seg-loss -18.2542  ema -10.1727
pes  6500  seg-loss -4.8022  ema -11.8027
pes  6525  seg-loss -4.4349  ema -12.6008
pes  6550  seg-loss -2.8203  ema -7.9999
pes  6575  seg-loss -20.7233  ema -12.0840
pes  6600  seg-loss -5.9228  ema -9.0802
pes  6625  seg-loss -20.2548  ema -11.7079
pes  6650  seg-loss -16.6328  ema -13.4536
pes  6675  seg-loss -20.5794  ema -15.6114
pes  6700  seg-loss -20.3971  ema -17.2866
pes  6725  seg-loss -19.9659  ema -16.5126
pes  6750  seg-loss -5.1454  ema -9.2418
pes  6775  seg-loss -4.9741  ema -5.9286
pes  6800  seg-loss -13.1301  ema -6.4191
pes  6825  seg-loss -5.3345  ema -8.3354
pes  6850  seg-loss -19.8337  ema -9.1949
pes  6875  seg-loss -20.7069  ema -13.3834
pes  6900  seg-loss 0.2555  ema -9.7223
pes  6925  seg-loss -18.3646  ema -10.9871
pes  6950  seg-loss -18.9810  ema -13.6902
pes  6975  seg-loss -4.2966  ema -11.1892
pes  7000  seg-loss -18.3366  ema -12.0775
pes  7025  seg-loss -16.5260  ema -13.2028
pes  7050  seg-loss -19.0838  ema -14.3090
pes  7075  seg-loss -10.7437  ema -14.8850
pes  7100  seg-loss -0.0013  ema -12.9340
pes  7125  seg-loss -20.7096  ema -12.0995
pes  7150  seg-loss -19.6857  ema -13.3712
pes  7175  seg-loss -19.8304  ema -14.3309
pes  7200  seg-loss -20.7076  ema -16.4587
pes  7225  seg-loss -3.9825  ema -11.6828
pes  7250  seg-loss -19.2949  ema -12.4886
pes  7275  seg-loss -20.7212  ema -12.8786
pes  7300  seg-loss -13.8569  ema -13.6145
pes  7325  seg-loss -16.6590  ema -13.9265
pes  7350  seg-loss -11.5953  ema -12.5519
pes  7375  seg-loss -19.6724  ema -13.2667
pes  7400  seg-loss -16.6330  ema -14.1588
pes  7425  seg-loss -6.7206  ema -13.8866
pes  7450  seg-loss -4.4203  ema -14.0856
pes  7475  seg-loss -19.8661  ema -15.3780
pes  7500  seg-loss -18.4081  ema -13.6289
pes  7525  seg-loss -19.9101  ema -14.9236
pes  7550  seg-loss -2.1075  ema -11.4909
pes  7575  seg-loss -4.5023  ema -9.6034
pes  7600  seg-loss -17.4396  ema -10.2248
pes  7625  seg-loss -7.7195  ema -11.8874
pes  7650  seg-loss -2.5068  ema -12.4095
pes  7675  seg-loss -20.7104  ema -14.7085
pes  7700  seg-loss -18.9860  ema -16.3253
pes  7725  seg-loss -18.4480  ema -16.1442
pes  7750  seg-loss -20.4626  ema -9.7943
pes  7775  seg-loss -17.9478  ema -13.1276
pes  7800  seg-loss -8.6469  ema -11.4289
pes  7825  seg-loss -18.9810  ema -12.8919
pes  7850  seg-loss -19.5521  ema -15.3422
pes  7875  seg-loss -0.2660  ema -15.6654
pes  7900  seg-loss -17.6386  ema -13.1332
pes  7925  seg-loss -5.6461  ema -14.5599
pes  7950  seg-loss -20.1089  ema -15.4262
pes  7975  seg-loss -19.7752  ema -15.4699
pes  8000  seg-loss -20.7233  ema -16.4843
  eval[h16] learned: loss 0.0039 acc 1.000  vs  muon(lr=0.1): loss 0.0018 acc 0.999
  eval[h64-wider] learned: loss 4.2975 acc 0.496  vs  muon(lr=0.1): loss 0.0000 acc 1.000
  eval[h16-long] learned: loss 0.0000 acc 1.000  vs  muon(lr=0.03): loss 0.0000 acc 1.000
  eval[fashion-h16 HELD-OUT] learned: loss 0.3369 acc 0.957  vs  muon(lr=0.03): loss 0.0000 acc 1.000
  eval[fashion-h64 HELD-OUT] learned: loss 10.0056 acc 0.228  vs  muon(lr=0.03): loss 0.0000 acc 1.000
pes  8025  seg-loss -7.2613  ema -12.8574
pes  8050  seg-loss -0.8642  ema -9.3452
pes  8075  seg-loss -9.8548  ema -12.4722
pes  8100  seg-loss -6.4521  ema -13.1606
pes  8125  seg-loss -19.1693  ema -12.4413
pes  8150  seg-loss -4.1948  ema -11.5406
pes  8175  seg-loss -20.4487  ema -12.9558
pes  8200  seg-loss -5.4123  ema -9.7966
pes  8225  seg-loss 1.4001  ema -9.3465
pes  8250  seg-loss 5.2433  ema -9.1766
pes  8275  seg-loss -0.0571  ema -6.9189
pes  8300  seg-loss -3.7690  ema -8.2631
pes  8325  seg-loss -20.5991  ema -9.9469
pes  8350  seg-loss -20.0215  ema -13.3743
pes  8375  seg-loss 0.3739  ema -10.9603
pes  8400  seg-loss -7.0227  ema -7.6841
pes  8425  seg-loss -20.3990  ema -10.5539
pes  8450  seg-loss -20.6770  ema -13.3815
pes  8475  seg-loss -20.6735  ema -15.2326
pes  8500  seg-loss -12.4483  ema -14.3013
pes  8525  seg-loss -20.5810  ema -15.8973
pes  8550  seg-loss -7.6308  ema -15.2271
pes  8575  seg-loss -3.2932  ema -15.4156
pes  8600  seg-loss -8.7936  ema -14.0952
pes  8625  seg-loss 3.1585  ema -12.1870
pes  8650  seg-loss -1.3770  ema -9.2549
pes  8675  seg-loss -3.4057  ema -12.3284
pes  8700  seg-loss -3.6001  ema -11.5609
pes  8725  seg-loss -3.7732  ema -13.7929
pes  8750  seg-loss -20.3045  ema -14.8150
pes  8775  seg-loss -14.6358  ema -11.5887
pes  8800  seg-loss -7.8104  ema -9.8493
pes  8825  seg-loss -19.2984  ema -12.3314
pes  8850  seg-loss -8.2559  ema -11.2275
pes  8875  seg-loss -13.8579  ema -11.1584
pes  8900  seg-loss -20.4795  ema -13.4360
pes  8925  seg-loss -20.7167  ema -13.1961
pes  8950  seg-loss -10.1823  ema -13.3514
pes  8975  seg-loss -20.7212  ema -14.9057
pes  9000  seg-loss -2.7200  ema -15.5621
pes  9025  seg-loss -4.7949  ema -11.3716
pes  9050  seg-loss -20.1144  ema -12.1189
pes  9075  seg-loss -5.6533  ema -10.5862
pes  9100  seg-loss -13.0228  ema -9.7216
pes  9125  seg-loss -5.0891  ema -8.1831
pes  9150  seg-loss -1.4610  ema -7.7798
pes  9175  seg-loss -19.7428  ema -9.0548
pes  9200  seg-loss 0.4572  ema -7.8172
pes  9225  seg-loss -20.2415  ema -10.0824
pes  9250  seg-loss -20.3099  ema -11.8058
pes  9275  seg-loss -20.7102  ema -15.0208
pes  9300  seg-loss -0.5043  ema -16.2189
pes  9325  seg-loss 4.1960  ema -10.7939
pes  9350  seg-loss -9.7757  ema -6.4976
pes  9375  seg-loss 1.6668  ema -7.7785
pes  9400  seg-loss -10.9338  ema -5.9894
pes  9425  seg-loss -5.6474  ema -6.6951
pes  9450  seg-loss -11.9465  ema -7.5620
pes  9475  seg-loss -18.0545  ema -10.6433
pes  9500  seg-loss -20.7202  ema -13.3369
pes  9525  seg-loss -5.9286  ema -12.3428
pes  9550  seg-loss -1.1131  ema -9.7346
pes  9575  seg-loss -16.6137  ema -8.6931
pes  9600  seg-loss -19.8507  ema -12.6759
pes  9625  seg-loss -20.6571  ema -14.2679
pes  9650  seg-loss -19.8137  ema -12.1045
pes  9675  seg-loss -0.8738  ema -11.3626
pes  9700  seg-loss -1.4595  ema -7.2656
pes  9725  seg-loss -0.3005  ema -7.4142
pes  9750  seg-loss -20.7119  ema -7.1046
pes  9775  seg-loss -8.5111  ema -9.8786
pes  9800  seg-loss -19.9223  ema -9.2305
pes  9825  seg-loss -4.9885  ema -10.4206
pes  9850  seg-loss -2.0863  ema -8.8344
pes  9875  seg-loss -20.0863  ema -12.3720
pes  9900  seg-loss -20.6043  ema -13.2936
pes  9925  seg-loss -17.7392  ema -15.4975
pes  9950  seg-loss -20.6636  ema -15.3165
pes  9975  seg-loss -18.3818  ema -15.9030
pes 10000  seg-loss -20.3006  ema -14.6118
pes 10025  seg-loss -19.9347  ema -15.3076
pes 10050  seg-loss -2.0436  ema -14.4164
pes 10075  seg-loss -4.3126  ema -14.3028
pes 10100  seg-loss -19.2496  ema -13.4917
pes 10125  seg-loss -20.6902  ema -15.9841
pes 10150  seg-loss -0.6470  ema -12.8396
pes 10175  seg-loss -18.9842  ema -14.2379
pes 10200  seg-loss -20.7092  ema -14.1995
pes 10225  seg-loss -16.5025  ema -12.4911
pes 10250  seg-loss -9.0061  ema -13.5517
pes 10275  seg-loss -3.2129  ema -14.5127
pes 10300  seg-loss -1.4777  ema -11.6476
pes 10325  seg-loss -5.0752  ema -10.0879
pes 10350  seg-loss -19.5929  ema -10.1885
pes 10375  seg-loss -20.1786  ema -13.5934
pes 10400  seg-loss -3.9451  ema -9.3633
pes 10425  seg-loss -8.5236  ema -11.4402
pes 10450  seg-loss -2.3866  ema -12.5635
pes 10475  seg-loss -18.8757  ema -13.4346
pes 10500  seg-loss -15.6312  ema -12.1853
pes 10525  seg-loss 0.1298  ema -13.7252
pes 10550  seg-loss -10.7709  ema -10.5860
pes 10575  seg-loss -2.1197  ema -11.2664
pes 10600  seg-loss -0.4195  ema -6.8731
pes 10625  seg-loss 1.8405  ema -9.4792
pes 10650  seg-loss -20.7170  ema -8.6937
pes 10675  seg-loss -20.7182  ema -12.7191
pes 10700  seg-loss -0.0378  ema -12.4223
pes 10725  seg-loss -17.7515  ema -13.9486
pes 10750  seg-loss -0.8219  ema -8.9774
pes 10775  seg-loss -1.5618  ema -9.3221
pes 10800  seg-loss -11.6321  ema -5.7303
pes 10825  seg-loss -10.1837  ema -10.0809
pes 10850  seg-loss -19.3912  ema -12.2578
pes 10875  seg-loss -0.5339  ema -9.7147
pes 10900  seg-loss -16.5994  ema -12.2218
pes 10925  seg-loss -19.2662  ema -12.6534
pes 10950  seg-loss -8.3791  ema -13.0086
pes 10975  seg-loss -6.2073  ema -13.3753
pes 11000  seg-loss -0.2059  ema -9.8480
pes 11025  seg-loss -5.1091  ema -6.9795
pes 11050  seg-loss -18.9326  ema -9.7845
pes 11075  seg-loss -20.0660  ema -12.1732
pes 11100  seg-loss -19.3505  ema -13.2267
pes 11125  seg-loss -19.7240  ema -13.8397
pes 11150  seg-loss 0.3337  ema -10.0239
pes 11175  seg-loss -0.0220  ema -6.4534
pes 11200  seg-loss -20.7213  ema -5.8752
pes 11225  seg-loss -5.3365  ema -8.9523
pes 11250  seg-loss -3.7510  ema -9.9714
pes 11275  seg-loss -1.8980  ema -7.2219
pes 11300  seg-loss -10.6573  ema -7.9142
pes 11325  seg-loss 0.3062  ema -6.1556
pes 11350  seg-loss -20.7178  ema -8.3035
pes 11375  seg-loss -0.5845  ema -4.4719
pes 11400  seg-loss -3.1909  ema -3.7844
pes 11425  seg-loss 3.4225  ema -3.6378
pes 11450  seg-loss -18.4824  ema -6.6722
pes 11475  seg-loss -1.4676  ema -10.9103
pes 11500  seg-loss -20.7181  ema -9.8946
pes 11525  seg-loss -4.3631  ema -11.1159
pes 11550  seg-loss -19.5826  ema -10.3535
pes 11575  seg-loss -20.5674  ema -12.9869
pes 11600  seg-loss -14.4609  ema -12.9602
pes 11625  seg-loss -20.6903  ema -15.5283
pes 11650  seg-loss -1.0093  ema -11.7011
pes 11675  seg-loss -5.4461  ema -9.2912
pes 11700  seg-loss -20.6953  ema -13.3549
pes 11725  seg-loss -20.6567  ema -15.5944
pes 11750  seg-loss -0.0531  ema -12.8302
pes 11775  seg-loss -20.6989  ema -13.9386
pes 11800  seg-loss -18.9650  ema -11.9054
pes 11825  seg-loss 2.8973  ema -10.6163
pes 11850  seg-loss -19.0615  ema -9.4051
pes 11875  seg-loss 1.3436  ema -8.1771
pes 11900  seg-loss -15.4176  ema -7.0829
pes 11925  seg-loss -20.7228  ema -11.2148
pes 11950  seg-loss -4.4366  ema -10.2830
pes 11975  seg-loss -18.8600  ema -10.9719
pes 12000  seg-loss -20.6914  ema -14.3447
  eval[h16] learned: loss 0.0038 acc 1.000  vs  muon(lr=0.1): loss 0.0018 acc 0.999
  eval[h64-wider] learned: loss 0.6210 acc 0.887  vs  muon(lr=0.1): loss 0.0000 acc 1.000
  eval[h16-long] learned: loss 0.0000 acc 1.000  vs  muon(lr=0.03): loss 0.0000 acc 1.000
  eval[fashion-h16 HELD-OUT] learned: loss 0.0511 acc 0.983  vs  muon(lr=0.03): loss 0.0000 acc 1.000
  eval[fashion-h64 HELD-OUT] learned: loss 2.5479 acc 0.594  vs  muon(lr=0.03): loss 0.0000 acc 1.000
pes 12025  seg-loss -20.5440  ema -14.0245
pes 12050  seg-loss -17.2195  ema -14.2218
pes 12075  seg-loss -15.7714  ema -14.8016
pes 12100  seg-loss -17.7946  ema -11.9311
pes 12125  seg-loss -1.6685  ema -9.4289
pes 12150  seg-loss -20.6502  ema -8.6732
pes 12175  seg-loss -5.1665  ema -7.0550
pes 12200  seg-loss -0.0528  ema -9.9359
pes 12225  seg-loss -6.6278  ema -12.0225
pes 12250  seg-loss 0.1637  ema -8.3127
pes 12275  seg-loss -16.1627  ema -6.6303
pes 12300  seg-loss -1.3183  ema -8.0377
pes 12325  seg-loss -0.2276  ema -5.0209
pes 12350  seg-loss -8.7597  ema -6.0389
pes 12375  seg-loss -6.4049  ema -7.3233
pes 12400  seg-loss -8.5513  ema -7.7224
pes 12425  seg-loss -13.3939  ema -8.7551
pes 12450  seg-loss -20.6953  ema -12.1640
pes 12475  seg-loss -0.0256  ema -11.4472
pes 12500  seg-loss -13.8195  ema -9.3592
pes 12525  seg-loss -20.7044  ema -12.5654
pes 12550  seg-loss -16.8179  ema -14.8477
pes 12575  seg-loss -4.0739  ema -9.6823
pes 12600  seg-loss -0.1036  ema -5.9425
pes 12625  seg-loss -5.7098  ema -9.2499
pes 12650  seg-loss -20.2517  ema -12.6114
pes 12675  seg-loss -18.5015  ema -14.2096
pes 12700  seg-loss -19.5177  ema -16.2093
pes 12725  seg-loss -2.6237  ema -15.8129
pes 12750  seg-loss -19.7400  ema -16.4188
pes 12775  seg-loss -5.5273  ema -15.5492
pes 12800  seg-loss -19.2694  ema -16.5684
pes 12825  seg-loss -16.1170  ema -14.3389
pes 12850  seg-loss -20.6969  ema -16.2602
pes 12875  seg-loss -18.1935  ema -15.4172
pes 12900  seg-loss -20.7233  ema -15.9745
pes 12925  seg-loss 0.0260  ema -10.9792
pes 12950  seg-loss -19.3816  ema -13.1940
pes 12975  seg-loss -20.2010  ema -15.2377
pes 13000  seg-loss -1.0603  ema -16.6873
pes 13025  seg-loss -12.2952  ema -14.0398
pes 13050  seg-loss -1.4802  ema -8.9514
pes 13075  seg-loss -15.1706  ema -12.5033
pes 13100  seg-loss 4.2526  ema -13.4613
pes 13125  seg-loss -8.1311  ema -8.0248
pes 13150  seg-loss -1.0755  ema -5.6799
pes 13175  seg-loss -15.7949  ema -8.0994
pes 13200  seg-loss -0.2531  ema -6.1507
pes 13225  seg-loss -20.7147  ema -6.6691
pes 13250  seg-loss -19.6029  ema -11.8075
pes 13275  seg-loss -9.1771  ema -10.5309
pes 13300  seg-loss -1.2712  ema -13.4814
pes 13325  seg-loss -1.5342  ema -13.4028
pes 13350  seg-loss -5.0899  ema -10.7854
pes 13375  seg-loss -4.7697  ema -9.0721
pes 13400  seg-loss -0.1357  ema -7.2783
pes 13425  seg-loss -3.0882  ema -6.6600
pes 13450  seg-loss -0.2618  ema -4.4013
pes 13475  seg-loss -19.2792  ema -8.2709
pes 13500  seg-loss -20.7154  ema -11.5310
pes 13525  seg-loss -18.1238  ema -13.8695
pes 13550  seg-loss -5.8283  ema -13.9886
pes 13575  seg-loss -20.2923  ema -15.4481
pes 13600  seg-loss -19.3515  ema -16.3599
pes 13625  seg-loss -10.5302  ema -13.6721
pes 13650  seg-loss -10.0395  ema -12.5843
pes 13675  seg-loss -20.7125  ema -10.9679
pes 13700  seg-loss -1.8067  ema -12.8157
pes 13725  seg-loss -0.1204  ema -13.5001
pes 13750  seg-loss -7.1092  ema -9.2859
pes 13775  seg-loss -20.2322  ema -11.0991
pes 13800  seg-loss 1.3102  ema -8.5270
pes 13825  seg-loss -13.3710  ema -7.4911
pes 13850  seg-loss -12.2079  ema -10.3548
pes 13875  seg-loss -4.2613  ema -12.2950
pes 13900  seg-loss -0.1283  ema -9.6051
pes 13925  seg-loss -20.7224  ema -10.4430
pes 13950  seg-loss -0.5130  ema -9.2641
pes 13975  seg-loss -18.9643  ema -8.4942
pes 14000  seg-loss -20.6324  ema -9.7891
pes 14025  seg-loss -1.9261  ema -8.3163
pes 14050  seg-loss -8.3787  ema -10.9825
pes 14075  seg-loss 1.2442  ema -8.7497
pes 14100  seg-loss -5.0008  ema -5.6268
pes 14125  seg-loss -1.0152  ema -5.5857
pes 14150  seg-loss -2.5138  ema -8.1293
pes 14175  seg-loss 0.3870  ema -5.4456
pes 14200  seg-loss -1.4202  ema -3.8032
pes 14225  seg-loss -18.0109  ema -9.1858
pes 14250  seg-loss -17.3738  ema -12.7339
pes 14275  seg-loss -18.5031  ema -13.4192
pes 14300  seg-loss -20.7233  ema -13.6374
pes 14325  seg-loss -1.2365  ema -13.9636
pes 14350  seg-loss -20.3500  ema -11.6856
pes 14375  seg-loss -19.9147  ema -13.9845
pes 14400  seg-loss -20.3851  ema -15.0590
pes 14425  seg-loss -20.6899  ema -16.4059
pes 14450  seg-loss -2.1189  ema -13.0863
pes 14475  seg-loss -20.6685  ema -14.7087
pes 14500  seg-loss -1.3812  ema -15.9564
pes 14525  seg-loss -4.5813  ema -12.7821
pes 14550  seg-loss -18.2371  ema -14.8843
pes 14575  seg-loss -3.8451  ema -14.8687
pes 14600  seg-loss -0.9686  ema -10.3869
pes 14625  seg-loss -5.2030  ema -8.4650
pes 14650  seg-loss -0.4597  ema -6.5974
pes 14675  seg-loss -16.3604  ema -9.0063
pes 14700  seg-loss -19.5672  ema -11.1047
pes 14725  seg-loss -7.3619  ema -9.4087
pes 14750  seg-loss -5.1098  ema -7.8213
pes 14775  seg-loss -13.3438  ema -8.2111
pes 14800  seg-loss -0.7295  ema -6.7921
pes 14825  seg-loss -20.4689  ema -9.7381
pes 14850  seg-loss -15.5750  ema -10.3216
pes 14875  seg-loss -1.0863  ema -11.6878
pes 14900  seg-loss -7.7301  ema -8.7646
pes 14925  seg-loss -10.1848  ema -9.6165
pes 14950  seg-loss -16.6305  ema -10.8260
pes 14975  seg-loss -20.3562  ema -13.9061
pes 15000  seg-loss -4.5692  ema -9.6293
pes 15025  seg-loss -20.7233  ema -11.6407
pes 15050  seg-loss -0.5171  ema -8.2251
pes 15075  seg-loss -1.1903  ema -7.9617
pes 15100  seg-loss -20.4510  ema -10.3961
pes 15125  seg-loss -20.7233  ema -12.3286
pes 15150  seg-loss -20.0723  ema -15.3764
pes 15175  seg-loss -18.4082  ema -16.3665
pes 15200  seg-loss -1.4006  ema -16.1270
pes 15225  seg-loss -10.0542  ema -14.5485
pes 15250  seg-loss -20.6883  ema -15.0467
pes 15275  seg-loss -20.7233  ema -16.9200
pes 15300  seg-loss -2.2351  ema -16.4079
pes 15325  seg-loss -0.3744  ema -15.1382
pes 15350  seg-loss -1.6373  ema -10.9428
pes 15375  seg-loss -20.0409  ema -12.3914
pes 15400  seg-loss -20.1735  ema -12.0318
pes 15425  seg-loss -20.7233  ema -15.1327
pes 15450  seg-loss -7.6574  ema -13.1538
pes 15475  seg-loss 0.0583  ema -8.4935
pes 15500  seg-loss -20.7233  ema -11.5589
pes 15525  seg-loss -8.8296  ema -13.5733
pes 15550  seg-loss -9.9090  ema -14.7858
pes 15575  seg-loss -20.6828  ema -16.6057
pes 15600  seg-loss -5.1579  ema -16.0457
pes 15625  seg-loss -11.2605  ema -13.2255
pes 15650  seg-loss -20.3604  ema -13.4851
pes 15675  seg-loss -20.1683  ema -13.5594
pes 15700  seg-loss -20.7233  ema -15.7110
pes 15725  seg-loss -1.5561  ema -14.3769
pes 15750  seg-loss -0.4939  ema -15.3354
pes 15775  seg-loss -3.7316  ema -10.7359
pes 15800  seg-loss -5.7698  ema -8.7568
pes 15825  seg-loss -9.2791  ema -8.8426
pes 15850  seg-loss -14.0101  ema -9.8735
pes 15875  seg-loss -20.6582  ema -13.1463
pes 15900  seg-loss -20.3614  ema -15.7113
pes 15925  seg-loss -15.8828  ema -14.5035
pes 15950  seg-loss -20.3645  ema -15.9541
pes 15975  seg-loss -18.2231  ema -16.7010
pes 16000  seg-loss -11.6265  ema -16.0548
  eval[h16] learned: loss 0.0549 acc 0.985  vs  muon(lr=0.1): loss 0.0018 acc 0.999
  eval[h64-wider] learned: loss 0.2580 acc 0.917  vs  muon(lr=0.1): loss 0.0000 acc 1.000
  eval[h16-long] learned: loss 0.0000 acc 1.000  vs  muon(lr=0.03): loss 0.0000 acc 1.000
  eval[fashion-h16 HELD-OUT] learned: loss 0.0001 acc 1.000  vs  muon(lr=0.03): loss 0.0000 acc 1.000
  eval[fashion-h64 HELD-OUT] learned: loss 2.5487 acc 0.515  vs  muon(lr=0.03): loss 0.0000 acc 1.000
pes 16025  seg-loss -1.0839  ema -13.6439
pes 16050  seg-loss -20.7233  ema -12.2289
pes 16075  seg-loss -3.6293  ema -12.6587
pes 16100  seg-loss -7.6524  ema -14.1705
pes 16125  seg-loss -20.5067  ema -14.1766
pes 16150  seg-loss -5.5865  ema -10.6047
pes 16175  seg-loss -19.8290  ema -13.0782
pes 16200  seg-loss -18.2270  ema -13.8883
pes 16225  seg-loss -6.0785  ema -11.6872
pes 16250  seg-loss -20.7233  ema -12.8138
pes 16275  seg-loss 0.1460  ema -10.0352
pes 16300  seg-loss -20.1537  ema -9.7682
pes 16325  seg-loss -16.1708  ema -12.3523
pes 16350  seg-loss 1.7971  ema -11.6867
pes 16375  seg-loss -20.7122  ema -14.1601
pes 16400  seg-loss -20.7176  ema -14.2739
pes 16425  seg-loss -20.4550  ema -16.1375
pes 16450  seg-loss -19.5126  ema -15.4967
pes 16475  seg-loss -10.6673  ema -13.3414
pes 16500  seg-loss -9.2739  ema -12.7468
pes 16525  seg-loss -18.8701  ema -13.2643
pes 16550  seg-loss -20.7090  ema -15.5664
pes 16575  seg-loss -1.0536  ema -15.7404
pes 16600  seg-loss -1.9262  ema -16.5475
pes 16625  seg-loss -19.2032  ema -15.8728
pes 16650  seg-loss -1.7029  ema -11.7220
pes 16675  seg-loss -19.0325  ema -12.7129
pes 16700  seg-loss -0.6754  ema -7.9400
pes 16725  seg-loss -20.6977  ema -11.5378
pes 16750  seg-loss -15.6149  ema -13.4384
pes 16775  seg-loss -12.4299  ema -12.2003
pes 16800  seg-loss -2.2683  ema -13.1087
pes 16825  seg-loss -20.0497  ema -15.1493
pes 16850  seg-loss -20.3463  ema -16.7714
pes 16875  seg-loss -4.3586  ema -13.5332
pes 16900  seg-loss 1.8447  ema -12.2188
pes 16925  seg-loss -1.6292  ema -7.4509
pes 16950  seg-loss -20.6878  ema -11.7905
pes 16975  seg-loss -7.8879  ema -7.2824
  probe-score -6.6925 (new best, saved)
pes 17000  seg-loss -5.9981  ema -5.8832
pes 17025  seg-loss -8.0854  ema -5.9497
pes 17050  seg-loss -0.4090  ema -5.7965
pes 17075  seg-loss -15.5933  ema -5.7802
pes 17100  seg-loss -19.0872  ema -9.4777
pes 17125  seg-loss -20.6742  ema -12.3492
pes 17150  seg-loss -4.9276  ema -11.1744
pes 17175  seg-loss -19.8341  ema -13.1578
pes 17200  seg-loss -1.5612  ema -13.2283
pes 17225  seg-loss 1.1262  ema -11.7452
pes 17250  seg-loss -0.0000  ema -12.6323
pes 17275  seg-loss 0.7814  ema -8.5955
pes 17300  seg-loss -2.0229  ema -5.6816
pes 17325  seg-loss -20.7233  ema -8.3435
pes 17350  seg-loss -8.5658  ema -10.2604
pes 17375  seg-loss -6.7221  ema -9.8833
pes 17400  seg-loss -19.3471  ema -10.7566
pes 17425  seg-loss -7.2607  ema -11.7394
pes 17450  seg-loss -20.7210  ema -12.4858
pes 17475  seg-loss -10.1576  ema -12.9871
pes 17500  seg-loss -0.9017  ema -9.3036
pes 17525  seg-loss -14.4744  ema -10.4331
pes 17550  seg-loss -20.7107  ema -13.2558
pes 17575  seg-loss -7.0819  ema -12.4362
pes 17600  seg-loss -19.4783  ema -12.9081
pes 17625  seg-loss -5.4159  ema -10.9145
pes 17650  seg-loss -20.7233  ema -12.4846
pes 17675  seg-loss -2.9384  ema -10.2550
pes 17700  seg-loss -9.3722  ema -8.9305
pes 17725  seg-loss -18.5025  ema -10.7339
pes 17750  seg-loss -18.9871  ema -11.6486
pes 17775  seg-loss -13.6919  ema -11.9346
pes 17800  seg-loss -0.2548  ema -9.0836
pes 17825  seg-loss -20.0541  ema -11.1163
pes 17850  seg-loss -6.5114  ema -8.6293
pes 17875  seg-loss -4.9629  ema -8.6107
pes 17900  seg-loss -19.6772  ema -11.2401
pes 17925  seg-loss -0.0759  ema -8.8509
pes 17950  seg-loss -1.0491  ema -8.0685
pes 17975  seg-loss -20.7002  ema -10.7466
pes 18000  seg-loss -16.2738  ema -10.1200
pes 18025  seg-loss -18.0876  ema -11.0611
pes 18050  seg-loss -4.6441  ema -9.5398
pes 18075  seg-loss -11.5630  ema -7.1217
pes 18100  seg-loss -19.8167  ema -10.9671
pes 18125  seg-loss -20.7233  ema -12.9365
pes 18150  seg-loss -6.3033  ema -10.9809
pes 18175  seg-loss -6.2884  ema -9.7144
pes 18200  seg-loss -0.6462  ema -11.0261
pes 18225  seg-loss -1.1994  ema -6.6964
pes 18250  seg-loss -20.6874  ema -7.0425
pes 18275  seg-loss -3.1226  ema -9.0139
pes 18300  seg-loss -18.5626  ema -9.6025
pes 18325  seg-loss -19.2568  ema -11.5413
pes 18350  seg-loss -5.2454  ema -11.2142
pes 18375  seg-loss 0.1069  ema -7.4249
pes 18400  seg-loss -20.7129  ema -11.1902
pes 18425  seg-loss -12.0150  ema -9.0445
pes 18450  seg-loss -0.0295  ema -11.5580
pes 18475  seg-loss -5.9779  ema -7.4088
pes 18500  seg-loss -20.7036  ema -7.5297
pes 18525  seg-loss -5.6250  ema -9.6779
pes 18550  seg-loss 4.2375  ema -6.1537
pes 18575  seg-loss -19.4754  ema -6.3326
pes 18600  seg-loss -7.2353  ema -7.5468
pes 18625  seg-loss -0.1579  ema -5.9252
pes 18650  seg-loss -3.7953  ema -7.3968
pes 18675  seg-loss -3.9840  ema -9.8706
pes 18700  seg-loss -4.0317  ema -11.4104
pes 18725  seg-loss -20.4882  ema -10.8819
pes 18750  seg-loss -17.1543  ema -12.5944
pes 18775  seg-loss -0.7529  ema -11.7116
pes 18800  seg-loss -0.2241  ema -7.2978
pes 18825  seg-loss -2.3665  ema -4.8635
pes 18850  seg-loss -11.5484  ema -3.8520
pes 18875  seg-loss -6.3089  ema -8.2325
pes 18900  seg-loss -19.1737  ema -10.3493
pes 18925  seg-loss 1.4271  ema -13.3864
pes 18950  seg-loss -2.4483  ema -12.4481
pes 18975  seg-loss 0.4643  ema -11.4902
pes 19000  seg-loss 0.4640  ema -6.9439
pes 19025  seg-loss -15.9153  ema -6.0239
pes 19050  seg-loss -19.6795  ema -9.6319
pes 19075  seg-loss -20.5821  ema -10.1488
pes 19100  seg-loss -19.0594  ema -13.9003
pes 19125  seg-loss -19.6807  ema -14.9456
pes 19150  seg-loss -20.5231  ema -14.5745
pes 19175  seg-loss -6.3640  ema -13.1359
pes 19200  seg-loss -11.5777  ema -10.5045
pes 19225  seg-loss -1.4673  ema -9.3837
pes 19250  seg-loss -11.0630  ema -10.8091
pes 19275  seg-loss -20.6642  ema -13.6179
pes 19300  seg-loss -20.6917  ema -13.2827
pes 19325  seg-loss -1.6488  ema -12.5248
pes 19350  seg-loss -20.7146  ema -11.1793
pes 19375  seg-loss -20.7080  ema -13.3198
pes 19400  seg-loss -17.0400  ema -13.7067
pes 19425  seg-loss 0.5437  ema -10.5647
pes 19450  seg-loss -20.7070  ema -8.8746
pes 19475  seg-loss -20.5913  ema -11.8537
pes 19500  seg-loss -20.7214  ema -15.1149
pes 19525  seg-loss -19.0933  ema -13.8294
pes 19550  seg-loss 1.5341  ema -13.6106
pes 19575  seg-loss -10.7919  ema -8.5447
pes 19600  seg-loss -20.7216  ema -10.6285
pes 19625  seg-loss -20.5267  ema -14.0417
pes 19650  seg-loss -3.0371  ema -12.3855
pes 19675  seg-loss -16.1936  ema -11.6869
pes 19700  seg-loss -0.0273  ema -11.5580
pes 19725  seg-loss -11.6449  ema -13.1888
pes 19750  seg-loss 2.1565  ema -13.7716
pes 19775  seg-loss -1.9864  ema -13.8941
pes 19800  seg-loss -16.8283  ema -11.6548
pes 19825  seg-loss -9.1966  ema -10.2192
pes 19850  seg-loss -19.1190  ema -12.0505
pes 19875  seg-loss -17.8420  ema -12.4005
pes 19900  seg-loss -5.6952  ema -11.8655
pes 19925  seg-loss -0.0723  ema -8.1483
pes 19950  seg-loss -12.6113  ema -9.4266
pes 19975  seg-loss -1.3547  ema -8.0903
pes 20000  seg-loss -20.7017  ema -8.6491
  eval[h16] learned: loss 0.0005 acc 1.000  vs  muon(lr=0.1): loss 0.0018 acc 0.999
  eval[h64-wider] learned: loss 0.2181 acc 0.950  vs  muon(lr=0.1): loss 0.0000 acc 1.000
  eval[h16-long] learned: loss 0.0000 acc 1.000  vs  muon(lr=0.03): loss 0.0000 acc 1.000
  eval[fashion-h16 HELD-OUT] learned: loss 0.0039 acc 0.999  vs  muon(lr=0.03): loss 0.0000 acc 1.000
  eval[fashion-h64 HELD-OUT] learned: loss 2.0762 acc 0.545  vs  muon(lr=0.03): loss 0.0000 acc 1.000
pes 20025  seg-loss -20.7109  ema -13.3210
pes 20050  seg-loss -6.5054  ema -12.2823
pes 20075  seg-loss -20.4151  ema -12.8005
pes 20100  seg-loss -12.6617  ema -14.4216
pes 20125  seg-loss -19.6952  ema -14.7403
pes 20150  seg-loss -20.6873  ema -15.7028
pes 20175  seg-loss -17.3721  ema -15.0320
pes 20200  seg-loss -3.1333  ema -15.8290
pes 20225  seg-loss -20.3382  ema -15.8981
pes 20250  seg-loss -19.9183  ema -14.9707
pes 20275  seg-loss -20.3341  ema -16.3653
pes 20300  seg-loss -18.1717  ema -16.5658
pes 20325  seg-loss -3.0548  ema -15.4392
pes 20350  seg-loss -4.5415  ema -11.2840
pes 20375  seg-loss -1.4895  ema -7.8691
pes 20400  seg-loss -20.3987  ema -8.1448
pes 20425  seg-loss -18.6570  ema -7.8907
pes 20450  seg-loss -20.2506  ema -10.8371
pes 20475  seg-loss -6.1117  ema -9.6229
pes 20500  seg-loss -20.6013  ema -9.3436
pes 20525  seg-loss -18.4306  ema -10.6370
pes 20550  seg-loss -20.6843  ema -13.6434
pes 20575  seg-loss -19.3463  ema -14.4914
pes 20600  seg-loss -2.5248  ema -15.3540
pes 20625  seg-loss -2.2226  ema -11.5463
pes 20650  seg-loss -20.6008  ema -13.9132
pes 20675  seg-loss -10.7780  ema -11.6493
pes 20700  seg-loss -20.7187  ema -11.9621
pes 20725  seg-loss -19.7531  ema -14.7482
pes 20750  seg-loss -3.1895  ema -11.4070
pes 20775  seg-loss 0.0307  ema -12.5835
pes 20800  seg-loss -14.6400  ema -8.9079
pes 20825  seg-loss -11.0797  ema -10.6546
pes 20850  seg-loss -4.6927  ema -9.2393
pes 20875  seg-loss -11.3031  ema -8.1030
pes 20900  seg-loss -7.4691  ema -9.5367
pes 20925  seg-loss 3.9290  ema -9.4094
pes 20950  seg-loss -18.1658  ema -7.8868
pes 20975  seg-loss -19.1274  ema -11.6864
pes 21000  seg-loss -15.6853  ema -12.8838
pes 21025  seg-loss -6.3922  ema -14.6865
pes 21050  seg-loss -18.1050  ema -15.4120
pes 21075  seg-loss -20.7204  ema -16.4381
pes 21100  seg-loss -5.2946  ema -17.6091
pes 21125  seg-loss -12.4496  ema -17.5917
pes 21150  seg-loss -13.4685  ema -15.6746
pes 21175  seg-loss -4.2781  ema -13.3264
pes 21200  seg-loss -19.8899  ema -13.6780
pes 21225  seg-loss -20.3165  ema -15.0481
pes 21250  seg-loss -17.2290  ema -11.8716
pes 21275  seg-loss -19.1216  ema -14.5649
pes 21300  seg-loss -20.6741  ema -15.3291
pes 21325  seg-loss -19.9519  ema -15.8591
pes 21350  seg-loss -20.7074  ema -17.3019
pes 21375  seg-loss -4.4970  ema -14.3897
pes 21400  seg-loss -0.5326  ema -9.8937
pes 21425  seg-loss -7.4816  ema -7.7012
pes 21450  seg-loss -13.7803  ema -7.5466
pes 21475  seg-loss -1.0435  ema -8.5889
pes 21500  seg-loss -0.6596  ema -9.9028
pes 21525  seg-loss -18.1282  ema -11.7147
pes 21550  seg-loss -2.0238  ema -7.4157
pes 21575  seg-loss -3.6365  ema -7.0100
pes 21600  seg-loss 0.0117  ema -5.4275
pes 21625  seg-loss -20.1269  ema -8.0290
pes 21650  seg-loss -9.8652  ema -10.2877
pes 21675  seg-loss -1.7556  ema -10.7692
pes 21700  seg-loss -0.0658  ema -7.0142
pes 21725  seg-loss -5.5093  ema -5.6349
pes 21750  seg-loss -20.4440  ema -9.6188
pes 21775  seg-loss -0.7948  ema -8.7936
pes 21800  seg-loss -0.0931  ema -11.3030
pes 21825  seg-loss -5.1379  ema -9.0745
pes 21850  seg-loss -3.8305  ema -6.8607
pes 21875  seg-loss -19.5452  ema -4.9023
pes 21900  seg-loss -11.2872  ema -9.7094
pes 21925  seg-loss -6.0037  ema -9.8269
pes 21950  seg-loss -19.4405  ema -11.3786
pes 21975  seg-loss -11.0741  ema -10.8112
pes 22000  seg-loss -18.5944  ema -9.7633
pes 22025  seg-loss -20.6613  ema -12.0794
pes 22050  seg-loss 1.8243  ema -13.4747
pes 22075  seg-loss 0.0433  ema -10.5315
pes 22100  seg-loss -13.6017  ema -7.1489
pes 22125  seg-loss -3.3626  ema -10.3212
pes 22150  seg-loss -2.0400  ema -11.0600
pes 22175  seg-loss -0.2070  ema -13.0787
pes 22200  seg-loss -20.6978  ema -10.5099
pes 22225  seg-loss -7.3197  ema -11.4540
pes 22250  seg-loss -12.1680  ema -10.1677
pes 22275  seg-loss 1.0412  ema -7.5443
pes 22300  seg-loss -7.6873  ema -6.4955
pes 22325  seg-loss -5.7813  ema -8.0217
pes 22350  seg-loss -7.2480  ema -11.3167
pes 22375  seg-loss -1.0282  ema -13.9208
pes 22400  seg-loss -2.3844  ema -9.7757
pes 22425  seg-loss -6.6488  ema -11.4775
pes 22450  seg-loss -20.7233  ema -11.1284
pes 22475  seg-loss -20.6817  ema -14.8110
pes 22500  seg-loss -0.1157  ema -12.3187
pes 22525  seg-loss -9.8521  ema -8.6413
pes 22550  seg-loss -19.2350  ema -5.9051
pes 22575  seg-loss -5.0382  ema -9.2553
pes 22600  seg-loss -20.6913  ema -10.7983
pes 22625  seg-loss -0.0064  ema -8.4112
pes 22650  seg-loss -20.6985  ema -7.7812
pes 22675  seg-loss -6.1675  ema -10.0136
pes 22700  seg-loss -20.3898  ema -12.0643
pes 22725  seg-loss -20.6938  ema -15.0811
pes 22750  seg-loss -13.4898  ema -11.8149
pes 22775  seg-loss -8.5131  ema -11.6471
pes 22800  seg-loss -19.5898  ema -13.1813
pes 22825  seg-loss -18.2814  ema -11.9020
pes 22850  seg-loss -4.7643  ema -11.5409
pes 22875  seg-loss -20.1882  ema -10.8131
pes 22900  seg-loss -20.7233  ema -12.9885
pes 22925  seg-loss -19.4113  ema -14.5343
pes 22950  seg-loss 0.7609  ema -14.8157
pes 22975  seg-loss -2.5283  ema -10.0781
pes 23000  seg-loss -17.1174  ema -10.5929
pes 23025  seg-loss -1.3646  ema -13.2512
pes 23050  seg-loss 0.6524  ema -10.2701
pes 23075  seg-loss -20.5996  ema -9.4423
pes 23100  seg-loss -20.2996  ema -13.6527
pes 23125  seg-loss -2.7782  ema -11.0587
pes 23150  seg-loss -0.7694  ema -13.1211
pes 23175  seg-loss -18.0723  ema -12.2936
pes 23200  seg-loss -17.8075  ema -13.0285
pes 23225  seg-loss -19.2633  ema -12.6653
pes 23250  seg-loss -1.2219  ema -13.4926
pes 23275  seg-loss -10.4167  ema -15.1421
pes 23300  seg-loss -20.7233  ema -14.1282
pes 23325  seg-loss -0.8058  ema -13.6994
pes 23350  seg-loss -0.1746  ema -11.3855
pes 23375  seg-loss -6.2293  ema -7.5994
pes 23400  seg-loss -4.9408  ema -8.7044
pes 23425  seg-loss -20.0391  ema -8.5821
pes 23450  seg-loss -19.8302  ema -10.0819
pes 23475  seg-loss 0.0141  ema -7.9016
pes 23500  seg-loss -20.2625  ema -11.2731
pes 23525  seg-loss 3.3447  ema -8.4615
pes 23550  seg-loss -16.8886  ema -5.7060
pes 23575  seg-loss -4.6457  ema -8.1551
pes 23600  seg-loss -20.5742  ema -10.6121
pes 23625  seg-loss -20.2298  ema -12.0117
pes 23650  seg-loss -19.5118  ema -12.6039
pes 23675  seg-loss -20.7141  ema -11.3015
pes 23700  seg-loss -8.2207  ema -10.6392
pes 23725  seg-loss -17.0696  ema -11.0070
pes 23750  seg-loss -5.9104  ema -11.0873
pes 23775  seg-loss -12.2542  ema -9.7614
pes 23800  seg-loss -19.5258  ema -11.4434
pes 23825  seg-loss -18.8816  ema -12.1504
pes 23850  seg-loss -0.2823  ema -11.0825
pes 23875  seg-loss -20.6981  ema -7.6078
pes 23900  seg-loss -20.3111  ema -9.2699
pes 23925  seg-loss -20.7192  ema -9.4708
pes 23950  seg-loss -0.1350  ema -11.3387
pes 23975  seg-loss -4.1679  ema -8.4352
pes 24000  seg-loss -10.2770  ema -8.8496
  eval[h16] learned: loss 0.0017 acc 1.000  vs  muon(lr=0.1): loss 0.0018 acc 0.999
  eval[h64-wider] learned: loss 0.7512 acc 0.824  vs  muon(lr=0.1): loss 0.0000 acc 1.000
  eval[h16-long] learned: loss 0.0001 acc 1.000  vs  muon(lr=0.03): loss 0.0000 acc 1.000
  eval[fashion-h16 HELD-OUT] learned: loss 0.0001 acc 1.000  vs  muon(lr=0.03): loss 0.0000 acc 1.000
  eval[fashion-h64 HELD-OUT] learned: loss 1.8972 acc 0.677  vs  muon(lr=0.03): loss 0.0000 acc 1.000
pes 24025  seg-loss -20.6803  ema -12.1290
pes 24050  seg-loss -10.3788  ema -13.0204
pes 24075  seg-loss -5.4206  ema -11.2487
pes 24100  seg-loss 0.1386  ema -7.6913
pes 24125  seg-loss -18.7773  ema -8.6542
pes 24150  seg-loss -20.1859  ema -12.7480
pes 24175  seg-loss -18.8092  ema -12.9711
pes 24200  seg-loss -18.8615  ema -12.4795
pes 24225  seg-loss -17.7044  ema -13.9524
pes 24250  seg-loss -17.2977  ema -11.9833
pes 24275  seg-loss -20.7233  ema -13.1120
pes 24300  seg-loss -9.4372  ema -10.2171
pes 24325  seg-loss -17.0505  ema -12.6798
pes 24350  seg-loss -5.1943  ema -10.2561
pes 24375  seg-loss -3.5895  ema -9.2485
pes 24400  seg-loss -17.6639  ema -6.4729
pes 24425  seg-loss -20.0247  ema -11.5117
pes 24450  seg-loss -19.6200  ema -13.8015
pes 24475  seg-loss -16.1091  ema -14.3539
pes 24500  seg-loss -1.5751  ema -14.3021
pes 24525  seg-loss -3.3099  ema -11.4290
pes 24550  seg-loss -0.1432  ema -12.9003
pes 24575  seg-loss -17.6013  ema -8.4929
pes 24600  seg-loss -1.7043  ema -6.6903
pes 24625  seg-loss -20.4441  ema -8.7450
pes 24650  seg-loss -19.9906  ema -12.7557
pes 24675  seg-loss -15.1469  ema -14.4456
pes 24700  seg-loss -4.8694  ema -11.3037
pes 24725  seg-loss -20.6315  ema -12.9337
pes 24750  seg-loss -11.4580  ema -14.3283
pes 24775  seg-loss -20.6709  ema -16.5996
pes 24800  seg-loss -20.6954  ema -11.8980
pes 24825  seg-loss -20.7083  ema -15.1499
pes 24850  seg-loss -4.7070  ema -13.0149
pes 24875  seg-loss -20.1628  ema -13.5361
pes 24900  seg-loss -2.6646  ema -14.0632
pes 24925  seg-loss -19.6575  ema -13.7206
pes 24950  seg-loss -4.7893  ema -10.8594
pes 24975  seg-loss -13.7335  ema -10.9772
pes 25000  seg-loss -0.0384  ema -12.1875
pes 25025  seg-loss -19.6755  ema -8.8389
pes 25050  seg-loss -20.6389  ema -11.2630
pes 25075  seg-loss -15.2220  ema -11.6104
pes 25100  seg-loss -2.7502  ema -9.0526
pes 25125  seg-loss -20.7009  ema -12.3483
pes 25150  seg-loss -20.6666  ema -10.6455
pes 25175  seg-loss -16.8598  ema -9.3016
pes 25200  seg-loss -3.3856  ema -11.6978
pes 25225  seg-loss -17.8318  ema -12.7867
pes 25250  seg-loss -19.7947  ema -14.3812
pes 25275  seg-loss -19.4684  ema -15.9145
pes 25300  seg-loss 2.8725  ema -15.5628
pes 25325  seg-loss -2.0137  ema -15.4378
pes 25350  seg-loss -0.6153  ema -15.5811
pes 25375  seg-loss -19.9777  ema -14.8839
pes 25400  seg-loss -20.2565  ema -13.5666
pes 25425  seg-loss -18.7736  ema -15.6133
pes 25450  seg-loss -5.2253  ema -12.3189
pes 25475  seg-loss -1.1290  ema -12.6158
pes 25500  seg-loss -13.6048  ema -10.5316
pes 25525  seg-loss -0.0575  ema -7.7399
pes 25550  seg-loss -0.0443  ema -4.6788
pes 25575  seg-loss -7.6344  ema -5.4549
pes 25600  seg-loss -0.3094  ema -10.0819
pes 25625  seg-loss -14.7368  ema -10.4113
pes 25650  seg-loss -20.2999  ema -13.0688
pes 25675  seg-loss -20.3077  ema -14.4126
pes 25700  seg-loss -20.7233  ema -15.7357
pes 25725  seg-loss -20.5774  ema -17.5513
pes 25750  seg-loss -0.8534  ema -15.2341
pes 25775  seg-loss -19.5398  ema -11.9180
pes 25800  seg-loss -5.0283  ema -11.1453
pes 25825  seg-loss -5.3352  ema -8.4363
pes 25850  seg-loss -15.9803  ema -8.6544
pes 25875  seg-loss -6.9570  ema -6.0301
pes 25900  seg-loss -0.2968  ema -8.0891
pes 25925  seg-loss -20.7165  ema -9.6696
pes 25950  seg-loss -20.4329  ema -13.7187
pes 25975  seg-loss -20.6768  ema -15.8969
pes 26000  seg-loss -1.1224  ema -16.1454
pes 26025  seg-loss -1.8717  ema -11.9462
pes 26050  seg-loss 1.3785  ema -11.7212
pes 26075  seg-loss -4.2581  ema -7.2508
pes 26100  seg-loss -1.0704  ema -10.4597
pes 26125  seg-loss -13.3403  ema -10.5657
pes 26150  seg-loss -0.6445  ema -8.5752
pes 26175  seg-loss -4.4654  ema -7.0498
pes 26200  seg-loss -12.0443  ema -6.9070
pes 26225  seg-loss -17.4457  ema -10.4979
pes 26250  seg-loss -19.7539  ema -13.9505
pes 26275  seg-loss -19.8762  ema -14.0460
pes 26300  seg-loss -20.2553  ema -16.1312
pes 26325  seg-loss -3.9346  ema -12.7814
pes 26350  seg-loss -20.7220  ema -12.3103
pes 26375  seg-loss -20.3593  ema -13.8631
pes 26400  seg-loss -5.6846  ema -12.4810
pes 26425  seg-loss -4.8660  ema -8.6269
pes 26450  seg-loss -0.4069  ema -7.8433
pes 26475  seg-loss -20.2343  ema -11.8813
pes 26500  seg-loss -2.4256  ema -12.4511
pes 26525  seg-loss -13.7055  ema -11.4611
pes 26550  seg-loss -20.1976  ema -14.3784
pes 26575  seg-loss -14.8842  ema -9.8135
pes 26600  seg-loss -2.6308  ema -11.0890
pes 26625  seg-loss -18.7427  ema -9.4361
pes 26650  seg-loss -15.4328  ema -11.6259
pes 26675  seg-loss -11.3227  ema -10.2596
pes 26700  seg-loss -9.2821  ema -8.9957
pes 26725  seg-loss -18.6815  ema -9.2608
pes 26750  seg-loss -3.9749  ema -10.8342
pes 26775  seg-loss 4.5144  ema -6.8602
pes 26800  seg-loss -20.7181  ema -7.2765
pes 26825  seg-loss 3.6624  ema -7.6151
pes 26850  seg-loss -20.7233  ema -11.7523
pes 26875  seg-loss -19.4220  ema -13.3910
pes 26900  seg-loss -20.3761  ema -15.0616
pes 26925  seg-loss -17.3951  ema -12.7602
pes 26950  seg-loss -20.6975  ema -13.6788
pes 26975  seg-loss -1.2940  ema -12.5873
pes 27000  seg-loss -15.2058  ema -11.3300
pes 27025  seg-loss -14.8401  ema -12.2539
pes 27050  seg-loss -20.0817  ema -13.0362
pes 27075  seg-loss -11.7694  ema -12.2967
pes 27100  seg-loss -3.1660  ema -9.2502
pes 27125  seg-loss -20.5643  ema -13.1529
pes 27150  seg-loss -5.7538  ema -10.1795
pes 27175  seg-loss -10.3075  ema -9.2512
pes 27200  seg-loss -12.1808  ema -10.4493
pes 27225  seg-loss -6.0510  ema -10.5255
pes 27250  seg-loss -18.8561  ema -12.4600
pes 27275  seg-loss -20.6756  ema -10.8859
pes 27300  seg-loss -13.4226  ema -13.2044
pes 27325  seg-loss 0.4649  ema -14.0550
pes 27350  seg-loss 1.5721  ema -9.0537
pes 27375  seg-loss -3.5473  ema -5.7004
pes 27400  seg-loss -0.0230  ema -6.2662
pes 27425  seg-loss -20.7233  ema -8.4680
pes 27450  seg-loss -5.3854  ema -10.1728
pes 27475  seg-loss -4.6277  ema -9.5348
pes 27500  seg-loss -4.9946  ema -9.4806
pes 27525  seg-loss 3.7333  ema -5.9726
pes 27550  seg-loss 0.6589  ema -3.9432
pes 27575  seg-loss 0.0378  ema -2.3222
pes 27600  seg-loss -15.7256  ema -7.2711
pes 27625  seg-loss -19.6127  ema -11.2079
pes 27650  seg-loss -20.7233  ema -13.7906
pes 27675  seg-loss -7.9107  ema -11.2350
pes 27700  seg-loss -10.0918  ema -9.4737
pes 27725  seg-loss -7.4663  ema -8.2531
pes 27750  seg-loss -20.6913  ema -10.5988
pes 27775  seg-loss -0.1252  ema -9.2535
pes 27800  seg-loss -20.7101  ema -7.9617
pes 27825  seg-loss -0.0877  ema -9.9197
pes 27850  seg-loss -11.8275  ema -8.2889
pes 27875  seg-loss -5.7675  ema -8.1975
pes 27900  seg-loss -20.6840  ema -12.3831
pes 27925  seg-loss -3.8447  ema -8.9323
pes 27950  seg-loss -19.5817  ema -11.4997
pes 27975  seg-loss -2.3701  ema -13.3431
pes 28000  seg-loss -1.8168  ema -7.8225
  eval[h16] learned: loss 0.0154 acc 0.992  vs  muon(lr=0.1): loss 0.0018 acc 0.999
  eval[h64-wider] learned: loss 1.8510 acc 0.762  vs  muon(lr=0.1): loss 0.0000 acc 1.000
  eval[h16-long] learned: loss 0.0000 acc 1.000  vs  muon(lr=0.03): loss 0.0000 acc 1.000
  eval[fashion-h16 HELD-OUT] learned: loss 0.0834 acc 0.982  vs  muon(lr=0.03): loss 0.0000 acc 1.000
  eval[fashion-h64 HELD-OUT] learned: loss 3.2573 acc 0.460  vs  muon(lr=0.03): loss 0.0000 acc 1.000
pes 28025  seg-loss -6.1687  ema -7.2436
pes 28050  seg-loss -20.7233  ema -7.6409
pes 28075  seg-loss -19.8536  ema -10.8027
pes 28100  seg-loss -14.5403  ema -12.8724
pes 28125  seg-loss -18.0524  ema -11.1058
pes 28150  seg-loss -18.2874  ema -13.6805
pes 28175  seg-loss -20.6621  ema -16.2433
pes 28200  seg-loss -0.6605  ema -15.3248
pes 28225  seg-loss -7.9559  ema -11.7106
pes 28250  seg-loss -4.9585  ema -9.8222
pes 28275  seg-loss -16.3183  ema -9.7925
pes 28300  seg-loss -20.7201  ema -12.3233
pes 28325  seg-loss -18.2278  ema -12.1442
pes 28350  seg-loss -1.0854  ema -13.5837
pes 28375  seg-loss -1.1558  ema -12.9552
pes 28400  seg-loss -16.9226  ema -9.6033
pes 28425  seg-loss -9.7900  ema -9.0612
pes 28450  seg-loss -17.7623  ema -10.9445
pes 28475  seg-loss -0.0746  ema -7.7426
pes 28500  seg-loss -20.5979  ema -11.9407
pes 28525  seg-loss -19.6455  ema -14.5842
pes 28550  seg-loss -20.6739  ema -15.8399
pes 28575  seg-loss -17.8875  ema -16.6269
pes 28600  seg-loss -0.2377  ema -13.1498
pes 28625  seg-loss -3.0913  ema -9.3018
pes 28650  seg-loss -10.7586  ema -7.4575
pes 28675  seg-loss -20.2793  ema -9.9789
pes 28700  seg-loss -18.1289  ema -12.2808
pes 28725  seg-loss -20.6153  ema -13.2139
pes 28750  seg-loss -1.0463  ema -13.7245
pes 28775  seg-loss -20.7233  ema -15.2152
pes 28800  seg-loss -0.3028  ema -16.8824
pes 28825  seg-loss -0.9174  ema -14.4647
pes 28850  seg-loss -20.5765  ema -12.6644
pes 28875  seg-loss -20.6928  ema -13.4953
pes 28900  seg-loss -0.3826  ema -11.9636
pes 28925  seg-loss -16.0441  ema -8.5326
pes 28950  seg-loss -12.4596  ema -8.8301
pes 28975  seg-loss -9.1455  ema -7.8962
pes 29000  seg-loss -20.7206  ema -9.7795
pes 29025  seg-loss -8.6427  ema -12.5688
pes 29050  seg-loss -7.6233  ema -13.8355
pes 29075  seg-loss -6.5937  ema -10.7390
pes 29100  seg-loss -20.2832  ema -11.3528
pes 29125  seg-loss -20.6180  ema -14.7253
pes 29150  seg-loss -10.0859  ema -11.8993
pes 29175  seg-loss -20.7138  ema -13.1496
pes 29200  seg-loss -19.7514  ema -15.3294
pes 29225  seg-loss -20.6794  ema -15.6308
pes 29250  seg-loss -18.7536  ema -16.4783
pes 29275  seg-loss -12.8132  ema -14.3757
pes 29300  seg-loss -18.1168  ema -11.6412
pes 29325  seg-loss -10.6533  ema -10.7196
pes 29350  seg-loss -1.9789  ema -8.1930
pes 29375  seg-loss -18.9164  ema -12.1867
pes 29400  seg-loss -5.6590  ema -9.2403
pes 29425  seg-loss -19.3539  ema -11.5735
pes 29450  seg-loss 0.3159  ema -8.4316
pes 29475  seg-loss -1.0477  ema -10.7366
pes 29500  seg-loss -16.4408  ema -9.0056
pes 29525  seg-loss 0.2875  ema -9.4420
pes 29550  seg-loss -19.1495  ema -8.4937
pes 29575  seg-loss -13.7974  ema -10.7845
pes 29600  seg-loss -0.6888  ema -13.7959
pes 29625  seg-loss -20.1609  ema -15.4114
pes 29650  seg-loss -20.7233  ema -17.0552
pes 29675  seg-loss -8.0662  ema -13.1494
pes 29700  seg-loss -19.3119  ema -13.4144
pes 29725  seg-loss -15.5267  ema -14.5803
pes 29750  seg-loss -2.5723  ema -10.3450
pes 29775  seg-loss -20.6145  ema -10.2762
pes 29800  seg-loss -20.2021  ema -14.1843
pes 29825  seg-loss -12.7051  ema -12.9738
pes 29850  seg-loss -13.1526  ema -10.9368
pes 29875  seg-loss -19.5731  ema -13.0159
pes 29900  seg-loss -4.9101  ema -13.1016
pes 29925  seg-loss -4.2826  ema -10.6602
pes 29950  seg-loss -3.6854  ema -7.9122
pes 29975  seg-loss -0.0219  ema -5.3770
pes 30000  seg-loss 0.7351  ema -3.6712
pes 30025  seg-loss -20.5721  ema -4.6717
pes 30050  seg-loss -10.0686  ema -6.2463
pes 30075  seg-loss -18.5622  ema -8.8176
pes 30100  seg-loss -19.6013  ema -11.9057
pes 30125  seg-loss -16.4623  ema -8.2526
pes 30150  seg-loss 2.9997  ema -4.5163
pes 30175  seg-loss -0.5590  ema -8.5167
pes 30200  seg-loss -1.3147  ema -11.0596
pes 30225  seg-loss -5.0439  ema -9.6339
pes 30250  seg-loss -9.5699  ema -11.8898
pes 30275  seg-loss -4.5744  ema -10.9012
pes 30300  seg-loss -20.6110  ema -11.8168
pes 30325  seg-loss -20.0424  ema -14.9042
pes 30350  seg-loss -8.4416  ema -11.7204
pes 30375  seg-loss -3.0867  ema -10.2957
pes 30400  seg-loss -18.7690  ema -10.0343
pes 30425  seg-loss -18.4447  ema -11.2361
pes 30450  seg-loss -13.9731  ema -10.2393
pes 30475  seg-loss -19.5144  ema -13.8151
pes 30500  seg-loss -16.4383  ema -13.5430
pes 30525  seg-loss -16.5868  ema -14.6181
pes 30550  seg-loss -3.8006  ema -12.6971
pes 30575  seg-loss -20.1982  ema -10.9505
pes 30600  seg-loss -8.0798  ema -11.4701
pes 30625  seg-loss -20.7139  ema -14.5489
pes 30650  seg-loss -5.1790  ema -14.7538
pes 30675  seg-loss -14.2464  ema -12.8838
pes 30700  seg-loss -10.1061  ema -12.9109
pes 30725  seg-loss -7.5447  ema -10.4105
pes 30750  seg-loss 0.2066  ema -7.9656
pes 30775  seg-loss -0.0357  ema -4.7941
pes 30800  seg-loss -0.0601  ema -9.0522
pes 30825  seg-loss -20.2302  ema -8.1808
pes 30850  seg-loss -20.4927  ema -12.0723
pes 30875  seg-loss -20.6371  ema -13.8763
pes 30900  seg-loss -20.7233  ema -15.3309
pes 30925  seg-loss 1.2954  ema -10.6821
pes 30950  seg-loss 0.2156  ema -6.1621
pes 30975  seg-loss -3.3991  ema -5.1319
pes 31000  seg-loss -20.6306  ema -9.4805
pes 31025  seg-loss -20.3291  ema -13.6909
pes 31050  seg-loss -7.4956  ema -10.0209
pes 31075  seg-loss -5.5163  ema -8.1693
pes 31100  seg-loss -8.2447  ema -7.7451
pes 31125  seg-loss -20.6612  ema -11.8596
pes 31150  seg-loss -4.9409  ema -9.2983
pes 31175  seg-loss -11.9660  ema -8.6649
pes 31200  seg-loss -5.1517  ema -7.1768
pes 31225  seg-loss -19.1413  ema -7.0985
pes 31250  seg-loss -3.3212  ema -8.9019
pes 31275  seg-loss -18.2727  ema -10.7664
pes 31300  seg-loss -4.8720  ema -13.5731
pes 31325  seg-loss -5.7065  ema -10.1696
pes 31350  seg-loss -0.9119  ema -9.6199
pes 31375  seg-loss -4.8529  ema -6.9738
pes 31400  seg-loss 1.2213  ema -5.6552
pes 31425  seg-loss -20.1342  ema -8.3505
pes 31450  seg-loss -20.0307  ema -11.2576
pes 31475  seg-loss -8.2581  ema -11.0111
pes 31500  seg-loss -0.1285  ema -12.5207
pes 31525  seg-loss -16.4984  ema -12.5060
pes 31550  seg-loss 0.0696  ema -10.1540
pes 31575  seg-loss -18.7186  ema -8.3484
pes 31600  seg-loss -15.6358  ema -9.7006
pes 31625  seg-loss -17.8971  ema -10.6213
pes 31650  seg-loss -4.6965  ema -9.9667
pes 31675  seg-loss -18.2134  ema -9.5564
pes 31700  seg-loss -20.7109  ema -11.5237
pes 31725  seg-loss -17.8835  ema -11.7786
pes 31750  seg-loss -3.6134  ema -12.1042
pes 31775  seg-loss -2.5468  ema -11.7085
pes 31800  seg-loss -20.7233  ema -12.7679
pes 31825  seg-loss 0.0100  ema -14.0486
pes 31850  seg-loss -17.1210  ema -10.5369
pes 31875  seg-loss -20.3790  ema -13.5177
pes 31900  seg-loss -20.7081  ema -13.3996
pes 31925  seg-loss -19.7025  ema -14.8569
pes 31950  seg-loss 0.8276  ema -13.9536
pes 31975  seg-loss -15.3482  ema -13.2925
pes 32000  seg-loss -20.6142  ema -15.5299
  eval[h16] learned: loss 0.0272 acc 0.992  vs  muon(lr=0.1): loss 0.0018 acc 0.999
  eval[h64-wider] learned: loss 0.8259 acc 0.798  vs  muon(lr=0.1): loss 0.0000 acc 1.000
  eval[h16-long] learned: loss 0.0000 acc 1.000  vs  muon(lr=0.03): loss 0.0000 acc 1.000
  eval[fashion-h16 HELD-OUT] learned: loss 0.5771 acc 0.838  vs  muon(lr=0.03): loss 0.0000 acc 1.000
  eval[fashion-h64 HELD-OUT] learned: loss 2.8326 acc 0.569  vs  muon(lr=0.03): loss 0.0000 acc 1.000
pes 32025  seg-loss 1.2349  ema -10.1043
pes 32050  seg-loss -15.6023  ema -8.9807
pes 32075  seg-loss -16.5835  ema -8.8097
pes 32100  seg-loss 0.0541  ema -7.7510
pes 32125  seg-loss -19.7367  ema -9.3051
pes 32150  seg-loss -18.9238  ema -13.1008
pes 32175  seg-loss -0.6170  ema -8.4085
pes 32200  seg-loss -20.6371  ema -11.6385
pes 32225  seg-loss -15.7976  ema -13.4813
pes 32250  seg-loss -20.7212  ema -15.8329
pes 32275  seg-loss -1.1688  ema -13.3783
pes 32300  seg-loss -0.0530  ema -8.8878
pes 32325  seg-loss -19.4504  ema -9.0845
pes 32350  seg-loss 2.2921  ema -7.3242
pes 32375  seg-loss -19.0991  ema -9.9647
pes 32400  seg-loss -20.0050  ema -12.1364
pes 32425  seg-loss -6.4127  ema -10.4168
pes 32450  seg-loss -20.7175  ema -10.4172
pes 32475  seg-loss -12.3687  ema -10.7828
pes 32500  seg-loss -0.3560  ema -7.8483
pes 32525  seg-loss -17.5589  ema -7.4388
pes 32550  seg-loss -19.7753  ema -9.9218
pes 32575  seg-loss -20.6806  ema -12.7904
pes 32600  seg-loss -1.7712  ema -10.8953
pes 32625  seg-loss -19.8923  ema -9.5745
pes 32650  seg-loss -12.7407  ema -12.3845
pes 32675  seg-loss -3.5250  ema -13.1090
pes 32700  seg-loss -5.4696  ema -12.3885
pes 32725  seg-loss -5.6370  ema -10.4371
pes 32750  seg-loss -0.0503  ema -9.1065
pes 32775  seg-loss -20.7192  ema -8.2252
pes 32800  seg-loss -20.5432  ema -11.6688
pes 32825  seg-loss -5.4879  ema -11.7931
pes 32850  seg-loss -2.9211  ema -9.5310
pes 32875  seg-loss -20.2836  ema -10.4617
pes 32900  seg-loss -16.6548  ema -12.4547
pes 32925  seg-loss -18.7046  ema -13.2252
pes 32950  seg-loss -1.3535  ema -13.6182
pes 32975  seg-loss -9.7542  ema -8.5273
pes 33000  seg-loss -17.9003  ema -10.8750
pes 33025  seg-loss 0.0989  ema -11.2796
