warm-started from learned_matrix8.pt
matrix optimizer: 28543 meta-params
  dataset qmnist unavailable: FileNotFoundError: [Errno 2] No such file or directory: '/home/arthurb/.cache/qmnist/qmnist-train-images-idx3-ubyte.gz'
dataset registry: ['cifar10', 'cifar100', 'covtype', 'kmnist', 'letter', 'magic', 'miniboone', 'mnist', 'optdigits', 'poker', 'satimage', 'spambase', 'svhn'] (13 available)
openml: +54 train datasets (13 held out by dataset)
pes     0  seg-loss -1.3774  ema -1.3774
  eval[h16] learned: loss 0.0006 acc 1.000  vs  muon(lr=0.1): loss 0.0007 acc 1.000
  eval[h64-wider] learned: loss 0.0072 acc 0.999  vs  muon(lr=0.03): loss 0.0008 acc 1.000
  eval[h16-long] learned: loss 0.0000 acc 1.000  vs  muon(lr=0.03): loss 0.0000 acc 1.000
  eval[fashion-h16 HELD-OUT] learned: loss 0.0000 acc 1.000  vs  muon(lr=0.03): loss 0.0000 acc 1.000
  eval[fashion-h64 HELD-OUT] learned: loss 0.7521 acc 0.927  vs  muon(lr=0.03): loss 0.0000 acc 1.000
pes    25  seg-loss -20.3382  ema -6.2531
pes    50  seg-loss -20.2167  ema -8.9437
pes    75  seg-loss 0.9409  ema -8.6004
  probe-score -6.2102 (new best, saved)
pes   100  seg-loss -16.1290  ema -11.6500
pes   125  seg-loss -20.6960  ema -14.5305
pes   150  seg-loss -19.6708  ema -14.5813
pes   175  seg-loss -20.7174  ema -16.0776
pes   200  seg-loss -19.5075  ema -13.8237
pes   225  seg-loss -15.0045  ema -13.4462
pes   250  seg-loss -0.7120  ema -9.6608
pes   275  seg-loss -18.1231  ema -9.9551
pes   300  seg-loss -17.7088  ema -12.5075
pes   325  seg-loss -20.7233  ema -12.2950
pes   350  seg-loss -14.9185  ema -12.7664
pes   375  seg-loss 1.2784  ema -10.3082
pes   400  seg-loss -0.5188  ema -11.2561
pes   425  seg-loss -0.3039  ema -7.5173
pes   450  seg-loss -19.7663  ema -8.5352
pes   475  seg-loss -0.6226  ema -9.0937
pes   500  seg-loss -19.3955  ema -10.1733
pes   525  seg-loss -20.4380  ema -14.0600
pes   550  seg-loss -3.5106  ema -15.2651
pes   575  seg-loss -1.2611  ema -9.9169
pes   600  seg-loss -1.1628  ema -7.6761
pes   625  seg-loss -20.7233  ema -6.1486
pes   650  seg-loss -0.8547  ema -4.4333
pes   675  seg-loss -2.5156  ema -3.6247
pes   700  seg-loss -1.8315  ema -3.4333
pes   725  seg-loss -20.6695  ema -8.7332
pes   750  seg-loss -2.1574  ema -6.3983
pes   775  seg-loss -14.7298  ema -10.4375
pes   800  seg-loss -20.1278  ema -14.0404
pes   825  seg-loss -0.4411  ema -12.6000
pes   850  seg-loss -0.0391  ema -8.0761
pes   875  seg-loss -1.8372  ema -5.0406
pes   900  seg-loss -0.5208  ema -6.1841
pes   925  seg-loss -1.6163  ema -6.2858
pes   950  seg-loss -9.9220  ema -7.2698
pes   975  seg-loss -8.2717  ema -8.3471
pes  1000  seg-loss -20.7233  ema -11.0912
pes  1025  seg-loss -2.3521  ema -10.0758
pes  1050  seg-loss -20.7115  ema -10.7672
pes  1075  seg-loss -20.0579  ema -12.5951
pes  1100  seg-loss -7.3329  ema -12.4796
pes  1125  seg-loss -20.7106  ema -13.0362
pes  1150  seg-loss -1.5116  ema -9.9155
pes  1175  seg-loss -5.2007  ema -7.1778
pes  1200  seg-loss -1.9567  ema -5.7582
pes  1225  seg-loss -19.4747  ema -9.2243
pes  1250  seg-loss -8.2059  ema -10.5741
pes  1275  seg-loss -7.4644  ema -8.8658
pes  1300  seg-loss -20.0643  ema -12.1773
pes  1325  seg-loss -2.2492  ema -12.1284
pes  1350  seg-loss -20.0453  ema -9.6002
pes  1375  seg-loss -0.3467  ema -6.2700
pes  1400  seg-loss -20.7166  ema -6.3813
pes  1425  seg-loss -20.7225  ema -9.9995
pes  1450  seg-loss -0.1259  ema -7.1694
pes  1475  seg-loss -0.6134  ema -4.5236
pes  1500  seg-loss -0.5725  ema -2.8850
pes  1525  seg-loss -1.5591  ema -2.8894
pes  1550  seg-loss -1.9235  ema -3.1223
pes  1575  seg-loss -1.0034  ema -2.7025
pes  1600  seg-loss -6.8456  ema -2.7597
pes  1625  seg-loss -20.4586  ema -7.5283
pes  1650  seg-loss -1.5226  ema -8.0535
pes  1675  seg-loss -0.1121  ema -5.6466
pes  1700  seg-loss -8.1134  ema -5.0732
pes  1725  seg-loss -2.5655  ema -4.2325
pes  1750  seg-loss -15.9314  ema -8.4585
pes  1775  seg-loss -14.2362  ema -9.9621
pes  1800  seg-loss -20.6706  ema -13.1112
pes  1825  seg-loss -7.8057  ema -12.5708
pes  1850  seg-loss -0.5223  ema -9.4577
pes  1875  seg-loss -4.9480  ema -7.4128
pes  1900  seg-loss -1.0309  ema -4.8107
pes  1925  seg-loss -19.6729  ema -9.3930
pes  1950  seg-loss -0.7258  ema -11.5679
pes  1975  seg-loss -20.0194  ema -12.5056
pes  2000  seg-loss -5.5003  ema -10.1936
pes  2025  seg-loss -19.6576  ema -12.5234
pes  2050  seg-loss -0.5711  ema -13.9019
pes  2075  seg-loss -2.1275  ema -9.7931
pes  2100  seg-loss -19.3252  ema -12.0313
pes  2125  seg-loss -19.8247  ema -14.9463
pes  2150  seg-loss -0.7978  ema -12.0796
pes  2175  seg-loss -5.6420  ema -8.2651
pes  2200  seg-loss -0.6494  ema -5.5111
pes  2225  seg-loss -20.2720  ema -9.4723
pes  2250  seg-loss -0.2312  ema -12.4139
pes  2275  seg-loss -4.3740  ema -8.0149
pes  2300  seg-loss -0.5490  ema -10.7742
pes  2325  seg-loss -1.3011  ema -7.4592
pes  2350  seg-loss -0.9444  ema -6.5589
pes  2375  seg-loss -0.0458  ema -5.4274
pes  2400  seg-loss -2.4847  ema -3.8539
pes  2425  seg-loss -11.4249  ema -4.2085
pes  2450  seg-loss -19.8578  ema -8.7042
pes  2475  seg-loss -19.9632  ema -12.8715
pes  2500  seg-loss -0.3113  ema -10.5297
pes  2525  seg-loss -2.5404  ema -8.6904
pes  2550  seg-loss -18.1990  ema -8.3849
pes  2575  seg-loss -11.9481  ema -9.8166
pes  2600  seg-loss -0.6211  ema -8.2163
pes  2625  seg-loss -19.6425  ema -7.4156
pes  2650  seg-loss -3.3428  ema -9.3090
pes  2675  seg-loss -16.0743  ema -6.5364
pes  2700  seg-loss -20.5243  ema -9.0924
pes  2725  seg-loss -3.5492  ema -9.9611
pes  2750  seg-loss -9.0231  ema -12.8083
pes  2775  seg-loss -20.6127  ema -15.3454
pes  2800  seg-loss -4.2365  ema -11.5972
pes  2825  seg-loss -1.3889  ema -8.5558
pes  2850  seg-loss -20.4522  ema -8.9073
pes  2875  seg-loss -2.9439  ema -9.4127
pes  2900  seg-loss -0.3096  ema -8.3634
pes  2925  seg-loss -20.3978  ema -11.1342
pes  2950  seg-loss -0.7309  ema -12.8723
pes  2975  seg-loss -3.0859  ema -9.1020
pes  3000  seg-loss -20.5402  ema -10.3790
pes  3025  seg-loss -20.6621  ema -12.8109
pes  3050  seg-loss -16.8310  ema -15.0330
pes  3075  seg-loss 0.4601  ema -11.4208
pes  3100  seg-loss -0.0144  ema -7.3202
pes  3125  seg-loss -0.5229  ema -4.9250
pes  3150  seg-loss -1.5987  ema -3.3876
pes  3175  seg-loss -7.5923  ema -3.4128
pes  3200  seg-loss -1.1689  ema -5.1269
pes  3225  seg-loss -2.2493  ema -3.1829
pes  3250  seg-loss -8.0364  ema -6.8557
pes  3275  seg-loss -3.1381  ema -6.0076
pes  3300  seg-loss -4.5539  ema -4.9236
pes  3325  seg-loss -0.5318  ema -3.4289
pes  3350  seg-loss -0.4889  ema -3.1990
pes  3375  seg-loss -1.6233  ema -2.6884
pes  3400  seg-loss -0.2657  ema -2.9929
pes  3425  seg-loss -0.3307  ema -1.9564
pes  3450  seg-loss -4.6693  ema -3.1103
pes  3475  seg-loss -7.7932  ema -5.0035
pes  3500  seg-loss -3.0100  ema -4.8034
pes  3525  seg-loss -0.8021  ema -6.5774
pes  3550  seg-loss -0.0194  ema -4.1595
pes  3575  seg-loss -0.5437  ema -3.6843
pes  3600  seg-loss -1.2090  ema -3.3043
pes  3625  seg-loss -0.6087  ema -2.9437
pes  3650  seg-loss -20.5872  ema -5.2459
pes  3675  seg-loss -4.1119  ema -6.9312
pes  3700  seg-loss -1.2849  ema -5.7077
pes  3725  seg-loss -20.5708  ema -6.5121
pes  3750  seg-loss -0.5563  ema -8.3204
pes  3775  seg-loss 0.2159  ema -5.8705
pes  3800  seg-loss -20.7233  ema -8.6596
pes  3825  seg-loss -8.8694  ema -12.7672
pes  3850  seg-loss -6.2103  ema -8.9192
pes  3875  seg-loss 1.6456  ema -10.7169
pes  3900  seg-loss -17.3828  ema -12.6258
pes  3925  seg-loss -0.9657  ema -14.0701
pes  3950  seg-loss -12.2987  ema -10.1796
pes  3975  seg-loss -11.5779  ema -9.5147
pes  4000  seg-loss -0.1134  ema -6.2015
pes  4025  seg-loss -0.4621  ema -5.1106
pes  4050  seg-loss -1.2776  ema -5.8073
pes  4075  seg-loss -20.5471  ema -6.8465
pes  4100  seg-loss -20.7076  ema -9.5298
pes  4125  seg-loss 0.0409  ema -10.1701
pes  4150  seg-loss -20.5753  ema -8.5644
pes  4175  seg-loss -20.6840  ema -12.0024
pes  4200  seg-loss -5.2841  ema -13.2674
pes  4225  seg-loss -1.9172  ema -9.3473
pes  4250  seg-loss -20.7233  ema -9.0650
pes  4275  seg-loss -0.2295  ema -9.4172
pes  4300  seg-loss -1.7484  ema -6.0277
pes  4325  seg-loss -18.9783  ema -8.7769
pes  4350  seg-loss -0.4041  ema -7.7967
pes  4375  seg-loss -1.7487  ema -5.2989
pes  4400  seg-loss -6.8268  ema -5.2568
pes  4425  seg-loss 0.4723  ema -3.4371
pes  4450  seg-loss -19.9190  ema -9.1666
pes  4475  seg-loss -0.3971  ema -10.4500
pes  4500  seg-loss -18.7341  ema -12.3839
pes  4525  seg-loss -17.9800  ema -11.7574
pes  4550  seg-loss -0.3373  ema -8.4462
pes  4575  seg-loss -0.2785  ema -7.2448
pes  4600  seg-loss -0.3490  ema -5.9136
pes  4625  seg-loss -15.3161  ema -6.0961
pes  4650  seg-loss -1.2848  ema -8.0712
pes  4675  seg-loss -20.6429  ema -7.6983
pes  4700  seg-loss -0.0907  ema -9.9735
pes  4725  seg-loss -2.2804  ema -6.7019
pes  4750  seg-loss -4.6000  ema -5.6045
pes  4775  seg-loss -1.1478  ema -5.8141
pes  4800  seg-loss -20.6467  ema -8.2247
pes  4825  seg-loss -20.2066  ema -11.9788
pes  4850  seg-loss -5.9964  ema -9.3518
pes  4875  seg-loss -0.8397  ema -6.4779
pes  4900  seg-loss -0.7378  ema -4.2402
pes  4925  seg-loss -0.4292  ema -3.2104
pes  4950  seg-loss -0.5847  ema -8.6362
pes  4975  seg-loss -3.9193  ema -6.9169
pes  5000  seg-loss -0.0358  ema -5.0602
  eval[h16] learned: loss 0.0644 acc 0.983  vs  muon(lr=0.1): loss 0.0023 acc 1.000
  eval[h64-wider] learned: loss 2.0191 acc 0.753  vs  muon(lr=0.1): loss 0.0000 acc 1.000
  eval[h16-long] learned: loss 0.0000 acc 1.000  vs  muon(lr=0.03): loss 0.0000 acc 1.000
  eval[fashion-h16 HELD-OUT] learned: loss 0.5666 acc 0.885  vs  muon(lr=0.03): loss 0.0000 acc 1.000
  eval[fashion-h64 HELD-OUT] learned: loss 2.1985 acc 0.650  vs  muon(lr=0.03): loss 0.0000 acc 1.000
pes  5025  seg-loss -1.4760  ema -3.2593
pes  5050  seg-loss -1.0678  ema -2.4644
pes  5075  seg-loss -12.5723  ema -3.3903
pes  5100  seg-loss -2.0421  ema -4.5195
pes  5125  seg-loss -0.4853  ema -3.7976
pes  5150  seg-loss -19.4686  ema -4.8384
pes  5175  seg-loss -1.6639  ema -6.7501
pes  5200  seg-loss -17.9180  ema -6.2504
pes  5225  seg-loss -1.7699  ema -7.7237
pes  5250  seg-loss -17.3043  ema -9.3168
pes  5275  seg-loss -18.7652  ema -12.1490
pes  5300  seg-loss -20.4921  ema -14.1613
pes  5325  seg-loss -0.5493  ema -8.9443
pes  5350  seg-loss -10.6359  ema -6.7111
pes  5375  seg-loss -6.4987  ema -6.8964
pes  5400  seg-loss -12.3267  ema -4.9050
pes  5425  seg-loss 1.4060  ema -3.5306
pes  5450  seg-loss -5.3660  ema -8.1914
pes  5475  seg-loss -0.0516  ema -9.9944
pes  5500  seg-loss -0.6242  ema -12.6138
pes  5525  seg-loss -0.2667  ema -8.5027
pes  5550  seg-loss -20.4091  ema -7.7475
pes  5575  seg-loss -2.7023  ema -8.2820
pes  5600  seg-loss -20.7125  ema -9.4177
pes  5625  seg-loss -1.0288  ema -9.7741
pes  5650  seg-loss -19.5084  ema -9.6940
pes  5675  seg-loss -0.7179  ema -7.8007
pes  5700  seg-loss -12.6194  ema -5.7203
pes  5725  seg-loss -2.2618  ema -5.1941
pes  5750  seg-loss -1.2263  ema -8.9416
pes  5775  seg-loss -1.8189  ema -6.0945
pes  5800  seg-loss -20.7233  ema -10.0036
pes  5825  seg-loss -0.8628  ema -6.6266
pes  5850  seg-loss -12.1745  ema -7.2781
pes  5875  seg-loss -3.7572  ema -7.2236
pes  5900  seg-loss -1.3229  ema -5.4612
pes  5925  seg-loss -2.2687  ema -4.0539
pes  5950  seg-loss -20.7233  ema -8.6985
pes  5975  seg-loss -6.6685  ema -11.7427
pes  6000  seg-loss -16.9504  ema -10.7804
pes  6025  seg-loss -20.6596  ema -10.8809
pes  6050  seg-loss -1.0312  ema -10.8143
pes  6075  seg-loss -18.7708  ema -8.3749
pes  6100  seg-loss -6.6581  ema -9.9426
pes  6125  seg-loss -19.5327  ema -12.9404
pes  6150  seg-loss -0.5931  ema -9.0942
pes  6175  seg-loss -20.7064  ema -10.5073
pes  6200  seg-loss -0.7006  ema -8.5606
pes  6225  seg-loss -0.2241  ema -5.3449
pes  6250  seg-loss -0.2540  ema -3.4179
pes  6275  seg-loss -7.9272  ema -2.9938
pes  6300  seg-loss -2.4351  ema -5.5036
pes  6325  seg-loss -2.0188  ema -4.2774
pes  6350  seg-loss -20.0432  ema -8.9405
pes  6375  seg-loss -0.6585  ema -9.2195
pes  6400  seg-loss -0.4346  ema -6.4363
pes  6425  seg-loss -4.4695  ema -5.6721
pes  6450  seg-loss -0.0213  ema -3.6406
pes  6475  seg-loss -17.9022  ema -7.6434
pes  6500  seg-loss 3.0811  ema -6.0331
pes  6525  seg-loss -9.0442  ema -4.1899
pes  6550  seg-loss -9.5863  ema -6.6663
pes  6575  seg-loss -15.9323  ema -8.7982
pes  6600  seg-loss -20.3354  ema -11.3254
pes  6625  seg-loss -20.1993  ema -9.4891
pes  6650  seg-loss -0.2388  ema -10.3952
pes  6675  seg-loss -17.6265  ema -8.8306
pes  6700  seg-loss -5.0553  ema -8.1020
pes  6725  seg-loss -1.0884  ema -5.5501
pes  6750  seg-loss -2.7500  ema -9.8446
pes  6775  seg-loss -19.3481  ema -10.3631
pes  6800  seg-loss -1.9113  ema -10.9048
pes  6825  seg-loss -8.1670  ema -7.9803
pes  6850  seg-loss -20.6841  ema -11.4005
pes  6875  seg-loss -1.3772  ema -10.1885
pes  6900  seg-loss -16.6400  ema -9.3616
pes  6925  seg-loss -0.7257  ema -7.8208
pes  6950  seg-loss -0.6223  ema -4.9431
pes  6975  seg-loss -19.5161  ema -6.9782
pes  7000  seg-loss -20.7233  ema -11.9876
pes  7025  seg-loss -4.3305  ema -9.6805
pes  7050  seg-loss -1.8153  ema -11.9087
pes  7075  seg-loss -0.8381  ema -7.8730
pes  7100  seg-loss -9.9979  ema -5.7942
pes  7125  seg-loss -1.3934  ema -7.0318
pes  7150  seg-loss -17.9080  ema -8.6305
pes  7175  seg-loss -5.1367  ema -7.8209
pes  7200  seg-loss -20.2900  ema -10.9039
pes  7225  seg-loss -20.6734  ema -14.1293
pes  7250  seg-loss 0.0462  ema -9.4259
pes  7275  seg-loss -14.9993  ema -9.1797
pes  7300  seg-loss -20.7184  ema -12.6215
pes  7325  seg-loss -20.3728  ema -15.3937
pes  7350  seg-loss -0.3414  ema -12.0583
pes  7375  seg-loss -18.6148  ema -13.1444
pes  7400  seg-loss -17.6257  ema -13.0407
pes  7425  seg-loss -11.5478  ema -14.6676
pes  7450  seg-loss -0.4565  ema -12.6807
pes  7475  seg-loss -6.7833  ema -9.2509
pes  7500  seg-loss -20.7118  ema -11.6676
pes  7525  seg-loss -0.4045  ema -13.4765
pes  7550  seg-loss -1.7582  ema -8.6471
pes  7575  seg-loss -19.8888  ema -8.5567
pes  7600  seg-loss -20.7233  ema -11.5489
pes  7625  seg-loss -18.9522  ema -12.3191
pes  7650  seg-loss -1.2950  ema -12.7886
pes  7675  seg-loss -20.6074  ema -14.3122
pes  7700  seg-loss -6.2651  ema -9.4535
pes  7725  seg-loss -17.9592  ema -11.8005
pes  7750  seg-loss -0.5719  ema -13.2766
pes  7775  seg-loss -12.0118  ema -10.3003
pes  7800  seg-loss -18.3040  ema -10.3468
pes  7825  seg-loss 0.9569  ema -9.2986
pes  7850  seg-loss -20.7127  ema -11.2914
pes  7875  seg-loss -8.2457  ema -7.9254
pes  7900  seg-loss -1.4536  ema -5.6751
pes  7925  seg-loss -0.7708  ema -4.0244
pes  7950  seg-loss -2.6372  ema -3.0524
pes  7975  seg-loss -7.2345  ema -5.1769
pes  8000  seg-loss -20.0495  ema -9.4414
pes  8025  seg-loss -20.6909  ema -12.4936
pes  8050  seg-loss -5.3787  ema -10.4531
pes  8075  seg-loss -0.4147  ema -6.6025
pes  8100  seg-loss -0.7506  ema -5.2523
pes  8125  seg-loss -2.8395  ema -5.4131
pes  8150  seg-loss -2.2534  ema -4.4800
pes  8175  seg-loss -1.3892  ema -3.2704
pes  8200  seg-loss -1.4726  ema -2.4287
pes  8225  seg-loss -20.3314  ema -2.7398
pes  8250  seg-loss -3.0250  ema -2.0257
pes  8275  seg-loss -11.9379  ema -7.9295
pes  8300  seg-loss -0.4219  ema -5.4318
pes  8325  seg-loss -0.6826  ema -4.9991
pes  8350  seg-loss -1.4848  ema -3.4257
pes  8375  seg-loss -13.4885  ema -5.0995
pes  8400  seg-loss -0.1659  ema -6.8483
pes  8425  seg-loss -20.6344  ema -8.7352
pes  8450  seg-loss -0.4500  ema -7.0865
pes  8475  seg-loss -0.6419  ema -5.7715
pes  8500  seg-loss -0.9794  ema -3.7989
pes  8525  seg-loss -6.8520  ema -8.8478
pes  8550  seg-loss -16.3550  ema -9.7267
pes  8575  seg-loss -0.6335  ema -12.5483
pes  8600  seg-loss -11.9088  ema -14.3784
pes  8625  seg-loss -13.3385  ema -12.4628
pes  8650  seg-loss -0.6756  ema -8.6768
pes  8675  seg-loss -2.2316  ema -7.4845
pes  8700  seg-loss 0.8084  ema -7.2525
pes  8725  seg-loss -0.4556  ema -10.3456
pes  8750  seg-loss -1.3209  ema -6.7386
pes  8775  seg-loss -20.2481  ema -7.8016
pes  8800  seg-loss -0.6328  ema -12.3033
pes  8825  seg-loss -15.4946  ema -9.8060
pes  8850  seg-loss -20.6553  ema -11.0084
pes  8875  seg-loss -0.2181  ema -10.4383
pes  8900  seg-loss -0.4662  ema -6.4834
pes  8925  seg-loss -20.2755  ema -7.1069
pes  8950  seg-loss -0.3834  ema -8.9651
pes  8975  seg-loss -1.9016  ema -5.7395
pes  9000  seg-loss -4.6934  ema -4.4755
pes  9025  seg-loss -17.8580  ema -6.0845
pes  9050  seg-loss -5.3092  ema -7.0574
pes  9075  seg-loss -14.7871  ema -8.3650
pes  9100  seg-loss -0.6812  ema -6.7177
pes  9125  seg-loss -2.9120  ema -6.3677
pes  9150  seg-loss 0.0200  ema -5.3972
pes  9175  seg-loss -20.6278  ema -7.5545
pes  9200  seg-loss -2.7952  ema -7.9830
pes  9225  seg-loss -8.9170  ema -7.2525
pes  9250  seg-loss -0.4028  ema -6.0117
pes  9275  seg-loss -11.6537  ema -5.4771
pes  9300  seg-loss -0.9603  ema -4.1196
pes  9325  seg-loss -3.6719  ema -6.6848
pes  9350  seg-loss -20.6920  ema -7.8185
pes  9375  seg-loss -3.2443  ema -10.5228
pes  9400  seg-loss -3.7559  ema -7.9846
pes  9425  seg-loss -0.4198  ema -5.5684
pes  9450  seg-loss -0.6911  ema -4.4760
pes  9475  seg-loss -20.7233  ema -8.7795
pes  9500  seg-loss -20.6574  ema -13.1772
pes  9525  seg-loss -1.8545  ema -13.2014
pes  9550  seg-loss -0.4246  ema -9.6336
pes  9575  seg-loss -4.5099  ema -7.4098
pes  9600  seg-loss -14.0426  ema -7.0524
pes  9625  seg-loss -1.8149  ema -5.9865
pes  9650  seg-loss -1.5845  ema -5.0124
pes  9675  seg-loss -9.6793  ema -3.9346
pes  9700  seg-loss -19.0942  ema -8.1317
pes  9725  seg-loss -8.6115  ema -10.0020
pes  9750  seg-loss -1.8459  ema -11.4280
pes  9775  seg-loss -1.2371  ema -7.4213
pes  9800  seg-loss -0.4633  ema -5.9042
pes  9825  seg-loss -7.0941  ema -5.1117
pes  9850  seg-loss -0.1847  ema -7.8081
pes  9875  seg-loss -0.7547  ema -5.3480
pes  9900  seg-loss -0.1332  ema -3.7604
pes  9925  seg-loss -0.9040  ema -2.3141
pes  9950  seg-loss -4.7952  ema -2.5544
pes  9975  seg-loss -0.6298  ema -1.9384
pes 10000  seg-loss -2.2588  ema -2.0766
  eval[h16] learned: loss 0.0419 acc 0.992  vs  muon(lr=0.1): loss 0.0009 acc 1.000
  eval[h64-wider] learned: loss 0.3931 acc 0.878  vs  muon(lr=0.1): loss 0.0000 acc 1.000
  eval[h16-long] learned: loss 0.0000 acc 1.000  vs  muon(lr=0.03): loss 0.0000 acc 1.000
  eval[fashion-h16 HELD-OUT] learned: loss 0.6217 acc 0.784  vs  muon(lr=0.03): loss 0.0000 acc 1.000
  eval[fashion-h64 HELD-OUT] learned: loss 1.3311 acc 0.624  vs  muon(lr=0.03): loss 0.0000 acc 1.000
pes 10025  seg-loss -5.9534  ema -3.7250
pes 10050  seg-loss -0.4422  ema -9.1949
pes 10075  seg-loss -1.4355  ema -6.2031
pes 10100  seg-loss -0.4939  ema -4.4539
pes 10125  seg-loss -19.6610  ema -7.9024
pes 10150  seg-loss -5.5570  ema -5.7912
pes 10175  seg-loss -3.1607  ema -4.6014
pes 10200  seg-loss -2.9229  ema -5.0531
pes 10225  seg-loss -2.7496  ema -5.3478
pes 10250  seg-loss -3.4967  ema -7.5149
pes 10275  seg-loss -5.4788  ema -5.9575
pes 10300  seg-loss -0.9785  ema -6.4084
pes 10325  seg-loss -7.8468  ema -6.5402
pes 10350  seg-loss -20.7233  ema -10.9756
pes 10375  seg-loss -19.7928  ema -14.3297
pes 10400  seg-loss -4.7569  ema -9.6528
pes 10425  seg-loss -11.1106  ema -6.6978
pes 10450  seg-loss -1.4545  ema -10.6930
pes 10475  seg-loss -20.5024  ema -13.0206
pes 10500  seg-loss -0.3740  ema -9.8873
pes 10525  seg-loss -1.2141  ema -7.5405
pes 10550  seg-loss -0.3245  ema -7.1361
pes 10575  seg-loss -20.6185  ema -7.0754
pes 10600  seg-loss -12.5870  ema -10.5013
pes 10625  seg-loss 4.0824  ema -12.1505
pes 10650  seg-loss -0.7032  ema -6.6104
pes 10675  seg-loss -16.7157  ema -5.6586
pes 10700  seg-loss -1.6762  ema -6.9603
pes 10725  seg-loss -20.7233  ema -10.5743
pes 10750  seg-loss -0.6295  ema -13.6761
pes 10775  seg-loss -0.3725  ema -12.0230
pes 10800  seg-loss -11.1968  ema -13.5676
pes 10825  seg-loss -19.6871  ema -10.3529
pes 10850  seg-loss -3.8476  ema -7.4493
pes 10875  seg-loss -20.2276  ema -5.3136
pes 10900  seg-loss -0.2874  ema -3.5956
pes 10925  seg-loss -0.5788  ema -2.3363
pes 10950  seg-loss -14.3823  ema -2.6042
pes 10975  seg-loss -0.5601  ema -6.7437
pes 11000  seg-loss -18.8603  ema -7.2160
pes 11025  seg-loss -2.1438  ema -6.9349
pes 11050  seg-loss -3.2680  ema -5.6471
pes 11075  seg-loss -19.9337  ema -9.6044
pes 11100  seg-loss -1.7053  ema -7.2000
pes 11125  seg-loss -6.8517  ema -7.1180
pes 11150  seg-loss -1.9175  ema -6.0087
pes 11175  seg-loss -5.6162  ema -7.3414
pes 11200  seg-loss -20.2732  ema -8.2517
pes 11225  seg-loss -0.6025  ema -11.2732
pes 11250  seg-loss -0.3061  ema -7.4073
pes 11275  seg-loss -3.1032  ema -5.3114
pes 11300  seg-loss -1.0939  ema -3.7355
pes 11325  seg-loss -20.7213  ema -9.1130
pes 11350  seg-loss -0.8973  ema -5.9765
pes 11375  seg-loss -7.7365  ema -4.0626
pes 11400  seg-loss -20.7233  ema -8.2316
pes 11425  seg-loss -0.7283  ema -9.0005
pes 11450  seg-loss -0.5905  ema -5.7756
pes 11475  seg-loss -11.4038  ema -4.0413
pes 11500  seg-loss -3.4509  ema -7.7689
pes 11525  seg-loss -20.6692  ema -7.0951
pes 11550  seg-loss -0.7709  ema -9.1624
pes 11575  seg-loss -5.7168  ema -7.4619
pes 11600  seg-loss -18.2397  ema -9.0305
pes 11625  seg-loss -2.1226  ema -7.0931
pes 11650  seg-loss -9.2706  ema -11.1319
pes 11675  seg-loss -0.1307  ema -12.6256
pes 11700  seg-loss -1.5814  ema -7.8850
pes 11725  seg-loss -20.7233  ema -8.3460
pes 11750  seg-loss -20.7233  ema -12.4717
pes 11775  seg-loss -5.2892  ema -10.6511
pes 11800  seg-loss -20.4564  ema -9.9305
pes 11825  seg-loss -9.7458  ema -10.5589
pes 11850  seg-loss -2.6301  ema -8.9802
pes 11875  seg-loss -1.7100  ema -6.2171
pes 11900  seg-loss -18.6387  ema -7.5495
pes 11925  seg-loss -0.9203  ema -7.0900
pes 11950  seg-loss -1.6362  ema -4.7850
pes 11975  seg-loss -1.3204  ema -5.5664
pes 12000  seg-loss -3.4546  ema -4.1915
pes 12025  seg-loss -1.3579  ema -4.7908
pes 12050  seg-loss -0.1189  ema -4.3330
pes 12075  seg-loss -19.8952  ema -9.2361
pes 12100  seg-loss -20.7141  ema -7.4254
pes 12125  seg-loss -10.6123  ema -6.9814
pes 12150  seg-loss -0.5839  ema -9.5848
pes 12175  seg-loss -16.4259  ema -10.7733
pes 12200  seg-loss 0.0355  ema -8.7328
pes 12225  seg-loss -20.5941  ema -11.8831
pes 12250  seg-loss -19.7659  ema -11.1838
pes 12275  seg-loss -1.1470  ema -9.8912
pes 12300  seg-loss 0.4396  ema -6.4123
pes 12325  seg-loss -20.6883  ema -10.6732
pes 12350  seg-loss -0.3009  ema -8.1201
pes 12375  seg-loss -20.1424  ema -8.5371
pes 12400  seg-loss -5.2806  ema -8.6711
pes 12425  seg-loss -20.6963  ema -9.5433
pes 12450  seg-loss -11.5762  ema -10.8276
pes 12475  seg-loss -2.3168  ema -8.8398
pes 12500  seg-loss -1.0351  ema -6.4095
pes 12525  seg-loss -20.4994  ema -8.8840
pes 12550  seg-loss -20.7034  ema -13.4303
pes 12575  seg-loss -2.0684  ema -9.0169
pes 12600  seg-loss -1.3092  ema -5.5776
pes 12625  seg-loss -15.5500  ema -8.0492
pes 12650  seg-loss -2.1279  ema -5.4903
pes 12675  seg-loss -5.6565  ema -4.8351
pes 12700  seg-loss -15.5825  ema -3.9183
pes 12725  seg-loss -2.8207  ema -8.6791
pes 12750  seg-loss -19.8236  ema -11.4973
pes 12775  seg-loss -0.4322  ema -7.4313
pes 12800  seg-loss -5.6342  ema -6.1120
pes 12825  seg-loss -2.4467  ema -4.7800
pes 12850  seg-loss -13.5065  ema -6.4695
pes 12875  seg-loss -2.0884  ema -5.7593
pes 12900  seg-loss -0.5433  ema -4.0066
pes 12925  seg-loss -6.4479  ema -3.6425
pes 12950  seg-loss -14.4638  ema -6.7589
pes 12975  seg-loss -0.5617  ema -10.0570
pes 13000  seg-loss -7.5537  ema -12.5288
pes 13025  seg-loss -20.7233  ema -14.4879
pes 13050  seg-loss -0.7365  ema -10.4201
pes 13075  seg-loss -1.6877  ema -8.9721
pes 13100  seg-loss -0.5286  ema -11.8207
pes 13125  seg-loss -0.5987  ema -7.4955
pes 13150  seg-loss 0.6546  ema -4.8094
pes 13175  seg-loss -15.5223  ema -7.6291
pes 13200  seg-loss -20.6575  ema -7.1113
pes 13225  seg-loss -20.7055  ema -12.1457
pes 13250  seg-loss -17.7570  ema -14.5386
pes 13275  seg-loss -1.5920  ema -11.2120
pes 13300  seg-loss 0.3821  ema -7.2679
pes 13325  seg-loss -1.4970  ema -4.5780
pes 13350  seg-loss -3.8845  ema -4.3578
pes 13375  seg-loss -12.3130  ema -5.1867
pes 13400  seg-loss -0.8747  ema -9.9048
pes 13425  seg-loss -0.7581  ema -6.4823
pes 13450  seg-loss -17.0349  ema -7.2704
pes 13475  seg-loss -0.5659  ema -11.5054
pes 13500  seg-loss -19.5265  ema -8.1456
pes 13525  seg-loss -0.5772  ema -10.3961
pes 13550  seg-loss -1.1650  ema -6.6698
pes 13575  seg-loss -2.3704  ema -4.6555
pes 13600  seg-loss -5.0413  ema -4.0840
pes 13625  seg-loss -6.3277  ema -4.8282
pes 13650  seg-loss -0.3331  ema -5.4578
pes 13675  seg-loss -2.6866  ema -4.1254
pes 13700  seg-loss -0.9855  ema -3.2939
pes 13725  seg-loss -4.7232  ema -6.3682
pes 13750  seg-loss -20.6925  ema -8.2219
pes 13775  seg-loss -19.8822  ema -11.8290
pes 13800  seg-loss -20.2616  ema -13.6500
pes 13825  seg-loss -0.5121  ema -10.5194
pes 13850  seg-loss -1.3083  ema -12.9435
pes 13875  seg-loss -0.4603  ema -12.2209
pes 13900  seg-loss -7.7244  ema -8.9739
pes 13925  seg-loss -5.2536  ema -7.2238
pes 13950  seg-loss -20.6975  ema -9.0927
pes 13975  seg-loss -15.8043  ema -11.9962
pes 14000  seg-loss -3.3061  ema -9.4194
pes 14025  seg-loss -20.7233  ema -12.0652
pes 14050  seg-loss -20.7233  ema -15.0020
pes 14075  seg-loss -20.3552  ema -12.7315
pes 14100  seg-loss -20.0388  ema -15.3638
pes 14125  seg-loss -3.7620  ema -14.5749
pes 14150  seg-loss -0.9927  ema -12.6538
pes 14175  seg-loss -6.5380  ema -10.0077
pes 14200  seg-loss -0.3082  ema -7.9032
pes 14225  seg-loss -20.7233  ema -7.1063
pes 14250  seg-loss -20.3351  ema -11.8087
pes 14275  seg-loss -2.0175  ema -10.0845
pes 14300  seg-loss -16.4709  ema -9.0012
pes 14325  seg-loss -2.0536  ema -9.4760
pes 14350  seg-loss -0.0975  ema -9.6464
pes 14375  seg-loss -20.7233  ema -9.1175
pes 14400  seg-loss -20.5529  ema -10.8706
pes 14425  seg-loss -4.7663  ema -11.6332
pes 14450  seg-loss -8.0679  ema -9.2938
pes 14475  seg-loss -5.3382  ema -7.4792
pes 14500  seg-loss -13.8355  ema -9.4757
pes 14525  seg-loss -14.8923  ema -13.0582
pes 14550  seg-loss -20.6578  ema -14.3056
pes 14575  seg-loss -0.5559  ema -10.5033
pes 14600  seg-loss 0.1114  ema -7.9641
pes 14625  seg-loss -0.8507  ema -6.1934
pes 14650  seg-loss -9.1199  ema -4.3488
pes 14675  seg-loss -4.1052  ema -4.3580
pes 14700  seg-loss -20.1101  ema -8.5379
pes 14725  seg-loss -20.5538  ema -12.5005
pes 14750  seg-loss -8.3631  ema -9.7217
pes 14775  seg-loss -20.7233  ema -11.0895
pes 14800  seg-loss -1.4178  ema -10.3604
pes 14825  seg-loss -1.4725  ema -6.8039
pes 14850  seg-loss -0.5840  ema -5.3053
pes 14875  seg-loss -0.2852  ema -3.5864
pes 14900  seg-loss -20.7201  ema -4.7698
pes 14925  seg-loss -14.1513  ema -8.6598
pes 14950  seg-loss -3.0586  ema -7.5857
pes 14975  seg-loss -20.7022  ema -11.3556
pes 15000  seg-loss -20.1952  ema -12.6392
  eval[h16] learned: loss 0.0154 acc 1.000  vs  muon(lr=0.1): loss 0.0008 acc 1.000
  eval[h64-wider] learned: loss 0.3080 acc 0.928  vs  muon(lr=0.1): loss 0.0000 acc 1.000
  eval[h16-long] learned: loss 0.0000 acc 1.000  vs  muon(lr=0.1): loss 0.0000 acc 1.000
  eval[fashion-h16 HELD-OUT] learned: loss 0.5310 acc 0.793  vs  muon(lr=0.03): loss 0.0000 acc 1.000
  eval[fashion-h64 HELD-OUT] learned: loss 1.8150 acc 0.652  vs  muon(lr=0.03): loss 0.0000 acc 1.000
pes 15025  seg-loss -2.0522  ema -9.3253
pes 15050  seg-loss -1.9075  ema -6.6495
pes 15075  seg-loss -2.2055  ema -5.1708
pes 15100  seg-loss -2.4972  ema -4.3898
pes 15125  seg-loss -4.9532  ema -4.5483
pes 15150  seg-loss -3.6447  ema -4.1154
pes 15175  seg-loss -10.5472  ema -4.8473
pes 15200  seg-loss -0.2951  ema -7.9772
pes 15225  seg-loss -20.7233  ema -6.2679
pes 15250  seg-loss -20.5435  ema -9.7375
pes 15275  seg-loss -0.6675  ema -10.9104
pes 15300  seg-loss -0.1241  ema -7.1224
pes 15325  seg-loss -20.3053  ema -6.5093
pes 15350  seg-loss -0.4792  ema -8.8873
pes 15375  seg-loss -20.7233  ema -12.6130
pes 15400  seg-loss -1.5163  ema -9.6669
pes 15425  seg-loss -20.1503  ema -10.3676
pes 15450  seg-loss -20.7175  ema -14.1205
pes 15475  seg-loss -5.4545  ema -11.7918
pes 15500  seg-loss -6.0095  ema -9.1067
pes 15525  seg-loss -20.6243  ema -12.8893
pes 15550  seg-loss -2.2963  ema -9.2695
pes 15575  seg-loss -0.5807  ema -10.6627
pes 15600  seg-loss -1.7513  ema -8.4534
pes 15625  seg-loss -1.6190  ema -6.1148
pes 15650  seg-loss -19.1239  ema -6.3369
pes 15675  seg-loss 0.0180  ema -9.1532
pes 15700  seg-loss -17.2517  ema -6.4611
pes 15725  seg-loss -1.4299  ema -9.8361
pes 15750  seg-loss -0.4041  ema -6.2029
pes 15775  seg-loss -20.7215  ema -5.3573
pes 15800  seg-loss -7.8168  ema -8.2179
pes 15825  seg-loss -3.3014  ema -10.2695
pes 15850  seg-loss -2.1707  ema -7.6035
pes 15875  seg-loss -20.7233  ema -9.9114
pes 15900  seg-loss -0.7150  ema -7.7639
pes 15925  seg-loss -20.5669  ema -10.3972
pes 15950  seg-loss -20.7227  ema -13.6701
pes 15975  seg-loss -16.8550  ema -14.6446
pes 16000  seg-loss -13.4601  ema -15.2139
pes 16025  seg-loss -2.6665  ema -13.8007
pes 16050  seg-loss -3.8213  ema -9.3986
pes 16075  seg-loss -1.5582  ema -6.9029
pes 16100  seg-loss -17.2621  ema -5.5041
pes 16125  seg-loss -4.2921  ema -8.7334
pes 16150  seg-loss -0.5862  ema -6.6777
pes 16175  seg-loss -20.7202  ema -10.2718
pes 16200  seg-loss -7.7283  ema -8.7075
pes 16225  seg-loss -20.3741  ema -11.4083
pes 16250  seg-loss -0.7568  ema -9.2381
pes 16275  seg-loss -5.2448  ema -6.1256
pes 16300  seg-loss 0.0102  ema -5.9598
pes 16325  seg-loss -1.0624  ema -3.8991
pes 16350  seg-loss -4.2088  ema -5.4495
pes 16375  seg-loss -20.6750  ema -10.1379
pes 16400  seg-loss -20.5185  ema -10.8792
pes 16425  seg-loss 0.1793  ema -8.2950
pes 16450  seg-loss -0.6156  ema -5.3392
pes 16475  seg-loss -0.3400  ema -4.6739
pes 16500  seg-loss -2.5560  ema -3.2338
pes 16525  seg-loss -4.8495  ema -3.4212
pes 16550  seg-loss -19.6470  ema -8.1682
pes 16575  seg-loss -1.9030  ema -9.6481
pes 16600  seg-loss -12.5295  ema -8.1809
pes 16625  seg-loss -0.7332  ema -5.4337
pes 16650  seg-loss -17.0267  ema -7.8851
pes 16675  seg-loss -20.3729  ema -11.2136
pes 16700  seg-loss -0.0721  ema -13.3946
pes 16725  seg-loss -5.8211  ema -10.0925
pes 16750  seg-loss -0.6156  ema -9.0973
pes 16775  seg-loss -19.8891  ema -11.3842
pes 16800  seg-loss -0.2863  ema -14.0995
pes 16825  seg-loss -20.6490  ema -10.6291
pes 16850  seg-loss -20.1009  ema -14.4021
pes 16875  seg-loss -0.8284  ema -11.3126
pes 16900  seg-loss -3.1665  ema -7.1727
pes 16925  seg-loss -7.1949  ema -10.7007
pes 16950  seg-loss -9.2061  ema -8.9766
pes 16975  seg-loss -1.0720  ema -11.2231
pes 17000  seg-loss -20.6189  ema -13.1460
pes 17025  seg-loss -15.3524  ema -8.8316
pes 17050  seg-loss -0.2362  ema -11.4337
pes 17075  seg-loss -20.6494  ema -9.9869
pes 17100  seg-loss -17.5757  ema -12.2743
pes 17125  seg-loss -20.7197  ema -14.7070
pes 17150  seg-loss -3.5607  ema -12.4158
pes 17175  seg-loss -18.8269  ema -12.1888
pes 17200  seg-loss -1.4074  ema -8.9671
pes 17225  seg-loss -9.6069  ema -6.3095
pes 17250  seg-loss -0.0746  ema -10.9614
pes 17275  seg-loss 0.0340  ema -6.7135
pes 17300  seg-loss -0.3227  ema -6.3060
pes 17325  seg-loss -20.7051  ema -7.8643
pes 17350  seg-loss -5.9590  ema -9.9728
pes 17375  seg-loss -20.7194  ema -11.5957
pes 17400  seg-loss -20.6095  ema -14.3171
pes 17425  seg-loss -17.9743  ema -12.4057
pes 17450  seg-loss -0.9839  ema -10.3170
pes 17475  seg-loss -0.8893  ema -8.5471
pes 17500  seg-loss -0.2818  ema -5.5635
pes 17525  seg-loss -3.9593  ema -3.7358
pes 17550  seg-loss -16.5012  ema -4.9654
pes 17575  seg-loss -0.5940  ema -5.9753
pes 17600  seg-loss -1.9367  ema -4.0560
pes 17625  seg-loss -20.6454  ema -8.1665
pes 17650  seg-loss -0.4982  ema -6.2465
pes 17675  seg-loss -20.6986  ema -8.9843
pes 17700  seg-loss -20.6666  ema -12.2696
pes 17725  seg-loss -0.7517  ema -8.9836
pes 17750  seg-loss 0.0954  ema -5.5501
pes 17775  seg-loss -3.8998  ema -4.0863
pes 17800  seg-loss -19.3519  ema -8.4585
pes 17825  seg-loss -0.5379  ema -5.9189
pes 17850  seg-loss -4.7563  ema -4.1591
pes 17875  seg-loss -6.7794  ema -4.8479
pes 17900  seg-loss -12.8120  ema -5.5141
pes 17925  seg-loss -4.6173  ema -7.8122
pes 17950  seg-loss -1.7210  ema -4.9835
pes 17975  seg-loss -17.5082  ema -8.6260
pes 18000  seg-loss -18.6139  ema -9.8470
pes 18025  seg-loss -0.9397  ema -8.4419
pes 18050  seg-loss -1.3660  ema -6.5826
pes 18075  seg-loss -7.1462  ema -6.3470
pes 18100  seg-loss -20.0243  ema -10.2354
pes 18125  seg-loss -1.1273  ema -8.9116
pes 18150  seg-loss -0.2341  ema -7.6472
pes 18175  seg-loss -2.0935  ema -5.9343
pes 18200  seg-loss -0.8404  ema -5.2278
pes 18225  seg-loss -6.0438  ema -9.2343
pes 18250  seg-loss -0.8781  ema -8.4492
pes 18275  seg-loss -2.7937  ema -5.7647
pes 18300  seg-loss -0.7448  ema -4.2918
pes 18325  seg-loss -20.6809  ema -7.6243
pes 18350  seg-loss -19.6473  ema -11.6218
pes 18375  seg-loss -19.2474  ema -14.2894
pes 18400  seg-loss -10.4594  ema -11.7134
pes 18425  seg-loss -0.2374  ema -13.2777
pes 18450  seg-loss -13.1674  ema -8.8555
pes 18475  seg-loss -11.4625  ema -10.7792
pes 18500  seg-loss -4.9364  ema -11.4998
pes 18525  seg-loss -4.0694  ema -10.4262
pes 18550  seg-loss -20.3396  ema -11.0976
pes 18575  seg-loss -19.9713  ema -12.0742
pes 18600  seg-loss -4.0555  ema -11.1764
pes 18625  seg-loss -6.8455  ema -8.6116
pes 18650  seg-loss -0.2839  ema -6.0223
pes 18675  seg-loss -3.3867  ema -3.9684
pes 18700  seg-loss -1.4341  ema -8.7094
pes 18725  seg-loss -20.1605  ema -9.6668
pes 18750  seg-loss -2.0413  ema -9.9259
pes 18775  seg-loss -18.9250  ema -8.3079
pes 18800  seg-loss -0.3302  ema -5.7023
pes 18825  seg-loss -1.0126  ema -4.3271
pes 18850  seg-loss -0.6859  ema -8.8602
pes 18875  seg-loss -16.3255  ema -6.7437
pes 18900  seg-loss -1.3986  ema -5.1361
pes 18925  seg-loss -0.4541  ema -3.7989
pes 18950  seg-loss -0.3801  ema -3.5088
pes 18975  seg-loss -0.4863  ema -3.6619
pes 19000  seg-loss -19.6831  ema -5.7450
pes 19025  seg-loss -0.3929  ema -3.9745
pes 19050  seg-loss -0.1939  ema -2.9133
pes 19075  seg-loss -2.7512  ema -2.3925
pes 19100  seg-loss -20.1462  ema -6.1772
pes 19125  seg-loss -20.7233  ema -10.8139
pes 19150  seg-loss -1.8718  ema -9.5820
pes 19175  seg-loss -14.4931  ema -7.8969
pes 19200  seg-loss -0.7573  ema -6.2873
pes 19225  seg-loss 0.0382  ema -5.8064
pes 19250  seg-loss -1.0756  ema -3.6662
pes 19275  seg-loss -5.7461  ema -3.8336
pes 19300  seg-loss -5.3828  ema -2.7911
pes 19325  seg-loss 1.0592  ema -8.2591
pes 19350  seg-loss -0.2777  ema -5.0171
pes 19375  seg-loss -20.0023  ema -5.7036
pes 19400  seg-loss -2.7987  ema -8.9175
pes 19425  seg-loss -18.3936  ema -11.1571
pes 19450  seg-loss 0.8667  ema -12.0124
pes 19475  seg-loss 0.2345  ema -7.1594
pes 19500  seg-loss -20.5700  ema -8.3607
pes 19525  seg-loss -6.2539  ema -7.8772
pes 19550  seg-loss -0.6174  ema -9.2517
pes 19575  seg-loss -0.9005  ema -5.8810
pes 19600  seg-loss -1.0794  ema -4.0199
pes 19625  seg-loss -20.7233  ema -5.4735
pes 19650  seg-loss -0.4920  ema -8.2659
pes 19675  seg-loss -1.2257  ema -5.2658
pes 19700  seg-loss -0.4204  ema -4.7601
pes 19725  seg-loss -20.6793  ema -7.6565
pes 19750  seg-loss -14.1650  ema -11.9361
pes 19775  seg-loss -11.3677  ema -8.3856
pes 19800  seg-loss -20.2582  ema -10.6597
pes 19825  seg-loss -1.5454  ema -9.2638
pes 19850  seg-loss -18.3929  ema -9.3559
pes 19875  seg-loss -0.0520  ema -7.3939
pes 19900  seg-loss -0.8705  ema -4.6272
pes 19925  seg-loss -20.3483  ema -7.5008
pes 19950  seg-loss -16.3860  ema -10.7515
pes 19975  seg-loss -3.2323  ema -8.2367
pes 20000  seg-loss -1.2865  ema -10.1395
  eval[h16] learned: loss 0.0545 acc 0.986  vs  muon(lr=0.1): loss 0.0009 acc 1.000
  eval[h64-wider] learned: loss 0.5953 acc 0.929  vs  muon(lr=0.1): loss 0.0001 acc 1.000
  eval[h16-long] learned: loss 0.0000 acc 1.000  vs  muon(lr=0.03): loss 0.0000 acc 1.000
  eval[fashion-h16 HELD-OUT] learned: loss 0.1021 acc 0.963  vs  muon(lr=0.03): loss 0.0000 acc 1.000
  eval[fashion-h64 HELD-OUT] learned: loss 3.5607 acc 0.608  vs  muon(lr=0.03): loss 0.0000 acc 1.000
pes 20025  seg-loss -20.6918  ema -10.6460
pes 20050  seg-loss -13.1200  ema -10.4634
pes 20075  seg-loss -1.7915  ema -11.3379
pes 20100  seg-loss -7.4578  ema -8.1407
pes 20125  seg-loss -0.5951  ema -7.7716
pes 20150  seg-loss -0.3668  ema -4.9149
pes 20175  seg-loss -0.5100  ema -4.3701
pes 20200  seg-loss -20.7213  ema -4.4213
pes 20225  seg-loss -0.9894  ema -3.5183
pes 20250  seg-loss -19.6256  ema -7.5315
