matrix optimizer: 12525 meta-params
pes     0  seg-loss 0.1195  ema 0.1195
  eval[h16] learned: loss 5037.0918 acc 0.079  vs  muon(lr=0.1): loss 0.0018 acc 0.999
  eval[h64-wider] learned: loss 111225.1484 acc 0.082  vs  muon(lr=0.1): loss 0.0000 acc 1.000
  eval[h16-long] learned: loss 61726.8828 acc 0.089  vs  muon(lr=0.03): loss 0.0000 acc 1.000
  eval[fashion-h16 HELD-OUT] learned: loss 62194.7969 acc 0.096  vs  muon(lr=0.03): loss 0.0000 acc 1.000
  eval[fashion-h64 HELD-OUT] learned: loss 1422629.2500 acc 0.087  vs  muon(lr=0.03): loss 0.0000 acc 1.000
pes    25  seg-loss 1.1888  ema 0.5584
pes    50  seg-loss 0.9461  ema 0.6971
pes    75  seg-loss 1.8212  ema 0.6488
  probe-score 1.2510 (new best, saved)
pes   100  seg-loss 0.1365  ema 0.8231
pes   125  seg-loss 0.2395  ema 0.5449
pes   150  seg-loss -0.9196  ema 0.1917
pes   175  seg-loss -0.1828  ema -0.0930
  probe-score -0.2935 (new best, saved)
pes   200  seg-loss 0.4995  ema 0.0189
pes   225  seg-loss -0.5764  ema -0.0557
pes   250  seg-loss 0.1844  ema 0.0646
pes   275  seg-loss 0.3682  ema 0.0398
pes   300  seg-loss -0.9135  ema -0.0604
pes   325  seg-loss -0.5157  ema -0.2306
pes   350  seg-loss -1.4069  ema -0.4775
pes   375  seg-loss -0.3853  ema -0.5959
  probe-score -0.4417 (new best, saved)
pes   400  seg-loss -1.2167  ema -0.5821
pes   425  seg-loss -0.2039  ema -0.7789
pes   450  seg-loss 0.0790  ema -0.4286
pes   475  seg-loss -0.5123  ema -0.3363
  probe-score -0.5551 (new best, saved)
pes   500  seg-loss -0.4090  ema -0.4182
pes   525  seg-loss -0.1196  ema -0.3311
pes   550  seg-loss -0.4818  ema -0.2538
pes   575  seg-loss -1.0748  ema -0.4015
  probe-score -0.6230 (new best, saved)
pes   600  seg-loss -0.1895  ema -0.7625
pes   625  seg-loss -1.5102  ema -0.6937
pes   650  seg-loss 0.0504  ema -0.9055
pes   675  seg-loss -0.4886  ema -0.6199
  probe-score -0.6586 (new best, saved)
pes   700  seg-loss -1.5551  ema -0.6921
pes   725  seg-loss -2.1341  ema -1.0419
pes   750  seg-loss -2.1398  ema -1.1948
pes   775  seg-loss 0.0520  ema -0.8029
  probe-score -0.8464 (new best, saved)
pes   800  seg-loss 0.0755  ema -1.0220
pes   825  seg-loss -0.3423  ema -1.2987
pes   850  seg-loss 1.0356  ema -0.9541
pes   875  seg-loss -0.6834  ema -0.5396
pes   900  seg-loss -0.0376  ema -0.4878
pes   925  seg-loss -0.7786  ema -0.5542
pes   950  seg-loss -0.1775  ema -0.4452
pes   975  seg-loss 0.0909  ema -0.7438
pes  1000  seg-loss -0.0121  ema -0.4392
pes  1025  seg-loss -0.5980  ema -0.3482
pes  1050  seg-loss -0.4138  ema -0.4222
pes  1075  seg-loss -1.7316  ema -0.6478
pes  1100  seg-loss -1.2475  ema -0.9344
pes  1125  seg-loss -2.0736  ema -1.0452
pes  1150  seg-loss -0.0528  ema -0.8038
pes  1175  seg-loss 0.0452  ema -0.9119
pes  1200  seg-loss -0.5010  ema -0.6116
pes  1225  seg-loss -1.7769  ema -0.7386
pes  1250  seg-loss -0.0196  ema -0.6696
pes  1275  seg-loss -0.4987  ema -0.5582
pes  1300  seg-loss -0.5823  ema -1.2299
pes  1325  seg-loss 0.1947  ema -0.7055
pes  1350  seg-loss -3.9107  ema -1.0865
pes  1375  seg-loss -2.3145  ema -1.4571
pes  1400  seg-loss -2.4060  ema -1.3746
pes  1425  seg-loss -2.2035  ema -1.5418
pes  1450  seg-loss -1.5830  ema -1.2792
pes  1475  seg-loss -2.2530  ema -1.3740
pes  1500  seg-loss 0.0065  ema -1.1067
  eval[h16] learned: loss 3.1888 acc 0.193  vs  muon(lr=0.1): loss 0.0018 acc 0.999
  eval[h64-wider] learned: loss 15.5462 acc 0.144  vs  muon(lr=0.1): loss 0.0000 acc 1.000
  eval[h16-long] learned: loss 2.1666 acc 0.187  vs  muon(lr=0.03): loss 0.0000 acc 1.000
  eval[fashion-h16 HELD-OUT] learned: loss 2.2667 acc 0.147  vs  muon(lr=0.03): loss 0.0000 acc 1.000
  eval[fashion-h64 HELD-OUT] learned: loss 2.2586 acc 0.152  vs  muon(lr=0.03): loss 0.0000 acc 1.000
pes  1525  seg-loss -1.0039  ema -0.9741
pes  1550  seg-loss -2.3497  ema -1.3964
pes  1575  seg-loss -1.5782  ema -1.7647
  probe-score -0.8661 (new best, saved)
pes  1600  seg-loss -0.0554  ema -1.4100
pes  1625  seg-loss -0.0319  ema -0.8551
pes  1650  seg-loss -4.1237  ema -1.4597
pes  1675  seg-loss -1.6909  ema -1.2742
pes  1700  seg-loss -0.0749  ema -1.6822
pes  1725  seg-loss -0.7831  ema -1.7749
pes  1750  seg-loss -1.0650  ema -1.5853
pes  1775  seg-loss -4.5377  ema -1.9404
pes  1800  seg-loss -0.0353  ema -1.1652
pes  1825  seg-loss -0.8710  ema -0.9043
pes  1850  seg-loss -4.4717  ema -1.5433
pes  1875  seg-loss -0.0778  ema -0.9575
pes  1900  seg-loss 0.3028  ema -0.4499
pes  1925  seg-loss -0.2492  ema -0.3284
pes  1950  seg-loss -1.0331  ema -0.5058
pes  1975  seg-loss -1.3514  ema -0.6176
pes  2000  seg-loss -0.0146  ema -0.5164
pes  2025  seg-loss 0.0523  ema -0.2678
pes  2050  seg-loss -1.5467  ema -0.5797
pes  2075  seg-loss -0.1036  ema -1.2579
pes  2100  seg-loss -2.5764  ema -1.3161
pes  2125  seg-loss -0.7082  ema -1.0576
pes  2150  seg-loss -5.1757  ema -1.3771
pes  2175  seg-loss -0.7887  ema -1.3913
pes  2200  seg-loss -0.8372  ema -1.1311
pes  2225  seg-loss 0.0718  ema -0.7478
pes  2250  seg-loss -1.1177  ema -0.7107
pes  2275  seg-loss -0.7507  ema -1.4399
pes  2300  seg-loss -1.3228  ema -1.2657
pes  2325  seg-loss -0.2399  ema -1.2280
pes  2350  seg-loss -1.1193  ema -0.8106
pes  2375  seg-loss -1.5841  ema -1.2325
  probe-score -0.8759 (new best, saved)
pes  2400  seg-loss -0.6433  ema -1.6313
pes  2425  seg-loss -2.5244  ema -1.4179
pes  2450  seg-loss -2.8557  ema -1.7429
pes  2475  seg-loss -3.0977  ema -2.0876
  probe-score -0.8974 (new best, saved)
pes  2500  seg-loss -0.1728  ema -2.6838
pes  2525  seg-loss 0.1546  ema -1.7906
pes  2550  seg-loss -0.7351  ema -1.2610
pes  2575  seg-loss -0.0229  ema -0.6518
pes  2600  seg-loss -2.2915  ema -0.6824
pes  2625  seg-loss -1.2864  ema -1.1534
pes  2650  seg-loss -3.5624  ema -1.5963
pes  2675  seg-loss -5.7840  ema -2.0475
pes  2700  seg-loss -0.2408  ema -1.9232
pes  2725  seg-loss -1.0909  ema -1.4423
pes  2750  seg-loss -2.6376  ema -1.4016
pes  2775  seg-loss -3.6514  ema -1.6999
  probe-score -0.9277 (new best, saved)
pes  2800  seg-loss -0.1487  ema -1.0585
pes  2825  seg-loss -3.0354  ema -1.2830
pes  2850  seg-loss -0.9907  ema -1.0961
pes  2875  seg-loss -0.0723  ema -0.8043
pes  2900  seg-loss -0.7308  ema -1.0375
pes  2925  seg-loss -0.4082  ema -1.0919
pes  2950  seg-loss -1.1761  ema -1.0069
pes  2975  seg-loss -0.7559  ema -0.8816
pes  3000  seg-loss -2.8541  ema -1.1680
  eval[h16] learned: loss 2.4914 acc 0.233  vs  muon(lr=0.1): loss 0.0018 acc 0.999
  eval[h64-wider] learned: loss 45.8800 acc 0.211  vs  muon(lr=0.1): loss 0.0000 acc 1.000
  eval[h16-long] learned: loss 1.9425 acc 0.280  vs  muon(lr=0.03): loss 0.0000 acc 1.000
  eval[fashion-h16 HELD-OUT] learned: loss 2.2262 acc 0.169  vs  muon(lr=0.03): loss 0.0000 acc 1.000
  eval[fashion-h64 HELD-OUT] learned: loss 3.9250 acc 0.143  vs  muon(lr=0.03): loss 0.0000 acc 1.000
pes  3025  seg-loss -0.9864  ema -1.0467
pes  3050  seg-loss -0.5457  ema -1.0867
pes  3075  seg-loss 0.3527  ema -1.0163
pes  3100  seg-loss -3.2801  ema -1.3218
pes  3125  seg-loss -0.0671  ema -1.6297
pes  3150  seg-loss -0.1255  ema -1.0883
pes  3175  seg-loss 0.0776  ema -0.6317
pes  3200  seg-loss -0.2829  ema -0.4460
pes  3225  seg-loss 0.8045  ema -0.2546
pes  3250  seg-loss -0.9813  ema -0.2970
pes  3275  seg-loss -1.1240  ema -0.5901
pes  3300  seg-loss -1.6254  ema -0.8435
pes  3325  seg-loss -0.4915  ema -1.5604
pes  3350  seg-loss 0.1231  ema -1.2376
pes  3375  seg-loss -1.7097  ema -0.8012
  probe-score -1.0281 (new best, saved)
pes  3400  seg-loss -0.1248  ema -1.1464
pes  3425  seg-loss -1.3201  ema -0.8964
pes  3450  seg-loss -1.6493  ema -0.9766
pes  3475  seg-loss -2.0096  ema -1.2336
pes  3500  seg-loss 0.3340  ema -1.7060
pes  3525  seg-loss -3.3282  ema -1.8895
pes  3550  seg-loss -2.6468  ema -1.8115
pes  3575  seg-loss -0.9113  ema -1.4880
  probe-score -1.0514 (new best, saved)
pes  3600  seg-loss -2.3201  ema -1.3607
pes  3625  seg-loss -0.8251  ema -1.1389
pes  3650  seg-loss -4.0784  ema -1.5701
pes  3675  seg-loss -0.7643  ema -1.4417
pes  3700  seg-loss -0.3594  ema -1.1559
pes  3725  seg-loss -1.9844  ema -1.4278
pes  3750  seg-loss -2.5746  ema -1.8134
pes  3775  seg-loss 0.1338  ema -1.9133
pes  3800  seg-loss -3.8312  ema -1.8664
pes  3825  seg-loss -3.8422  ema -2.2550
pes  3850  seg-loss -1.4955  ema -1.9632
pes  3875  seg-loss -5.0162  ema -2.3419
pes  3900  seg-loss -1.2903  ema -3.4449
pes  3925  seg-loss -8.4536  ema -3.7082
pes  3950  seg-loss -0.9803  ema -2.6654
pes  3975  seg-loss -2.4614  ema -1.9946
  probe-score -1.1211 (new best, saved)
pes  4000  seg-loss -1.8845  ema -1.8363
pes  4025  seg-loss -0.4401  ema -1.9894
pes  4050  seg-loss -0.4717  ema -1.5498
pes  4075  seg-loss -15.1425  ema -3.6426
  probe-score -1.4526 (new best, saved)
pes  4100  seg-loss -5.4353  ema -3.2493
pes  4125  seg-loss -0.4863  ema -2.9509
pes  4150  seg-loss -1.4392  ema -2.3007
pes  4175  seg-loss -3.7461  ema -2.0793
pes  4200  seg-loss 1.2108  ema -2.4855
pes  4225  seg-loss -2.8892  ema -2.0365
pes  4250  seg-loss 0.2757  ema -2.4332
pes  4275  seg-loss -6.2981  ema -2.2894
pes  4300  seg-loss -3.6470  ema -2.8480
pes  4325  seg-loss -11.3643  ema -3.9357
pes  4350  seg-loss -1.0375  ema -3.9246
pes  4375  seg-loss -1.0843  ema -4.8583
pes  4400  seg-loss -0.9299  ema -3.3223
pes  4425  seg-loss -5.4252  ema -2.9925
pes  4450  seg-loss -6.5572  ema -3.6395
pes  4475  seg-loss -1.6079  ema -3.0436
pes  4500  seg-loss -0.7979  ema -3.8906
  eval[h16] learned: loss 1.6929 acc 0.432  vs  muon(lr=0.1): loss 0.0018 acc 0.999
  eval[h64-wider] learned: loss 2.3262 acc 0.389  vs  muon(lr=0.1): loss 0.0000 acc 1.000
  eval[h16-long] learned: loss 0.2423 acc 0.928  vs  muon(lr=0.03): loss 0.0000 acc 1.000
  eval[fashion-h16 HELD-OUT] learned: loss 1.1836 acc 0.558  vs  muon(lr=0.03): loss 0.0000 acc 1.000
  eval[fashion-h64 HELD-OUT] learned: loss 1.9046 acc 0.319  vs  muon(lr=0.03): loss 0.0000 acc 1.000
pes  4525  seg-loss -0.4510  ema -4.2053
pes  4550  seg-loss -11.5758  ema -4.7608
pes  4575  seg-loss -1.2887  ema -3.9396
pes  4600  seg-loss -0.6720  ema -4.2977
pes  4625  seg-loss -0.3528  ema -3.5082
pes  4650  seg-loss -2.5927  ema -2.4887
pes  4675  seg-loss -3.7543  ema -2.9400
pes  4700  seg-loss -15.3758  ema -4.8853
pes  4725  seg-loss -0.7514  ema -3.8466
pes  4750  seg-loss -1.8068  ema -2.7408
pes  4775  seg-loss -1.8300  ema -2.3766
pes  4800  seg-loss -10.2304  ema -3.1688
pes  4825  seg-loss -1.4855  ema -3.8692
pes  4850  seg-loss -1.2619  ema -3.5163
pes  4875  seg-loss -5.6872  ema -3.3231
pes  4900  seg-loss -2.6218  ema -2.4807
pes  4925  seg-loss -1.7146  ema -1.6930
pes  4950  seg-loss -6.1653  ema -2.4077
pes  4975  seg-loss -3.2716  ema -2.3507
pes  5000  seg-loss -3.6098  ema -4.6105
pes  5025  seg-loss 0.2232  ema -3.7774
pes  5050  seg-loss -1.7168  ema -2.3900
pes  5075  seg-loss -1.3560  ema -3.4322
pes  5100  seg-loss -0.2797  ema -3.9661
pes  5125  seg-loss -1.4155  ema -3.2164
pes  5150  seg-loss -2.1217  ema -3.3670
pes  5175  seg-loss -2.5429  ema -3.0831
pes  5200  seg-loss -2.3645  ema -3.1221
pes  5225  seg-loss 0.0426  ema -2.1094
pes  5250  seg-loss -2.6793  ema -1.7268
pes  5275  seg-loss -5.6142  ema -2.5652
pes  5300  seg-loss -4.2436  ema -2.7514
pes  5325  seg-loss -0.7751  ema -2.7195
pes  5350  seg-loss -1.1383  ema -2.6393
pes  5375  seg-loss -9.8386  ema -3.2649
pes  5400  seg-loss -11.4880  ema -3.6238
pes  5425  seg-loss -2.0778  ema -3.9074
pes  5450  seg-loss -2.7505  ema -3.2668
pes  5475  seg-loss -6.7105  ema -3.5217
pes  5500  seg-loss -0.2212  ema -2.9861
pes  5525  seg-loss -0.6048  ema -3.8901
pes  5550  seg-loss -0.5863  ema -4.1148
pes  5575  seg-loss -2.0861  ema -3.3338
pes  5600  seg-loss -1.3807  ema -2.6771
pes  5625  seg-loss -1.8868  ema -2.8364
pes  5650  seg-loss -1.6960  ema -2.6013
pes  5675  seg-loss 0.2071  ema -1.5237
pes  5700  seg-loss -16.4041  ema -3.9209
pes  5725  seg-loss -0.6025  ema -4.0522
pes  5750  seg-loss -3.8992  ema -4.4826
pes  5775  seg-loss -2.6002  ema -4.5957
  probe-score -1.5272 (new best, saved)
pes  5800  seg-loss -4.4680  ema -3.6217
pes  5825  seg-loss -4.6533  ema -4.0889
pes  5850  seg-loss -10.5242  ema -4.7177
pes  5875  seg-loss -1.5297  ema -4.2335
  probe-score -1.5380 (new best, saved)
pes  5900  seg-loss -5.0816  ema -4.9139
pes  5925  seg-loss -17.1028  ema -6.5400
pes  5950  seg-loss -1.8469  ema -5.6841
pes  5975  seg-loss 0.2462  ema -3.4495
pes  6000  seg-loss 0.1364  ema -2.1214
  eval[h16] learned: loss 1.3728 acc 0.496  vs  muon(lr=0.1): loss 0.0018 acc 0.999
  eval[h64-wider] learned: loss 2.1898 acc 0.424  vs  muon(lr=0.1): loss 0.0000 acc 1.000
  eval[h16-long] learned: loss 0.3161 acc 0.891  vs  muon(lr=0.03): loss 0.0000 acc 1.000
  eval[fashion-h16 HELD-OUT] learned: loss 1.3354 acc 0.457  vs  muon(lr=0.03): loss 0.0000 acc 1.000
  eval[fashion-h64 HELD-OUT] learned: loss 2.0258 acc 0.262  vs  muon(lr=0.03): loss 0.0000 acc 1.000
pes  6025  seg-loss -6.8800  ema -2.4444
pes  6050  seg-loss -1.7088  ema -3.2557
pes  6075  seg-loss -1.6551  ema -3.1807
pes  6100  seg-loss -0.8561  ema -2.7099
pes  6125  seg-loss -2.6708  ema -2.5984
pes  6150  seg-loss -4.4870  ema -3.1750
pes  6175  seg-loss -10.7317  ema -4.1810
pes  6200  seg-loss 1.7001  ema -3.6763
pes  6225  seg-loss -0.6117  ema -3.4233
pes  6250  seg-loss -0.6550  ema -3.5762
pes  6275  seg-loss -1.6305  ema -3.3302
  probe-score -1.5965 (new best, saved)
pes  6300  seg-loss -2.5478  ema -2.9534
pes  6325  seg-loss -0.7197  ema -3.1146
pes  6350  seg-loss -0.3115  ema -3.8662
pes  6375  seg-loss -3.7737  ema -2.7857
pes  6400  seg-loss -3.0419  ema -3.4771
pes  6425  seg-loss -4.3996  ema -3.1811
pes  6450  seg-loss -4.9471  ema -3.3664
pes  6475  seg-loss -1.8886  ema -4.2912
pes  6500  seg-loss 0.0702  ema -3.1297
pes  6525  seg-loss -0.0037  ema -2.1684
pes  6550  seg-loss -1.1463  ema -2.2985
pes  6575  seg-loss -1.9119  ema -2.6232
pes  6600  seg-loss -0.3543  ema -3.3564
pes  6625  seg-loss -7.4716  ema -3.5057
pes  6650  seg-loss -2.1721  ema -3.1958
pes  6675  seg-loss -1.5273  ema -3.5535
pes  6700  seg-loss -0.8611  ema -3.7663
pes  6725  seg-loss -0.7289  ema -3.9237
pes  6750  seg-loss -2.0268  ema -3.8649
pes  6775  seg-loss -1.9473  ema -4.0944
pes  6800  seg-loss -3.0212  ema -3.2254
pes  6825  seg-loss -2.0603  ema -4.4944
pes  6850  seg-loss -4.0512  ema -3.6184
pes  6875  seg-loss -3.3294  ema -3.5731
pes  6900  seg-loss -0.7728  ema -2.5689
pes  6925  seg-loss -0.8558  ema -4.0107
pes  6950  seg-loss -2.0426  ema -4.0923
pes  6975  seg-loss -1.5005  ema -4.5918
pes  7000  seg-loss -3.1836  ema -5.0636
pes  7025  seg-loss -5.9156  ema -5.5476
pes  7050  seg-loss -3.0565  ema -5.2010
pes  7075  seg-loss -2.0952  ema -3.7737
pes  7100  seg-loss -2.2677  ema -3.8857
pes  7125  seg-loss -4.3568  ema -4.5729
pes  7150  seg-loss -1.2563  ema -3.9110
pes  7175  seg-loss -6.7326  ema -4.6340
pes  7200  seg-loss -5.2191  ema -5.4979
pes  7225  seg-loss -3.5670  ema -4.7006
pes  7250  seg-loss -6.7957  ema -3.9097
pes  7275  seg-loss -1.1073  ema -3.9086
pes  7300  seg-loss -3.8642  ema -3.8489
pes  7325  seg-loss -9.3434  ema -4.5088
pes  7350  seg-loss -0.6447  ema -3.9659
pes  7375  seg-loss -7.4187  ema -3.6216
pes  7400  seg-loss -0.7162  ema -4.8786
pes  7425  seg-loss -2.9783  ema -4.6466
pes  7450  seg-loss -2.2593  ema -4.1630
pes  7475  seg-loss 0.0716  ema -2.5286
  probe-score -1.6492 (new best, saved)
pes  7500  seg-loss -0.2346  ema -2.7470
  eval[h16] learned: loss 1.0913 acc 0.639  vs  muon(lr=0.1): loss 0.0018 acc 0.999
  eval[h64-wider] learned: loss 3.2297 acc 0.657  vs  muon(lr=0.1): loss 0.0000 acc 1.000
  eval[h16-long] learned: loss 0.0709 acc 0.977  vs  muon(lr=0.03): loss 0.0000 acc 1.000
  eval[fashion-h16 HELD-OUT] learned: loss 0.8968 acc 0.700  vs  muon(lr=0.03): loss 0.0000 acc 1.000
  eval[fashion-h64 HELD-OUT] learned: loss 7.6121 acc 0.692  vs  muon(lr=0.03): loss 0.0000 acc 1.000
pes  7525  seg-loss -3.0640  ema -3.0468
pes  7550  seg-loss -1.5045  ema -3.0827
pes  7575  seg-loss -2.4949  ema -3.2510
  probe-score -1.7432 (new best, saved)
pes  7600  seg-loss -1.3806  ema -3.4330
pes  7625  seg-loss -5.3603  ema -2.9386
pes  7650  seg-loss -6.1505  ema -3.8748
pes  7675  seg-loss -10.8700  ema -5.4588
pes  7700  seg-loss -0.3068  ema -4.4530
pes  7725  seg-loss -3.9066  ema -3.3610
pes  7750  seg-loss -8.3781  ema -4.5148
pes  7775  seg-loss -8.8595  ema -5.4614
pes  7800  seg-loss -0.2341  ema -3.8548
pes  7825  seg-loss 0.5076  ema -3.2937
pes  7850  seg-loss -1.2388  ema -2.3576
pes  7875  seg-loss -2.4022  ema -2.0342
  probe-score -1.7852 (new best, saved)
pes  7900  seg-loss -3.1868  ema -2.3151
pes  7925  seg-loss -8.3488  ema -2.5849
pes  7950  seg-loss -7.1361  ema -3.9796
pes  7975  seg-loss -2.9489  ema -3.4355
  probe-score -2.0353 (new best, saved)
pes  8000  seg-loss 0.2561  ema -4.1182
pes  8025  seg-loss -1.6466  ema -4.6727
pes  8050  seg-loss -15.0370  ema -5.5903
pes  8075  seg-loss -8.5763  ema -5.2202
pes  8100  seg-loss 0.1211  ema -4.9436
pes  8125  seg-loss -3.6452  ema -3.7536
pes  8150  seg-loss -5.7545  ema -4.5645
pes  8175  seg-loss -0.0188  ema -3.8070
pes  8200  seg-loss 1.5707  ema -2.4462
pes  8225  seg-loss -5.7804  ema -1.9711
pes  8250  seg-loss -4.6606  ema -2.9156
pes  8275  seg-loss -11.8160  ema -4.5302
pes  8300  seg-loss -15.4761  ema -5.6768
pes  8325  seg-loss -8.4931  ema -5.5650
pes  8350  seg-loss -10.8824  ema -5.6078
pes  8375  seg-loss -1.7508  ema -3.7209
pes  8400  seg-loss -0.3930  ema -3.9455
pes  8425  seg-loss -1.2455  ema -5.2108
pes  8450  seg-loss -0.7917  ema -4.9847
pes  8475  seg-loss -1.5415  ema -3.8317
pes  8500  seg-loss -0.3073  ema -3.4469
pes  8525  seg-loss -0.4993  ema -3.2947
pes  8550  seg-loss 0.0323  ema -2.3447
pes  8575  seg-loss -1.8383  ema -1.6329
pes  8600  seg-loss -2.6213  ema -2.1552
pes  8625  seg-loss -4.7552  ema -2.3784
pes  8650  seg-loss -2.3870  ema -2.8436
pes  8675  seg-loss -4.8698  ema -2.8472
pes  8700  seg-loss -11.5328  ema -4.1433
pes  8725  seg-loss -10.8224  ema -4.9652
pes  8750  seg-loss -1.7953  ema -3.9299
pes  8775  seg-loss -3.0374  ema -4.0191
pes  8800  seg-loss -0.9056  ema -4.7775
pes  8825  seg-loss -0.9187  ema -5.5179
pes  8850  seg-loss -3.3888  ema -4.7476
pes  8875  seg-loss -4.7024  ema -4.8551
pes  8900  seg-loss -3.4569  ema -4.1709
pes  8925  seg-loss -2.6482  ema -3.8036
pes  8950  seg-loss -3.9082  ema -3.2380
pes  8975  seg-loss -5.1006  ema -3.9927
pes  9000  seg-loss -17.2941  ema -6.5917
  eval[h16] learned: loss 0.8724 acc 0.693  vs  muon(lr=0.1): loss 0.0018 acc 0.999
  eval[h64-wider] learned: loss 1.6474 acc 0.498  vs  muon(lr=0.1): loss 0.0000 acc 1.000
  eval[h16-long] learned: loss 0.0593 acc 0.979  vs  muon(lr=0.03): loss 0.0000 acc 1.000
  eval[fashion-h16 HELD-OUT] learned: loss 0.9011 acc 0.639  vs  muon(lr=0.03): loss 0.0000 acc 1.000
  eval[fashion-h64 HELD-OUT] learned: loss 1.8635 acc 0.362  vs  muon(lr=0.03): loss 0.0000 acc 1.000
pes  9025  seg-loss -5.5944  ema -5.7853
pes  9050  seg-loss -2.2933  ema -6.3051
pes  9075  seg-loss -17.3327  ema -6.3013
pes  9100  seg-loss -0.8901  ema -7.0516
pes  9125  seg-loss -1.0704  ema -6.5051
pes  9150  seg-loss -6.8556  ema -5.0222
pes  9175  seg-loss -6.8581  ema -5.4389
pes  9200  seg-loss -0.2793  ema -5.6591
pes  9225  seg-loss -0.8605  ema -5.1388
pes  9250  seg-loss -5.7249  ema -4.1931
pes  9275  seg-loss -1.9452  ema -4.7606
pes  9300  seg-loss -2.8572  ema -4.1796
pes  9325  seg-loss -4.3461  ema -4.5464
pes  9350  seg-loss -0.1171  ema -3.6133
pes  9375  seg-loss -8.4463  ema -3.8041
pes  9400  seg-loss -0.8287  ema -4.1658
pes  9425  seg-loss -0.5570  ema -2.9831
pes  9450  seg-loss -14.2391  ema -4.3249
pes  9475  seg-loss -1.0118  ema -3.7488
pes  9500  seg-loss -2.3543  ema -3.9340
pes  9525  seg-loss -5.2013  ema -3.9078
pes  9550  seg-loss -5.4622  ema -4.1874
pes  9575  seg-loss -14.9837  ema -5.8017
pes  9600  seg-loss -3.2297  ema -6.6103
pes  9625  seg-loss -1.6783  ema -5.4999
pes  9650  seg-loss 0.3488  ema -4.6206
pes  9675  seg-loss -11.1222  ema -4.3609
pes  9700  seg-loss -8.1098  ema -4.7473
pes  9725  seg-loss -3.5707  ema -5.1789
pes  9750  seg-loss -2.4596  ema -5.2712
pes  9775  seg-loss -10.7931  ema -4.9909
pes  9800  seg-loss -7.1162  ema -4.8340
pes  9825  seg-loss -1.5917  ema -4.6830
pes  9850  seg-loss 0.1407  ema -4.9441
pes  9875  seg-loss -2.2461  ema -5.2237
pes  9900  seg-loss -2.4417  ema -6.0427
pes  9925  seg-loss -6.5387  ema -6.0992
pes  9950  seg-loss -16.4854  ema -6.8641
pes  9975  seg-loss -9.1575  ema -7.3134
pes 10000  seg-loss -12.0195  ema -7.4562
pes 10025  seg-loss -10.4667  ema -6.6627
pes 10050  seg-loss -8.8915  ema -6.8524
pes 10075  seg-loss -11.1781  ema -6.2976
pes 10100  seg-loss -0.3429  ema -5.2806
pes 10125  seg-loss -3.4219  ema -6.0308
pes 10150  seg-loss -2.1767  ema -5.8941
pes 10175  seg-loss -2.4594  ema -5.5005
pes 10200  seg-loss -2.2542  ema -4.9839
pes 10225  seg-loss -5.0747  ema -4.7309
pes 10250  seg-loss -4.9585  ema -4.8374
pes 10275  seg-loss -9.8192  ema -5.4181
pes 10300  seg-loss -3.1750  ema -5.3549
pes 10325  seg-loss -1.7815  ema -4.9024
pes 10350  seg-loss 0.0327  ema -3.1985
pes 10375  seg-loss -3.4644  ema -2.3294
pes 10400  seg-loss -2.6158  ema -3.0184
pes 10425  seg-loss -4.1300  ema -2.8374
pes 10450  seg-loss -3.4424  ema -3.1879
pes 10475  seg-loss -8.1772  ema -3.7751
pes 10500  seg-loss -0.3274  ema -4.9984
  eval[h16] learned: loss 1.2944 acc 0.499  vs  muon(lr=0.1): loss 0.0018 acc 0.999
  eval[h64-wider] learned: loss 1.8412 acc 0.445  vs  muon(lr=0.1): loss 0.0000 acc 1.000
  eval[h16-long] learned: loss 0.2023 acc 0.923  vs  muon(lr=0.03): loss 0.0000 acc 1.000
  eval[fashion-h16 HELD-OUT] learned: loss 1.0421 acc 0.565  vs  muon(lr=0.03): loss 0.0000 acc 1.000
  eval[fashion-h64 HELD-OUT] learned: loss 2.1501 acc 0.370  vs  muon(lr=0.03): loss 0.0000 acc 1.000
pes 10525  seg-loss -4.5079  ema -3.8697
pes 10550  seg-loss -8.5753  ema -4.3084
pes 10575  seg-loss -0.4729  ema -5.2940
pes 10600  seg-loss -3.0456  ema -4.3327
pes 10625  seg-loss -6.2946  ema -4.1596
pes 10650  seg-loss -5.9933  ema -4.3166
pes 10675  seg-loss -3.2022  ema -4.1337
pes 10700  seg-loss -2.7766  ema -4.6397
pes 10725  seg-loss -8.5137  ema -4.9622
pes 10750  seg-loss -6.6506  ema -5.3616
pes 10775  seg-loss -3.4862  ema -4.8830
  probe-score -2.2328 (new best, saved)
pes 10800  seg-loss -1.3189  ema -5.3179
pes 10825  seg-loss -3.5941  ema -4.4805
pes 10850  seg-loss -5.8527  ema -4.2499
pes 10875  seg-loss -5.4821  ema -4.6855
  probe-score -2.4088 (new best, saved)
pes 10900  seg-loss -2.5251  ema -4.4038
pes 10925  seg-loss -3.4139  ema -4.2885
pes 10950  seg-loss -4.0455  ema -4.0671
pes 10975  seg-loss -7.3943  ema -4.1672
pes 11000  seg-loss -0.7920  ema -4.5969
pes 11025  seg-loss -3.0359  ema -4.6955
pes 11050  seg-loss -6.1069  ema -4.9715
pes 11075  seg-loss -1.7736  ema -4.3627
pes 11100  seg-loss -7.8213  ema -3.6018
pes 11125  seg-loss -8.3676  ema -5.1151
pes 11150  seg-loss -6.4031  ema -5.3918
pes 11175  seg-loss -3.0404  ema -4.5396
pes 11200  seg-loss -0.3623  ema -5.6313
pes 11225  seg-loss -3.3223  ema -6.0682
pes 11250  seg-loss -1.8770  ema -6.0599
pes 11275  seg-loss -3.7487  ema -5.7311
pes 11300  seg-loss -5.0191  ema -6.4305
pes 11325  seg-loss -5.1726  ema -5.7264
pes 11350  seg-loss -2.8977  ema -4.9195
pes 11375  seg-loss -1.4380  ema -5.5141
pes 11400  seg-loss -2.8386  ema -5.0470
pes 11425  seg-loss -15.2744  ema -5.8090
pes 11450  seg-loss -10.3369  ema -6.6609
pes 11475  seg-loss -11.7700  ema -6.3496
pes 11500  seg-loss -10.9274  ema -5.8878
pes 11525  seg-loss -13.0297  ema -5.8792
pes 11550  seg-loss -10.9447  ema -6.7511
pes 11575  seg-loss -3.8834  ema -6.6881
pes 11600  seg-loss -3.0660  ema -7.3115
pes 11625  seg-loss -2.1001  ema -6.1687
pes 11650  seg-loss 0.2720  ema -4.1568
pes 11675  seg-loss -15.5167  ema -4.2853
pes 11700  seg-loss -8.8899  ema -5.1661
pes 11725  seg-loss -17.3756  ema -7.1412
pes 11750  seg-loss -0.9506  ema -5.1080
pes 11775  seg-loss -13.6397  ema -5.5687
pes 11800  seg-loss 3.0495  ema -5.8882
pes 11825  seg-loss -6.9606  ema -4.8003
pes 11850  seg-loss -16.2353  ema -6.1203
pes 11875  seg-loss -3.8770  ema -4.6509
pes 11900  seg-loss -0.1498  ema -4.5369
pes 11925  seg-loss -3.5088  ema -5.9027
pes 11950  seg-loss -8.8247  ema -6.4015
pes 11975  seg-loss -17.3006  ema -8.5370
pes 12000  seg-loss -0.3431  ema -10.2696
  eval[h16] learned: loss 0.8435 acc 0.720  vs  muon(lr=0.1): loss 0.0018 acc 0.999
  eval[h64-wider] learned: loss 1.0074 acc 0.688  vs  muon(lr=0.1): loss 0.0000 acc 1.000
  eval[h16-long] learned: loss 0.0012 acc 1.000  vs  muon(lr=0.03): loss 0.0000 acc 1.000
  eval[fashion-h16 HELD-OUT] learned: loss 0.9363 acc 0.663  vs  muon(lr=0.03): loss 0.0000 acc 1.000
  eval[fashion-h64 HELD-OUT] learned: loss 1.2614 acc 0.610  vs  muon(lr=0.03): loss 0.0000 acc 1.000
pes 12025  seg-loss -2.1294  ema -7.9621
pes 12050  seg-loss -2.7204  ema -7.9922
pes 12075  seg-loss -4.7101  ema -6.1860
pes 12100  seg-loss -2.3549  ema -5.3453
pes 12125  seg-loss -1.1304  ema -4.5623
pes 12150  seg-loss -1.8068  ema -4.3937
pes 12175  seg-loss -2.4311  ema -4.2730
  probe-score -2.4439 (new best, saved)
pes 12200  seg-loss -6.1255  ema -4.4579
pes 12225  seg-loss -9.5097  ema -5.0984
pes 12250  seg-loss -3.9639  ema -4.5620
pes 12275  seg-loss -3.9269  ema -4.6477
  probe-score -2.5200 (new best, saved)
pes 12300  seg-loss -2.5674  ema -3.4651
pes 12325  seg-loss -14.1686  ema -4.5781
pes 12350  seg-loss -17.5467  ema -7.3127
pes 12375  seg-loss -12.3056  ema -6.6623
pes 12400  seg-loss -4.0154  ema -5.5021
pes 12425  seg-loss -12.9429  ema -6.4806
pes 12450  seg-loss -15.7783  ema -7.7032
pes 12475  seg-loss -2.9547  ema -7.4962
pes 12500  seg-loss -0.0314  ema -6.8499
pes 12525  seg-loss -1.5306  ema -6.4251
pes 12550  seg-loss -2.3314  ema -6.5230
pes 12575  seg-loss -9.7122  ema -6.0362
pes 12600  seg-loss -13.1212  ema -5.4656
pes 12625  seg-loss -17.1509  ema -7.5746
pes 12650  seg-loss -10.3460  ema -6.9371
pes 12675  seg-loss -4.7627  ema -5.5065
pes 12700  seg-loss -7.3276  ema -5.0051
pes 12725  seg-loss -6.6593  ema -5.2778
pes 12750  seg-loss -4.3384  ema -4.1403
pes 12775  seg-loss -13.1686  ema -5.3035
pes 12800  seg-loss -0.0341  ema -5.0514
pes 12825  seg-loss -1.7206  ema -3.9714
pes 12850  seg-loss -1.2646  ema -3.3937
pes 12875  seg-loss -2.8442  ema -4.1384
pes 12900  seg-loss -5.7586  ema -5.0618
pes 12925  seg-loss -14.6368  ema -6.5840
pes 12950  seg-loss -6.7199  ema -6.5092
pes 12975  seg-loss -0.1810  ema -3.9569
pes 13000  seg-loss -0.7138  ema -3.0218
pes 13025  seg-loss -3.6975  ema -3.7581
pes 13050  seg-loss -3.3416  ema -4.2284
pes 13075  seg-loss -7.2509  ema -4.6220
pes 13100  seg-loss -9.5585  ema -5.4650
pes 13125  seg-loss -1.4619  ema -6.0489
pes 13150  seg-loss -2.1797  ema -6.1319
pes 13175  seg-loss -4.4911  ema -4.6292
pes 13200  seg-loss 0.5115  ema -4.9051
pes 13225  seg-loss -4.6519  ema -3.2389
pes 13250  seg-loss -2.7889  ema -4.7727
pes 13275  seg-loss -5.6477  ema -4.1489
pes 13300  seg-loss -0.0158  ema -2.7568
pes 13325  seg-loss -5.3725  ema -4.0209
pes 13350  seg-loss -3.6057  ema -4.9245
pes 13375  seg-loss -6.1296  ema -6.0591
  probe-score -2.6878 (new best, saved)
pes 13400  seg-loss -7.2441  ema -6.2702
pes 13425  seg-loss -2.8781  ema -5.2073
pes 13450  seg-loss -8.4485  ema -4.6624
pes 13475  seg-loss -6.9002  ema -4.1351
pes 13500  seg-loss -5.7853  ema -4.7628
  eval[h16] learned: loss 0.5817 acc 0.807  vs  muon(lr=0.1): loss 0.0018 acc 0.999
  eval[h64-wider] learned: loss 0.8308 acc 0.794  vs  muon(lr=0.1): loss 0.0000 acc 1.000
  eval[h16-long] learned: loss 0.0193 acc 0.993  vs  muon(lr=0.03): loss 0.0000 acc 1.000
  eval[fashion-h16 HELD-OUT] learned: loss 0.7155 acc 0.718  vs  muon(lr=0.03): loss 0.0000 acc 1.000
  eval[fashion-h64 HELD-OUT] learned: loss 0.6169 acc 0.764  vs  muon(lr=0.03): loss 0.0000 acc 1.000
pes 13525  seg-loss -6.9221  ema -4.9138
pes 13550  seg-loss -4.5982  ema -5.5091
pes 13575  seg-loss -12.4747  ema -6.5627
pes 13600  seg-loss -3.2816  ema -5.2238
pes 13625  seg-loss -8.5143  ema -6.0758
pes 13650  seg-loss -15.7005  ema -7.7619
pes 13675  seg-loss -0.0812  ema -6.0565
pes 13700  seg-loss -0.4320  ema -4.0262
pes 13725  seg-loss -0.2324  ema -4.9204
pes 13750  seg-loss -3.9106  ema -3.5558
pes 13775  seg-loss -13.2724  ema -5.4413
pes 13800  seg-loss -2.3649  ema -5.5461
pes 13825  seg-loss -0.7340  ema -4.6624
pes 13850  seg-loss -2.3018  ema -3.1514
pes 13875  seg-loss -6.7667  ema -4.8920
pes 13900  seg-loss -6.2509  ema -5.8753
pes 13925  seg-loss -16.4328  ema -6.9764
pes 13950  seg-loss -18.2215  ema -9.4759
pes 13975  seg-loss -1.9916  ema -10.1004
pes 14000  seg-loss -6.8054  ema -8.4441
pes 14025  seg-loss -10.7622  ema -8.2450
pes 14050  seg-loss -5.2869  ema -6.9380
pes 14075  seg-loss -10.1953  ema -5.9303
  probe-score -2.8601 (new best, saved)
pes 14100  seg-loss -4.1484  ema -5.4949
pes 14125  seg-loss -12.9926  ema -6.5415
pes 14150  seg-loss -8.3738  ema -6.3705
pes 14175  seg-loss -6.0065  ema -6.1609
pes 14200  seg-loss -8.2634  ema -5.7986
pes 14225  seg-loss -0.5025  ema -4.7642
pes 14250  seg-loss -4.1005  ema -3.5740
pes 14275  seg-loss -8.8007  ema -4.1048
pes 14300  seg-loss -15.4750  ema -6.5924
pes 14325  seg-loss -1.5205  ema -6.9667
pes 14350  seg-loss -3.7004  ema -6.5817
pes 14375  seg-loss -4.8761  ema -7.8620
pes 14400  seg-loss -14.8184  ema -8.3933
pes 14425  seg-loss -12.9056  ema -8.6222
pes 14450  seg-loss -5.2212  ema -7.1140
pes 14475  seg-loss -14.0955  ema -6.9271
pes 14500  seg-loss -2.0044  ema -6.2241
pes 14525  seg-loss -3.5867  ema -4.6024
pes 14550  seg-loss -5.5859  ema -4.8508
pes 14575  seg-loss -9.5778  ema -5.9238
pes 14600  seg-loss -5.9992  ema -5.0382
pes 14625  seg-loss -2.3132  ema -4.6415
pes 14650  seg-loss -16.8757  ema -5.8147
pes 14675  seg-loss -11.3367  ema -6.1223
pes 14700  seg-loss -2.6032  ema -4.8357
pes 14725  seg-loss -14.7070  ema -4.9027
pes 14750  seg-loss -2.0189  ema -5.3535
pes 14775  seg-loss -2.9671  ema -6.3974
pes 14800  seg-loss -0.3122  ema -6.5422
pes 14825  seg-loss -5.6531  ema -4.7259
pes 14850  seg-loss -12.8914  ema -6.6196
pes 14875  seg-loss -5.3770  ema -6.1949
pes 14900  seg-loss -6.6004  ema -5.9666
pes 14925  seg-loss -1.1547  ema -6.7728
pes 14950  seg-loss -14.3411  ema -8.0584
pes 14975  seg-loss -4.2482  ema -9.2431
  eval[h16] learned: loss 0.4467 acc 0.854  vs  muon(lr=0.1): loss 0.0018 acc 0.999
  eval[h64-wider] learned: loss 0.4346 acc 0.878  vs  muon(lr=0.1): loss 0.0000 acc 1.000
  eval[h16-long] learned: loss 0.0001 acc 1.000  vs  muon(lr=0.03): loss 0.0000 acc 1.000
  eval[fashion-h16 HELD-OUT] learned: loss 0.5044 acc 0.812  vs  muon(lr=0.03): loss 0.0000 acc 1.000
  eval[fashion-h64 HELD-OUT] learned: loss 0.5629 acc 0.781  vs  muon(lr=0.03): loss 0.0000 acc 1.000
done
