warm-started from learned_matrix13.pt (17/17 tensors; skipped [])
matrix optimizer: 28640 meta-params
  dataset qmnist unavailable: FileNotFoundError: [Errno 2] No such file or directory: '/home/arthurb/.cache/qmnist/qmnist-train-images-idx3-ubyte.gz'
dataset registry: ['cifar10', 'cifar100', 'covtype', 'kmnist', 'letter', 'magic', 'miniboone', 'mnist', 'optdigits', 'poker', 'satimage', 'spambase', 'svhn'] (13 available)
openml: +54 train datasets (13 held out by dataset)
pes     0  seg-loss -0.9133  ema -0.9133
  eval[h16] learned: loss 0.0348 acc 1.000  vs  muon(lr=0.1): loss 0.0019 acc 0.999
  eval[h64-wider] learned: loss 0.0883 acc 0.997  vs  muon(lr=0.1): loss 0.0000 acc 1.000
  eval[h16-long] learned: loss 0.0000 acc 1.000  vs  muon(lr=0.03): loss 0.0000 acc 1.000
  eval[fashion-h16 HELD-OUT] learned: loss 0.0006 acc 1.000  vs  muon(lr=0.03): loss 0.0000 acc 1.000
  eval[fashion-h64 HELD-OUT] learned: loss 0.0000 acc 1.000  vs  muon(lr=0.03): loss 0.0000 acc 1.000
pes    25  seg-loss -3.3064  ema -5.7276
pes    50  seg-loss -19.4318  ema -10.4314
pes    75  seg-loss -20.6345  ema -14.1102
  probe-score -4.0733 (new best, saved)
pes   100  seg-loss -20.7206  ema -16.1706
pes   125  seg-loss -20.6691  ema -17.9599
pes   150  seg-loss -20.6359  ema -19.0257
pes   175  seg-loss -13.1075  ema -16.4718
pes   200  seg-loss -13.8057  ema -15.5679
pes   225  seg-loss -14.8078  ema -15.2478
pes   250  seg-loss -0.9048  ema -11.8638
pes   275  seg-loss -0.9229  ema -7.5234
pes   300  seg-loss -0.9299  ema -4.9080
pes   325  seg-loss -20.7215  ema -5.9947
pes   350  seg-loss -20.7218  ema -11.8345
pes   375  seg-loss -20.7227  ema -15.3584
pes   400  seg-loss -20.6383  ema -17.1291
pes   425  seg-loss -0.1584  ema -15.5202
pes   450  seg-loss -0.1630  ema -9.4300
pes   475  seg-loss -0.1638  ema -5.7554
pes   500  seg-loss -0.1638  ema -3.5380
pes   525  seg-loss -0.3798  ema -2.3723
pes   550  seg-loss -0.4174  ema -1.5898
pes   575  seg-loss -0.4201  ema -1.1251
pes   600  seg-loss -0.5823  ema -0.8575
pes   625  seg-loss -0.7988  ema -0.7916
pes   650  seg-loss -0.8156  ema -0.7883
pes   675  seg-loss -20.7233  ema -3.9471
pes   700  seg-loss -20.7233  ema -10.5994
pes   725  seg-loss -20.7161  ema -14.6137
pes   750  seg-loss -3.4835  ema -16.6911
pes   775  seg-loss -17.7419  ema -17.0438
pes   800  seg-loss -1.6035  ema -17.1246
pes   825  seg-loss -4.2319  ema -16.6169
pes   850  seg-loss -19.8630  ema -17.1230
pes   875  seg-loss -0.4562  ema -17.3318
pes   900  seg-loss -5.6498  ema -12.1947
pes   925  seg-loss -14.5309  ema -11.8308
pes   950  seg-loss -16.5532  ema -13.5973
pes   975  seg-loss -0.5526  ema -12.9749
pes  1000  seg-loss -0.6415  ema -8.0591
pes  1025  seg-loss -0.7461  ema -5.1408
pes  1050  seg-loss -0.8088  ema -3.4127
pes  1075  seg-loss -1.3534  ema -2.4701
pes  1100  seg-loss -18.1795  ema -7.5033
pes  1125  seg-loss -20.7223  ema -12.5399
pes  1150  seg-loss -20.7233  ema -15.7847
pes  1175  seg-loss -14.3490  ema -17.2919
pes  1200  seg-loss -18.3498  ema -17.3320
pes  1225  seg-loss -19.2059  ema -17.9158
pes  1250  seg-loss -19.5858  ema -18.4800
pes  1275  seg-loss -20.2013  ema -12.7309
pes  1300  seg-loss -19.8939  ema -15.7271
pes  1325  seg-loss -0.5781  ema -16.5879
pes  1350  seg-loss -0.4958  ema -10.2642
pes  1375  seg-loss -6.3225  ema -6.9566
pes  1400  seg-loss -13.5998  ema -9.5821
pes  1425  seg-loss -10.3787  ema -10.4379
pes  1450  seg-loss -20.7218  ema -10.7432
pes  1475  seg-loss -20.7087  ema -14.6960
pes  1500  seg-loss -18.7565  ema -15.5381
pes  1525  seg-loss -18.2310  ema -16.8837
pes  1550  seg-loss -17.3076  ema -17.2239
pes  1575  seg-loss -16.5298  ema -17.1404
pes  1600  seg-loss -0.8913  ema -11.0214
pes  1625  seg-loss -0.9907  ema -6.9893
pes  1650  seg-loss -1.0670  ema -4.6307
pes  1675  seg-loss -20.7141  ema -8.8661
pes  1700  seg-loss -20.7210  ema -13.5671
pes  1725  seg-loss -11.4588  ema -12.0822
pes  1750  seg-loss -15.6226  ema -12.9105
pes  1775  seg-loss -16.6235  ema -14.1033
pes  1800  seg-loss -20.7203  ema -15.9654
pes  1825  seg-loss -17.4823  ema -16.6584
pes  1850  seg-loss -18.1554  ema -17.0307
pes  1875  seg-loss -20.7162  ema -18.1272
pes  1900  seg-loss -20.7217  ema -19.1517
pes  1925  seg-loss -0.8883  ema -13.1543
pes  1950  seg-loss -0.9821  ema -8.3173
pes  1975  seg-loss -1.0715  ema -5.4271
pes  2000  seg-loss -4.9797  ema -4.4805
pes  2025  seg-loss -10.9985  ema -5.8673
pes  2050  seg-loss -12.9270  ema -8.3656
pes  2075  seg-loss -0.0103  ema -8.0527
pes  2100  seg-loss -0.0071  ema -4.8633
pes  2125  seg-loss -0.0102  ema -2.9388
pes  2150  seg-loss -2.7325  ema -1.8318
pes  2175  seg-loss -0.5510  ema -5.6925
pes  2200  seg-loss -0.6442  ema -3.6766
pes  2225  seg-loss -0.7192  ema -2.4914
pes  2250  seg-loss -1.3646  ema -1.8100
pes  2275  seg-loss -2.4143  ema -1.9152
pes  2300  seg-loss -2.7641  ema -2.1773
pes  2325  seg-loss -4.0121  ema -2.6294
pes  2350  seg-loss -0.3700  ema -8.2939
pes  2375  seg-loss -0.8227  ema -5.2962
pes  2400  seg-loss -10.2374  ema -3.7253
pes  2425  seg-loss -20.6331  ema -10.4434
pes  2450  seg-loss -3.7304  ema -14.1245
pes  2475  seg-loss -19.7678  ema -16.0428
pes  2500  seg-loss -20.3347  ema -17.6647
pes  2525  seg-loss -20.2978  ema -18.7074
pes  2550  seg-loss -20.7233  ema -17.8668
pes  2575  seg-loss -19.0577  ema -17.9220
pes  2600  seg-loss -19.2062  ema -18.3978
pes  2625  seg-loss -19.2113  ema -18.7487
pes  2650  seg-loss -20.7228  ema -19.0584
pes  2675  seg-loss -20.7186  ema -19.7160
pes  2700  seg-loss -19.9047  ema -19.7378
pes  2725  seg-loss -19.2494  ema -19.5871
pes  2750  seg-loss -19.4700  ema -19.4601
pes  2775  seg-loss -0.1832  ema -17.4516
pes  2800  seg-loss -0.2460  ema -10.6187
pes  2825  seg-loss -0.2764  ema -6.5121
pes  2850  seg-loss -0.3084  ema -4.0455
pes  2875  seg-loss -20.7197  ema -9.5149
pes  2900  seg-loss -20.7233  ema -13.9586
pes  2925  seg-loss -16.7264  ema -13.6567
pes  2950  seg-loss -17.6584  ema -15.1126
pes  2975  seg-loss -17.7793  ema -16.1480
pes  3000  seg-loss -0.8719  ema -12.3078
  eval[h16] learned: loss 0.0954 acc 0.997  vs  muon(lr=0.1): loss 0.0012 acc 1.000
  eval[h64-wider] learned: loss 0.1827 acc 0.993  vs  muon(lr=0.1): loss 0.0000 acc 1.000
  eval[h16-long] learned: loss 0.0000 acc 1.000  vs  muon(lr=0.03): loss 0.0000 acc 1.000
  eval[fashion-h16 HELD-OUT] learned: loss 0.0005 acc 1.000  vs  muon(lr=0.03): loss 0.0000 acc 1.000
  eval[fashion-h64 HELD-OUT] learned: loss 0.0013 acc 1.000  vs  muon(lr=0.03): loss 0.0000 acc 1.000
pes  3025  seg-loss -3.1072  ema -8.3255
pes  3050  seg-loss -0.4175  ema -11.1359
pes  3075  seg-loss -0.8234  ema -7.2076
pes  3100  seg-loss -20.3910  ema -8.2933
pes  3125  seg-loss -19.9442  ema -12.9931
pes  3150  seg-loss -19.8416  ema -15.7080
pes  3175  seg-loss -4.7505  ema -15.4233
pes  3200  seg-loss -8.8456  ema -12.1312
pes  3225  seg-loss -0.5147  ema -10.3685
pes  3250  seg-loss -0.6228  ema -6.4913
pes  3275  seg-loss -2.4471  ema -4.3205
pes  3300  seg-loss -3.6665  ema -3.9240
pes  3325  seg-loss -4.0672  ema -3.9312
pes  3350  seg-loss -3.2649  ema -4.0227
pes  3375  seg-loss -20.6977  ema -10.4200
pes  3400  seg-loss -0.7061  ema -14.0950
pes  3425  seg-loss -20.7228  ema -15.7757
pes  3450  seg-loss -20.6907  ema -17.7354
pes  3475  seg-loss -20.7081  ema -18.9129
pes  3500  seg-loss -1.0179  ema -13.7859
pes  3525  seg-loss -1.8012  ema -8.6131
pes  3550  seg-loss -2.9482  ema -6.2566
pes  3575  seg-loss -3.3119  ema -5.0338
pes  3600  seg-loss -3.7078  ema -4.4322
pes  3625  seg-loss -18.2307  ema -8.3593
pes  3650  seg-loss -18.3023  ema -12.2944
pes  3675  seg-loss -18.2533  ema -14.6699
pes  3700  seg-loss -20.4231  ema -16.3906
pes  3725  seg-loss -20.2209  ema -17.9877
pes  3750  seg-loss -0.0465  ema -14.2195
pes  3775  seg-loss -19.5908  ema -14.0403
pes  3800  seg-loss -19.6954  ema -16.2848
pes  3825  seg-loss -19.9158  ema -17.7081
pes  3850  seg-loss -0.6452  ema -14.1263
pes  3875  seg-loss -0.7314  ema -8.8007
pes  3900  seg-loss -0.7718  ema -5.6108
pes  3925  seg-loss -5.6972  ema -4.3896
pes  3950  seg-loss -5.7963  ema -4.9377
pes  3975  seg-loss -0.0802  ema -4.4217
pes  4000  seg-loss -0.4993  ema -2.7887
pes  4025  seg-loss -0.7254  ema -1.9378
pes  4050  seg-loss -0.1703  ema -1.4417
pes  4075  seg-loss -0.3593  ema -0.9939
pes  4100  seg-loss -1.6578  ema -0.8015
pes  4125  seg-loss -3.9385  ema -1.6225
pes  4150  seg-loss -8.0021  ema -3.2734
pes  4175  seg-loss -7.0866  ema -4.7225
pes  4200  seg-loss -7.1096  ema -5.6553
pes  4225  seg-loss -7.0634  ema -6.2286
pes  4250  seg-loss -20.5005  ema -10.5476
pes  4275  seg-loss -0.2012  ema -7.7260
pes  4300  seg-loss -6.7717  ema -5.7991
pes  4325  seg-loss -20.7158  ema -11.7116
pes  4350  seg-loss -4.5573  ema -14.9612
pes  4375  seg-loss -15.6053  ema -11.9945
pes  4400  seg-loss -20.7233  ema -15.3888
pes  4425  seg-loss -20.7233  ema -17.5041
pes  4450  seg-loss -0.1398  ema -16.8544
pes  4475  seg-loss -10.3851  ema -12.4026
pes  4500  seg-loss -0.3243  ema -13.1982
pes  4525  seg-loss -20.7226  ema -11.2351
pes  4550  seg-loss -20.7233  ema -14.9963
pes  4575  seg-loss -3.3238  ema -15.7529
pes  4600  seg-loss -7.7315  ema -11.5879
pes  4625  seg-loss -20.7214  ema -14.3306
pes  4650  seg-loss -0.7388  ema -14.2274
pes  4675  seg-loss -0.7677  ema -8.8857
pes  4700  seg-loss -5.0667  ema -6.9903
pes  4725  seg-loss -0.9373  ema -5.3800
pes  4750  seg-loss -19.7204  ema -7.7972
pes  4775  seg-loss -19.6798  ema -12.4991
pes  4800  seg-loss -20.7233  ema -15.1075
pes  4825  seg-loss -2.6375  ema -11.6743
pes  4850  seg-loss -4.2606  ema -8.4271
pes  4875  seg-loss -1.7831  ema -5.9694
pes  4900  seg-loss -2.1204  ema -4.3888
pes  4925  seg-loss -20.6880  ema -8.0777
pes  4950  seg-loss -20.6652  ema -13.0572
pes  4975  seg-loss -20.2739  ema -15.9928
pes  5000  seg-loss -19.5366  ema -15.3729
pes  5025  seg-loss -20.7221  ema -17.4870
pes  5050  seg-loss -1.0453  ema -14.2782
pes  5075  seg-loss -1.0065  ema -8.9527
pes  5100  seg-loss -0.8426  ema -5.7320
pes  5125  seg-loss -11.0712  ema -4.8383
pes  5150  seg-loss -12.1697  ema -7.6094
pes  5175  seg-loss -12.4811  ema -9.5350
pes  5200  seg-loss -1.7468  ema -10.1743
pes  5225  seg-loss -14.2313  ema -11.0823
pes  5250  seg-loss -14.2907  ema -12.3331
pes  5275  seg-loss -16.4845  ema -13.4898
pes  5300  seg-loss -16.5557  ema -14.6975
pes  5325  seg-loss -16.4707  ema -15.4185
pes  5350  seg-loss -20.7233  ema -16.7196
pes  5375  seg-loss -20.7118  ema -18.3022
pes  5400  seg-loss -16.9798  ema -17.5106
pes  5425  seg-loss -18.5999  ema -17.7823
pes  5450  seg-loss -18.4906  ema -18.1300
pes  5475  seg-loss -19.8121  ema -17.7804
pes  5500  seg-loss -20.5059  ema -18.4168
pes  5525  seg-loss -20.4250  ema -19.1991
pes  5550  seg-loss -2.5794  ema -15.2215
pes  5575  seg-loss -3.1903  ema -10.3483
pes  5600  seg-loss -2.3687  ema -7.2313
pes  5625  seg-loss -1.6763  ema -5.1515
pes  5650  seg-loss -1.7239  ema -3.7812
pes  5675  seg-loss -1.7244  ema -2.9699
pes  5700  seg-loss -17.7913  ema -4.7545
pes  5725  seg-loss -0.7592  ema -7.4986
pes  5750  seg-loss -0.8060  ema -4.8381
pes  5775  seg-loss -0.8592  ema -3.2535
pes  5800  seg-loss -0.3631  ema -2.2794
pes  5825  seg-loss -20.7213  ema -2.7209
pes  5850  seg-loss -19.1399  ema -7.9229
pes  5875  seg-loss -20.5303  ema -12.9234
pes  5900  seg-loss -20.4740  ema -15.9245
pes  5925  seg-loss -6.0910  ema -16.4283
pes  5950  seg-loss -12.2790  ema -13.9801
pes  5975  seg-loss -14.3307  ema -13.8816
pes  6000  seg-loss -14.2766  ema -14.0800
  eval[h16] learned: loss 0.0519 acc 0.999  vs  muon(lr=0.1): loss 0.0006 acc 1.000
  eval[h64-wider] learned: loss 0.1928 acc 0.988  vs  muon(lr=0.1): loss 0.0000 acc 1.000
  eval[h16-long] learned: loss 0.0000 acc 1.000  vs  muon(lr=0.03): loss 0.0000 acc 1.000
  eval[fashion-h16 HELD-OUT] learned: loss 0.0471 acc 0.987  vs  muon(lr=0.03): loss 0.0000 acc 1.000
  eval[fashion-h64 HELD-OUT] learned: loss 0.0007 acc 1.000  vs  muon(lr=0.03): loss 0.0000 acc 1.000
pes  6025  seg-loss -1.0731  ema -14.9258
pes  6050  seg-loss -1.1716  ema -9.4557
pes  6075  seg-loss -1.1619  ema -6.1649
pes  6100  seg-loss -1.1726  ema -4.1812
pes  6125  seg-loss -19.1880  ema -8.7776
pes  6150  seg-loss -1.0308  ema -5.6495
pes  6175  seg-loss -1.1150  ema -3.8395
pes  6200  seg-loss -1.1557  ema -2.7688
pes  6225  seg-loss -0.6669  ema -1.9454
pes  6250  seg-loss -0.7937  ema -1.4717
pes  6275  seg-loss -0.6266  ema -1.1350
pes  6300  seg-loss -0.6412  ema -0.9371
pes  6325  seg-loss -0.6600  ema -0.8238
pes  6350  seg-loss -0.6512  ema -0.7714
pes  6375  seg-loss -0.6994  ema -0.7439
pes  6400  seg-loss -7.4346  ema -1.8141
pes  6425  seg-loss -20.7233  ema -7.5047
pes  6450  seg-loss -0.8164  ema -6.6738
pes  6475  seg-loss -0.9221  ema -4.3785
pes  6500  seg-loss -20.2787  ema -5.6252
pes  6525  seg-loss -19.8965  ema -11.3285
pes  6550  seg-loss -2.9375  ema -11.7628
pes  6575  seg-loss -8.1990  ema -9.4940
pes  6600  seg-loss -20.0720  ema -10.8891
