warm-started from learned_matrix10.pt (15/17 tensors; skipped ['unit.net_b.layers.1.weight', 'unit.net_b.layers.1.bias'])
matrix optimizer: 28640 meta-params
  dataset qmnist unavailable: FileNotFoundError: [Errno 2] No such file or directory: '/home/arthurb/.cache/qmnist/qmnist-train-images-idx3-ubyte.gz'
dataset registry: ['cifar10', 'cifar100', 'covtype', 'kmnist', 'letter', 'magic', 'miniboone', 'mnist', 'optdigits', 'poker', 'satimage', 'spambase', 'svhn'] (13 available)
openml: +54 train datasets (13 held out by dataset)
pes     0  seg-loss -1.2073  ema -1.2073
  eval[h16] learned: loss 1.3400 acc 0.709  vs  muon(lr=0.1): loss 0.0019 acc 0.999
  eval[h64-wider] learned: loss 0.9208 acc 0.920  vs  muon(lr=0.1): loss 0.0000 acc 1.000
  eval[h16-long] learned: loss 0.8404 acc 0.871  vs  muon(lr=0.03): loss 0.0000 acc 1.000
  eval[fashion-h16 HELD-OUT] learned: loss 1.7903 acc 0.491  vs  muon(lr=0.03): loss 0.0000 acc 1.000
  eval[fashion-h64 HELD-OUT] learned: loss 1.0208 acc 0.725  vs  muon(lr=0.03): loss 0.0000 acc 1.000
pes    25  seg-loss -0.1992  ema -1.0026
pes    50  seg-loss -16.9730  ema -6.4558
pes    75  seg-loss -19.1399  ema -11.2334
  probe-score -0.7070 (new best, saved)
pes   100  seg-loss 0.3329  ema -7.0777
pes   125  seg-loss 0.4581  ema -4.0877
pes   150  seg-loss 3.1901  ema -1.1078
pes   175  seg-loss 1.3962  ema 0.2297
  probe-score -0.9055 (new best, saved)
pes   200  seg-loss -18.0816  ema -6.4242
pes   225  seg-loss -17.7436  ema -11.0096
pes   250  seg-loss -0.0018  ema -7.5065
pes   275  seg-loss -0.0333  ema -4.5391
  probe-score -1.3880 (new best, saved)
pes   300  seg-loss 0.0848  ema -2.6664
pes   325  seg-loss -0.0947  ema -1.6265
pes   350  seg-loss 3.0962  ema -0.1787
pes   375  seg-loss 2.1566  ema 0.8913
pes   400  seg-loss -20.0019  ema -4.0419
pes   425  seg-loss -19.9750  ema -10.2981
pes   450  seg-loss -0.8091  ema -9.7053
pes   475  seg-loss -6.6489  ema -7.3304
  probe-score -1.4196 (new best, saved)
pes   500  seg-loss -0.1167  ema -5.4645
pes   525  seg-loss -2.3315  ema -3.9869
pes   550  seg-loss 2.1236  ema -2.9037
pes   575  seg-loss 1.8555  ema -0.9351
pes   600  seg-loss -20.1546  ema -0.5656
pes   625  seg-loss -20.0060  ema -7.3069
pes   650  seg-loss -20.5649  ema -12.4922
pes   675  seg-loss -11.8483  ema -10.9957
pes   700  seg-loss -12.1232  ema -11.6599
pes   725  seg-loss -19.0364  ema -13.3291
pes   750  seg-loss -0.3540  ema -8.1944
pes   775  seg-loss -0.3809  ema -5.0804
  probe-score -1.9839 (new best, saved)
pes   800  seg-loss -18.4659  ema -6.8058
pes   825  seg-loss -17.1755  ema -9.9757
pes   850  seg-loss -17.2102  ema -12.7631
pes   875  seg-loss 0.4310  ema -8.6580
pes   900  seg-loss -20.4388  ema -10.3630
pes   925  seg-loss -4.7899  ema -8.2538
pes   950  seg-loss -7.1443  ema -7.3716
pes   975  seg-loss -11.6862  ema -8.1431
  probe-score -2.0747 (new best, saved)
pes  1000  seg-loss -0.3744  ema -10.7928
pes  1025  seg-loss -0.4579  ema -6.6713
pes  1050  seg-loss -0.6683  ema -4.2355
pes  1075  seg-loss -2.0973  ema -3.1932
pes  1100  seg-loss 0.3740  ema -2.8310
pes  1125  seg-loss 0.0717  ema -1.6635
pes  1150  seg-loss -1.4542  ema -1.0017
pes  1175  seg-loss -0.2501  ema -0.7553
  probe-score -2.3300 (new best, saved)
pes  1200  seg-loss -0.2235  ema -0.5525
pes  1225  seg-loss -1.4607  ema -0.8316
pes  1250  seg-loss -1.6828  ema -1.1373
pes  1275  seg-loss 0.7479  ema -1.2902
pes  1300  seg-loss -2.7242  ema -7.0377
pes  1325  seg-loss -18.3193  ema -10.9003
pes  1350  seg-loss -0.2799  ema -13.5827
pes  1375  seg-loss -7.8347  ema -10.9426
pes  1400  seg-loss -8.8403  ema -9.6852
pes  1425  seg-loss -18.7074  ema -12.6065
pes  1450  seg-loss -0.6084  ema -8.3891
pes  1475  seg-loss -0.2676  ema -5.2554
pes  1500  seg-loss 0.5189  ema -3.0814
pes  1525  seg-loss 0.4252  ema -1.6601
pes  1550  seg-loss -1.0525  ema -7.5941
pes  1575  seg-loss -3.3383  ema -5.5256
pes  1600  seg-loss -0.2510  ema -4.8186
pes  1625  seg-loss -20.2736  ema -5.2262
pes  1650  seg-loss -19.7453  ema -11.0248
pes  1675  seg-loss -1.7792  ema -12.9994
pes  1700  seg-loss -0.1604  ema -8.4387
pes  1725  seg-loss -1.2555  ema -5.4083
pes  1750  seg-loss -1.5439  ema -3.8293
pes  1775  seg-loss -20.3875  ema -6.5120
pes  1800  seg-loss -19.2423  ema -10.9451
pes  1825  seg-loss -18.6968  ema -14.0192
pes  1850  seg-loss -1.8748  ema -10.8206
pes  1875  seg-loss -2.0570  ema -7.3206
  probe-score -2.6232 (new best, saved)
pes  1900  seg-loss -15.6883  ema -6.8531
pes  1925  seg-loss -15.2930  ema -10.2566
pes  1950  seg-loss -19.5974  ema -12.6541
pes  1975  seg-loss -15.5119  ema -13.0774
pes  2000  seg-loss -16.4849  ema -14.4569
pes  2025  seg-loss -0.4968  ema -13.0205
pes  2050  seg-loss -0.5367  ema -8.0648
pes  2075  seg-loss 1.0000  ema -4.9047
pes  2100  seg-loss -0.0192  ema -2.7045
pes  2125  seg-loss -0.0238  ema -1.6408
pes  2150  seg-loss 3.5577  ema -0.1560
pes  2175  seg-loss -1.2926  ema -0.1652
pes  2200  seg-loss 1.0345  ema 0.2587
pes  2225  seg-loss 2.1456  ema 0.8131
pes  2250  seg-loss -20.6798  ema -2.2018
pes  2275  seg-loss -2.0802  ema -6.3059
pes  2300  seg-loss -20.7233  ema -11.3736
pes  2325  seg-loss 1.0528  ema -14.2288
pes  2350  seg-loss -6.8535  ema -9.2864
pes  2375  seg-loss -1.8833  ema -11.8228
pes  2400  seg-loss -0.5497  ema -10.6313
pes  2425  seg-loss 1.4356  ema -6.9510
pes  2450  seg-loss -1.0617  ema -5.2407
pes  2475  seg-loss -0.9485  ema -3.6713
pes  2500  seg-loss -1.7294  ema -2.6230
pes  2525  seg-loss -9.8806  ema -4.2086
pes  2550  seg-loss -20.2689  ema -6.7696
pes  2575  seg-loss -1.0885  ema -6.9705
pes  2600  seg-loss -0.8209  ema -4.5479
pes  2625  seg-loss -0.5575  ema -2.9898
pes  2650  seg-loss -0.6005  ema -2.0250
pes  2675  seg-loss -2.7278  ema -1.9040
  probe-score -2.9675 (new best, saved)
pes  2700  seg-loss -4.2845  ema -2.5309
pes  2725  seg-loss -5.6530  ema -3.4600
pes  2750  seg-loss -20.5454  ema -8.2831
pes  2775  seg-loss -0.8659  ema -6.0710
pes  2800  seg-loss -0.3285  ema -3.9035
pes  2825  seg-loss -19.3239  ema -8.3635
pes  2850  seg-loss -0.6335  ema -6.3049
pes  2875  seg-loss -0.0103  ema -3.8675
pes  2900  seg-loss 0.0079  ema -2.3401
pes  2925  seg-loss -0.5616  ema -2.3326
pes  2950  seg-loss -0.6447  ema -1.6466
pes  2975  seg-loss -12.8692  ema -2.7739
pes  3000  seg-loss -20.4038  ema -9.7655
pes  3025  seg-loss -1.6213  ema -12.4686
pes  3050  seg-loss -2.8713  ema -8.5144
pes  3075  seg-loss -20.4814  ema -7.4880
pes  3100  seg-loss -1.0876  ema -4.9342
pes  3125  seg-loss -1.0478  ema -3.4091
pes  3150  seg-loss 0.1444  ema -2.8222
pes  3175  seg-loss 0.2917  ema -1.6685
pes  3200  seg-loss 1.3466  ema -0.6960
pes  3225  seg-loss -0.5138  ema -0.5865
pes  3250  seg-loss -0.5368  ema -0.5640
pes  3275  seg-loss -1.9267  ema -0.6440
pes  3300  seg-loss -0.7033  ema -1.8947
pes  3325  seg-loss -20.1224  ema -6.9217
pes  3350  seg-loss -17.0196  ema -5.7499
pes  3375  seg-loss -20.7026  ema -10.9353
pes  3400  seg-loss -20.5098  ema -14.7417
pes  3425  seg-loss -20.7233  ema -16.6474
pes  3450  seg-loss -1.7685  ema -11.3122
pes  3475  seg-loss -1.8797  ema -7.5534
pes  3500  seg-loss -11.7283  ema -6.5846
pes  3525  seg-loss -11.5712  ema -8.6764
pes  3550  seg-loss -7.2675  ema -8.1419
pes  3575  seg-loss -1.7531  ema -6.8506
pes  3600  seg-loss -6.0089  ema -5.8059
pes  3625  seg-loss -1.5581  ema -6.0421
pes  3650  seg-loss -2.1125  ema -4.4331
pes  3675  seg-loss -2.1335  ema -3.5230
pes  3700  seg-loss -0.5495  ema -2.3343
pes  3725  seg-loss -0.5630  ema -1.6305
pes  3750  seg-loss -16.5134  ema -2.4799
pes  3775  seg-loss -16.4384  ema -8.3164
pes  3800  seg-loss -2.5372  ema -10.4076
pes  3825  seg-loss -20.6604  ema -10.8912
pes  3850  seg-loss -20.6141  ema -14.7444
pes  3875  seg-loss -12.0701  ema -16.0292
pes  3900  seg-loss -1.1540  ema -13.1942
pes  3925  seg-loss -3.9772  ema -11.1025
pes  3950  seg-loss -0.9682  ema -7.8325
pes  3975  seg-loss -1.0302  ema -5.1259
pes  4000  seg-loss -1.5880  ema -3.5236
  eval[h16] learned: loss 0.0330 acc 1.000  vs  muon(lr=0.1): loss 0.0007 acc 1.000
  eval[h64-wider] learned: loss 0.0776 acc 0.974  vs  muon(lr=0.1): loss 0.0000 acc 1.000
  eval[h16-long] learned: loss 0.0000 acc 1.000  vs  muon(lr=0.1): loss 0.0000 acc 1.000
  eval[fashion-h16 HELD-OUT] learned: loss 0.4957 acc 0.921  vs  muon(lr=0.03): loss 0.0000 acc 1.000
  eval[fashion-h64 HELD-OUT] learned: loss 1.0053 acc 0.807  vs  muon(lr=0.03): loss 0.0000 acc 1.000
pes  4025  seg-loss -20.7233  ema -5.4312
pes  4050  seg-loss -20.7233  ema -11.4928
pes  4075  seg-loss -2.4866  ema -12.3090
pes  4100  seg-loss -1.5372  ema -8.2255
pes  4125  seg-loss -1.9107  ema -5.6535
pes  4150  seg-loss -0.5224  ema -4.1060
pes  4175  seg-loss -20.7190  ema -6.9237
pes  4200  seg-loss -18.9560  ema -11.9733
pes  4225  seg-loss 0.4314  ema -12.0634
pes  4250  seg-loss -1.1581  ema -7.1253
pes  4275  seg-loss -0.2244  ema -4.5328
pes  4300  seg-loss -19.3024  ema -7.5877
pes  4325  seg-loss -20.0421  ema -11.1443
pes  4350  seg-loss -20.4473  ema -14.7004
pes  4375  seg-loss -3.3159  ema -11.7477
pes  4400  seg-loss -19.3362  ema -11.7566
pes  4425  seg-loss -19.2926  ema -14.7307
pes  4450  seg-loss -1.7096  ema -12.2927
pes  4475  seg-loss -1.8935  ema -8.1743
pes  4500  seg-loss -10.6724  ema -6.8325
pes  4525  seg-loss -13.0834  ema -10.6010
pes  4550  seg-loss -15.3076  ema -12.4723
pes  4575  seg-loss -0.4764  ema -12.3388
pes  4600  seg-loss -0.0224  ema -8.0986
pes  4625  seg-loss -0.5712  ema -4.9860
pes  4650  seg-loss -12.5408  ema -4.5445
pes  4675  seg-loss -15.9906  ema -9.2238
pes  4700  seg-loss -20.4750  ema -12.5980
pes  4725  seg-loss -12.8027  ema -11.6907
pes  4750  seg-loss -2.5063  ema -9.0851
pes  4775  seg-loss -7.8522  ema -7.9713
pes  4800  seg-loss -0.7340  ema -6.1584
pes  4825  seg-loss -19.8421  ema -9.4158
pes  4850  seg-loss -19.4716  ema -13.4754
pes  4875  seg-loss -20.6526  ema -14.7401
pes  4900  seg-loss -20.6170  ema -17.0741
pes  4925  seg-loss -0.0406  ema -13.9892
pes  4950  seg-loss -0.0432  ema -8.4577
pes  4975  seg-loss -0.8184  ema -5.1728
pes  5000  seg-loss -0.8844  ema -3.4792
pes  5025  seg-loss -2.0549  ema -2.4880
pes  5050  seg-loss -2.6457  ema -2.5530
pes  5075  seg-loss -1.5194  ema -2.2810
pes  5100  seg-loss -1.8173  ema -2.0508
pes  5125  seg-loss -6.9892  ema -2.8789
pes  5150  seg-loss -19.4074  ema -7.1331
pes  5175  seg-loss -20.7207  ema -10.4150
pes  5200  seg-loss -0.5800  ema -8.6338
pes  5225  seg-loss -19.7706  ema -12.3931
pes  5250  seg-loss -19.5134  ema -15.2953
pes  5275  seg-loss -5.9506  ema -11.3344
pes  5300  seg-loss -10.9492  ema -10.3584
pes  5325  seg-loss -1.9876  ema -6.4855
pes  5350  seg-loss -5.2496  ema -5.4443
pes  5375  seg-loss -1.7947  ema -5.7854
pes  5400  seg-loss -0.5528  ema -5.8221
pes  5425  seg-loss -0.6951  ema -3.7830
pes  5450  seg-loss -0.5444  ema -3.0313
pes  5475  seg-loss -17.5989  ema -2.5532
pes  5500  seg-loss -19.7371  ema -9.5523
pes  5525  seg-loss -0.2946  ema -12.6450
pes  5550  seg-loss -18.9608  ema -9.8285
pes  5575  seg-loss -2.9866  ema -10.0452
pes  5600  seg-loss -0.7064  ema -7.8540
pes  5625  seg-loss -0.1658  ema -5.2231
pes  5650  seg-loss -20.7233  ema -6.0614
pes  5675  seg-loss -20.7185  ema -11.8616
pes  5700  seg-loss -4.4127  ema -13.2958
pes  5725  seg-loss -20.7233  ema -11.2747
pes  5750  seg-loss -20.7233  ema -15.0214
pes  5775  seg-loss -19.2273  ema -16.8260
pes  5800  seg-loss -20.3928  ema -17.1607
pes  5825  seg-loss -20.4364  ema -16.1655
pes  5850  seg-loss -19.8820  ema -17.5032
pes  5875  seg-loss -3.9788  ema -13.4261
pes  5900  seg-loss -0.1122  ema -10.8634
pes  5925  seg-loss -0.1137  ema -6.5995
pes  5950  seg-loss -2.1121  ema -4.0862
pes  5975  seg-loss -3.1466  ema -6.1270
pes  6000  seg-loss -0.4978  ema -8.2764
pes  6025  seg-loss -18.7314  ema -7.7818
pes  6050  seg-loss -17.6653  ema -11.7676
pes  6075  seg-loss -20.6005  ema -14.2828
  probe-score -2.9818 (new best, saved)
pes  6100  seg-loss -20.6450  ema -16.8224
pes  6125  seg-loss -14.9290  ema -16.1842
pes  6150  seg-loss -0.7752  ema -15.4159
pes  6175  seg-loss -20.7233  ema -13.4503
pes  6200  seg-loss -0.2642  ema -9.8057
pes  6225  seg-loss -20.0575  ema -12.9778
pes  6250  seg-loss -6.7422  ema -9.9692
pes  6275  seg-loss 0.4501  ema -7.6449
  probe-score -3.1218 (new best, saved)
pes  6300  seg-loss 0.2361  ema -4.4753
pes  6325  seg-loss 0.1817  ema -2.6093
pes  6350  seg-loss -1.6092  ema -2.1146
pes  6375  seg-loss -0.7761  ema -1.7667
pes  6400  seg-loss -0.9082  ema -1.4114
pes  6425  seg-loss -1.2000  ema -1.2367
pes  6450  seg-loss -1.1004  ema -1.2050
pes  6475  seg-loss -1.9239  ema -1.2053
pes  6500  seg-loss -0.0694  ema -1.0735
pes  6525  seg-loss -0.0575  ema -0.6825
pes  6550  seg-loss -6.4083  ema -1.5973
pes  6575  seg-loss -8.3669  ema -4.0089
pes  6600  seg-loss 0.2654  ema -3.9136
pes  6625  seg-loss 0.0038  ema -2.3308
pes  6650  seg-loss -20.7233  ema -4.7476
pes  6675  seg-loss 0.0478  ema -5.4771
pes  6700  seg-loss -17.7723  ema -6.6487
pes  6725  seg-loss -17.3686  ema -11.1830
pes  6750  seg-loss -1.3971  ema -8.8591
pes  6775  seg-loss -1.7839  ema -6.0007
  probe-score -3.1452 (new best, saved)
pes  6800  seg-loss -20.5280  ema -7.9324
pes  6825  seg-loss -2.5958  ema -7.9260
pes  6850  seg-loss -0.5217  ema -5.7502
pes  6875  seg-loss -0.3980  ema -3.6379
pes  6900  seg-loss -0.4073  ema -2.3471
pes  6925  seg-loss -0.5538  ema -1.5892
pes  6950  seg-loss -0.5755  ema -1.1831
pes  6975  seg-loss -4.9872  ema -1.2462
pes  7000  seg-loss -7.5172  ema -3.3250
pes  7025  seg-loss -1.4790  ema -4.7844
pes  7050  seg-loss -17.2003  ema -9.7393
pes  7075  seg-loss -10.0939  ema -10.7234
  probe-score -3.2105 (new best, saved)
pes  7100  seg-loss -0.4220  ema -9.9684
pes  7125  seg-loss -2.2968  ema -6.7661
pes  7150  seg-loss -2.1937  ema -4.8759
pes  7175  seg-loss -2.2548  ema -3.8307
pes  7200  seg-loss -20.5852  ema -10.3126
pes  7225  seg-loss -20.4417  ema -14.1912
pes  7250  seg-loss -20.3732  ema -15.4530
pes  7275  seg-loss -20.0638  ema -17.3156
pes  7300  seg-loss -0.6981  ema -11.6349
pes  7325  seg-loss -16.1745  ema -7.7129
pes  7350  seg-loss -3.1535  ema -11.0090
pes  7375  seg-loss -1.8022  ema -7.9615
pes  7400  seg-loss -2.7422  ema -10.9114
pes  7425  seg-loss -2.0138  ema -7.3950
pes  7450  seg-loss -20.4338  ema -9.5553
pes  7475  seg-loss -20.3684  ema -13.8413
pes  7500  seg-loss -19.4126  ema -15.4321
pes  7525  seg-loss -17.5354  ema -16.5129
pes  7550  seg-loss 0.0843  ema -14.6873
pes  7575  seg-loss -0.5048  ema -13.2143
pes  7600  seg-loss -0.5595  ema -8.1923
pes  7625  seg-loss -0.7300  ema -5.1760
pes  7650  seg-loss -19.1024  ema -9.8500
pes  7675  seg-loss -19.0710  ema -13.3817
pes  7700  seg-loss -1.5877  ema -9.0230
pes  7725  seg-loss -1.7820  ema -6.1188
pes  7750  seg-loss -1.9461  ema -7.2178
pes  7775  seg-loss -3.5313  ema -5.5859
pes  7800  seg-loss -0.8412  ema -4.7862
pes  7825  seg-loss 1.5417  ema -2.5016
pes  7850  seg-loss -0.3322  ema -2.7436
pes  7875  seg-loss -1.0679  ema -2.1975
pes  7900  seg-loss -1.0694  ema -1.7571
pes  7925  seg-loss -12.2189  ema -3.2752
pes  7950  seg-loss -16.5513  ema -8.0410
pes  7975  seg-loss -0.5828  ema -7.0039
pes  8000  seg-loss -0.6012  ema -4.4627
  eval[h16] learned: loss 0.0399 acc 0.996  vs  muon(lr=0.1): loss 0.0013 acc 1.000
  eval[h64-wider] learned: loss 0.1684 acc 0.959  vs  muon(lr=0.1): loss 0.0000 acc 1.000
  eval[h16-long] learned: loss 0.0000 acc 1.000  vs  muon(lr=0.03): loss 0.0000 acc 1.000
  eval[fashion-h16 HELD-OUT] learned: loss 0.5767 acc 0.929  vs  muon(lr=0.03): loss 0.0000 acc 1.000
  eval[fashion-h64 HELD-OUT] learned: loss 5.9908 acc 0.710  vs  muon(lr=0.03): loss 0.0000 acc 1.000
pes  8025  seg-loss -20.1507  ema -6.7156
pes  8050  seg-loss -18.9709  ema -11.9062
pes  8075  seg-loss -20.1165  ema -14.1345
pes  8100  seg-loss -1.8653  ema -11.1283
pes  8125  seg-loss -2.0131  ema -7.4880
pes  8150  seg-loss -4.2846  ema -5.5107
pes  8175  seg-loss -9.8137  ema -6.2499
pes  8200  seg-loss -20.7063  ema -8.3152
pes  8225  seg-loss -20.7144  ema -13.2039
pes  8250  seg-loss -0.8256  ema -13.5171
pes  8275  seg-loss -1.0816  ema -8.5364
pes  8300  seg-loss -0.0525  ema -5.8719
pes  8325  seg-loss -15.5961  ema -5.6373
pes  8350  seg-loss -18.2388  ema -9.9093
pes  8375  seg-loss -17.7217  ema -13.1724
pes  8400  seg-loss -1.2445  ema -12.6770
pes  8425  seg-loss -3.6963  ema -8.8161
pes  8450  seg-loss -1.5110  ema -6.5792
pes  8475  seg-loss -13.7623  ema -4.4384
pes  8500  seg-loss -2.1104  ema -4.1711
pes  8525  seg-loss -13.5891  ema -7.9197
pes  8550  seg-loss -0.6708  ema -11.9187
pes  8575  seg-loss -1.3517  ema -7.5873
pes  8600  seg-loss -2.2119  ema -5.3448
pes  8625  seg-loss -1.9330  ema -3.9321
pes  8650  seg-loss -3.6656  ema -6.4085
pes  8675  seg-loss -10.5669  ema -6.7449
pes  8700  seg-loss -1.6573  ema -7.6390
pes  8725  seg-loss -1.8099  ema -5.3127
pes  8750  seg-loss -3.4962  ema -4.7300
pes  8775  seg-loss -20.7171  ema -11.0449
pes  8800  seg-loss -1.0545  ema -14.4649
pes  8825  seg-loss -2.5433  ema -8.8698
pes  8850  seg-loss -3.7656  ema -6.5628
pes  8875  seg-loss -0.1115  ema -4.2262
pes  8900  seg-loss -0.5266  ema -2.7356
pes  8925  seg-loss -0.5977  ema -1.8816
pes  8950  seg-loss -20.6746  ema -2.1564
pes  8975  seg-loss -19.7101  ema -8.9825
pes  9000  seg-loss -0.5263  ema -9.0714
pes  9025  seg-loss -0.5628  ema -5.6929
pes  9050  seg-loss -20.7233  ema -5.8079
pes  9075  seg-loss -20.7233  ema -11.7224
pes  9100  seg-loss -0.0009  ema -11.8554
pes  9125  seg-loss -5.3744  ema -8.1101
pes  9150  seg-loss -1.6778  ema -5.8194
pes  9175  seg-loss -1.8275  ema -4.2169
pes  9200  seg-loss -5.9933  ema -4.3851
pes  9225  seg-loss -10.2348  ema -5.1084
pes  9250  seg-loss -19.1013  ema -9.2404
pes  9275  seg-loss -17.2349  ema -12.6614
pes  9300  seg-loss -13.5234  ema -13.8257
pes  9325  seg-loss -9.9175  ema -11.0552
pes  9350  seg-loss -16.9161  ema -12.6968
pes  9375  seg-loss -1.9414  ema -9.7739
pes  9400  seg-loss -0.7339  ema -6.3027
pes  9425  seg-loss -0.7526  ema -4.1049
pes  9450  seg-loss -9.7319  ema -4.8952
pes  9475  seg-loss -9.9343  ema -6.9188
pes  9500  seg-loss -0.3154  ema -5.2921
pes  9525  seg-loss -20.7233  ema -8.6386
pes  9550  seg-loss -20.6920  ema -13.4274
pes  9575  seg-loss -2.9829  ema -11.2462
pes  9600  seg-loss -2.1755  ema -7.5646
pes  9625  seg-loss -3.4681  ema -5.7364
pes  9650  seg-loss -18.4830  ema -8.9789
pes  9675  seg-loss -17.7482  ema -12.5715
pes  9700  seg-loss -0.4296  ema -9.5394
pes  9725  seg-loss -0.6525  ema -5.9576
pes  9750  seg-loss -0.6591  ema -3.8890
pes  9775  seg-loss -20.1792  ema -8.9146
pes  9800  seg-loss -20.2503  ema -13.4175
pes  9825  seg-loss -19.9640  ema -13.6350
pes  9850  seg-loss -19.2681  ema -13.9080
pes  9875  seg-loss -18.9787  ema -15.9533
pes  9900  seg-loss 0.6200  ema -11.8174
pes  9925  seg-loss 0.2717  ema -6.9940
pes  9950  seg-loss -20.7121  ema -9.3312
pes  9975  seg-loss -19.5732  ema -11.5753
pes 10000  seg-loss -3.1133  ema -9.7551
pes 10025  seg-loss -0.6933  ema -6.2396
pes 10050  seg-loss -0.7979  ema -4.0617
pes 10075  seg-loss -0.7174  ema -8.9374
pes 10100  seg-loss -18.4469  ema -9.9413
pes 10125  seg-loss -18.4663  ema -13.2798
pes 10150  seg-loss -2.8119  ema -9.2145
pes 10175  seg-loss -4.9431  ema -7.3094
pes 10200  seg-loss -0.5347  ema -6.4467
pes 10225  seg-loss -13.5262  ema -9.6860
pes 10250  seg-loss -9.8484  ema -10.2349
pes 10275  seg-loss -0.8205  ema -6.9948
  probe-score -3.3285 (new best, saved)
pes 10300  seg-loss -20.3842  ema -12.0268
pes 10325  seg-loss -20.6204  ema -15.4010
pes 10350  seg-loss -0.1075  ema -9.5026
pes 10375  seg-loss -2.2187  ema -6.2795
  probe-score -3.5386 (new best, saved)
pes 10400  seg-loss -0.2503  ema -4.3886
pes 10425  seg-loss -0.8819  ema -3.5442
pes 10450  seg-loss -0.8862  ema -2.4885
pes 10475  seg-loss -2.9691  ema -2.1513
pes 10500  seg-loss -5.1893  ema -3.0727
pes 10525  seg-loss -20.7174  ema -7.2619
pes 10550  seg-loss -0.2127  ema -6.6239
pes 10575  seg-loss -19.2106  ema -9.5339
  probe-score -3.5855 (new best, saved)
pes 10600  seg-loss -9.3234  ema -8.4988
pes 10625  seg-loss -10.5029  ema -9.2188
pes 10650  seg-loss -18.3293  ema -11.9702
pes 10675  seg-loss 0.0335  ema -14.3485
  probe-score -3.5856 (new best, saved)
pes 10700  seg-loss -1.2424  ema -9.9397
pes 10725  seg-loss -1.3555  ema -6.5036
pes 10750  seg-loss -3.0201  ema -4.4973
pes 10775  seg-loss -8.6187  ema -5.1471
pes 10800  seg-loss -20.1016  ema -8.2688
pes 10825  seg-loss -14.9417  ema -10.3028
pes 10850  seg-loss -11.8387  ema -11.3725
pes 10875  seg-loss -0.8137  ema -7.0539
pes 10900  seg-loss -0.7268  ema -4.6495
pes 10925  seg-loss -0.4961  ema -3.0699
pes 10950  seg-loss -0.6621  ema -2.0999
pes 10975  seg-loss -1.6437  ema -1.5836
pes 11000  seg-loss -1.4455  ema -1.7328
pes 11025  seg-loss -1.7261  ema -1.6859
pes 11050  seg-loss -1.6979  ema -1.5777
pes 11075  seg-loss -18.4670  ema -3.7345
pes 11100  seg-loss -2.7454  ema -3.0554
pes 11125  seg-loss -4.5327  ema -3.3395
pes 11150  seg-loss -1.1186  ema -2.1510
pes 11175  seg-loss -3.4152  ema -2.5109
pes 11200  seg-loss -0.4986  ema -2.8437
pes 11225  seg-loss -0.5774  ema -2.5021
pes 11250  seg-loss -0.5939  ema -1.7436
pes 11275  seg-loss -8.2643  ema -2.7643
pes 11300  seg-loss -12.7315  ema -5.4570
pes 11325  seg-loss -2.2214  ema -4.2385
pes 11350  seg-loss -2.3871  ema -3.4885
pes 11375  seg-loss -0.3867  ema -2.7706
pes 11400  seg-loss -0.2585  ema -2.9496
pes 11425  seg-loss -0.2907  ema -1.8920
pes 11450  seg-loss -1.5684  ema -1.4653
pes 11475  seg-loss -6.0881  ema -2.3151
pes 11500  seg-loss -13.4202  ema -5.3697
pes 11525  seg-loss -15.0466  ema -6.8641
pes 11550  seg-loss -14.8305  ema -7.3786
pes 11575  seg-loss -19.7570  ema -11.8341
pes 11600  seg-loss -18.8248  ema -14.5296
pes 11625  seg-loss -18.8716  ema -16.2535
pes 11650  seg-loss -0.5137  ema -10.4447
pes 11675  seg-loss -20.7233  ema -7.5323
pes 11700  seg-loss -20.6733  ema -12.3292
pes 11725  seg-loss -20.6910  ema -15.6387
pes 11750  seg-loss -3.5496  ema -11.3597
pes 11775  seg-loss -8.6360  ema -9.1059
pes 11800  seg-loss 0.0941  ema -6.6032
pes 11825  seg-loss -0.0541  ema -3.9672
pes 11850  seg-loss -20.7208  ema -8.2146
pes 11875  seg-loss -20.6699  ema -13.1547
pes 11900  seg-loss -19.7743  ema -12.7491
pes 11925  seg-loss -15.2231  ema -14.1315
pes 11950  seg-loss -17.1319  ema -15.0761
pes 11975  seg-loss -0.5462  ema -12.8787
pes 12000  seg-loss -0.6031  ema -8.0055
  eval[h16] learned: loss 0.0373 acc 0.998  vs  muon(lr=0.1): loss 0.0014 acc 1.000
  eval[h64-wider] learned: loss 0.0036 acc 1.000  vs  muon(lr=0.1): loss 0.0000 acc 1.000
  eval[h16-long] learned: loss 0.0000 acc 1.000  vs  muon(lr=0.03): loss 0.0000 acc 1.000
  eval[fashion-h16 HELD-OUT] learned: loss 0.0125 acc 0.998  vs  muon(lr=0.03): loss 0.0000 acc 1.000
  eval[fashion-h64 HELD-OUT] learned: loss 0.4329 acc 0.885  vs  muon(lr=0.03): loss 0.0000 acc 1.000
pes 12025  seg-loss -20.5612  ema -6.9171
pes 12050  seg-loss -19.1815  ema -12.0300
pes 12075  seg-loss -19.6325  ema -14.5648
pes 12100  seg-loss -16.2713  ema -14.5727
pes 12125  seg-loss -0.3512  ema -10.8082
pes 12150  seg-loss -0.3278  ema -6.6518
pes 12175  seg-loss -4.5338  ema -4.8580
pes 12200  seg-loss -18.2964  ema -10.1817
pes 12225  seg-loss -20.1737  ema -12.9487
pes 12250  seg-loss -0.5314  ema -13.3573
pes 12275  seg-loss -0.5704  ema -8.2762
pes 12300  seg-loss -20.7233  ema -7.2765
pes 12325  seg-loss -6.5842  ema -8.8574
pes 12350  seg-loss -13.1493  ema -9.4815
pes 12375  seg-loss -1.8019  ema -9.2571
pes 12400  seg-loss 0.0108  ema -5.9609
pes 12425  seg-loss -0.0329  ema -3.6063
pes 12450  seg-loss -18.4679  ema -6.7366
pes 12475  seg-loss -18.3091  ema -11.3983
pes 12500  seg-loss -2.3959  ema -9.7895
pes 12525  seg-loss -1.0843  ema -6.4529
pes 12550  seg-loss -1.1939  ema -4.3553
pes 12575  seg-loss -19.8741  ema -6.2942
pes 12600  seg-loss -20.7233  ema -7.5655
pes 12625  seg-loss -7.5285  ema -9.2325
pes 12650  seg-loss -16.5988  ema -11.3464
pes 12675  seg-loss -0.3908  ema -10.7680
pes 12700  seg-loss -0.5793  ema -6.7156
pes 12725  seg-loss -13.1378  ema -4.5669
pes 12750  seg-loss -2.7384  ema -4.8221
pes 12775  seg-loss -19.2484  ema -10.2815
pes 12800  seg-loss -18.9527  ema -13.7169
pes 12825  seg-loss -19.9432  ema -14.0357
pes 12850  seg-loss -19.4502  ema -16.3013
pes 12875  seg-loss -3.9871  ema -10.6215
pes 12900  seg-loss -1.8038  ema -7.7260
pes 12925  seg-loss -17.7861  ema -7.1241
pes 12950  seg-loss -20.3081  ema -10.6229
pes 12975  seg-loss -18.7646  ema -13.9500
pes 13000  seg-loss -0.4420  ema -13.8528
pes 13025  seg-loss -18.7531  ema -10.7246
pes 13050  seg-loss -20.0942  ema -14.2847
pes 13075  seg-loss -3.8257  ema -13.9933
pes 13100  seg-loss -13.9320  ema -12.5027
pes 13125  seg-loss -0.2757  ema -11.9827
pes 13150  seg-loss -20.7233  ema -8.8640
pes 13175  seg-loss -0.0693  ema -9.8376
pes 13200  seg-loss -0.3619  ema -6.6958
pes 13225  seg-loss -1.0683  ema -4.3685
pes 13250  seg-loss -20.5686  ema -7.4173
pes 13275  seg-loss -20.7108  ema -12.6736
pes 13300  seg-loss -19.5474  ema -15.4348
pes 13325  seg-loss -4.2315  ema -12.0708
pes 13350  seg-loss -0.3890  ema -7.6776
pes 13375  seg-loss -0.6790  ema -4.8463
pes 13400  seg-loss -20.6975  ema -6.1874
pes 13425  seg-loss -20.5850  ema -11.9067
pes 13450  seg-loss -19.3346  ema -14.9916
pes 13475  seg-loss -17.4903  ema -16.1425
pes 13500  seg-loss -2.9201  ema -13.9564
pes 13525  seg-loss -0.2806  ema -9.1803
pes 13550  seg-loss -0.5305  ema -5.6989
pes 13575  seg-loss -15.5143  ema -8.6961
pes 13600  seg-loss -2.5180  ema -6.4301
pes 13625  seg-loss -2.5086  ema -4.8543
pes 13650  seg-loss -5.1585  ema -4.3682
pes 13675  seg-loss -3.2964  ema -2.8610
pes 13700  seg-loss -2.6408  ema -7.8659
pes 13725  seg-loss -7.2176  ema -6.9757
pes 13750  seg-loss -11.5830  ema -7.1918
pes 13775  seg-loss -7.4160  ema -9.0250
pes 13800  seg-loss -17.3121  ema -11.0561
pes 13825  seg-loss -0.8123  ema -11.6461
pes 13850  seg-loss -4.5107  ema -13.3598
pes 13875  seg-loss -0.3718  ema -9.4786
pes 13900  seg-loss -0.4495  ema -5.8914
pes 13925  seg-loss -0.0202  ema -3.6682
pes 13950  seg-loss -0.0579  ema -2.2319
pes 13975  seg-loss -16.1388  ema -2.4681
  probe-score -3.8721 (new best, saved)
pes 14000  seg-loss -18.3893  ema -8.7137
pes 14025  seg-loss -0.6209  ema -12.0353
pes 14050  seg-loss -1.0426  ema -8.2221
pes 14075  seg-loss 0.2224  ema -6.7735
pes 14100  seg-loss 0.5479  ema -3.9879
pes 14125  seg-loss -0.0494  ema -2.1425
pes 14150  seg-loss -4.9788  ema -1.6858
pes 14175  seg-loss -6.1840  ema -3.3570
pes 14200  seg-loss -19.1120  ema -5.1512
pes 14225  seg-loss -18.3384  ema -8.2011
pes 14250  seg-loss -0.1949  ema -10.3424
pes 14275  seg-loss -8.3077  ema -7.2686
pes 14300  seg-loss -20.2929  ema -11.1096
pes 14325  seg-loss -3.0903  ema -10.9177
pes 14350  seg-loss -20.4006  ema -12.3236
pes 14375  seg-loss -0.8757  ema -8.8122
pes 14400  seg-loss -20.6974  ema -8.0959
pes 14425  seg-loss 0.0212  ema -9.7909
pes 14450  seg-loss -2.0334  ema -6.1672
pes 14475  seg-loss -20.7233  ema -8.8030
pes 14500  seg-loss -8.9525  ema -9.1531
pes 14525  seg-loss -7.7861  ema -8.8967
pes 14550  seg-loss -20.7113  ema -12.0124
pes 14575  seg-loss -7.6145  ema -9.3116
pes 14600  seg-loss -13.4325  ema -9.9332
pes 14625  seg-loss -20.7233  ema -13.0374
pes 14650  seg-loss -20.7233  ema -16.0851
pes 14675  seg-loss -1.1326  ema -16.6342
  probe-score -4.0638 (new best, saved)
pes 14700  seg-loss -17.2134  ema -14.5378
pes 14725  seg-loss -8.6641  ema -15.5739
pes 14750  seg-loss -1.1916  ema -9.7487
pes 14775  seg-loss -1.3384  ema -6.3823
pes 14800  seg-loss -2.5608  ema -4.6613
pes 14825  seg-loss -17.6128  ema -8.1678
pes 14850  seg-loss -1.3237  ema -11.1877
pes 14875  seg-loss -20.2919  ema -10.2218
pes 14900  seg-loss -18.9305  ema -13.8209
pes 14925  seg-loss -1.6368  ema -13.1459
pes 14950  seg-loss -16.0918  ema -10.8151
pes 14975  seg-loss -19.0882  ema -13.7561
pes 15000  seg-loss -1.7865  ema -11.8636
pes 15025  seg-loss -1.7541  ema -7.7499
pes 15050  seg-loss 0.2197  ema -7.3101
pes 15075  seg-loss -3.8382  ema -5.7320
pes 15100  seg-loss -4.0626  ema -5.0432
pes 15125  seg-loss -20.7233  ema -10.0789
pes 15150  seg-loss -10.3486  ema -8.4121
pes 15175  seg-loss -12.1271  ema -8.7254
pes 15200  seg-loss -20.3839  ema -12.9612
pes 15225  seg-loss -20.7233  ema -14.3665
pes 15250  seg-loss -20.5762  ema -15.6876
pes 15275  seg-loss -20.1810  ema -17.5122
pes 15300  seg-loss -20.3484  ema -17.7663
pes 15325  seg-loss 0.0822  ema -13.8369
pes 15350  seg-loss -0.0264  ema -8.3497
pes 15375  seg-loss -0.5890  ema -5.1504
pes 15400  seg-loss -0.7182  ema -3.3707
pes 15425  seg-loss -0.7483  ema -2.3216
pes 15450  seg-loss -0.9050  ema -1.7271
pes 15475  seg-loss -19.3332  ema -3.4076
pes 15500  seg-loss -0.2153  ema -6.7008
pes 15525  seg-loss -0.3581  ema -4.1666
pes 15550  seg-loss -7.7162  ema -3.5361
pes 15575  seg-loss -19.7725  ema -8.5482
pes 15600  seg-loss -18.5980  ema -12.6898
pes 15625  seg-loss -0.6431  ema -12.8236
pes 15650  seg-loss -0.7847  ema -8.0369
pes 15675  seg-loss -0.8793  ema -5.1659
pes 15700  seg-loss -1.4405  ema -3.6289
pes 15725  seg-loss -2.6483  ema -2.7412
pes 15750  seg-loss -5.4625  ema -3.4285
pes 15775  seg-loss -0.4246  ema -4.6254
pes 15800  seg-loss -0.5856  ema -3.0133
pes 15825  seg-loss -9.0207  ema -2.2578
pes 15850  seg-loss -20.7233  ema -3.9698
pes 15875  seg-loss -20.7193  ema -10.6089
pes 15900  seg-loss -0.4095  ema -13.0891
pes 15925  seg-loss -1.3541  ema -8.4318
pes 15950  seg-loss -20.3865  ema -8.0042
pes 15975  seg-loss -9.0283  ema -10.2714
pes 16000  seg-loss -20.7233  ema -12.9801
  eval[h16] learned: loss 0.0186 acc 1.000  vs  muon(lr=0.1): loss 0.0021 acc 1.000
  eval[h64-wider] learned: loss 0.0034 acc 1.000  vs  muon(lr=0.1): loss 0.0000 acc 1.000
  eval[h16-long] learned: loss 0.0000 acc 1.000  vs  muon(lr=0.03): loss 0.0000 acc 1.000
  eval[fashion-h16 HELD-OUT] learned: loss 0.3296 acc 0.965  vs  muon(lr=0.01): loss 0.0023 acc 1.000
  eval[fashion-h64 HELD-OUT] learned: loss 0.5398 acc 0.867  vs  muon(lr=0.1): loss 0.0000 acc 1.000
pes 16025  seg-loss -20.7233  ema -16.0505
pes 16050  seg-loss -0.8823  ema -12.6960
pes 16075  seg-loss -0.9192  ema -8.0194
pes 16100  seg-loss -0.8100  ema -5.1668
pes 16125  seg-loss -20.0997  ema -9.3923
pes 16150  seg-loss -20.1520  ema -13.6822
pes 16175  seg-loss -20.7068  ema -16.2110
pes 16200  seg-loss -4.1117  ema -10.7631
pes 16225  seg-loss -9.4803  ema -9.2037
pes 16250  seg-loss -20.7233  ema -10.5347
pes 16275  seg-loss -0.0338  ema -8.7121
pes 16300  seg-loss -0.0834  ema -5.2814
pes 16325  seg-loss -20.4145  ema -8.2556
pes 16350  seg-loss -20.2628  ema -12.9488
pes 16375  seg-loss -20.5710  ema -15.9603
pes 16400  seg-loss -20.7206  ema -17.6959
pes 16425  seg-loss -20.7224  ema -18.8945
pes 16450  seg-loss -0.6101  ema -13.1984
pes 16475  seg-loss -18.2990  ema -13.6120
pes 16500  seg-loss -16.7147  ema -15.0327
pes 16525  seg-loss -2.7298  ema -11.4822
pes 16550  seg-loss -19.7321  ema -13.7779
pes 16575  seg-loss -19.6363  ema -16.0695
pes 16600  seg-loss -1.1087  ema -10.8480
pes 16625  seg-loss -1.6694  ema -11.9698
pes 16650  seg-loss -1.9684  ema -7.9627
pes 16675  seg-loss -1.2363  ema -5.4996
pes 16700  seg-loss -1.6007  ema -3.9519
pes 16725  seg-loss -2.2232  ema -3.1726
pes 16750  seg-loss -1.6043  ema -2.6996
pes 16775  seg-loss -1.7379  ema -2.2988
pes 16800  seg-loss -1.3659  ema -1.9615
pes 16825  seg-loss -1.7068  ema -1.8084
pes 16850  seg-loss -4.3980  ema -2.0581
pes 16875  seg-loss -20.3120  ema -5.5133
pes 16900  seg-loss -19.7826  ema -11.2484
pes 16925  seg-loss -19.3214  ema -12.9392
pes 16950  seg-loss -20.6143  ema -15.3157
pes 16975  seg-loss -13.7818  ema -15.5470
pes 17000  seg-loss -3.7958  ema -13.9032
pes 17025  seg-loss -6.4229  ema -10.4595
pes 17050  seg-loss -4.7129  ema -8.5412
pes 17075  seg-loss -0.6001  ema -5.9710
pes 17100  seg-loss -0.4500  ema -3.7580
pes 17125  seg-loss -0.4193  ema -2.4390
pes 17150  seg-loss -1.6756  ema -8.0147
pes 17175  seg-loss -18.4698  ema -11.2866
pes 17200  seg-loss -1.4082  ema -13.7842
pes 17225  seg-loss -4.8745  ema -9.5538
pes 17250  seg-loss -19.2044  ema -12.6049
pes 17275  seg-loss -20.3393  ema -14.7212
pes 17300  seg-loss -20.2577  ema -17.0163
pes 17325  seg-loss -20.7127  ema -18.2708
pes 17350  seg-loss -20.6802  ema -19.2266
pes 17375  seg-loss -0.6321  ema -19.0002
pes 17400  seg-loss -3.3850  ema -12.5080
pes 17425  seg-loss -0.5371  ema -8.9911
pes 17450  seg-loss -0.8414  ema -6.1175
pes 17475  seg-loss -9.7330  ema -4.5170
pes 17500  seg-loss -16.0326  ema -8.9677
pes 17525  seg-loss -2.9430  ema -10.6505
pes 17550  seg-loss -20.7233  ema -14.2225
pes 17575  seg-loss -4.0982  ema -16.0850
pes 17600  seg-loss -0.5617  ema -10.3303
pes 17625  seg-loss -0.6568  ema -6.4915
pes 17650  seg-loss -19.6332  ema -8.3221
pes 17675  seg-loss -18.6703  ema -12.5975
pes 17700  seg-loss -20.0134  ema -14.7650
pes 17725  seg-loss -13.1152  ema -12.6649
pes 17750  seg-loss -16.7816  ema -14.1099
pes 17775  seg-loss -14.2685  ema -13.4936
pes 17800  seg-loss -20.4668  ema -14.0344
pes 17825  seg-loss -0.8516  ema -10.2505
pes 17850  seg-loss -0.9735  ema -6.5566
pes 17875  seg-loss -0.5438  ema -5.3735
pes 17900  seg-loss -0.5762  ema -3.4617
pes 17925  seg-loss -0.6048  ema -2.7060
pes 17950  seg-loss -0.7162  ema -1.9037
pes 17975  seg-loss -0.5260  ema -1.4004
pes 18000  seg-loss -0.2931  ema -0.9906
pes 18025  seg-loss -0.3573  ema -0.7299
pes 18050  seg-loss -19.0829  ema -3.2636
pes 18075  seg-loss -18.6995  ema -9.5057
pes 18100  seg-loss -2.5127  ema -9.2529
pes 18125  seg-loss -3.6789  ema -6.8869
pes 18150  seg-loss -12.9156  ema -6.6903
pes 18175  seg-loss -20.7233  ema -12.2339
pes 18200  seg-loss -0.1275  ema -13.6480
pes 18225  seg-loss -2.6024  ema -14.7397
pes 18250  seg-loss -15.8446  ema -13.5327
pes 18275  seg-loss -0.4942  ema -14.2499
pes 18300  seg-loss -0.9356  ema -8.8626
pes 18325  seg-loss -0.9777  ema -5.7313
pes 18350  seg-loss -20.4578  ema -6.0407
pes 18375  seg-loss -1.2171  ema -8.5437
pes 18400  seg-loss -2.5110  ema -5.9582
pes 18425  seg-loss -5.0227  ema -5.2367
pes 18450  seg-loss -0.1372  ema -5.8253
pes 18475  seg-loss -14.0864  ema -5.6583
pes 18500  seg-loss -15.0691  ema -9.2006
pes 18525  seg-loss -0.1820  ema -8.3348
pes 18550  seg-loss -1.3068  ema -5.3484
pes 18575  seg-loss -20.2092  ema -8.6159
pes 18600  seg-loss -20.7217  ema -12.0010
pes 18625  seg-loss -20.7233  ema -15.4595
pes 18650  seg-loss -0.2492  ema -11.6301
pes 18675  seg-loss -18.3530  ema -9.7808
pes 18700  seg-loss -16.0921  ema -12.3056
pes 18725  seg-loss -11.5181  ema -11.4925
pes 18750  seg-loss -19.6130  ema -14.7892
pes 18775  seg-loss -0.5590  ema -15.2531
pes 18800  seg-loss -0.1614  ema -9.3991
pes 18825  seg-loss -4.4153  ema -6.4816
pes 18850  seg-loss -7.2739  ema -6.3178
pes 18875  seg-loss -1.4269  ema -5.3489
pes 18900  seg-loss -2.6523  ema -4.0645
pes 18925  seg-loss -20.2836  ema -10.1672
pes 18950  seg-loss -19.9647  ema -14.1346
pes 18975  seg-loss -20.6602  ema -14.8634
pes 19000  seg-loss -20.7233  ema -17.1795
pes 19025  seg-loss -0.7965  ema -11.9399
pes 19050  seg-loss -18.3343  ema -14.1197
pes 19075  seg-loss -18.4201  ema -15.7976
pes 19100  seg-loss -6.4768  ema -17.1598
pes 19125  seg-loss -2.1132  ema -12.5627
pes 19150  seg-loss -3.3963  ema -8.7084
pes 19175  seg-loss -0.2002  ema -5.6901
pes 19200  seg-loss -1.1146  ema -3.9393
pes 19225  seg-loss -20.5302  ema -7.5419
pes 19250  seg-loss -20.5576  ema -12.7206
pes 19275  seg-loss 0.0423  ema -10.7672
pes 19300  seg-loss 0.0113  ema -6.4908
pes 19325  seg-loss -19.7063  ema -8.6799
pes 19350  seg-loss -0.4023  ema -7.3759
pes 19375  seg-loss -8.3830  ema -4.9956
  probe-score -4.1713 (new best, saved)
pes 19400  seg-loss -4.3085  ema -5.0904
pes 19425  seg-loss -2.2284  ema -3.8947
pes 19450  seg-loss -2.9368  ema -3.4187
pes 19475  seg-loss -0.4432  ema -2.3821
pes 19500  seg-loss -3.0922  ema -2.2575
pes 19525  seg-loss -0.4567  ema -2.4286
pes 19550  seg-loss 0.0333  ema -1.4160
pes 19575  seg-loss -2.0629  ema -1.0720
pes 19600  seg-loss -3.8173  ema -1.9539
pes 19625  seg-loss 0.3282  ema -2.4856
pes 19650  seg-loss -4.0246  ema -2.0292
pes 19675  seg-loss -20.0506  ema -5.8246
pes 19700  seg-loss -2.7627  ema -7.3664
pes 19725  seg-loss -1.2326  ema -6.4625
pes 19750  seg-loss -0.0484  ema -4.1947
pes 19775  seg-loss -20.7233  ema -7.8940
pes 19800  seg-loss -8.8406  ema -8.9128
pes 19825  seg-loss -2.0600  ema -6.9159
pes 19850  seg-loss -2.5634  ema -5.1121
pes 19875  seg-loss -20.7233  ema -7.1577
  probe-score -4.2357 (new best, saved)
pes 19900  seg-loss -0.3960  ema -6.6430
pes 19925  seg-loss -10.6830  ema -5.9053
pes 19950  seg-loss -0.0913  ema -4.1991
pes 19975  seg-loss -6.4690  ema -9.2167
pes 20000  seg-loss -1.3984  ema -7.3160
  eval[h16] learned: loss 0.0138 acc 0.999  vs  muon(lr=0.1): loss 0.0032 acc 0.999
  eval[h64-wider] learned: loss 0.0177 acc 0.993  vs  muon(lr=0.1): loss 0.0000 acc 1.000
  eval[h16-long] learned: loss 0.0000 acc 1.000  vs  muon(lr=0.03): loss 0.0000 acc 1.000
  eval[fashion-h16 HELD-OUT] learned: loss 0.0772 acc 0.974  vs  muon(lr=0.03): loss 0.0000 acc 1.000
  eval[fashion-h64 HELD-OUT] learned: loss 0.1688 acc 0.949  vs  muon(lr=0.03): loss 0.0000 acc 1.000
pes 20025  seg-loss -15.4356  ema -7.9264
pes 20050  seg-loss -0.1602  ema -11.1758
pes 20075  seg-loss -0.2382  ema -6.8265
pes 20100  seg-loss -3.2635  ema -4.2789
pes 20125  seg-loss -20.7233  ema -10.7197
pes 20150  seg-loss -0.3562  ema -14.2791
pes 20175  seg-loss -0.6375  ema -8.8555
pes 20200  seg-loss -0.8626  ema -5.6158
pes 20225  seg-loss -19.2352  ema -5.2613
pes 20250  seg-loss -1.1025  ema -10.0147
pes 20275  seg-loss -0.8360  ema -7.3601
pes 20300  seg-loss -0.8641  ema -4.7820
pes 20325  seg-loss -0.1971  ema -3.0810
pes 20350  seg-loss -0.1080  ema -1.9145
pes 20375  seg-loss -3.4976  ema -1.9274
pes 20400  seg-loss -20.6173  ema -8.9382
pes 20425  seg-loss -20.5610  ema -13.5659
pes 20450  seg-loss -0.2768  ema -14.4638
pes 20475  seg-loss -3.9576  ema -10.0004
pes 20500  seg-loss -0.4988  ema -7.8051
pes 20525  seg-loss -15.8606  ema -9.2472
pes 20550  seg-loss -8.6373  ema -11.5343
pes 20575  seg-loss -3.8934  ema -11.1891
pes 20600  seg-loss -4.6973  ema -8.5148
pes 20625  seg-loss -0.4928  ema -6.2955
pes 20650  seg-loss -20.6651  ema -9.6451
pes 20675  seg-loss -20.6387  ema -14.0235
pes 20700  seg-loss -0.5224  ema -10.7888
pes 20725  seg-loss -2.4036  ema -13.0471
pes 20750  seg-loss -14.8072  ema -9.3827
pes 20775  seg-loss -1.9910  ema -6.6078
pes 20800  seg-loss -2.0817  ema -4.8003
pes 20825  seg-loss -1.2237  ema -3.3306
pes 20850  seg-loss -1.3477  ema -2.5253
pes 20875  seg-loss -5.3973  ema -2.9010
pes 20900  seg-loss -13.5578  ema -5.6052
pes 20925  seg-loss -1.0926  ema -3.9724
pes 20950  seg-loss -10.8928  ema -4.1442
pes 20975  seg-loss -0.2449  ema -2.7975
pes 21000  seg-loss -0.1648  ema -1.7347
pes 21025  seg-loss -4.6105  ema -2.1193
pes 21050  seg-loss -8.1877  ema -3.7893
pes 21075  seg-loss -1.8194  ema -3.4643
pes 21100  seg-loss -2.3216  ema -2.9299
pes 21125  seg-loss -4.3404  ema -3.0434
pes 21150  seg-loss -4.6550  ema -3.6447
pes 21175  seg-loss -20.7233  ema -8.0949
pes 21200  seg-loss -0.5369  ema -6.1188
pes 21225  seg-loss -2.5501  ema -4.4871
pes 21250  seg-loss -0.1480  ema -3.8663
pes 21275  seg-loss -4.6876  ema -3.4580
pes 21300  seg-loss -6.3116  ema -4.6277
pes 21325  seg-loss -20.7233  ema -11.0013
pes 21350  seg-loss -0.5476  ema -14.4529
pes 21375  seg-loss -0.1711  ema -8.8168
pes 21400  seg-loss -0.3639  ema -5.4237
pes 21425  seg-loss -0.5882  ema -3.5878
pes 21450  seg-loss -0.6042  ema -2.3900
pes 21475  seg-loss -3.2158  ema -2.2179
pes 21500  seg-loss -17.6436  ema -8.2901
pes 21525  seg-loss -19.6173  ema -12.5075
pes 21550  seg-loss -0.6922  ema -8.8378
pes 21575  seg-loss -19.7197  ema -8.8928
pes 21600  seg-loss -0.5286  ema -7.5942
pes 21625  seg-loss -0.5586  ema -4.8008
pes 21650  seg-loss -4.7660  ema -3.9299
pes 21675  seg-loss -19.6642  ema -8.8421
pes 21700  seg-loss -1.6493  ema -5.9505
pes 21725  seg-loss -1.6880  ema -4.2558
pes 21750  seg-loss -16.3249  ema -7.2770
pes 21775  seg-loss -17.5453  ema -11.3328
pes 21800  seg-loss -3.8231  ema -8.3300
pes 21825  seg-loss -5.1007  ema -6.8953
pes 21850  seg-loss -2.5035  ema -9.4754
pes 21875  seg-loss -0.6500  ema -6.4395
pes 21900  seg-loss -20.7233  ema -9.2194
pes 21925  seg-loss -20.7233  ema -13.7804
pes 21950  seg-loss -6.2498  ema -12.3019
pes 21975  seg-loss -4.2918  ema -10.8071
pes 22000  seg-loss -6.4902  ema -8.8392
pes 22025  seg-loss -0.9418  ema -7.5823
pes 22050  seg-loss -10.7670  ema -5.7035
pes 22075  seg-loss -19.9818  ema -11.2006
pes 22100  seg-loss -0.4590  ema -12.9267
pes 22125  seg-loss -20.7233  ema -15.5399
pes 22150  seg-loss -14.1472  ema -17.4629
pes 22175  seg-loss -1.5705  ema -11.8005
pes 22200  seg-loss -1.7075  ema -7.7782
pes 22225  seg-loss -15.9385  ema -8.3874
pes 22250  seg-loss 0.1919  ema -6.8907
pes 22275  seg-loss -1.3528  ema -5.2018
pes 22300  seg-loss -1.5910  ema -3.7444
pes 22325  seg-loss -0.6165  ema -2.5865
pes 22350  seg-loss -0.6537  ema -1.8143
pes 22375  seg-loss -18.9406  ema -6.6438
pes 22400  seg-loss -0.4958  ema -4.6234
pes 22425  seg-loss -0.5499  ema -3.0005
pes 22450  seg-loss -20.1853  ema -7.7861
pes 22475  seg-loss -19.8725  ema -12.6154
pes 22500  seg-loss -0.6529  ema -9.3463
pes 22525  seg-loss -0.7196  ema -5.9173
pes 22550  seg-loss -20.6937  ema -9.9430
pes 22575  seg-loss -20.7020  ema -14.2148
pes 22600  seg-loss -20.0293  ema -15.2992
pes 22625  seg-loss -20.1562  ema -17.2003
pes 22650  seg-loss -20.4523  ema -18.3477
pes 22675  seg-loss -0.6338  ema -12.0156
pes 22700  seg-loss -0.7717  ema -7.5339
pes 22725  seg-loss -20.4092  ema -8.7381
pes 22750  seg-loss -20.1266  ema -13.2934
pes 22775  seg-loss -0.4966  ema -12.4873
pes 22800  seg-loss -0.6424  ema -7.7792
pes 22825  seg-loss -1.3157  ema -4.9698
pes 22850  seg-loss -4.4298  ema -4.4779
pes 22875  seg-loss -9.0823  ema -4.6172
pes 22900  seg-loss -2.1708  ema -8.9923
pes 22925  seg-loss 1.3099  ema -10.8546
pes 22950  seg-loss -1.5988  ema -7.1181
pes 22975  seg-loss -1.8458  ema -4.9873
pes 23000  seg-loss -7.7879  ema -5.5131
pes 23025  seg-loss -9.7897  ema -6.8847
pes 23050  seg-loss -17.3710  ema -8.7622
pes 23075  seg-loss -16.3752  ema -11.9546
pes 23100  seg-loss -4.6444  ema -8.8537
pes 23125  seg-loss -11.2085  ema -8.8917
pes 23150  seg-loss -19.7367  ema -9.8199
pes 23175  seg-loss -13.7606  ema -11.2187
pes 23200  seg-loss -0.5458  ema -7.4436
pes 23225  seg-loss -0.5630  ema -4.7099
pes 23250  seg-loss -20.6856  ema -9.5965
pes 23275  seg-loss -20.6753  ema -13.9982
pes 23300  seg-loss -3.6055  ema -12.3339
pes 23325  seg-loss -16.8737  ema -13.4822
pes 23350  seg-loss -0.2940  ema -14.2964
pes 23375  seg-loss -0.7284  ema -8.8871
pes 23400  seg-loss -0.9470  ema -5.6743
pes 23425  seg-loss -1.3478  ema -4.1843
pes 23450  seg-loss -1.4998  ema -3.0992
pes 23475  seg-loss -0.6138  ema -2.1205
pes 23500  seg-loss -0.6399  ema -1.5290
pes 23525  seg-loss -20.0592  ema -4.4130
pes 23550  seg-loss -0.5269  ema -6.0921
pes 23575  seg-loss -0.5829  ema -3.8989
pes 23600  seg-loss -14.2450  ema -4.7011
pes 23625  seg-loss -2.1387  ema -4.7025
pes 23650  seg-loss -2.4416  ema -3.7163
pes 23675  seg-loss -10.6162  ema -4.6966
pes 23700  seg-loss -3.3861  ema -5.7921
pes 23725  seg-loss -3.4228  ema -4.8287
pes 23750  seg-loss -2.1256  ema -3.7118
pes 23775  seg-loss -3.4547  ema -3.4087
pes 23800  seg-loss -0.6201  ema -3.6241
pes 23825  seg-loss -0.6585  ema -2.4423
pes 23850  seg-loss -20.5687  ema -5.3926
pes 23875  seg-loss -20.6530  ema -11.3956
pes 23900  seg-loss -15.5096  ema -11.9129
pes 23925  seg-loss -20.7233  ema -15.3694
pes 23950  seg-loss -20.7168  ema -16.9144
pes 23975  seg-loss -5.6163  ema -14.8285
pes 24000  seg-loss -20.7233  ema -14.1487
  eval[h16] learned: loss 0.1118 acc 0.993  vs  muon(lr=0.1): loss 0.0006 acc 1.000
  eval[h64-wider] learned: loss 0.0367 acc 0.999  vs  muon(lr=0.1): loss 0.0003 acc 1.000
  eval[h16-long] learned: loss 0.0000 acc 1.000  vs  muon(lr=0.03): loss 0.0000 acc 1.000
  eval[fashion-h16 HELD-OUT] learned: loss 0.1042 acc 0.972  vs  muon(lr=0.03): loss 0.0000 acc 1.000
  eval[fashion-h64 HELD-OUT] learned: loss 0.2730 acc 0.918  vs  muon(lr=0.03): loss 0.0000 acc 1.000
pes 24025  seg-loss -4.1576  ema -11.1543
pes 24050  seg-loss -15.6700  ema -9.2378
pes 24075  seg-loss -16.9383  ema -13.1322
pes 24100  seg-loss -0.5627  ema -10.5583
pes 24125  seg-loss -20.4158  ema -9.1154
pes 24150  seg-loss -2.4292  ema -9.2360
pes 24175  seg-loss -19.8649  ema -11.5118
pes 24200  seg-loss -20.1681  ema -14.8913
pes 24225  seg-loss -0.9981  ema -11.1040
pes 24250  seg-loss -2.5019  ema -7.4175
pes 24275  seg-loss -3.2491  ema -5.6475
pes 24300  seg-loss -20.6592  ema -6.6116
pes 24325  seg-loss -20.1466  ema -7.2633
pes 24350  seg-loss -20.7233  ema -12.5762
pes 24375  seg-loss -14.2236  ema -14.8077
pes 24400  seg-loss -1.1544  ema -9.3577
pes 24425  seg-loss -1.1554  ema -6.0991
pes 24450  seg-loss -0.0687  ema -3.7613
pes 24475  seg-loss -0.0663  ema -2.2975
pes 24500  seg-loss -2.3937  ema -2.2516
pes 24525  seg-loss -4.7267  ema -3.0725
pes 24550  seg-loss -5.7009  ema -3.5721
pes 24575  seg-loss -19.6720  ema -9.4805
pes 24600  seg-loss -2.4767  ema -11.7147
pes 24625  seg-loss -5.5856  ema -9.0650
pes 24650  seg-loss -0.4960  ema -7.2519
pes 24675  seg-loss -5.5068  ema -5.7102
pes 24700  seg-loss -8.6430  ema -6.3330
pes 24725  seg-loss -4.5158  ema -5.8782
pes 24750  seg-loss -0.7768  ema -5.1129
pes 24775  seg-loss -0.8421  ema -3.4096
pes 24800  seg-loss -20.7014  ema -6.4339
pes 24825  seg-loss -18.3842  ema -8.9612
pes 24850  seg-loss -0.9227  ema -8.3769
pes 24875  seg-loss -1.8579  ema -5.5957
pes 24900  seg-loss -2.0334  ema -4.1638
pes 24925  seg-loss -20.6842  ema -7.9559
pes 24950  seg-loss -2.8423  ema -6.4793
pes 24975  seg-loss -9.3082  ema -6.5182
pes 25000  seg-loss -12.4443  ema -8.4863
pes 25025  seg-loss -20.7233  ema -11.3837
pes 25050  seg-loss -0.4407  ema -7.4365
pes 25075  seg-loss -2.3181  ema -5.3079
pes 25100  seg-loss -0.9694  ema -4.1050
pes 25125  seg-loss -1.3938  ema -3.5365
pes 25150  seg-loss -20.7233  ema -4.0053
pes 25175  seg-loss -0.4921  ema -2.9874
pes 25200  seg-loss -0.5335  ema -2.0062
pes 25225  seg-loss -0.5678  ema -1.5770
pes 25250  seg-loss -0.6054  ema -1.1862
pes 25275  seg-loss -1.2290  ema -1.2764
pes 25300  seg-loss -1.3465  ema -1.2935
pes 25325  seg-loss -3.3503  ema -1.4397
pes 25350  seg-loss -20.7233  ema -6.5867
pes 25375  seg-loss -1.5283  ema -4.7413
pes 25400  seg-loss -1.7274  ema -3.5015
pes 25425  seg-loss -3.4505  ema -3.1385
pes 25450  seg-loss -4.6443  ema -3.5422
pes 25475  seg-loss -16.0549  ema -7.0218
pes 25500  seg-loss -19.7100  ema -10.6358
pes 25525  seg-loss -19.9341  ema -14.2984
pes 25550  seg-loss -1.7359  ema -11.6998
pes 25575  seg-loss -20.7149  ema -12.7944
pes 25600  seg-loss -20.3314  ema -15.8454
pes 25625  seg-loss -19.4350  ema -16.9725
pes 25650  seg-loss -19.2794  ema -17.9341
pes 25675  seg-loss -0.3132  ema -12.1570
pes 25700  seg-loss -20.4852  ema -15.3759
pes 25725  seg-loss -20.4614  ema -17.4229
pes 25750  seg-loss -1.5057  ema -11.0756
pes 25775  seg-loss -1.7484  ema -7.3239
pes 25800  seg-loss -20.7233  ema -8.5280
pes 25825  seg-loss -20.7233  ema -13.3638
pes 25850  seg-loss -0.3665  ema -12.6216
pes 25875  seg-loss -0.4729  ema -7.7873
pes 25900  seg-loss -5.9754  ema -5.1839
pes 25925  seg-loss -2.6642  ema -7.2644
pes 25950  seg-loss -7.6781  ema -6.6788
pes 25975  seg-loss -2.9123  ema -7.8258
pes 26000  seg-loss -19.2596  ema -12.1206
pes 26025  seg-loss -5.5547  ema -14.2669
pes 26050  seg-loss -20.5303  ema -13.2058
pes 26075  seg-loss -20.6979  ema -16.1768
pes 26100  seg-loss -0.9019  ema -12.7779
pes 26125  seg-loss -20.5861  ema -12.2042
pes 26150  seg-loss -19.0686  ema -14.1422
pes 26175  seg-loss -0.7044  ema -9.9608
pes 26200  seg-loss -0.8268  ema -6.3211
pes 26225  seg-loss -1.1840  ema -5.2237
pes 26250  seg-loss -1.4122  ema -3.6463
pes 26275  seg-loss -1.7240  ema -2.8365
pes 26300  seg-loss -0.5493  ema -2.1073
pes 26325  seg-loss -0.6155  ema -1.5075
pes 26350  seg-loss -0.1315  ema -1.1689
pes 26375  seg-loss -0.5245  ema -0.8334
pes 26400  seg-loss -1.6636  ema -0.8903
pes 26425  seg-loss -2.0182  ema -1.3074
pes 26450  seg-loss -2.7836  ema -1.7839
pes 26475  seg-loss -20.7207  ema -5.8258
pes 26500  seg-loss -5.5697  ema -6.9400
pes 26525  seg-loss -17.8940  ema -10.5971
pes 26550  seg-loss -19.2942  ema -13.8465
pes 26575  seg-loss -9.3074  ema -11.0968
pes 26600  seg-loss -17.5666  ema -12.4395
pes 26625  seg-loss -20.7233  ema -13.7784
pes 26650  seg-loss -20.7233  ema -16.5323
pes 26675  seg-loss -0.8068  ema -12.0936
pes 26700  seg-loss -20.0380  ema -8.3125
pes 26725  seg-loss -0.9080  ema -6.2764
pes 26750  seg-loss -1.0209  ema -5.9298
pes 26775  seg-loss -1.4471  ema -4.1032
pes 26800  seg-loss -4.9187  ema -3.3337
pes 26825  seg-loss -6.3436  ema -4.3520
pes 26850  seg-loss -0.2137  ema -5.1854
pes 26875  seg-loss -0.4968  ema -3.7871
pes 26900  seg-loss -3.2848  ema -2.8004
pes 26925  seg-loss -0.8858  ema -2.6796
pes 26950  seg-loss -20.7233  ema -6.5202
pes 26975  seg-loss -20.7202  ema -12.1511
pes 27000  seg-loss -1.7200  ema -11.0596
pes 27025  seg-loss -2.0933  ema -7.4507
pes 27050  seg-loss -0.2642  ema -4.9636
pes 27075  seg-loss -3.3244  ema -3.5552
pes 27100  seg-loss -12.6878  ema -5.3067
pes 27125  seg-loss -0.5586  ema -4.3816
pes 27150  seg-loss -0.6089  ema -2.8804
pes 27175  seg-loss -1.7832  ema -2.0311
pes 27200  seg-loss -0.6757  ema -2.0171
pes 27225  seg-loss -3.6415  ema -2.1073
pes 27250  seg-loss -0.7716  ema -2.4225
pes 27275  seg-loss -17.0676  ema -5.2091
pes 27300  seg-loss -1.1299  ema -10.2911
pes 27325  seg-loss -4.5925  ema -11.5590
pes 27350  seg-loss -0.2279  ema -7.3946
pes 27375  seg-loss -0.2899  ema -4.5776
pes 27400  seg-loss -0.1574  ema -2.8749
pes 27425  seg-loss -0.6261  ema -1.9044
pes 27450  seg-loss -20.6065  ema -4.5625
pes 27475  seg-loss -20.3352  ema -10.8979
pes 27500  seg-loss -2.1136  ema -12.8797
pes 27525  seg-loss -20.5977  ema -13.7628
pes 27550  seg-loss -1.1841  ema -14.2904
pes 27575  seg-loss -0.3611  ema -10.2809
pes 27600  seg-loss -0.5553  ema -6.3973
pes 27625  seg-loss -0.4979  ema -4.0715
pes 27650  seg-loss -1.2918  ema -3.4667
pes 27675  seg-loss -0.6697  ema -6.0332
pes 27700  seg-loss -20.1459  ema -6.8915
pes 27725  seg-loss -18.7407  ema -9.0637
pes 27750  seg-loss -18.9643  ema -12.8125
pes 27775  seg-loss -1.9592  ema -12.0084
pes 27800  seg-loss -0.8203  ema -7.9791
pes 27825  seg-loss -13.9865  ema -7.7079
pes 27850  seg-loss -13.7049  ema -10.4077
pes 27875  seg-loss -20.5924  ema -11.6942
pes 27900  seg-loss -20.5642  ema -15.2281
pes 27925  seg-loss -0.5259  ema -13.6340
pes 27950  seg-loss -0.1974  ema -8.3844
pes 27975  seg-loss -20.7233  ema -11.8081
pes 28000  seg-loss -20.7221  ema -15.3415
  eval[h16] learned: loss 0.1130 acc 0.986  vs  muon(lr=0.1): loss 0.0037 acc 0.998
  eval[h64-wider] learned: loss 0.0767 acc 0.995  vs  muon(lr=0.1): loss 0.0000 acc 1.000
  eval[h16-long] learned: loss 0.0000 acc 1.000  vs  muon(lr=0.03): loss 0.0000 acc 1.000
  eval[fashion-h16 HELD-OUT] learned: loss 0.0722 acc 0.993  vs  muon(lr=0.03): loss 0.0000 acc 1.000
  eval[fashion-h64 HELD-OUT] learned: loss 0.1581 acc 0.952  vs  muon(lr=0.01): loss 0.0000 acc 1.000
pes 28025  seg-loss -2.1824  ema -11.3814
pes 28050  seg-loss -0.8847  ema -7.2395
pes 28075  seg-loss -0.9360  ema -4.7356
pes 28100  seg-loss -19.7082  ema -7.0912
pes 28125  seg-loss -0.5505  ema -4.5143
pes 28150  seg-loss -20.7156  ema -9.8613
pes 28175  seg-loss -20.7233  ema -14.1681
pes 28200  seg-loss -1.3578  ema -10.9384
pes 28225  seg-loss -0.7581  ema -8.0962
pes 28250  seg-loss -0.7765  ema -5.1953
pes 28275  seg-loss -0.8327  ema -3.4554
pes 28300  seg-loss -1.6719  ema -6.4995
pes 28325  seg-loss -1.1147  ema -4.7704
pes 28350  seg-loss -1.4304  ema -3.3981
pes 28375  seg-loss -2.3934  ema -6.1819
pes 28400  seg-loss -20.4212  ema -7.7671
pes 28425  seg-loss -20.0566  ema -12.6386
pes 28450  seg-loss -0.0201  ema -13.4347
pes 28475  seg-loss -0.8109  ema -8.5056
pes 28500  seg-loss -1.7264  ema -5.7192
pes 28525  seg-loss -1.8234  ema -4.1544
pes 28550  seg-loss -14.7804  ema -6.0054
pes 28575  seg-loss -17.8393  ema -10.3688
pes 28600  seg-loss -0.8687  ema -12.7936
pes 28625  seg-loss -2.2991  ema -8.4911
pes 28650  seg-loss -1.7600  ema -6.1306
pes 28675  seg-loss -3.1794  ema -5.0386
pes 28700  seg-loss -3.2729  ema -4.3192
pes 28725  seg-loss -2.1632  ema -2.9781
pes 28750  seg-loss -1.3868  ema -2.7465
pes 28775  seg-loss -2.9823  ema -2.6072
pes 28800  seg-loss -0.7558  ema -2.5797
pes 28825  seg-loss -3.9717  ema -2.7282
pes 28850  seg-loss -0.0869  ema -3.5008
pes 28875  seg-loss -0.3819  ema -2.2346
pes 28900  seg-loss -8.3175  ema -1.6741
pes 28925  seg-loss -19.9960  ema -9.0188
pes 28950  seg-loss -0.1592  ema -12.9004
pes 28975  seg-loss -8.7336  ema -9.4492
pes 29000  seg-loss -0.3066  ema -10.7209
pes 29025  seg-loss -19.9137  ema -7.4325
pes 29050  seg-loss -1.0799  ema -9.9819
pes 29075  seg-loss -1.2599  ema -6.4967
pes 29100  seg-loss -5.6003  ema -4.7519
pes 29125  seg-loss -0.5880  ema -5.0342
pes 29150  seg-loss -2.7026  ema -3.7950
pes 29175  seg-loss -20.0260  ema -8.1526
pes 29200  seg-loss -19.7509  ema -12.8093
pes 29225  seg-loss -1.9176  ema -10.0527
pes 29250  seg-loss -2.4706  ema -6.9414
pes 29275  seg-loss -15.2482  ema -7.5000
pes 29300  seg-loss -1.6609  ema -5.4265
pes 29325  seg-loss -1.7425  ema -3.9600
pes 29350  seg-loss -0.8977  ema -3.7613
pes 29375  seg-loss -1.0184  ema -2.6577
pes 29400  seg-loss -18.4328  ema -5.9700
pes 29425  seg-loss 0.0358  ema -4.7146
pes 29450  seg-loss -0.1809  ema -2.8593
pes 29475  seg-loss -20.2043  ema -7.1273
pes 29500  seg-loss -19.8533  ema -12.2419
pes 29525  seg-loss -18.8925  ema -13.7729
pes 29550  seg-loss -18.6526  ema -13.5719
pes 29575  seg-loss -0.3245  ema -9.5189
pes 29600  seg-loss -2.0417  ema -6.4003
pes 29625  seg-loss -2.2739  ema -4.7278
pes 29650  seg-loss -0.4027  ema -3.1148
pes 29675  seg-loss -19.9337  ema -4.3687
pes 29700  seg-loss -0.5680  ema -6.8037
pes 29725  seg-loss -12.2356  ema -5.7827
pes 29750  seg-loss -2.0782  ema -6.8039
pes 29775  seg-loss -3.5878  ema -5.3459
pes 29800  seg-loss -20.2288  ema -5.6493
pes 29825  seg-loss -0.0196  ema -9.1558
pes 29850  seg-loss -0.3223  ema -10.9800
pes 29875  seg-loss -20.0356  ema -9.8754
pes 29900  seg-loss -19.8761  ema -13.5070
pes 29925  seg-loss -17.8067  ema -15.4240
pes 29950  seg-loss -0.6346  ema -11.7567
pes 29975  seg-loss -0.6698  ema -7.3548
pes 30000  seg-loss -20.3795  ema -9.2737
pes 30025  seg-loss -20.0426  ema -13.5670
pes 30050  seg-loss -20.5722  ema -15.3053
pes 30075  seg-loss -20.5710  ema -17.3528
pes 30100  seg-loss -1.3792  ema -16.0862
pes 30125  seg-loss 0.2770  ema -10.1327
pes 30150  seg-loss -0.2076  ema -6.1079
pes 30175  seg-loss -19.2998  ema -7.6031
pes 30200  seg-loss -20.4331  ema -12.5835
pes 30225  seg-loss -20.3101  ema -12.9486
pes 30250  seg-loss -4.7192  ema -11.9614
pes 30275  seg-loss -19.4922  ema -12.3790
pes 30300  seg-loss -8.4643  ema -10.8345
pes 30325  seg-loss -8.6401  ema -9.9992
pes 30350  seg-loss -19.5700  ema -13.0357
pes 30375  seg-loss -19.7588  ema -15.6314
pes 30400  seg-loss -0.5522  ema -10.6989
pes 30425  seg-loss -20.7233  ema -12.0059
pes 30450  seg-loss -20.7233  ema -15.4626
pes 30475  seg-loss -20.6238  ema -17.0398
pes 30500  seg-loss -5.4121  ema -12.6683
pes 30525  seg-loss -9.1362  ema -10.6661
pes 30550  seg-loss -0.8154  ema -9.8071
pes 30575  seg-loss -19.1083  ema -7.4696
pes 30600  seg-loss -0.4558  ema -9.3332
pes 30625  seg-loss -0.5217  ema -5.8307
pes 30650  seg-loss 1.1803  ema -3.6513
pes 30675  seg-loss -7.0908  ema -3.1765
pes 30700  seg-loss -12.8196  ema -6.1483
pes 30725  seg-loss -3.2784  ema -7.1272
pes 30750  seg-loss -20.7010  ema -7.7088
pes 30775  seg-loss -20.7233  ema -12.8695
pes 30800  seg-loss -7.0430  ema -13.4197
pes 30825  seg-loss -1.8541  ema -10.2404
pes 30850  seg-loss 0.2151  ema -6.9002
pes 30875  seg-loss -0.4345  ema -5.3942
pes 30900  seg-loss -0.5392  ema -3.4261
pes 30925  seg-loss -17.1872  ema -4.5424
pes 30950  seg-loss -0.6667  ema -5.6894
pes 30975  seg-loss -6.7573  ema -4.4018
pes 31000  seg-loss -8.3799  ema -5.8816
pes 31025  seg-loss -2.2649  ema -5.8846
pes 31050  seg-loss -20.4165  ema -8.1562
pes 31075  seg-loss -5.9350  ema -9.0798
pes 31100  seg-loss -20.3749  ema -8.4721
pes 31125  seg-loss -19.8557  ema -13.0581
pes 31150  seg-loss -0.3016  ema -14.5951
pes 31175  seg-loss -0.6623  ema -9.0482
pes 31200  seg-loss -0.9566  ema -5.7400
pes 31225  seg-loss -5.2917  ema -3.8250
pes 31250  seg-loss -4.7083  ema -4.6188
pes 31275  seg-loss -6.5934  ema -5.1287
pes 31300  seg-loss -2.0661  ema -6.3513
pes 31325  seg-loss -1.0802  ema -5.0402
pes 31350  seg-loss -6.2780  ema -4.5107
pes 31375  seg-loss -20.5616  ema -6.3689
pes 31400  seg-loss -18.3100  ema -11.4610
pes 31425  seg-loss -2.1107  ema -11.3687
pes 31450  seg-loss -16.7486  ema -8.0005
pes 31475  seg-loss -20.6462  ema -10.3477
pes 31500  seg-loss -20.6381  ema -14.4211
pes 31525  seg-loss -0.9531  ema -15.3245
pes 31550  seg-loss -0.0356  ema -10.0771
pes 31575  seg-loss -19.0621  ema -11.9393
pes 31600  seg-loss -2.3373  ema -11.4910
pes 31625  seg-loss -2.9389  ema -8.0207
pes 31650  seg-loss -0.3191  ema -6.0139
pes 31675  seg-loss -1.9167  ema -4.2380
pes 31700  seg-loss -4.3401  ema -3.9597
pes 31725  seg-loss -11.4992  ema -4.8152
pes 31750  seg-loss -18.9267  ema -9.8706
pes 31775  seg-loss -19.1590  ema -13.5952
pes 31800  seg-loss -0.5500  ema -9.8261
pes 31825  seg-loss -0.5716  ema -6.1543
pes 31850  seg-loss -10.3371  ema -7.4419
pes 31875  seg-loss -8.9848  ema -8.0019
pes 31900  seg-loss -7.5299  ema -6.9111
pes 31925  seg-loss -19.4354  ema -10.3423
pes 31950  seg-loss -20.4351  ema -13.0081
pes 31975  seg-loss -20.4811  ema -15.9559
pes 32000  seg-loss -0.7657  ema -13.1837
  eval[h16] learned: loss 0.0558 acc 0.999  vs  muon(lr=0.1): loss 0.0007 acc 1.000
  eval[h64-wider] learned: loss 0.0392 acc 0.995  vs  muon(lr=0.1): loss 0.0000 acc 1.000
  eval[h16-long] learned: loss 0.0000 acc 1.000  vs  muon(lr=0.03): loss 0.0000 acc 1.000
  eval[fashion-h16 HELD-OUT] learned: loss 0.0391 acc 0.997  vs  muon(lr=0.03): loss 0.0000 acc 1.000
  eval[fashion-h64 HELD-OUT] learned: loss 0.5268 acc 0.884  vs  muon(lr=0.03): loss 0.0000 acc 1.000
pes 32025  seg-loss -0.4511  ema -8.1293
pes 32050  seg-loss -0.5595  ema -5.1079
pes 32075  seg-loss -20.7160  ema -5.2236
pes 32100  seg-loss -0.7090  ema -7.3653
pes 32125  seg-loss -20.7085  ema -9.5765
pes 32150  seg-loss -1.9284  ema -7.0450
pes 32175  seg-loss -20.3624  ema -12.2050
pes 32200  seg-loss -1.3881  ema -15.0475
pes 32225  seg-loss -20.7233  ema -16.9093
pes 32250  seg-loss -2.4270  ema -18.0557
pes 32275  seg-loss -19.3557  ema -18.5487
pes 32300  seg-loss -0.6887  ema -15.0286
pes 32325  seg-loss -0.3007  ema -9.2149
pes 32350  seg-loss -0.4526  ema -5.7231
pes 32375  seg-loss -0.6412  ema -3.6676
pes 32400  seg-loss -0.7045  ema -2.4824
pes 32425  seg-loss -1.5166  ema -1.9154
pes 32450  seg-loss -20.0767  ema -7.0473
pes 32475  seg-loss -19.8104  ema -11.8009
pes 32500  seg-loss -5.2814  ema -9.7776
pes 32525  seg-loss -6.2007  ema -8.2675
pes 32550  seg-loss -0.1976  ema -8.2869
pes 32575  seg-loss -18.6389  ema -9.7227
pes 32600  seg-loss -2.8422  ema -11.5491
pes 32625  seg-loss -9.2352  ema -13.0116
pes 32650  seg-loss -1.5796  ema -12.1695
pes 32675  seg-loss -1.8295  ema -8.0389
pes 32700  seg-loss -5.6114  ema -5.8038
pes 32725  seg-loss -17.2243  ema -8.2669
pes 32750  seg-loss -18.7654  ema -12.2484
pes 32775  seg-loss -2.1147  ema -12.6997
pes 32800  seg-loss -20.6243  ema -12.1310
pes 32825  seg-loss -20.7193  ema -15.5232
pes 32850  seg-loss -1.7982  ema -13.5847
pes 32875  seg-loss -1.3087  ema -10.5358
pes 32900  seg-loss -1.8736  ema -7.0220
pes 32925  seg-loss -0.4279  ema -4.9349
pes 32950  seg-loss -3.8290  ema -3.2667
pes 32975  seg-loss -1.4421  ema -7.8776
pes 33000  seg-loss -0.1522  ema -5.3156
pes 33025  seg-loss -20.0897  ema -8.5636
pes 33050  seg-loss -20.7233  ema -12.5017
pes 33075  seg-loss -20.7233  ema -15.7618
pes 33100  seg-loss 1.0732  ema -12.4866
pes 33125  seg-loss -0.3811  ema -9.3651
pes 33150  seg-loss -0.5882  ema -5.8591
pes 33175  seg-loss -9.3196  ema -6.1142
