warm-started from learned_matrix13.pt (17/17 tensors; skipped [])
matrix optimizer: 28640 meta-params
  dataset qmnist unavailable: FileNotFoundError: [Errno 2] No such file or directory: '/home/arthurb/.cache/qmnist/qmnist-train-images-idx3-ubyte.gz'
dataset registry: ['cifar10', 'cifar100', 'covtype', 'kmnist', 'letter', 'magic', 'miniboone', 'mnist', 'optdigits', 'poker', 'satimage', 'spambase', 'svhn'] (13 available)
openml: +54 train datasets (13 held out by dataset)
pes     0  seg-loss -1.0510  ema -1.0510
  eval[h16] learned: loss 0.0495 acc 0.999  vs  muon(lr=0.1): loss 0.0019 acc 0.999
  eval[h64-wider] learned: loss 0.0841 acc 0.998  vs  muon(lr=0.1): loss 0.0000 acc 1.000
  eval[h16-long] learned: loss 0.0000 acc 1.000  vs  muon(lr=0.03): loss 0.0000 acc 1.000
  eval[fashion-h16 HELD-OUT] learned: loss 0.0002 acc 1.000  vs  muon(lr=0.03): loss 0.0000 acc 1.000
  eval[fashion-h64 HELD-OUT] learned: loss 0.0001 acc 1.000  vs  muon(lr=0.03): loss 0.0000 acc 1.000
pes    25  seg-loss -20.7003  ema -7.9956
pes    50  seg-loss -20.7090  ema -13.0337
pes    75  seg-loss -20.7202  ema -14.9789
  probe-score -4.5734 (new best, saved)
pes   100  seg-loss -20.4697  ema -15.4347
pes   125  seg-loss -20.3619  ema -17.4014
pes   150  seg-loss -1.1636  ema -12.9306
pes   175  seg-loss -1.4812  ema -8.3269
pes   200  seg-loss -5.7020  ema -6.0773
pes   225  seg-loss -9.0890  ema -6.8473
pes   250  seg-loss -0.4512  ema -5.7276
pes   275  seg-loss 0.6159  ema -3.2706
pes   300  seg-loss -20.7173  ema -9.4396
pes   325  seg-loss -20.7233  ema -13.9053
pes   350  seg-loss -1.6547  ema -14.6980
pes   375  seg-loss -17.9016  ema -15.7083
pes   400  seg-loss -9.3611  ema -16.3129
pes   425  seg-loss -19.2779  ema -16.6372
pes   450  seg-loss -19.1950  ema -17.6438
pes   475  seg-loss -0.0530  ema -11.9437
pes   500  seg-loss -0.0991  ema -7.2377
pes   525  seg-loss -6.7904  ema -5.4786
pes   550  seg-loss -15.7266  ema -8.2648
pes   575  seg-loss -0.0778  ema -7.4577
pes   600  seg-loss -0.0909  ema -4.5347
pes   625  seg-loss -7.4069  ema -3.4178
pes   650  seg-loss -0.0545  ema -7.3465
pes   675  seg-loss -0.9499  ema -4.5598
pes   700  seg-loss -15.5747  ema -6.7881
pes   725  seg-loss -16.3271  ema -9.4810
pes   750  seg-loss -13.7167  ema -12.1050
pes   775  seg-loss -0.6274  ema -11.0667
pes   800  seg-loss -20.7233  ema -8.8024
pes   825  seg-loss -20.2393  ema -11.8820
pes   850  seg-loss -11.1250  ema -11.4587
pes   875  seg-loss -17.1987  ema -13.5399
pes   900  seg-loss -20.7233  ema -16.2611
pes   925  seg-loss -20.7123  ema -18.0274
pes   950  seg-loss -1.3035  ema -11.4578
pes   975  seg-loss -20.7233  ema -14.6103
pes  1000  seg-loss -0.0012  ema -16.6198
pes  1025  seg-loss 0.3089  ema -9.8764
pes  1050  seg-loss -0.1252  ema -6.0058
pes  1075  seg-loss -0.7600  ema -4.8125
pes  1100  seg-loss -0.8734  ema -3.2341
pes  1125  seg-loss -20.6128  ema -7.1263
pes  1150  seg-loss -20.7233  ema -12.1753
pes  1175  seg-loss -20.7233  ema -15.5643
pes  1200  seg-loss -1.0631  ema -12.1724
pes  1225  seg-loss -20.7233  ema -13.9875
pes  1250  seg-loss -20.1366  ema -15.6883
pes  1275  seg-loss -19.4780  ema -17.2331
pes  1300  seg-loss -20.6646  ema -17.4844
pes  1325  seg-loss -20.6773  ema -18.7534
pes  1350  seg-loss -20.7172  ema -17.7231
pes  1375  seg-loss -20.7233  ema -18.9123
pes  1400  seg-loss -9.8269  ema -16.6934
pes  1425  seg-loss -16.0653  ema -15.8554
pes  1450  seg-loss -0.1667  ema -12.7165
pes  1475  seg-loss -0.3096  ema -7.7792
pes  1500  seg-loss -0.5259  ema -4.8289
pes  1525  seg-loss -1.4063  ema -4.3065
pes  1550  seg-loss -0.9191  ema -3.0475
pes  1575  seg-loss -0.9388  ema -2.2153
pes  1600  seg-loss 0.1592  ema -2.5522
pes  1625  seg-loss -3.2290  ema -2.0523
pes  1650  seg-loss -20.6772  ema -7.1072
pes  1675  seg-loss -0.6027  ema -5.2361
pes  1700  seg-loss -1.1237  ema -3.5287
pes  1725  seg-loss -0.0995  ema -8.6461
pes  1750  seg-loss -1.4895  ema -5.4496
pes  1775  seg-loss -17.5666  ema -10.5391
pes  1800  seg-loss -0.4341  ema -6.6601
pes  1825  seg-loss -1.4493  ema -4.5032
pes  1850  seg-loss -2.2008  ema -3.4081
pes  1875  seg-loss -6.5026  ema -3.9797
pes  1900  seg-loss -6.5016  ema -4.9932
pes  1925  seg-loss -3.4434  ema -4.7519
pes  1950  seg-loss -20.5144  ema -9.1982
pes  1975  seg-loss -0.4841  ema -6.4218
pes  2000  seg-loss -1.0100  ema -4.1945
pes  2025  seg-loss -0.5570  ema -2.7493
pes  2050  seg-loss -0.6252  ema -1.8974
pes  2075  seg-loss -20.7223  ema -7.8621
pes  2100  seg-loss -14.1370  ema -9.3497
pes  2125  seg-loss -15.1422  ema -11.4274
pes  2150  seg-loss -18.9502  ema -12.9165
pes  2175  seg-loss -20.7233  ema -13.9995
pes  2200  seg-loss -20.7233  ema -16.6657
pes  2225  seg-loss -0.7097  ema -12.1254
pes  2250  seg-loss -20.7233  ema -15.3903
pes  2275  seg-loss -20.7233  ema -17.5034
pes  2300  seg-loss -2.5406  ema -12.8715
pes  2325  seg-loss -20.7233  ema -12.5077
pes  2350  seg-loss 10.0258  ema -10.7109
pes  2375  seg-loss -1.0248  ema -6.2425
pes  2400  seg-loss -1.9075  ema -4.4378
pes  2425  seg-loss -3.4084  ema -3.4996
pes  2450  seg-loss -8.8865  ema -7.6656
pes  2475  seg-loss -20.7213  ema -12.3920
pes  2500  seg-loss 1.3695  ema -12.7035
pes  2525  seg-loss -1.3441  ema -7.9937
pes  2550  seg-loss -10.7265  ema -8.9377
pes  2575  seg-loss -8.7515  ema -9.4623
pes  2600  seg-loss -14.8988  ema -11.4970
pes  2625  seg-loss -18.7058  ema -12.8685
pes  2650  seg-loss -20.7233  ema -15.9250
pes  2675  seg-loss -6.3602  ema -17.1984
pes  2700  seg-loss -16.2642  ema -15.9398
pes  2725  seg-loss -18.5557  ema -16.4097
pes  2750  seg-loss -20.4433  ema -17.6895
pes  2775  seg-loss -20.5111  ema -18.7893
pes  2800  seg-loss -2.0548  ema -18.1468
pes  2825  seg-loss 0.6999  ema -11.3512
pes  2850  seg-loss -20.2705  ema -10.0093
pes  2875  seg-loss -20.5573  ema -13.0979
pes  2900  seg-loss -20.6234  ema -16.0920
pes  2925  seg-loss 0.0050  ema -13.4550
pes  2950  seg-loss 0.0682  ema -9.3378
pes  2975  seg-loss -0.0355  ema -5.6403
pes  3000  seg-loss -8.8753  ema -3.7241
  eval[h16] learned: loss 0.1249 acc 0.988  vs  muon(lr=0.1): loss 0.0020 acc 0.999
  eval[h64-wider] learned: loss 0.3217 acc 0.982  vs  muon(lr=0.1): loss 0.0000 acc 1.000
  eval[h16-long] learned: loss 0.0000 acc 1.000  vs  muon(lr=0.03): loss 0.0000 acc 1.000
  eval[fashion-h16 HELD-OUT] learned: loss 0.0003 acc 1.000  vs  muon(lr=0.03): loss 0.0000 acc 1.000
  eval[fashion-h64 HELD-OUT] learned: loss 0.0038 acc 0.999  vs  muon(lr=0.03): loss 0.0000 acc 1.000
pes  3025  seg-loss -20.7233  ema -9.8180
pes  3050  seg-loss -20.7233  ema -14.1422
pes  3075  seg-loss -0.6223  ema -8.9976
pes  3100  seg-loss -2.1210  ema -5.5634
pes  3125  seg-loss -16.6606  ema -10.1360
pes  3150  seg-loss -15.9522  ema -12.5174
pes  3175  seg-loss -0.7339  ema -8.8253
pes  3200  seg-loss -0.8430  ema -5.6456
pes  3225  seg-loss -0.3786  ema -3.5914
pes  3250  seg-loss -0.4503  ema -2.3359
pes  3275  seg-loss -20.7233  ema -5.2434
pes  3300  seg-loss -20.7233  ema -11.3064
pes  3325  seg-loss -20.7233  ema -14.9580
pes  3350  seg-loss -20.7233  ema -17.2442
pes  3375  seg-loss -0.6996  ema -12.4333
pes  3400  seg-loss -1.6749  ema -8.0577
pes  3425  seg-loss -2.0282  ema -5.6064
pes  3450  seg-loss -2.3032  ema -4.8754
pes  3475  seg-loss -0.2302  ema -3.3825
pes  3500  seg-loss -0.2462  ema -2.1376
pes  3525  seg-loss -6.0062  ema -2.8551
pes  3550  seg-loss -9.2187  ema -4.8661
pes  3575  seg-loss -0.0145  ema -3.5689
pes  3600  seg-loss -20.4430  ema -8.1174
pes  3625  seg-loss -20.6968  ema -13.0626
pes  3650  seg-loss -0.2912  ema -8.0312
pes  3675  seg-loss -0.3782  ema -4.9831
pes  3700  seg-loss -9.5475  ema -5.0663
pes  3725  seg-loss -17.3292  ema -8.7252
pes  3750  seg-loss -0.6497  ema -6.3594
pes  3775  seg-loss -5.0432  ema -5.2502
pes  3800  seg-loss -7.4385  ema -5.6888
pes  3825  seg-loss -19.2734  ema -8.3491
pes  3850  seg-loss -19.4298  ema -12.7071
pes  3875  seg-loss -15.4560  ema -11.8858
pes  3900  seg-loss -16.1058  ema -13.5216
pes  3925  seg-loss -20.7233  ema -15.5500
pes  3950  seg-loss -16.2804  ema -15.2279
pes  3975  seg-loss -14.1872  ema -15.1421
pes  4000  seg-loss -20.7233  ema -16.1219
pes  4025  seg-loss -20.7233  ema -17.9465
pes  4050  seg-loss -20.7233  ema -17.3647
pes  4075  seg-loss -20.7233  ema -18.6964
pes  4100  seg-loss -16.1897  ema -18.5573
pes  4125  seg-loss -1.8179  ema -13.9019
pes  4150  seg-loss 0.1141  ema -8.7504
pes  4175  seg-loss 0.8044  ema -5.3836
pes  4200  seg-loss -1.0973  ema -3.2434
pes  4225  seg-loss -1.8692  ema -2.5970
pes  4250  seg-loss -19.2818  ema -5.7772
pes  4275  seg-loss -20.7188  ema -11.2753
pes  4300  seg-loss -1.1382  ema -7.4456
pes  4325  seg-loss -1.2181  ema -4.9665
pes  4350  seg-loss -0.4360  ema -3.1958
pes  4375  seg-loss -9.7803  ema -5.6746
pes  4400  seg-loss -10.3088  ema -7.6685
pes  4425  seg-loss -20.5421  ema -12.3435
pes  4450  seg-loss -0.6911  ema -7.9000
pes  4475  seg-loss -0.7671  ema -5.0607
pes  4500  seg-loss -6.0954  ema -4.8398
pes  4525  seg-loss 0.0184  ema -8.8902
pes  4550  seg-loss -20.6545  ema -12.8949
pes  4575  seg-loss -20.6199  ema -15.9731
pes  4600  seg-loss -0.6781  ema -10.3794
pes  4625  seg-loss -0.7473  ema -6.5480
pes  4650  seg-loss -1.9681  ema -4.3663
pes  4675  seg-loss -2.2149  ema -3.4864
pes  4700  seg-loss -19.3971  ema -7.9006
pes  4725  seg-loss -18.7287  ema -12.2893
pes  4750  seg-loss -0.6499  ema -10.0949
pes  4775  seg-loss -0.7606  ema -6.3765
pes  4800  seg-loss -3.3165  ema -4.6231
pes  4825  seg-loss -3.7415  ema -4.2424
pes  4850  seg-loss -18.7670  ema -6.6911
pes  4875  seg-loss -20.7233  ema -11.6010
pes  4900  seg-loss -18.2409  ema -14.1229
pes  4925  seg-loss -18.4933  ema -15.7974
pes  4950  seg-loss 0.7603  ema -11.0630
pes  4975  seg-loss 0.6845  ema -6.3977
pes  5000  seg-loss -2.0882  ema -4.1514
pes  5025  seg-loss -0.1423  ema -2.6616
pes  5050  seg-loss -0.1686  ema -1.6684
pes  5075  seg-loss -20.7233  ema -4.0545
pes  5100  seg-loss -20.6317  ema -10.6555
pes  5125  seg-loss -0.0156  ema -11.5174
pes  5150  seg-loss -20.7233  ema -13.7351
pes  5175  seg-loss -20.7233  ema -16.5059
pes  5200  seg-loss -0.7291  ema -10.7217
pes  5225  seg-loss -0.8093  ema -6.7809
pes  5250  seg-loss -10.8803  ema -5.6188
pes  5275  seg-loss -14.7150  ema -8.7153
pes  5300  seg-loss -0.8405  ema -7.0222
pes  5325  seg-loss -0.8941  ema -4.6043
pes  5350  seg-loss -20.6936  ema -5.4973
pes  5375  seg-loss -20.6877  ema -11.5273
pes  5400  seg-loss -0.2445  ema -12.8310
pes  5425  seg-loss -20.7233  ema -11.2292
pes  5450  seg-loss -19.3396  ema -12.5983
pes  5475  seg-loss -20.3283  ema -15.5647
pes  5500  seg-loss -0.4466  ema -12.2166
pes  5525  seg-loss -1.8049  ema -7.7434
pes  5550  seg-loss -1.8824  ema -5.4169
pes  5575  seg-loss -9.8551  ema -6.0441
pes  5600  seg-loss -9.9514  ema -7.5777
pes  5625  seg-loss -17.6878  ema -9.6412
pes  5650  seg-loss -14.1458  ema -11.2203
pes  5675  seg-loss -11.8482  ema -11.7976
pes  5700  seg-loss -0.1169  ema -9.5015
pes  5725  seg-loss -19.9600  ema -9.2351
pes  5750  seg-loss -20.4436  ema -13.6176
pes  5775  seg-loss -4.1241  ema -13.6546
pes  5800  seg-loss -16.3837  ema -12.7735
pes  5825  seg-loss -8.8289  ema -12.3228
pes  5850  seg-loss -18.3030  ema -13.2477
pes  5875  seg-loss -15.6297  ema -12.8900
pes  5900  seg-loss -20.6313  ema -11.9838
pes  5925  seg-loss -1.5631  ema -11.5151
pes  5950  seg-loss -13.7228  ema -10.0541
pes  5975  seg-loss -18.9927  ema -13.1463
pes  6000  seg-loss -8.0014  ema -8.7194
  eval[h16] learned: loss 0.1293 acc 0.988  vs  muon(lr=0.1): loss 0.0016 acc 1.000
  eval[h64-wider] learned: loss 0.3312 acc 0.973  vs  muon(lr=0.1): loss 0.0000 acc 1.000
  eval[h16-long] learned: loss 0.0000 acc 1.000  vs  muon(lr=0.03): loss 0.0000 acc 1.000
  eval[fashion-h16 HELD-OUT] learned: loss 0.0080 acc 0.997  vs  muon(lr=0.03): loss 0.0000 acc 1.000
  eval[fashion-h64 HELD-OUT] learned: loss 0.0039 acc 0.998  vs  muon(lr=0.01): loss 0.0000 acc 1.000
pes  6025  seg-loss -20.7027  ema -13.0706
pes  6050  seg-loss -1.6259  ema -14.9470
pes  6075  seg-loss -17.0125  ema -12.5066
pes  6100  seg-loss -20.7233  ema -15.6334
pes  6125  seg-loss -20.7233  ema -17.6517
pes  6150  seg-loss -20.7091  ema -18.5568
pes  6175  seg-loss -20.6679  ema -19.3982
pes  6200  seg-loss -7.6094  ema -13.2528
pes  6225  seg-loss -8.0977  ema -11.1488
pes  6250  seg-loss -20.7233  ema -12.9475
pes  6275  seg-loss -11.1294  ema -10.7983
pes  6300  seg-loss -16.0832  ema -14.2170
pes  6325  seg-loss -18.9499  ema -15.7831
pes  6350  seg-loss -8.6834  ema -15.1987
pes  6375  seg-loss -19.4293  ema -16.0467
pes  6400  seg-loss -19.3357  ema -17.4169
pes  6425  seg-loss -0.8368  ema -15.1983
pes  6450  seg-loss -3.1465  ema -10.0725
pes  6475  seg-loss -20.7159  ema -8.2471
pes  6500  seg-loss -20.4935  ema -13.1169
pes  6525  seg-loss -16.4747  ema -15.5977
pes  6550  seg-loss -20.7233  ema -17.6298
pes  6575  seg-loss -11.8309  ema -18.3454
pes  6600  seg-loss -3.4473  ema -16.4958
pes  6625  seg-loss -15.5883  ema -12.9330
pes  6650  seg-loss -0.3256  ema -10.6241
pes  6675  seg-loss -1.2452  ema -6.7441
pes  6700  seg-loss 0.2372  ema -4.2452
pes  6725  seg-loss 0.1318  ema -2.4987
pes  6750  seg-loss -10.1642  ema -2.9825
pes  6775  seg-loss -14.9382  ema -7.1797
pes  6800  seg-loss 0.2334  ema -6.7185
pes  6825  seg-loss -0.0003  ema -4.0151
pes  6850  seg-loss -13.7730  ema -3.9166
pes  6875  seg-loss -20.6773  ema -10.4399
pes  6900  seg-loss -13.1356  ema -11.9443
pes  6925  seg-loss -20.6231  ema -15.2038
pes  6950  seg-loss -3.9320  ema -15.4519
pes  6975  seg-loss -2.4250  ema -10.5700
pes  7000  seg-loss -0.5939  ema -6.5595
pes  7025  seg-loss -0.8180  ema -4.2398
pes  7050  seg-loss -0.2991  ema -4.6914
pes  7075  seg-loss -20.2750  ema -9.9755
pes  7100  seg-loss -20.6996  ema -14.2310
pes  7125  seg-loss -3.4242  ema -15.6763
pes  7150  seg-loss -20.7233  ema -17.1570
pes  7175  seg-loss -0.3899  ema -17.7615
pes  7200  seg-loss -2.2833  ema -15.9102
pes  7225  seg-loss -0.0433  ema -11.7644
pes  7250  seg-loss -13.9119  ema -7.3085
pes  7275  seg-loss -2.0102  ema -5.7344
pes  7300  seg-loss -0.2757  ema -3.5678
pes  7325  seg-loss -0.3938  ema -2.2931
pes  7350  seg-loss -0.0577  ema -1.3898
pes  7375  seg-loss -0.1960  ema -0.8832
pes  7400  seg-loss -2.8163  ema -1.2477
pes  7425  seg-loss -3.4030  ema -2.0288
pes  7450  seg-loss 1.8747  ema -1.6789
pes  7475  seg-loss -20.7233  ema -5.1382
pes  7500  seg-loss -17.7159  ema -8.0787
pes  7525  seg-loss 0.2768  ema -5.9022
pes  7550  seg-loss 0.5448  ema -9.9545
pes  7575  seg-loss -3.9208  ema -7.0840
pes  7600  seg-loss -7.3614  ema -6.5964
pes  7625  seg-loss -0.2426  ema -5.0052
pes  7650  seg-loss -0.2239  ema -3.0845
pes  7675  seg-loss -0.2343  ema -1.9082
pes  7700  seg-loss -0.3490  ema -1.2711
pes  7725  seg-loss -0.6415  ema -1.0019
pes  7750  seg-loss -0.7256  ema -0.8768
pes  7775  seg-loss -0.4685  ema -0.7539
pes  7800  seg-loss -20.7233  ema -2.9746
pes  7825  seg-loss -20.6698  ema -9.5446
pes  7850  seg-loss -1.9517  ema -8.9112
pes  7875  seg-loss -20.7233  ema -10.5886
pes  7900  seg-loss -20.7233  ema -14.6070
pes  7925  seg-loss 0.5066  ema -12.9931
pes  7950  seg-loss 0.1016  ema -7.7244
pes  7975  seg-loss -0.0122  ema -4.6517
pes  8000  seg-loss -0.0386  ema -2.8129
pes  8025  seg-loss -20.7233  ema -5.8938
pes  8050  seg-loss -20.7233  ema -11.7742
pes  8075  seg-loss -3.0900  ema -12.0229
pes  8100  seg-loss -4.0720  ema -8.7147
pes  8125  seg-loss -20.7233  ema -9.6102
pes  8150  seg-loss -20.7233  ema -14.0169
pes  8175  seg-loss -1.4769  ema -13.7771
pes  8200  seg-loss -20.7233  ema -11.3924
pes  8225  seg-loss -19.4636  ema -13.6798
pes  8250  seg-loss -0.1968  ema -12.7248
pes  8275  seg-loss -0.0107  ema -7.7047
pes  8300  seg-loss -18.8024  ema -7.0160
pes  8325  seg-loss -16.9402  ema -10.9586
pes  8350  seg-loss -0.7341  ema -11.2090
pes  8375  seg-loss -19.7820  ema -12.7678
pes  8400  seg-loss -19.7554  ema -15.4955
pes  8425  seg-loss -9.1115  ema -11.3415
pes  8450  seg-loss -10.6150  ema -10.9167
pes  8475  seg-loss -0.4344  ema -9.9959
pes  8500  seg-loss -19.7541  ema -9.2794
pes  8525  seg-loss -20.0921  ema -13.3558
pes  8550  seg-loss -0.3057  ema -12.6262
pes  8575  seg-loss -0.3808  ema -7.7599
pes  8600  seg-loss -0.1645  ema -6.1632
pes  8625  seg-loss -1.6505  ema -4.2685
pes  8650  seg-loss -0.5268  ema -3.2655
pes  8675  seg-loss -0.5025  ema -3.7465
pes  8700  seg-loss -8.6072  ema -5.4299
pes  8725  seg-loss -8.6602  ema -6.7796
pes  8750  seg-loss -4.3213  ema -5.8770
pes  8775  seg-loss 1.4181  ema -6.0944
pes  8800  seg-loss 1.5639  ema -3.0847
pes  8825  seg-loss -2.1393  ema -1.3773
pes  8850  seg-loss -0.3532  ema -8.0633
pes  8875  seg-loss -20.7233  ema -7.0870
pes  8900  seg-loss -20.7233  ema -12.4943
pes  8925  seg-loss -6.1289  ema -13.9256
pes  8950  seg-loss -6.5602  ema -10.9644
pes  8975  seg-loss -0.1163  ema -8.4865
pes  9000  seg-loss -0.2127  ema -5.1984
  eval[h16] learned: loss 0.1536 acc 0.983  vs  muon(lr=0.1): loss 0.0006 acc 1.000
  eval[h64-wider] learned: loss 0.3813 acc 0.979  vs  muon(lr=0.1): loss 0.0000 acc 1.000
  eval[h16-long] learned: loss 0.0000 acc 1.000  vs  muon(lr=0.03): loss 0.0000 acc 1.000
  eval[fashion-h16 HELD-OUT] learned: loss 0.0002 acc 1.000  vs  muon(lr=0.03): loss 0.0000 acc 1.000
  eval[fashion-h64 HELD-OUT] learned: loss 0.0064 acc 0.998  vs  muon(lr=0.03): loss 0.0000 acc 1.000
