matrix optimizer: 28543 meta-params
  dataset qmnist unavailable: FileNotFoundError: [Errno 2] No such file or directory: '/home/arthurb/.cache/qmnist/qmnist-train-images-idx3-ubyte.gz'
dataset registry: ['cifar10', 'cifar100', 'covtype', 'kmnist', 'letter', 'magic', 'miniboone', 'mnist', 'optdigits', 'poker', 'satimage', 'spambase', 'svhn'] (13 available)
pes     0  seg-loss -0.0577  ema -0.0577
  eval[h16] learned: loss 124.9460 acc 0.107  vs  muon(lr=0.1): loss 0.0018 acc 0.999
  eval[h64-wider] learned: loss 1244.9490 acc 0.105  vs  muon(lr=0.1): loss 0.0000 acc 1.000
  eval[h16-long] learned: loss 365.4744 acc 0.109  vs  muon(lr=0.03): loss 0.0000 acc 1.000
  eval[fashion-h16 HELD-OUT] learned: loss 823.2562 acc 0.074  vs  muon(lr=0.03): loss 0.0000 acc 1.000
  eval[fashion-h64 HELD-OUT] learned: loss 18111.4805 acc 0.088  vs  muon(lr=0.03): loss 0.0000 acc 1.000
pes    25  seg-loss 0.3079  ema -0.0539
pes    50  seg-loss 10.8644  ema 1.5103
pes    75  seg-loss 0.5660  ema 2.8704
  probe-score 1.5577 (new best, saved)
pes   100  seg-loss -0.7909  ema 1.6638
pes   125  seg-loss -1.8625  ema 0.5099
pes   150  seg-loss -4.1757  ema -0.6411
pes   175  seg-loss -3.8018  ema -1.0775
  probe-score 1.0879 (new best, saved)
pes   200  seg-loss -14.4962  ema -2.8527
pes   225  seg-loss -16.6871  ema -6.0912
pes   250  seg-loss -0.0176  ema -3.9798
pes   275  seg-loss -0.7080  ema -2.5709
  probe-score 0.3665 (new best, saved)
pes   300  seg-loss -6.8941  ema -2.7526
pes   325  seg-loss -2.6407  ema -2.2468
pes   350  seg-loss -2.0749  ema -2.1418
pes   375  seg-loss 0.3785  ema -1.6065
  probe-score -0.2240 (new best, saved)
pes   400  seg-loss -0.5827  ema -1.5500
pes   425  seg-loss -0.6147  ema -1.3960
pes   450  seg-loss 0.1413  ema -0.9900
pes   475  seg-loss -0.5543  ema -0.7354
pes   500  seg-loss 0.0149  ema -0.5257
pes   525  seg-loss -1.5263  ema -0.6450
pes   550  seg-loss -0.0925  ema -1.6971
pes   575  seg-loss -1.0106  ema -3.6235
pes   600  seg-loss -0.8591  ema -4.2087
pes   625  seg-loss -0.3766  ema -2.7471
pes   650  seg-loss -5.1221  ema -2.2684
pes   675  seg-loss -0.1961  ema -6.2661
  probe-score -0.2289 (new best, saved)
pes   700  seg-loss -0.3531  ema -5.6307
pes   725  seg-loss 0.5469  ema -3.1719
pes   750  seg-loss -10.9373  ema -4.2140
pes   775  seg-loss 1.2521  ema -4.1683
  probe-score -0.3806 (new best, saved)
pes   800  seg-loss -0.7724  ema -2.4497
pes   825  seg-loss -1.3595  ema -1.7109
pes   850  seg-loss -0.0936  ema -2.0016
pes   875  seg-loss -0.8521  ema -1.5082
pes   900  seg-loss -0.4999  ema -1.3495
pes   925  seg-loss -1.5612  ema -1.3229
pes   950  seg-loss -11.4507  ema -3.5602
pes   975  seg-loss -8.8331  ema -7.5282
pes  1000  seg-loss -2.3892  ema -8.9413
pes  1025  seg-loss -2.9764  ema -6.4750
pes  1050  seg-loss -1.8778  ema -4.8127
pes  1075  seg-loss -0.0905  ema -3.2247
pes  1100  seg-loss -14.8733  ema -4.6665
pes  1125  seg-loss -1.0956  ema -4.1685
pes  1150  seg-loss -2.9193  ema -3.1986
pes  1175  seg-loss -2.3638  ema -2.9277
  probe-score -0.3938 (new best, saved)
pes  1200  seg-loss 0.0103  ema -2.2807
pes  1225  seg-loss -2.3316  ema -1.8761
pes  1250  seg-loss -0.0567  ema -2.6145
pes  1275  seg-loss -0.3816  ema -3.7707
pes  1300  seg-loss -0.5498  ema -2.6409
pes  1325  seg-loss -3.9598  ema -2.2383
pes  1350  seg-loss 0.2865  ema -2.2191
pes  1375  seg-loss 0.8412  ema -1.2628
pes  1400  seg-loss -4.4013  ema -0.9300
pes  1425  seg-loss -12.4198  ema -2.7908
pes  1450  seg-loss -0.0612  ema -1.7773
pes  1475  seg-loss -0.4840  ema -1.1903
pes  1500  seg-loss -0.6907  ema -3.7143
pes  1525  seg-loss 0.2683  ema -2.6416
pes  1550  seg-loss -0.5381  ema -1.5816
pes  1575  seg-loss -5.7556  ema -1.8207
  probe-score -0.5055 (new best, saved)
pes  1600  seg-loss 0.0010  ema -2.4488
pes  1625  seg-loss -6.5091  ema -2.6759
pes  1650  seg-loss -0.8630  ema -2.7673
pes  1675  seg-loss -1.1675  ema -2.0545
pes  1700  seg-loss -6.5105  ema -2.4629
pes  1725  seg-loss 0.2431  ema -2.0324
pes  1750  seg-loss 0.0616  ema -1.1086
pes  1775  seg-loss -1.6505  ema -0.8016
  probe-score -0.5643 (new best, saved)
pes  1800  seg-loss -19.8964  ema -4.2822
pes  1825  seg-loss 0.5898  ema -5.2355
pes  1850  seg-loss 0.4973  ema -3.1191
pes  1875  seg-loss 1.9651  ema -1.8896
pes  1900  seg-loss -18.2431  ema -5.1939
pes  1925  seg-loss -4.9119  ema -4.5159
pes  1950  seg-loss -0.9211  ema -6.1222
pes  1975  seg-loss -5.8443  ema -4.7090
pes  2000  seg-loss -4.0056  ema -3.9519
pes  2025  seg-loss -0.0585  ema -2.9189
pes  2050  seg-loss 0.0857  ema -2.4506
pes  2075  seg-loss -0.3977  ema -1.4665
pes  2100  seg-loss 0.5309  ema -1.7212
pes  2125  seg-loss -9.9418  ema -2.2707
pes  2150  seg-loss -13.7289  ema -4.0925
pes  2175  seg-loss -8.8533  ema -5.8598
pes  2200  seg-loss -10.0120  ema -5.7817
pes  2225  seg-loss -18.0976  ema -9.4911
pes  2250  seg-loss -0.3264  ema -5.0454
pes  2275  seg-loss 0.5000  ema -4.8142
pes  2300  seg-loss -0.2229  ema -2.6348
pes  2325  seg-loss -0.6707  ema -2.3016
pes  2350  seg-loss -0.0699  ema -1.9272
pes  2375  seg-loss -0.4694  ema -1.1893
pes  2400  seg-loss -8.2950  ema -1.0853
pes  2425  seg-loss -0.6393  ema -4.7860
pes  2450  seg-loss 0.0465  ema -3.2335
pes  2475  seg-loss -3.4446  ema -2.4510
  probe-score -0.7017 (new best, saved)
pes  2500  seg-loss -0.0515  ema -2.1875
pes  2525  seg-loss -6.9684  ema -2.4682
pes  2550  seg-loss -1.6649  ema -5.8051
pes  2575  seg-loss -7.8547  ema -5.1139
pes  2600  seg-loss 0.9245  ema -4.9577
pes  2625  seg-loss -2.0325  ema -3.1071
pes  2650  seg-loss -0.4805  ema -2.6267
pes  2675  seg-loss -0.6196  ema -3.0105
pes  2700  seg-loss -6.9079  ema -2.7874
pes  2725  seg-loss 0.3147  ema -3.0566
pes  2750  seg-loss 0.2877  ema -1.7686
pes  2775  seg-loss -0.1376  ema -1.3015
pes  2800  seg-loss 0.0770  ema -0.7840
pes  2825  seg-loss -2.5837  ema -0.6696
pes  2850  seg-loss -6.2470  ema -2.0981
pes  2875  seg-loss -7.8944  ema -3.5544
  probe-score -0.8927 (new best, saved)
pes  2900  seg-loss -1.4928  ema -6.8577
pes  2925  seg-loss -5.6243  ema -4.3554
pes  2950  seg-loss -0.7919  ema -7.3968
pes  2975  seg-loss -0.6894  ema -5.1265
  probe-score -0.9309 (new best, saved)
pes  3000  seg-loss -5.5507  ema -4.0905
pes  3025  seg-loss -2.0477  ema -3.3656
pes  3050  seg-loss -7.1279  ema -3.7286
pes  3075  seg-loss -4.0831  ema -3.3972
pes  3100  seg-loss -1.5304  ema -2.3354
pes  3125  seg-loss -2.4322  ema -4.0578
pes  3150  seg-loss -4.4674  ema -2.6584
pes  3175  seg-loss -18.3102  ema -6.2141
pes  3200  seg-loss -0.2726  ema -8.1388
pes  3225  seg-loss -1.0918  ema -4.9196
pes  3250  seg-loss -0.3280  ema -3.5908
pes  3275  seg-loss -7.0325  ema -3.1930
pes  3300  seg-loss -3.7816  ema -3.8257
pes  3325  seg-loss -1.4792  ema -2.4328
pes  3350  seg-loss -1.4796  ema -2.2920
pes  3375  seg-loss -2.8227  ema -1.2107
pes  3400  seg-loss -0.6543  ema -0.9054
pes  3425  seg-loss -12.5627  ema -2.5075
pes  3450  seg-loss -1.7759  ema -2.3420
pes  3475  seg-loss -7.8410  ema -3.0236
pes  3500  seg-loss -5.2696  ema -3.1972
pes  3525  seg-loss -17.7576  ema -3.8689
pes  3550  seg-loss 0.0712  ema -6.7947
pes  3575  seg-loss -6.5351  ema -4.1929
pes  3600  seg-loss -6.0204  ema -4.0063
pes  3625  seg-loss -1.4150  ema -4.2037
pes  3650  seg-loss -17.7831  ema -5.1651
pes  3675  seg-loss -19.8819  ema -9.2795
pes  3700  seg-loss -0.0392  ema -7.4213
pes  3725  seg-loss -2.7890  ema -5.3638
pes  3750  seg-loss -1.1811  ema -4.4576
pes  3775  seg-loss -3.6979  ema -3.4000
pes  3800  seg-loss -8.3227  ema -3.9971
pes  3825  seg-loss -1.4370  ema -2.5510
pes  3850  seg-loss -0.6166  ema -2.1007
pes  3875  seg-loss -4.7591  ema -6.0929
pes  3900  seg-loss -20.7208  ema -9.2774
pes  3925  seg-loss -1.1117  ema -9.5816
pes  3950  seg-loss -19.3864  ema -8.8046
pes  3975  seg-loss -2.4290  ema -8.3806
pes  4000  seg-loss -6.8553  ema -6.9857
  eval[h16] learned: loss 2.1296 acc 0.199  vs  muon(lr=0.1): loss 0.0018 acc 0.999
  eval[h64-wider] learned: loss 5.0183 acc 0.182  vs  muon(lr=0.1): loss 0.0000 acc 1.000
  eval[h16-long] learned: loss 2.4487 acc 0.304  vs  muon(lr=0.03): loss 0.0000 acc 1.000
  eval[fashion-h16 HELD-OUT] learned: loss 2.4110 acc 0.173  vs  muon(lr=0.03): loss 0.0000 acc 1.000
  eval[fashion-h64 HELD-OUT] learned: loss 2.4243 acc 0.152  vs  muon(lr=0.03): loss 0.0000 acc 1.000
pes  4025  seg-loss 0.3134  ema -7.0245
pes  4050  seg-loss -0.2846  ema -10.0479
pes  4075  seg-loss -3.8295  ema -6.9700
  probe-score -0.9343 (new best, saved)
pes  4100  seg-loss -3.1654  ema -6.5047
pes  4125  seg-loss -2.9249  ema -5.2633
pes  4150  seg-loss 0.1979  ema -4.0728
pes  4175  seg-loss -1.9539  ema -3.0146
pes  4200  seg-loss -5.3569  ema -4.0298
pes  4225  seg-loss -0.0558  ema -4.5135
pes  4250  seg-loss -4.8356  ema -3.3323
pes  4275  seg-loss -18.6963  ema -4.7371
pes  4300  seg-loss 0.1493  ema -6.5137
pes  4325  seg-loss 0.0815  ema -3.8925
pes  4350  seg-loss -0.4025  ema -3.3793
pes  4375  seg-loss -6.0698  ema -4.6312
pes  4400  seg-loss -0.0186  ema -3.0960
pes  4425  seg-loss -20.4444  ema -8.1322
pes  4450  seg-loss -1.4834  ema -5.5308
pes  4475  seg-loss -1.6116  ema -4.6407
pes  4500  seg-loss -0.6188  ema -3.0539
pes  4525  seg-loss 0.2207  ema -1.7816
pes  4550  seg-loss -0.0586  ema -1.9300
pes  4575  seg-loss 0.1893  ema -1.2247
pes  4600  seg-loss -3.2850  ema -0.9265
pes  4625  seg-loss -0.2182  ema -5.8204
pes  4650  seg-loss -0.6193  ema -3.7679
pes  4675  seg-loss -19.1845  ema -4.0308
pes  4700  seg-loss -0.0305  ema -5.8284
pes  4725  seg-loss -3.7482  ema -4.3970
pes  4750  seg-loss -18.8123  ema -7.6195
pes  4775  seg-loss -20.0649  ema -8.5847
pes  4800  seg-loss -9.4129  ema -9.2382
pes  4825  seg-loss 0.0826  ema -6.4139
pes  4850  seg-loss -2.6301  ema -4.4421
pes  4875  seg-loss -2.4663  ema -4.5894
pes  4900  seg-loss -1.2340  ema -5.1799
pes  4925  seg-loss -1.7818  ema -4.9680
pes  4950  seg-loss -0.0162  ema -4.4873
pes  4975  seg-loss 0.4813  ema -2.6518
pes  5000  seg-loss -1.1294  ema -3.5688
pes  5025  seg-loss -0.0186  ema -3.2814
pes  5050  seg-loss -6.8346  ema -2.1529
pes  5075  seg-loss -1.9414  ema -3.6602
pes  5100  seg-loss -0.0776  ema -2.6202
pes  5125  seg-loss -5.6789  ema -2.2594
pes  5150  seg-loss -2.4289  ema -2.2196
pes  5175  seg-loss 0.0013  ema -2.2067
pes  5200  seg-loss -8.3977  ema -2.1901
pes  5225  seg-loss -11.7150  ema -4.8802
pes  5250  seg-loss -4.9918  ema -5.8805
pes  5275  seg-loss -17.3289  ema -6.7465
pes  5300  seg-loss -9.2154  ema -6.2892
pes  5325  seg-loss -1.8327  ema -7.7969
pes  5350  seg-loss -0.9503  ema -6.1818
pes  5375  seg-loss 0.3061  ema -3.9032
pes  5400  seg-loss -0.5896  ema -2.2819
pes  5425  seg-loss -18.7725  ema -6.5955
pes  5450  seg-loss 0.0341  ema -8.3816
pes  5475  seg-loss -1.7455  ema -5.2566
pes  5500  seg-loss -0.1004  ema -8.8796
pes  5525  seg-loss 0.4377  ema -5.4068
pes  5550  seg-loss -0.0424  ema -3.3312
pes  5575  seg-loss -0.0645  ema -2.4440
  probe-score -1.0764 (new best, saved)
pes  5600  seg-loss -1.9047  ema -1.6256
pes  5625  seg-loss -1.9230  ema -2.3689
pes  5650  seg-loss -18.0390  ema -4.8242
pes  5675  seg-loss -4.5021  ema -5.4432
pes  5700  seg-loss -1.5931  ema -3.8732
pes  5725  seg-loss -2.8787  ema -2.9070
pes  5750  seg-loss -1.9735  ema -5.4841
pes  5775  seg-loss 0.0607  ema -3.6533
pes  5800  seg-loss -2.9826  ema -2.7964
pes  5825  seg-loss -2.4034  ema -2.2676
pes  5850  seg-loss -0.2686  ema -2.3137
pes  5875  seg-loss -3.3703  ema -2.0426
pes  5900  seg-loss -0.2401  ema -1.6144
pes  5925  seg-loss -12.4547  ema -3.8551
pes  5950  seg-loss 8.5710  ema -0.5155
pes  5975  seg-loss -5.0498  ema 0.4422
pes  6000  seg-loss -0.7238  ema 0.0187
pes  6025  seg-loss -2.0378  ema -0.3875
pes  6050  seg-loss -3.2070  ema -1.4258
pes  6075  seg-loss -2.0733  ema -2.2603
pes  6100  seg-loss -0.0508  ema -2.2360
pes  6125  seg-loss -11.8878  ema -4.4883
pes  6150  seg-loss 0.0532  ema -2.4830
pes  6175  seg-loss -3.0960  ema -1.9875
  probe-score -1.1679 (new best, saved)
pes  6200  seg-loss -0.0797  ema -1.5681
pes  6225  seg-loss -6.3793  ema -2.0552
pes  6250  seg-loss -0.3489  ema -1.8333
pes  6275  seg-loss -2.4203  ema -1.6192
pes  6300  seg-loss -18.9846  ema -3.2216
pes  6325  seg-loss -2.2608  ema -6.1176
pes  6350  seg-loss -5.8585  ema -7.9324
pes  6375  seg-loss -13.6778  ema -8.8138
pes  6400  seg-loss 0.8651  ema -7.8275
pes  6425  seg-loss -0.6431  ema -4.7175
pes  6450  seg-loss -0.1594  ema -3.0318
pes  6475  seg-loss -2.4804  ema -2.4336
pes  6500  seg-loss -0.9256  ema -1.3671
pes  6525  seg-loss -0.5892  ema -4.6198
pes  6550  seg-loss -0.1516  ema -3.7209
pes  6575  seg-loss -3.6354  ema -2.9469
pes  6600  seg-loss -0.4443  ema -2.3910
pes  6625  seg-loss -1.0775  ema -1.4219
pes  6650  seg-loss 0.2371  ema -1.1814
pes  6675  seg-loss -10.9116  ema -2.5304
pes  6700  seg-loss -10.5531  ema -4.1083
pes  6725  seg-loss -20.5194  ema -8.3533
pes  6750  seg-loss -1.6916  ema -10.1273
pes  6775  seg-loss -11.8504  ema -12.0568
pes  6800  seg-loss 0.0073  ema -12.1024
pes  6825  seg-loss 0.0618  ema -7.3964
pes  6850  seg-loss -16.7267  ema -5.8340
pes  6875  seg-loss -3.5881  ema -6.8500
pes  6900  seg-loss -0.7955  ema -4.6559
pes  6925  seg-loss -2.5367  ema -3.3775
pes  6950  seg-loss -0.5737  ema -2.3878
pes  6975  seg-loss -3.3462  ema -2.0004
pes  7000  seg-loss -17.8782  ema -5.2472
pes  7025  seg-loss -0.3313  ema -4.4047
pes  7050  seg-loss -4.6714  ema -2.8371
pes  7075  seg-loss -1.0726  ema -5.0127
pes  7100  seg-loss -2.6408  ema -3.6269
pes  7125  seg-loss -5.3046  ema -3.5993
pes  7150  seg-loss -2.0307  ema -3.3365
pes  7175  seg-loss -16.4727  ema -5.2422
pes  7200  seg-loss -0.1126  ema -4.9877
pes  7225  seg-loss -4.1832  ema -4.0654
pes  7250  seg-loss -12.1121  ema -5.3126
pes  7275  seg-loss 0.0818  ema -4.2753
pes  7300  seg-loss -19.8513  ema -5.1522
pes  7325  seg-loss -2.5095  ema -6.5320
pes  7350  seg-loss -2.1877  ema -5.0626
pes  7375  seg-loss -8.4022  ema -5.6546
pes  7400  seg-loss -10.7323  ema -5.2111
pes  7425  seg-loss -1.6129  ema -3.8980
pes  7450  seg-loss 0.6791  ema -3.7744
pes  7475  seg-loss -0.8872  ema -2.5602
pes  7500  seg-loss -0.1942  ema -1.5645
pes  7525  seg-loss -0.6397  ema -0.9177
pes  7550  seg-loss -0.2763  ema -0.7332
pes  7575  seg-loss -0.5770  ema -5.5612
pes  7600  seg-loss -2.0134  ema -3.8602
pes  7625  seg-loss -3.2283  ema -4.3384
pes  7650  seg-loss 0.2150  ema -5.5335
pes  7675  seg-loss -19.7577  ema -8.5524
pes  7700  seg-loss 0.1020  ema -6.2949
pes  7725  seg-loss -0.1244  ema -3.7822
pes  7750  seg-loss -3.1057  ema -6.6193
pes  7775  seg-loss -2.9486  ema -6.2886
pes  7800  seg-loss 0.3608  ema -4.7166
pes  7825  seg-loss 0.0933  ema -2.7258
pes  7850  seg-loss -3.4193  ema -2.2620
pes  7875  seg-loss -0.0122  ema -2.8382
pes  7900  seg-loss -3.4059  ema -2.2259
pes  7925  seg-loss -0.3767  ema -4.8514
pes  7950  seg-loss -1.7846  ema -5.0797
pes  7975  seg-loss -16.7009  ema -6.8354
pes  8000  seg-loss -0.1421  ema -5.6486
  eval[h16] learned: loss 2.1385 acc 0.354  vs  muon(lr=0.1): loss 0.0018 acc 0.999
  eval[h64-wider] learned: loss 4.1071 acc 0.273  vs  muon(lr=0.1): loss 0.0000 acc 1.000
  eval[h16-long] learned: loss 0.4572 acc 0.838  vs  muon(lr=0.03): loss 0.0000 acc 1.000
  eval[fashion-h16 HELD-OUT] learned: loss 2.1380 acc 0.202  vs  muon(lr=0.03): loss 0.0000 acc 1.000
  eval[fashion-h64 HELD-OUT] learned: loss 2.2184 acc 0.165  vs  muon(lr=0.03): loss 0.0000 acc 1.000
pes  8025  seg-loss -3.8405  ema -4.1727
pes  8050  seg-loss -3.3253  ema -3.4639
pes  8075  seg-loss -3.0058  ema -2.3424
pes  8100  seg-loss -3.5685  ema -5.8894
pes  8125  seg-loss 5.9780  ema -3.3968
pes  8150  seg-loss -1.0450  ema -1.3603
pes  8175  seg-loss -10.7913  ema -3.1194
pes  8200  seg-loss -1.8102  ema -2.8517
pes  8225  seg-loss -3.0062  ema -5.1701
pes  8250  seg-loss -0.2472  ema -4.0129
pes  8275  seg-loss -1.4586  ema -3.4814
pes  8300  seg-loss -0.7718  ema -4.5875
pes  8325  seg-loss -3.5193  ema -3.1700
pes  8350  seg-loss -3.4970  ema -3.7982
pes  8375  seg-loss -4.7351  ema -3.9865
pes  8400  seg-loss -0.0217  ema -4.2644
pes  8425  seg-loss -1.8503  ema -3.0194
pes  8450  seg-loss -18.2613  ema -6.2287
pes  8475  seg-loss -3.3275  ema -5.4764
pes  8500  seg-loss -0.0420  ema -3.6303
pes  8525  seg-loss -2.6426  ema -7.0673
pes  8550  seg-loss 3.1885  ema -6.1955
pes  8575  seg-loss -1.7210  ema -4.2035
pes  8600  seg-loss -1.6287  ema -4.2787
pes  8625  seg-loss -0.9426  ema -3.3895
pes  8650  seg-loss 3.2727  ema -2.6211
pes  8675  seg-loss -0.6475  ema -2.3087
pes  8700  seg-loss 0.0453  ema -2.4297
pes  8725  seg-loss -2.5242  ema -1.5796
pes  8750  seg-loss -10.1816  ema -2.3726
pes  8775  seg-loss -0.2209  ema -2.3259
pes  8800  seg-loss -0.2639  ema -1.4459
pes  8825  seg-loss -5.0551  ema -2.0910
pes  8850  seg-loss -0.0409  ema -1.9316
pes  8875  seg-loss -19.6126  ema -4.8104
pes  8900  seg-loss -3.6706  ema -5.6135
pes  8925  seg-loss -3.5754  ema -3.9928
pes  8950  seg-loss 0.0216  ema -4.6157
pes  8975  seg-loss -0.2507  ema -2.8024
pes  9000  seg-loss -3.1929  ema -2.0940
pes  9025  seg-loss -1.2631  ema -2.7666
pes  9050  seg-loss -3.9303  ema -2.4551
pes  9075  seg-loss -8.6601  ema -3.3975
pes  9100  seg-loss -2.9824  ema -3.4666
pes  9125  seg-loss -0.3391  ema -3.0461
pes  9150  seg-loss 0.0385  ema -1.9663
pes  9175  seg-loss -10.7740  ema -2.4693
pes  9200  seg-loss -16.9413  ema -5.7500
pes  9225  seg-loss -0.3254  ema -5.5523
pes  9250  seg-loss -0.0043  ema -4.0148
pes  9275  seg-loss -18.9217  ema -7.0871
pes  9300  seg-loss -0.3722  ema -11.0366
pes  9325  seg-loss 0.0042  ema -10.1200
pes  9350  seg-loss -14.9430  ema -6.9113
pes  9375  seg-loss -9.8265  ema -8.1359
pes  9400  seg-loss -0.2867  ema -8.4360
pes  9425  seg-loss -0.2407  ema -5.1910
pes  9450  seg-loss -1.2859  ema -3.3841
pes  9475  seg-loss 0.0106  ema -2.1451
pes  9500  seg-loss -2.9542  ema -1.9883
pes  9525  seg-loss -1.8734  ema -1.3173
pes  9550  seg-loss -0.2434  ema -1.6493
pes  9575  seg-loss -19.7595  ema -3.6694
pes  9600  seg-loss -20.0722  ema -9.0579
pes  9625  seg-loss -1.4272  ema -7.5026
pes  9650  seg-loss -3.7289  ema -5.4572
pes  9675  seg-loss -1.3429  ema -5.5961
pes  9700  seg-loss -1.2969  ema -4.4331
pes  9725  seg-loss -0.7889  ema -3.6854
pes  9750  seg-loss -2.6515  ema -3.3683
pes  9775  seg-loss -0.2927  ema -3.1467
pes  9800  seg-loss -0.7159  ema -2.1598
pes  9825  seg-loss -1.1075  ema -2.2600
pes  9850  seg-loss -0.9627  ema -1.9972
pes  9875  seg-loss -4.4028  ema -1.6066
pes  9900  seg-loss -0.0701  ema -1.4342
pes  9925  seg-loss -0.9665  ema -0.9999
pes  9950  seg-loss -12.1071  ema -2.7066
pes  9975  seg-loss 0.9804  ema -1.6476
pes 10000  seg-loss -3.2052  ema -1.7228
pes 10025  seg-loss -4.2047  ema -2.7104
pes 10050  seg-loss -0.6915  ema -7.0532
pes 10075  seg-loss -1.1054  ema -5.7848
pes 10100  seg-loss -4.3382  ema -4.5442
pes 10125  seg-loss -0.6286  ema -3.4849
pes 10150  seg-loss -0.5133  ema -3.0880
pes 10175  seg-loss -2.5277  ema -2.5296
pes 10200  seg-loss -5.9954  ema -2.7909
pes 10225  seg-loss -0.9626  ema -3.1618
pes 10250  seg-loss -11.2625  ema -3.0600
pes 10275  seg-loss 0.1345  ema -6.2693
pes 10300  seg-loss -0.0754  ema -3.7966
pes 10325  seg-loss 5.8069  ema -1.9172
pes 10350  seg-loss -20.6337  ema -3.5480
pes 10375  seg-loss -0.0858  ema -4.6315
pes 10400  seg-loss -1.8162  ema -5.7879
pes 10425  seg-loss -0.7296  ema -5.1767
pes 10450  seg-loss -3.0410  ema -3.2457
pes 10475  seg-loss -18.1423  ema -5.5680
  probe-score -1.3869 (new best, saved)
pes 10500  seg-loss -1.9536  ema -5.0991
pes 10525  seg-loss -2.6169  ema -9.0787
pes 10550  seg-loss -0.4023  ema -6.7893
pes 10575  seg-loss -1.7004  ema -4.0853
pes 10600  seg-loss 0.5929  ema -7.0890
pes 10625  seg-loss 0.0282  ema -7.0458
pes 10650  seg-loss -2.8713  ema -4.5470
pes 10675  seg-loss -0.7120  ema -3.3816
pes 10700  seg-loss -6.1441  ema -3.5854
pes 10725  seg-loss -0.3003  ema -2.3434
pes 10750  seg-loss -0.8636  ema -2.3850
pes 10775  seg-loss -0.6140  ema -2.1632
pes 10800  seg-loss -1.0400  ema -2.9529
pes 10825  seg-loss -5.4833  ema -6.8836
pes 10850  seg-loss -16.4975  ema -9.2477
pes 10875  seg-loss -0.5459  ema -7.1198
pes 10900  seg-loss -2.8064  ema -4.7158
pes 10925  seg-loss 0.1059  ema -4.1447
pes 10950  seg-loss -0.5604  ema -2.6468
pes 10975  seg-loss -11.0556  ema -4.0405
pes 11000  seg-loss -2.0654  ema -5.6308
pes 11025  seg-loss -3.2770  ema -4.3325
pes 11050  seg-loss -2.3054  ema -3.2026
pes 11075  seg-loss -16.2121  ema -6.0713
pes 11100  seg-loss -16.2996  ema -8.9291
pes 11125  seg-loss -2.4099  ema -6.5026
pes 11150  seg-loss -0.0104  ema -4.3461
pes 11175  seg-loss -0.0565  ema -2.8024
pes 11200  seg-loss -9.8927  ema -2.1006
pes 11225  seg-loss -1.3001  ema -6.1996
pes 11250  seg-loss -0.0117  ema -5.5285
pes 11275  seg-loss -0.2539  ema -3.4458
pes 11300  seg-loss -1.6073  ema -7.2489
pes 11325  seg-loss -3.4826  ema -10.0110
pes 11350  seg-loss -3.6221  ema -6.9378
pes 11375  seg-loss -2.7522  ema -8.1997
pes 11400  seg-loss -18.7789  ema -10.8815
pes 11425  seg-loss -1.7071  ema -10.3562
pes 11450  seg-loss -0.0669  ema -6.4219
pes 11475  seg-loss 0.1621  ema -10.0846
pes 11500  seg-loss -19.8048  ema -7.4159
pes 11525  seg-loss -3.1388  ema -8.7918
pes 11550  seg-loss -8.8240  ema -7.1946
pes 11575  seg-loss 4.0137  ema -5.3002
pes 11600  seg-loss 0.0201  ema -2.5920
pes 11625  seg-loss -9.4975  ema -3.5258
pes 11650  seg-loss -2.5268  ema -6.5469
pes 11675  seg-loss 5.3121  ema -8.5173
pes 11700  seg-loss -3.9117  ema -4.5058
pes 11725  seg-loss 0.0632  ema -4.2023
pes 11750  seg-loss 0.1776  ema -2.4628
pes 11775  seg-loss -3.9100  ema -2.4249
pes 11800  seg-loss -2.2669  ema -2.6397
pes 11825  seg-loss -3.5523  ema -2.4940
pes 11850  seg-loss -10.6124  ema -3.6533
pes 11875  seg-loss -12.0351  ema -5.4442
pes 11900  seg-loss 0.0012  ema -4.9821
pes 11925  seg-loss -2.9685  ema -3.5609
pes 11950  seg-loss -2.3458  ema -7.9719
pes 11975  seg-loss -0.1316  ema -6.0388
pes 12000  seg-loss -12.6129  ema -6.2300
  eval[h16] learned: loss 1.2787 acc 0.526  vs  muon(lr=0.1): loss 0.0018 acc 0.999
  eval[h64-wider] learned: loss 2.2304 acc 0.525  vs  muon(lr=0.1): loss 0.0000 acc 1.000
  eval[h16-long] learned: loss 0.6080 acc 0.807  vs  muon(lr=0.03): loss 0.0000 acc 1.000
  eval[fashion-h16 HELD-OUT] learned: loss 2.0536 acc 0.316  vs  muon(lr=0.03): loss 0.0000 acc 1.000
  eval[fashion-h64 HELD-OUT] learned: loss 2.8841 acc 0.146  vs  muon(lr=0.03): loss 0.0000 acc 1.000
pes 12025  seg-loss -1.4563  ema -5.4047
pes 12050  seg-loss -2.6469  ema -4.3965
pes 12075  seg-loss -1.7305  ema -3.2261
pes 12100  seg-loss -2.5047  ema -2.3663
pes 12125  seg-loss -7.6197  ema -2.1961
pes 12150  seg-loss -5.9269  ema -6.4416
pes 12175  seg-loss -17.2111  ema -7.6319
pes 12200  seg-loss -0.4004  ema -5.3941
pes 12225  seg-loss -1.1440  ema -5.2455
pes 12250  seg-loss -15.4817  ema -5.9535
pes 12275  seg-loss -1.8813  ema -6.4051
pes 12300  seg-loss -0.0049  ema -5.6295
pes 12325  seg-loss -18.0826  ema -8.6660
pes 12350  seg-loss -11.1621  ema -6.2493
pes 12375  seg-loss 0.3363  ema -7.7157
pes 12400  seg-loss -14.1332  ema -6.2927
pes 12425  seg-loss -2.0511  ema -7.6342
pes 12450  seg-loss -0.0758  ema -5.0613
pes 12475  seg-loss -2.2199  ema -4.2208
pes 12500  seg-loss -19.9722  ema -5.8716
pes 12525  seg-loss -2.3273  ema -6.9632
pes 12550  seg-loss -18.0325  ema -9.7739
pes 12575  seg-loss -18.8937  ema -9.9747
pes 12600  seg-loss 0.2141  ema -7.3319
pes 12625  seg-loss -1.9326  ema -4.5230
pes 12650  seg-loss -9.9229  ema -4.7615
pes 12675  seg-loss -4.4335  ema -4.2909
pes 12700  seg-loss -16.9670  ema -8.6443
pes 12725  seg-loss -0.4648  ema -6.5541
pes 12750  seg-loss -11.9249  ema -6.2474
pes 12775  seg-loss -1.7120  ema -9.5379
pes 12800  seg-loss -2.9997  ema -6.4542
pes 12825  seg-loss -0.1079  ema -4.2725
pes 12850  seg-loss -8.1449  ema -3.9141
pes 12875  seg-loss -1.0795  ema -2.8765
pes 12900  seg-loss -19.0005  ema -6.5959
pes 12925  seg-loss -12.9332  ema -7.7378
pes 12950  seg-loss -19.1635  ema -10.2380
pes 12975  seg-loss -1.8401  ema -9.2374
pes 13000  seg-loss 2.2724  ema -6.3541
pes 13025  seg-loss -17.1455  ema -8.1514
pes 13050  seg-loss -0.2211  ema -5.3073
pes 13075  seg-loss -1.5232  ema -5.9584
pes 13100  seg-loss -2.0929  ema -4.6601
pes 13125  seg-loss -4.0277  ema -6.2552
pes 13150  seg-loss -0.0025  ema -4.5963
pes 13175  seg-loss -17.9664  ema -6.4974
pes 13200  seg-loss -6.9068  ema -5.0946
pes 13225  seg-loss -11.5136  ema -8.2447
pes 13250  seg-loss 0.0671  ema -7.3849
pes 13275  seg-loss -8.4232  ema -5.9567
pes 13300  seg-loss 1.5359  ema -4.3770
pes 13325  seg-loss 5.7605  ema -2.2164
pes 13350  seg-loss -3.2837  ema -1.9930
pes 13375  seg-loss -2.0651  ema -1.9715
pes 13400  seg-loss -1.6353  ema -2.5921
pes 13425  seg-loss -2.1474  ema -2.5714
pes 13450  seg-loss -3.5030  ema -2.4514
pes 13475  seg-loss -12.6987  ema -2.9889
pes 13500  seg-loss 1.2675  ema -6.9703
pes 13525  seg-loss -10.6783  ema -4.3083
pes 13550  seg-loss -1.8050  ema -6.6081
pes 13575  seg-loss -20.2159  ema -7.1949
pes 13600  seg-loss -1.2464  ema -7.2504
pes 13625  seg-loss -11.6593  ema -6.5291
pes 13650  seg-loss -0.7473  ema -6.5806
pes 13675  seg-loss -10.6247  ema -9.7694
pes 13700  seg-loss 1.5224  ema -8.7513
pes 13725  seg-loss -19.1075  ema -7.1206
pes 13750  seg-loss -10.0317  ema -8.9959
pes 13775  seg-loss -19.9508  ema -11.0536
pes 13800  seg-loss -3.2956  ema -9.3093
pes 13825  seg-loss -18.3687  ema -8.9634
pes 13850  seg-loss -0.3666  ema -9.3040
pes 13875  seg-loss 0.2533  ema -6.4836
pes 13900  seg-loss -2.7976  ema -4.4481
pes 13925  seg-loss -1.0137  ema -3.4210
pes 13950  seg-loss -15.8717  ema -5.7228
pes 13975  seg-loss -2.4636  ema -5.9044
pes 14000  seg-loss 0.1799  ema -3.9620
pes 14025  seg-loss 0.1017  ema -2.3473
pes 14050  seg-loss -18.2322  ema -2.0397
pes 14075  seg-loss 1.4679  ema -1.7508
pes 14100  seg-loss -2.3031  ema -1.1078
pes 14125  seg-loss -0.1248  ema -1.5563
pes 14150  seg-loss -0.9471  ema -1.7544
pes 14175  seg-loss -5.7298  ema -2.2625
pes 14200  seg-loss -0.8777  ema -1.9193
pes 14225  seg-loss -4.6349  ema -2.4897
pes 14250  seg-loss -4.7632  ema -3.4086
pes 14275  seg-loss -3.8521  ema -3.5144
pes 14300  seg-loss -5.2870  ema -3.6600
pes 14325  seg-loss -3.6066  ema -4.6501
pes 14350  seg-loss -20.2400  ema -9.6464
pes 14375  seg-loss -3.7575  ema -9.8322
pes 14400  seg-loss -2.4703  ema -7.7895
pes 14425  seg-loss -7.9799  ema -7.4996
pes 14450  seg-loss -13.8071  ema -8.9431
pes 14475  seg-loss -2.4353  ema -6.9230
pes 14500  seg-loss -4.0919  ema -5.8031
pes 14525  seg-loss 0.4757  ema -8.6116
pes 14550  seg-loss -2.8669  ema -5.2354
pes 14575  seg-loss -0.3146  ema -3.3262
  probe-score -1.3951 (new best, saved)
pes 14600  seg-loss -1.0875  ema -2.5039
pes 14625  seg-loss 0.0722  ema -1.5382
pes 14650  seg-loss 0.0327  ema -1.0030
pes 14675  seg-loss -17.4745  ema -3.9682
pes 14700  seg-loss -14.0849  ema -4.8517
pes 14725  seg-loss -20.4315  ema -9.2530
pes 14750  seg-loss -2.5106  ema -6.5001
pes 14775  seg-loss 2.0439  ema -3.6821
pes 14800  seg-loss -0.8047  ema -2.2112
pes 14825  seg-loss -20.7200  ema -6.4603
pes 14850  seg-loss -18.8824  ema -11.1405
pes 14875  seg-loss -0.9455  ema -7.3931
pes 14900  seg-loss -3.3348  ema -5.2969
pes 14925  seg-loss -1.4526  ema -4.1841
pes 14950  seg-loss -17.9804  ema -7.4972
pes 14975  seg-loss -19.6374  ema -11.5049
pes 15000  seg-loss -16.8889  ema -10.2559
pes 15025  seg-loss -7.4531  ema -8.1551
pes 15050  seg-loss -18.8484  ema -8.9881
pes 15075  seg-loss -0.8914  ema -6.3652
pes 15100  seg-loss -2.6651  ema -4.3845
pes 15125  seg-loss -0.0832  ema -4.0467
pes 15150  seg-loss 0.0330  ema -2.4387
pes 15175  seg-loss -17.9385  ema -6.6019
  probe-score -1.6075 (new best, saved)
pes 15200  seg-loss -0.5040  ema -5.7209
pes 15225  seg-loss -2.0297  ema -5.6286
pes 15250  seg-loss -4.6809  ema -4.4142
pes 15275  seg-loss -0.2552  ema -6.8076
pes 15300  seg-loss -0.3485  ema -4.4900
pes 15325  seg-loss -2.8642  ema -3.8883
pes 15350  seg-loss -0.1601  ema -3.1944
pes 15375  seg-loss -17.1442  ema -6.0324
pes 15400  seg-loss -6.3717  ema -5.2013
pes 15425  seg-loss -2.6045  ema -5.9280
pes 15450  seg-loss -20.3012  ema -8.8940
pes 15475  seg-loss -3.4641  ema -6.8012
  probe-score -1.6592 (new best, saved)
pes 15500  seg-loss -3.7279  ema -4.9888
pes 15525  seg-loss -8.4689  ema -7.3613
pes 15550  seg-loss -4.1267  ema -5.2200
pes 15575  seg-loss -2.6579  ema -8.1911
  probe-score -1.7839 (new best, saved)
pes 15600  seg-loss -1.0582  ema -6.7277
pes 15625  seg-loss -20.0809  ema -6.8195
pes 15650  seg-loss -3.5010  ema -8.4256
pes 15675  seg-loss -1.3034  ema -6.5104
pes 15700  seg-loss -6.8677  ema -6.2933
pes 15725  seg-loss -6.2049  ema -4.6501
pes 15750  seg-loss -0.7405  ema -3.8749
pes 15775  seg-loss -1.0846  ema -4.3431
pes 15800  seg-loss -0.3641  ema -3.4896
pes 15825  seg-loss -2.6941  ema -3.8280
pes 15850  seg-loss -2.7728  ema -3.3437
pes 15875  seg-loss -2.9284  ema -3.0770
pes 15900  seg-loss -7.1088  ema -3.4128
pes 15925  seg-loss -3.8856  ema -3.0788
pes 15950  seg-loss -16.0147  ema -4.7023
pes 15975  seg-loss -1.4874  ema -5.0453
pes 16000  seg-loss -1.9350  ema -5.7452
  eval[h16] learned: loss 0.3881 acc 0.887  vs  muon(lr=0.1): loss 0.0018 acc 0.999
  eval[h64-wider] learned: loss 3.2690 acc 0.657  vs  muon(lr=0.1): loss 0.0000 acc 1.000
  eval[h16-long] learned: loss 0.0005 acc 1.000  vs  muon(lr=0.03): loss 0.0000 acc 1.000
  eval[fashion-h16 HELD-OUT] learned: loss 1.7974 acc 0.543  vs  muon(lr=0.03): loss 0.0000 acc 1.000
  eval[fashion-h64 HELD-OUT] learned: loss 383.0066 acc 0.189  vs  muon(lr=0.03): loss 0.0000 acc 1.000
pes 16025  seg-loss -18.6544  ema -5.3959
pes 16050  seg-loss -14.6390  ema -9.2409
pes 16075  seg-loss 0.0747  ema -8.8355
pes 16100  seg-loss -13.9392  ema -5.8626
pes 16125  seg-loss -0.9485  ema -6.3381
pes 16150  seg-loss -2.5958  ema -4.3168
pes 16175  seg-loss -3.0104  ema -3.4926
pes 16200  seg-loss -19.0526  ema -6.7184
pes 16225  seg-loss -7.6407  ema -5.1868
pes 16250  seg-loss -16.7956  ema -7.4578
pes 16275  seg-loss -0.9222  ema -8.7632
pes 16300  seg-loss -18.4150  ema -9.3678
pes 16325  seg-loss -6.3320  ema -8.2727
pes 16350  seg-loss -4.3305  ema -5.8768
pes 16375  seg-loss -4.0619  ema -4.7746
pes 16400  seg-loss -0.1110  ema -3.9869
pes 16425  seg-loss -19.9396  ema -8.2334
pes 16450  seg-loss -10.4022  ema -7.2016
pes 16475  seg-loss -1.5861  ema -5.5814
pes 16500  seg-loss -7.5400  ema -4.5079
pes 16525  seg-loss 0.4496  ema -4.8326
pes 16550  seg-loss -6.1469  ema -4.0573
pes 16575  seg-loss -3.3178  ema -7.1480
pes 16600  seg-loss -0.0301  ema -5.8255
pes 16625  seg-loss -3.6375  ema -4.4445
pes 16650  seg-loss -18.1038  ema -5.8879
pes 16675  seg-loss -2.0164  ema -4.7209
pes 16700  seg-loss -2.5495  ema -3.0783
pes 16725  seg-loss -17.6839  ema -7.8694
pes 16750  seg-loss -0.7049  ema -9.2369
pes 16775  seg-loss -3.7311  ema -6.5964
pes 16800  seg-loss -0.0992  ema -4.6908
pes 16825  seg-loss 2.7679  ema -5.7531
pes 16850  seg-loss -0.3266  ema -2.9951
pes 16875  seg-loss -3.3107  ema -2.4943
pes 16900  seg-loss -0.3992  ema -1.8449
pes 16925  seg-loss -0.8197  ema -1.9265
pes 16950  seg-loss -9.9890  ema -3.0372
pes 16975  seg-loss -1.4716  ema -5.7318
pes 17000  seg-loss -17.0984  ema -7.9335
pes 17025  seg-loss -2.2144  ema -8.7407
pes 17050  seg-loss -0.0917  ema -5.3434
pes 17075  seg-loss -4.9276  ema -4.4087
pes 17100  seg-loss -6.5265  ema -4.4509
pes 17125  seg-loss -14.1339  ema -7.1920
pes 17150  seg-loss -20.0606  ema -10.8120
pes 17175  seg-loss -17.0801  ema -10.3403
pes 17200  seg-loss -2.6391  ema -9.8956
pes 17225  seg-loss -0.7990  ema -11.4779
pes 17250  seg-loss 0.9969  ema -10.8566
pes 17275  seg-loss -0.0334  ema -7.0873
pes 17300  seg-loss -1.6064  ema -4.4107
pes 17325  seg-loss -1.9356  ema -3.0676
pes 17350  seg-loss -4.4276  ema -2.9405
pes 17375  seg-loss -4.0767  ema -4.2610
pes 17400  seg-loss -3.1572  ema -3.7711
pes 17425  seg-loss -1.2930  ema -2.6773
pes 17450  seg-loss -2.6204  ema -3.2558
pes 17475  seg-loss -1.3212  ema -3.6570
  probe-score -1.9010 (new best, saved)
pes 17500  seg-loss -0.7390  ema -3.3974
pes 17525  seg-loss -19.6737  ema -5.1610
pes 17550  seg-loss -5.8279  ema -7.3660
pes 17575  seg-loss -16.9363  ema -8.2581
pes 17600  seg-loss -2.4374  ema -7.7976
pes 17625  seg-loss -19.7261  ema -10.0037
pes 17650  seg-loss 11.1698  ema -4.8315
pes 17675  seg-loss -9.5316  ema -3.4082
pes 17700  seg-loss -3.8349  ema -3.7850
pes 17725  seg-loss -14.6008  ema -4.9544
pes 17750  seg-loss -7.1571  ema -5.3593
pes 17775  seg-loss -20.3795  ema -8.4007
pes 17800  seg-loss -9.1887  ema -8.9810
pes 17825  seg-loss 4.1513  ema -3.9650
pes 17850  seg-loss -16.5346  ema -9.5257
pes 17875  seg-loss -1.0753  ema -10.1842
pes 17900  seg-loss -6.8727  ema -7.6377
pes 17925  seg-loss -4.0332  ema -7.3560
pes 17950  seg-loss -0.8446  ema -8.4529
pes 17975  seg-loss -2.8509  ema -5.8934
pes 18000  seg-loss -15.6100  ema -7.4074
pes 18025  seg-loss -4.8051  ema -6.5050
pes 18050  seg-loss -5.4670  ema -5.6036
pes 18075  seg-loss -0.8605  ema -5.0763
pes 18100  seg-loss -2.0227  ema -3.5920
pes 18125  seg-loss -0.4440  ema -2.4375
pes 18150  seg-loss -8.2974  ema -4.0020
pes 18175  seg-loss -13.8713  ema -6.9642
pes 18200  seg-loss -1.4353  ema -8.3430
pes 18225  seg-loss -7.6841  ema -9.5473
pes 18250  seg-loss -6.1122  ema -10.0284
pes 18275  seg-loss -7.0230  ema -10.1419
  probe-score -1.9976 (new best, saved)
pes 18300  seg-loss 3.8632  ema -6.7611
pes 18325  seg-loss -3.6022  ema -4.5030
pes 18350  seg-loss -2.5579  ema -3.5281
pes 18375  seg-loss -0.0860  ema -2.5265
pes 18400  seg-loss -18.8814  ema -6.4287
pes 18425  seg-loss -2.2529  ema -4.4352
pes 18450  seg-loss 1.6184  ema -8.3418
pes 18475  seg-loss -3.6198  ema -5.0673
pes 18500  seg-loss -2.6018  ema -5.6072
pes 18525  seg-loss -2.2097  ema -4.5259
pes 18550  seg-loss -2.6131  ema -3.6748
pes 18575  seg-loss -1.6315  ema -3.1343
pes 18600  seg-loss -4.2133  ema -3.0828
pes 18625  seg-loss -3.0608  ema -3.0581
pes 18650  seg-loss -4.6201  ema -7.7340
pes 18675  seg-loss -19.8184  ema -11.4973
pes 18700  seg-loss -1.0198  ema -10.2314
pes 18725  seg-loss -6.3346  ema -7.6059
pes 18750  seg-loss -8.5347  ema -7.5015
pes 18775  seg-loss -4.7165  ema -7.0131
pes 18800  seg-loss -0.5153  ema -5.1706
pes 18825  seg-loss -1.6480  ema -4.6801
pes 18850  seg-loss -0.8744  ema -2.7675
pes 18875  seg-loss -10.1795  ema -4.6943
pes 18900  seg-loss -3.4504  ema -4.0695
pes 18925  seg-loss 3.4111  ema -5.2613
pes 18950  seg-loss -0.5655  ema -0.9752
pes 18975  seg-loss -0.8313  ema -2.5742
pes 19000  seg-loss -12.1317  ema -5.8156
pes 19025  seg-loss -0.5686  ema -4.7536
pes 19050  seg-loss -3.2455  ema -3.6642
pes 19075  seg-loss -0.3079  ema -2.9788
pes 19100  seg-loss -17.1839  ema -3.8989
pes 19125  seg-loss -4.0055  ema -5.4139
pes 19150  seg-loss -1.6116  ema -4.0566
pes 19175  seg-loss -13.1112  ema -4.6875
pes 19200  seg-loss -17.5181  ema -7.8275
pes 19225  seg-loss -7.6205  ema -6.5174
pes 19250  seg-loss -2.4308  ema -8.7224
pes 19275  seg-loss -3.9682  ema -6.8763
pes 19300  seg-loss -0.5641  ema -9.3952
pes 19325  seg-loss -1.6155  ema -6.5517
pes 19350  seg-loss -14.3944  ema -7.1741
pes 19375  seg-loss -18.3356  ema -8.9377
pes 19400  seg-loss -2.7004  ema -8.9116
pes 19425  seg-loss -3.2776  ema -7.4513
pes 19450  seg-loss -5.6994  ema -9.2101
pes 19475  seg-loss -2.4429  ema -7.7805
pes 19500  seg-loss -10.7918  ema -7.7392
pes 19525  seg-loss -1.2794  ema -6.6051
pes 19550  seg-loss -5.5263  ema -5.2767
pes 19575  seg-loss -3.8047  ema -6.5025
pes 19600  seg-loss -11.0710  ema -5.6139
pes 19625  seg-loss -19.9952  ema -10.0994
pes 19650  seg-loss -3.7817  ema -10.4963
pes 19675  seg-loss -2.2539  ema -9.5487
pes 19700  seg-loss -0.1001  ema -8.0179
pes 19725  seg-loss -18.5115  ema -10.6131
pes 19750  seg-loss -0.4351  ema -12.1262
pes 19775  seg-loss -0.6463  ema -7.5637
pes 19800  seg-loss -0.0622  ema -5.2659
pes 19825  seg-loss -18.2778  ema -6.4436
pes 19850  seg-loss -0.6740  ema -6.4598
pes 19875  seg-loss -14.1564  ema -5.7024
pes 19900  seg-loss -6.5179  ema -6.8328
pes 19925  seg-loss -3.5997  ema -6.7225
pes 19950  seg-loss -3.7614  ema -5.1831
pes 19975  seg-loss -2.0629  ema -4.3135
pes 20000  seg-loss -3.5298  ema -5.5467
  eval[h16] learned: loss 1.3385 acc 0.570  vs  muon(lr=0.1): loss 0.0018 acc 0.999
  eval[h64-wider] learned: loss 9.9549 acc 0.294  vs  muon(lr=0.1): loss 0.0000 acc 1.000
  eval[h16-long] learned: loss 2.4364 acc 0.685  vs  muon(lr=0.03): loss 0.0000 acc 1.000
  eval[fashion-h16 HELD-OUT] learned: loss 11.4213 acc 0.216  vs  muon(lr=0.03): loss 0.0000 acc 1.000
  eval[fashion-h64 HELD-OUT] learned: loss 166.5942 acc 0.204  vs  muon(lr=0.03): loss 0.0000 acc 1.000
pes 20025  seg-loss -18.5490  ema -6.7186
pes 20050  seg-loss -8.1913  ema -7.4086
pes 20075  seg-loss -0.7336  ema -7.8626
pes 20100  seg-loss -8.1440  ema -5.7655
pes 20125  seg-loss -12.3824  ema -6.9326
pes 20150  seg-loss -19.2828  ema -9.5832
pes 20175  seg-loss -2.2740  ema -9.0771
pes 20200  seg-loss -1.7470  ema -7.3094
pes 20225  seg-loss -1.9763  ema -5.2352
pes 20250  seg-loss -19.8632  ema -7.6402
pes 20275  seg-loss -18.1362  ema -11.1161
pes 20300  seg-loss -16.3763  ema -10.6408
pes 20325  seg-loss -2.1662  ema -7.0333
pes 20350  seg-loss -3.1028  ema -6.2774
pes 20375  seg-loss 0.1007  ema -4.2549
pes 20400  seg-loss -0.0545  ema -2.5780
pes 20425  seg-loss -18.0285  ema -5.0384
pes 20450  seg-loss -17.6287  ema -9.3283
pes 20475  seg-loss -20.2143  ema -10.9966
pes 20500  seg-loss -0.4484  ema -6.6751
pes 20525  seg-loss -13.4757  ema -5.6678
pes 20550  seg-loss -1.2908  ema -7.0850
pes 20575  seg-loss -18.9230  ema -6.8519
pes 20600  seg-loss -0.0452  ema -8.3493
pes 20625  seg-loss -2.3048  ema -5.2022
pes 20650  seg-loss -19.8351  ema -10.0593
pes 20675  seg-loss -18.9344  ema -10.4492
  probe-score -2.2820 (new best, saved)
pes 20700  seg-loss -11.8914  ema -8.4111
pes 20725  seg-loss -4.5907  ema -8.2290
pes 20750  seg-loss -6.5970  ema -6.4926
pes 20775  seg-loss -2.4135  ema -8.8777
pes 20800  seg-loss -8.5159  ema -9.3227
pes 20825  seg-loss -1.6308  ema -7.8393
pes 20850  seg-loss 0.3939  ema -5.9374
pes 20875  seg-loss -6.2585  ema -3.9846
pes 20900  seg-loss -1.6577  ema -3.5579
pes 20925  seg-loss -19.9768  ema -8.7195
pes 20950  seg-loss -0.1341  ema -9.2343
pes 20975  seg-loss 0.4309  ema -5.1834
pes 21000  seg-loss -17.2276  ema -7.3290
pes 21025  seg-loss -12.0976  ema -11.2415
pes 21050  seg-loss -0.0165  ema -7.7400
pes 21075  seg-loss -1.4278  ema -5.0401
pes 21100  seg-loss -0.6939  ema -7.4861
pes 21125  seg-loss -0.5847  ema -8.7498
pes 21150  seg-loss -20.4812  ema -8.0183
pes 21175  seg-loss -4.9327  ema -9.0862
pes 21200  seg-loss -3.7397  ema -6.8950
pes 21225  seg-loss -4.1346  ema -5.3764
pes 21250  seg-loss -2.3143  ema -7.8402
pes 21275  seg-loss -3.6406  ema -7.4129
pes 21300  seg-loss 0.4435  ema -5.1664
pes 21325  seg-loss -2.8807  ema -3.9404
pes 21350  seg-loss 1.0846  ema -3.9965
pes 21375  seg-loss -3.2826  ema -2.8544
pes 21400  seg-loss -1.0551  ema -2.5155
pes 21425  seg-loss -20.5580  ema -4.9548
pes 21450  seg-loss -19.0549  ema -6.2109
pes 21475  seg-loss -0.3684  ema -7.4149
pes 21500  seg-loss -0.0233  ema -8.5905
pes 21525  seg-loss -3.9269  ema -6.3278
pes 21550  seg-loss -16.1212  ema -8.8558
pes 21575  seg-loss -1.7647  ema -8.3488
pes 21600  seg-loss -19.7436  ema -10.0149
pes 21625  seg-loss -3.0955  ema -7.8934
pes 21650  seg-loss -18.9010  ema -8.6517
pes 21675  seg-loss -1.7587  ema -7.9574
pes 21700  seg-loss -18.7288  ema -10.6361
pes 21725  seg-loss -20.0187  ema -12.6701
pes 21750  seg-loss -19.2436  ema -13.0446
pes 21775  seg-loss -15.5737  ema -10.0355
pes 21800  seg-loss -0.6910  ema -6.9187
pes 21825  seg-loss -0.5222  ema -4.2836
pes 21850  seg-loss 0.0612  ema -2.9124
pes 21875  seg-loss -3.6250  ema -2.2030
pes 21900  seg-loss -11.2772  ema -6.7119
pes 21925  seg-loss -14.6265  ema -9.6644
pes 21950  seg-loss -1.8740  ema -8.5476
pes 21975  seg-loss 0.2901  ema -5.2152
pes 22000  seg-loss -3.5303  ema -4.0334
pes 22025  seg-loss 3.2080  ema -3.3280
pes 22050  seg-loss -0.7059  ema -3.3232
pes 22075  seg-loss -4.9643  ema -3.1823
pes 22100  seg-loss -13.1075  ema -7.3411
pes 22125  seg-loss -11.2484  ema -9.9905
pes 22150  seg-loss -0.5493  ema -12.2054
pes 22175  seg-loss 0.3991  ema -9.6875
pes 22200  seg-loss -1.4328  ema -5.9357
pes 22225  seg-loss -19.5766  ema -5.4578
pes 22250  seg-loss -0.8790  ema -7.2100
pes 22275  seg-loss -16.6591  ema -8.5005
pes 22300  seg-loss -4.7293  ema -6.5582
pes 22325  seg-loss -10.6069  ema -6.6249
pes 22350  seg-loss -5.8554  ema -8.8055
pes 22375  seg-loss -1.9105  ema -10.4725
pes 22400  seg-loss -0.1886  ema -9.6421
pes 22425  seg-loss -2.2081  ema -10.0323
pes 22450  seg-loss -1.5751  ema -6.8417
pes 22475  seg-loss -20.0743  ema -8.7906
pes 22500  seg-loss -0.5694  ema -7.0322
pes 22525  seg-loss -1.0306  ema -5.4717
pes 22550  seg-loss -3.0241  ema -2.4638
pes 22575  seg-loss -2.5076  ema -3.6922
pes 22600  seg-loss -17.5096  ema -4.9019
pes 22625  seg-loss -20.6439  ema -10.4131
pes 22650  seg-loss -8.4575  ema -8.2405
pes 22675  seg-loss -3.5899  ema -8.5509
pes 22700  seg-loss -3.7679  ema -6.4543
pes 22725  seg-loss -17.4474  ema -9.8106
pes 22750  seg-loss -3.6175  ema -6.4911
pes 22775  seg-loss -20.0210  ema -6.9679
pes 22800  seg-loss -4.3292  ema -8.2772
pes 22825  seg-loss -3.7079  ema -6.0036
pes 22850  seg-loss -0.2469  ema -4.8521
pes 22875  seg-loss -5.1621  ema -3.4748
pes 22900  seg-loss -5.9158  ema -5.2120
pes 22925  seg-loss -18.4858  ema -8.4846
pes 22950  seg-loss -4.8558  ema -8.1402
pes 22975  seg-loss -2.8243  ema -8.7887
pes 23000  seg-loss -4.6517  ema -6.4358
pes 23025  seg-loss -6.5038  ema -3.5808
pes 23050  seg-loss 2.9916  ema -2.5867
pes 23075  seg-loss -0.2665  ema -1.2556
pes 23100  seg-loss -19.6401  ema -3.9098
pes 23125  seg-loss -15.7069  ema -5.0153
pes 23150  seg-loss -1.0789  ema -6.0769
pes 23175  seg-loss -15.5610  ema -6.1906
pes 23200  seg-loss -3.4587  ema -6.3430
pes 23225  seg-loss 0.2929  ema -4.8866
pes 23250  seg-loss -0.5545  ema -3.3183
pes 23275  seg-loss -1.3990  ema -7.1479
pes 23300  seg-loss -14.7403  ema -8.0193
pes 23325  seg-loss -0.3347  ema -9.9070
pes 23350  seg-loss -3.4857  ema -6.4407
pes 23375  seg-loss -2.3993  ema -8.7752
pes 23400  seg-loss 0.2282  ema -9.4410
pes 23425  seg-loss -0.0470  ema -5.8862
pes 23450  seg-loss -18.7895  ema -6.7762
pes 23475  seg-loss -2.8352  ema -6.4081
pes 23500  seg-loss -19.7138  ema -9.3069
pes 23525  seg-loss -0.5616  ema -7.2877
pes 23550  seg-loss -20.2888  ema -6.9723
pes 23575  seg-loss -0.5377  ema -8.0545
pes 23600  seg-loss -6.8785  ema -5.0884
pes 23625  seg-loss 3.3312  ema -4.5593
pes 23650  seg-loss -19.8306  ema -7.4659
pes 23675  seg-loss -0.7294  ema -8.0147
pes 23700  seg-loss -1.0460  ema -8.9807
pes 23725  seg-loss -17.9409  ema -8.1720
pes 23750  seg-loss -18.7143  ema -11.0171
pes 23775  seg-loss -1.8641  ema -8.7185
pes 23800  seg-loss -1.8259  ema -5.8434
pes 23825  seg-loss -1.3699  ema -3.9332
pes 23850  seg-loss -19.9568  ema -5.0680
pes 23875  seg-loss -0.9006  ema -8.2698
  probe-score -2.4148 (new best, saved)
pes 23900  seg-loss -17.9963  ema -8.5854
pes 23925  seg-loss -0.0490  ema -7.5204
pes 23950  seg-loss -9.9463  ema -5.1653
pes 23975  seg-loss -1.1257  ema -8.0047
pes 24000  seg-loss -2.3369  ema -6.1334
  eval[h16] learned: loss 0.3907 acc 0.870  vs  muon(lr=0.1): loss 0.0018 acc 0.999
  eval[h64-wider] learned: loss 13.3169 acc 0.174  vs  muon(lr=0.1): loss 0.0000 acc 1.000
  eval[h16-long] learned: loss 0.1631 acc 0.951  vs  muon(lr=0.03): loss 0.0000 acc 1.000
  eval[fashion-h16 HELD-OUT] learned: loss 1.9367 acc 0.583  vs  muon(lr=0.03): loss 0.0000 acc 1.000
  eval[fashion-h64 HELD-OUT] learned: loss 21.5465 acc 0.190  vs  muon(lr=0.03): loss 0.0000 acc 1.000
pes 24025  seg-loss 0.3744  ema -4.6451
pes 24050  seg-loss -14.4601  ema -3.7486
pes 24075  seg-loss -1.2024  ema -6.0074
pes 24100  seg-loss -1.1123  ema -4.3864
pes 24125  seg-loss -20.4530  ema -7.6376
pes 24150  seg-loss -0.0411  ema -6.2044
pes 24175  seg-loss 0.0135  ema -4.5788
  probe-score -3.2351 (new best, saved)
pes 24200  seg-loss -20.1238  ema -5.0395
pes 24225  seg-loss -20.7233  ema -10.1873
pes 24250  seg-loss -2.3377  ema -8.7116
pes 24275  seg-loss -2.2531  ema -10.3979
pes 24300  seg-loss -20.4527  ema -11.7248
pes 24325  seg-loss -18.8060  ema -14.4823
pes 24350  seg-loss -17.4977  ema -12.1415
pes 24375  seg-loss -20.5077  ema -11.1774
pes 24400  seg-loss -0.3282  ema -10.6756
pes 24425  seg-loss -6.6997  ema -7.3241
pes 24450  seg-loss -20.7074  ema -10.1095
pes 24475  seg-loss -20.4188  ema -12.7858
pes 24500  seg-loss -0.9504  ema -8.8738
pes 24525  seg-loss -1.3620  ema -8.7418
pes 24550  seg-loss -0.5296  ema -6.2077
pes 24575  seg-loss -2.6085  ema -5.6821
pes 24600  seg-loss 0.0384  ema -4.8293
pes 24625  seg-loss -1.7968  ema -4.3216
pes 24650  seg-loss -4.7030  ema -3.6984
pes 24675  seg-loss -4.2541  ema -4.0448
pes 24700  seg-loss 0.6229  ema -2.6204
pes 24725  seg-loss -19.5596  ema -7.2087
pes 24750  seg-loss -0.3499  ema -11.3690
pes 24775  seg-loss -3.4086  ema -7.8804
pes 24800  seg-loss -4.9851  ema -9.3579
pes 24825  seg-loss -19.7451  ema -9.7706
pes 24850  seg-loss -0.1244  ema -9.9826
pes 24875  seg-loss -2.2060  ema -6.2970
pes 24900  seg-loss -0.5193  ema -8.2807
pes 24925  seg-loss -5.7439  ema -6.4806
pes 24950  seg-loss -19.2760  ema -8.5428
pes 24975  seg-loss -8.9662  ema -8.2164
pes 25000  seg-loss -0.0572  ema -8.4408
pes 25025  seg-loss -4.7673  ema -5.7634
pes 25050  seg-loss -7.6254  ema -5.5205
pes 25075  seg-loss -2.7035  ema -5.4996
pes 25100  seg-loss -18.3875  ema -7.4902
pes 25125  seg-loss -14.7205  ema -8.5976
pes 25150  seg-loss -1.5716  ema -6.1463
pes 25175  seg-loss -1.9947  ema -4.7591
pes 25200  seg-loss -1.1258  ema -3.8980
pes 25225  seg-loss -0.0758  ema -2.5945
pes 25250  seg-loss -18.4955  ema -4.9174
pes 25275  seg-loss -18.3734  ema -8.7707
pes 25300  seg-loss -2.6604  ema -9.9895
pes 25325  seg-loss 4.4763  ema -6.9928
pes 25350  seg-loss -4.6398  ema -9.0844
pes 25375  seg-loss -12.9840  ema -11.8103
pes 25400  seg-loss -15.1749  ema -9.2072
pes 25425  seg-loss -8.3016  ema -9.3501
pes 25450  seg-loss -20.1568  ema -11.6380
pes 25475  seg-loss -1.4643  ema -9.0653
pes 25500  seg-loss -1.7979  ema -6.9672
pes 25525  seg-loss -18.5949  ema -7.3441
pes 25550  seg-loss -19.5863  ema -10.6474
pes 25575  seg-loss -19.1902  ema -11.1735
  probe-score -3.5150 (new best, saved)
pes 25600  seg-loss -0.4743  ema -12.9401
pes 25625  seg-loss -3.6688  ema -9.2365
pes 25650  seg-loss 2.6501  ema -10.0967
pes 25675  seg-loss -19.2381  ema -7.7156
pes 25700  seg-loss 0.1827  ema -9.1271
pes 25725  seg-loss -3.1818  ema -5.9544
pes 25750  seg-loss -11.2140  ema -5.4813
pes 25775  seg-loss -1.0568  ema -7.6040
pes 25800  seg-loss -0.0236  ema -4.9312
pes 25825  seg-loss -4.0705  ema -3.9177
pes 25850  seg-loss -20.3267  ema -6.4518
pes 25875  seg-loss -4.0268  ema -3.1588
pes 25900  seg-loss -1.3010  ema -3.2565
pes 25925  seg-loss -4.3167  ema -3.3709
pes 25950  seg-loss 0.0285  ema -2.4844
pes 25975  seg-loss -1.0189  ema -3.1687
pes 26000  seg-loss -0.1498  ema -2.4866
pes 26025  seg-loss -7.7975  ema -2.2262
pes 26050  seg-loss -1.2406  ema -5.6454
pes 26075  seg-loss -2.1013  ema -5.0839
pes 26100  seg-loss 2.0141  ema -5.4996
pes 26125  seg-loss -4.3500  ema -4.6843
pes 26150  seg-loss -3.2274  ema -9.5393
pes 26175  seg-loss -5.4229  ema -10.2716
pes 26200  seg-loss -0.5898  ema -6.5861
pes 26225  seg-loss -1.2871  ema -4.0785
pes 26250  seg-loss 0.0748  ema -5.0303
pes 26275  seg-loss -3.2378  ema -3.6079
pes 26300  seg-loss 2.0249  ema -2.4217
pes 26325  seg-loss -1.1802  ema -2.6301
pes 26350  seg-loss -19.3470  ema -4.7976
pes 26375  seg-loss -9.3303  ema -6.2533
pes 26400  seg-loss -1.5179  ema -5.5301
pes 26425  seg-loss -16.4059  ema -8.5880
pes 26450  seg-loss -0.7582  ema -9.4693
pes 26475  seg-loss -3.9631  ema -6.9158
pes 26500  seg-loss -1.3873  ema -5.3748
pes 26525  seg-loss -7.0763  ema -5.0451
pes 26550  seg-loss -18.4098  ema -8.9501
pes 26575  seg-loss -8.5858  ema -10.0572
pes 26600  seg-loss -1.8738  ema -10.0965
pes 26625  seg-loss -17.6364  ema -8.9009
pes 26650  seg-loss -0.6725  ema -11.4070
pes 26675  seg-loss 1.2139  ema -6.8467
pes 26700  seg-loss -18.5101  ema -9.6100
pes 26725  seg-loss -1.9604  ema -7.3407
pes 26750  seg-loss -5.3351  ema -8.8697
pes 26775  seg-loss -3.6545  ema -8.0432
pes 26800  seg-loss -1.7449  ema -5.7705
pes 26825  seg-loss -0.0686  ema -4.4259
pes 26850  seg-loss -18.9515  ema -7.9533
pes 26875  seg-loss 0.0247  ema -5.6164
pes 26900  seg-loss 0.5277  ema -3.2529
pes 26925  seg-loss -0.7323  ema -5.3707
pes 26950  seg-loss -15.2513  ema -5.2064
pes 26975  seg-loss -0.9721  ema -6.8501
  probe-score -3.5926 (new best, saved)
pes 27000  seg-loss -2.2826  ema -5.0239
pes 27025  seg-loss -1.5125  ema -4.3785
pes 27050  seg-loss -0.2033  ema -2.9644
pes 27075  seg-loss -16.1804  ema -3.8296
  probe-score -3.7594 (new best, saved)
pes 27100  seg-loss -3.6136  ema -4.5958
pes 27125  seg-loss -18.4883  ema -8.7902
pes 27150  seg-loss -3.7397  ema -7.0341
pes 27175  seg-loss -19.9458  ema -6.7245
pes 27200  seg-loss -3.5964  ema -8.3703
pes 27225  seg-loss -1.8772  ema -6.5549
pes 27250  seg-loss -4.3949  ema -5.2653
pes 27275  seg-loss -0.6139  ema -3.8373
pes 27300  seg-loss -2.1952  ema -2.9960
pes 27325  seg-loss -1.5441  ema -3.2347
pes 27350  seg-loss -2.2573  ema -2.6833
pes 27375  seg-loss -20.1262  ema -6.1642
pes 27400  seg-loss -0.6800  ema -7.6572
pes 27425  seg-loss -8.6177  ema -5.7508
pes 27450  seg-loss -14.7530  ema -6.8569
pes 27475  seg-loss -1.5004  ema -7.9798
pes 27500  seg-loss -10.8610  ema -6.8318
pes 27525  seg-loss -19.0694  ema -10.1998
pes 27550  seg-loss 0.0670  ema -8.2836
pes 27575  seg-loss -19.6431  ema -9.1996
pes 27600  seg-loss -20.0036  ema -11.8150
pes 27625  seg-loss -3.2438  ema -8.3259
pes 27650  seg-loss -18.0327  ema -10.1646
pes 27675  seg-loss -19.0639  ema -13.4650
  probe-score -3.9750 (new best, saved)
pes 27700  seg-loss -16.3452  ema -13.0903
pes 27725  seg-loss -19.3446  ema -14.9506
pes 27750  seg-loss -10.7553  ema -12.0781
pes 27775  seg-loss -1.0213  ema -8.9880
pes 27800  seg-loss -1.9314  ema -11.2795
pes 27825  seg-loss -6.4104  ema -8.2020
pes 27850  seg-loss -0.3404  ema -8.7537
pes 27875  seg-loss -0.0585  ema -5.3802
pes 27900  seg-loss -10.0178  ema -5.5028
pes 27925  seg-loss -17.0530  ema -8.5181
pes 27950  seg-loss -17.6055  ema -10.6699
pes 27975  seg-loss -0.0424  ema -13.5215
pes 28000  seg-loss -0.5100  ema -14.0706
  eval[h16] learned: loss 0.5508 acc 0.842  vs  muon(lr=0.1): loss 0.0018 acc 0.999
  eval[h64-wider] learned: loss 35.2750 acc 0.209  vs  muon(lr=0.1): loss 0.0000 acc 1.000
  eval[h16-long] learned: loss 0.0000 acc 1.000  vs  muon(lr=0.03): loss 0.0000 acc 1.000
  eval[fashion-h16 HELD-OUT] learned: loss 2.1577 acc 0.713  vs  muon(lr=0.03): loss 0.0000 acc 1.000
  eval[fashion-h64 HELD-OUT] learned: loss 120.3698 acc 0.180  vs  muon(lr=0.03): loss 0.0000 acc 1.000
pes 28025  seg-loss -3.9042  ema -9.7059
pes 28050  seg-loss -2.6052  ema -7.0861
pes 28075  seg-loss -17.7145  ema -10.3304
pes 28100  seg-loss -0.9538  ema -9.5573
pes 28125  seg-loss -17.2839  ema -8.3386
pes 28150  seg-loss -19.5277  ema -12.2796
pes 28175  seg-loss -3.2036  ema -9.6057
pes 28200  seg-loss -1.0857  ema -7.3992
pes 28225  seg-loss -4.0786  ema -5.6227
pes 28250  seg-loss -19.1292  ema -7.5970
pes 28275  seg-loss -4.4654  ema -7.5202
pes 28300  seg-loss -8.5290  ema -5.8624
pes 28325  seg-loss -5.3918  ema -5.9337
pes 28350  seg-loss -0.4745  ema -4.8093
pes 28375  seg-loss -0.8408  ema -4.0767
pes 28400  seg-loss -20.1893  ema -4.5113
pes 28425  seg-loss -20.1832  ema -7.4791
pes 28450  seg-loss -19.5285  ema -11.2988
pes 28475  seg-loss -3.7460  ema -8.0301
pes 28500  seg-loss -3.1752  ema -5.8494
pes 28525  seg-loss -15.0502  ema -7.4500
pes 28550  seg-loss -18.5782  ema -9.7504
pes 28575  seg-loss -3.0966  ema -7.4751
pes 28600  seg-loss -0.1806  ema -5.8834
pes 28625  seg-loss -0.0456  ema -4.2342
pes 28650  seg-loss -8.6131  ema -3.4686
pes 28675  seg-loss -7.8195  ema -5.5956
pes 28700  seg-loss -12.9740  ema -7.5547
pes 28725  seg-loss -11.4537  ema -7.9738
pes 28750  seg-loss -0.1385  ema -7.0727
pes 28775  seg-loss -20.2000  ema -8.1046
pes 28800  seg-loss -0.3619  ema -10.4140
pes 28825  seg-loss -18.3469  ema -8.8170
pes 28850  seg-loss -4.1756  ema -9.4110
pes 28875  seg-loss -19.2693  ema -9.8676
pes 28900  seg-loss -2.3556  ema -8.4165
pes 28925  seg-loss -3.6517  ema -7.3817
pes 28950  seg-loss -3.0406  ema -5.8397
pes 28975  seg-loss -2.8380  ema -4.6116
pes 29000  seg-loss -5.0956  ema -7.2997
pes 29025  seg-loss -14.9190  ema -5.9705
pes 29050  seg-loss 3.9811  ema -4.6068
pes 29075  seg-loss -19.4532  ema -5.1413
pes 29100  seg-loss -15.1698  ema -4.8425
pes 29125  seg-loss -19.3213  ema -9.5427
pes 29150  seg-loss -3.4598  ema -8.6909
pes 29175  seg-loss -0.8702  ema -6.0553
pes 29200  seg-loss 0.3839  ema -3.4803
pes 29225  seg-loss -3.8617  ema -3.0569
pes 29250  seg-loss -20.0258  ema -7.1702
pes 29275  seg-loss -19.8321  ema -10.2152
pes 29300  seg-loss -3.3304  ema -7.3079
pes 29325  seg-loss -17.7551  ema -8.6395
pes 29350  seg-loss -2.2336  ema -6.6264
pes 29375  seg-loss -1.1783  ema -8.6807
pes 29400  seg-loss -19.2869  ema -9.3898
pes 29425  seg-loss -18.8571  ema -10.2704
pes 29450  seg-loss -11.0833  ema -9.7388
pes 29475  seg-loss -0.5315  ema -7.1426
pes 29500  seg-loss -15.1179  ema -4.9374
pes 29525  seg-loss -15.0183  ema -9.1147
pes 29550  seg-loss 0.7427  ema -7.7096
pes 29575  seg-loss -13.2277  ema -7.2448
pes 29600  seg-loss -0.4562  ema -5.1123
pes 29625  seg-loss -11.7503  ema -6.2832
pes 29650  seg-loss -12.4182  ema -7.3869
pes 29675  seg-loss -12.9065  ema -6.4194
pes 29700  seg-loss -14.3862  ema -9.8937
pes 29725  seg-loss -13.1099  ema -9.6137
pes 29750  seg-loss -16.0927  ema -7.9437
pes 29775  seg-loss -6.5395  ema -9.2601
pes 29800  seg-loss -19.2117  ema -11.2708
pes 29825  seg-loss -19.0649  ema -12.9921
pes 29850  seg-loss -16.7852  ema -11.4746
pes 29875  seg-loss -3.0165  ema -11.2123
pes 29900  seg-loss -6.0728  ema -8.7060
pes 29925  seg-loss 0.1308  ema -6.6048
pes 29950  seg-loss -3.9596  ema -4.5138
pes 29975  seg-loss -4.6191  ema -4.2850
pes 30000  seg-loss -1.7047  ema -3.8089
pes 30025  seg-loss -20.3202  ema -4.8163
pes 30050  seg-loss -4.6072  ema -4.4126
pes 30075  seg-loss -16.5121  ema -6.8272
pes 30100  seg-loss -0.2593  ema -5.1898
pes 30125  seg-loss -20.2233  ema -4.3370
pes 30150  seg-loss -4.9757  ema -3.4928
pes 30175  seg-loss -4.7358  ema -2.0885
pes 30200  seg-loss -7.8526  ema -5.8541
pes 30225  seg-loss -11.4724  ema -9.7072
pes 30250  seg-loss -6.6154  ema -11.2281
pes 30275  seg-loss -4.0234  ema -9.1431
pes 30300  seg-loss -20.0969  ema -9.6485
pes 30325  seg-loss -3.8210  ema -8.6253
pes 30350  seg-loss -16.7425  ema -9.4915
pes 30375  seg-loss -6.5338  ema -7.4934
  probe-score -4.0537 (new best, saved)
pes 30400  seg-loss -19.7522  ema -8.8312
pes 30425  seg-loss -14.3017  ema -9.4390
pes 30450  seg-loss 3.9297  ema -9.2139
pes 30475  seg-loss -10.2202  ema -5.7971
pes 30500  seg-loss -10.2951  ema -8.1032
pes 30525  seg-loss -16.1233  ema -8.8422
pes 30550  seg-loss -18.6140  ema -10.7983
pes 30575  seg-loss -17.7742  ema -12.4695
  probe-score -4.4054 (new best, saved)
pes 30600  seg-loss -0.3713  ema -11.2553
pes 30625  seg-loss -20.0622  ema -8.1971
pes 30650  seg-loss -7.9994  ema -10.8531
pes 30675  seg-loss -0.9650  ema -9.3598
pes 30700  seg-loss -3.1567  ema -6.3807
pes 30725  seg-loss -1.5118  ema -5.2834
pes 30750  seg-loss -13.0248  ema -5.5906
pes 30775  seg-loss 2.4151  ema -3.9192
pes 30800  seg-loss -3.0397  ema -5.4729
pes 30825  seg-loss -2.2986  ema -7.4736
pes 30850  seg-loss -3.7867  ema -5.6338
pes 30875  seg-loss -4.0978  ema -5.3555
pes 30900  seg-loss -5.5485  ema -4.3760
pes 30925  seg-loss 0.2617  ema -3.3371
pes 30950  seg-loss -17.7080  ema -6.6675
pes 30975  seg-loss -4.3517  ema -5.2288
pes 31000  seg-loss -1.3873  ema -3.6414
pes 31025  seg-loss -4.3208  ema -3.4549
pes 31050  seg-loss -4.6921  ema -3.9902
pes 31075  seg-loss -19.9804  ema -7.8854
pes 31100  seg-loss -4.5260  ema -7.5252
pes 31125  seg-loss -14.3010  ema -9.3501
pes 31150  seg-loss -4.1541  ema -7.1059
pes 31175  seg-loss -4.2454  ema -5.7667
pes 31200  seg-loss -18.5865  ema -8.2682
pes 31225  seg-loss -0.3889  ema -5.6848
pes 31250  seg-loss -1.3605  ema -4.2980
pes 31275  seg-loss -2.2510  ema -3.5130
pes 31300  seg-loss -2.1198  ema -6.3055
pes 31325  seg-loss -19.0977  ema -9.0388
pes 31350  seg-loss -2.8547  ema -9.7127
pes 31375  seg-loss -18.1829  ema -7.7504
pes 31400  seg-loss -17.3304  ema -11.0973
pes 31425  seg-loss -20.7159  ema -14.3790
pes 31450  seg-loss -7.4772  ema -10.8110
pes 31475  seg-loss -17.8721  ema -11.9654
pes 31500  seg-loss -2.1499  ema -14.1052
pes 31525  seg-loss -13.4651  ema -11.8233
pes 31550  seg-loss -4.7663  ema -9.4132
pes 31575  seg-loss -19.1331  ema -10.3808
pes 31600  seg-loss -4.4121  ema -8.8555
pes 31625  seg-loss -4.1486  ema -6.4449
pes 31650  seg-loss -14.0401  ema -5.8945
pes 31675  seg-loss -3.1445  ema -7.8096
pes 31700  seg-loss -4.3790  ema -6.9715
pes 31725  seg-loss -0.0106  ema -5.0720
pes 31750  seg-loss -2.0814  ema -3.8181
pes 31775  seg-loss -1.7468  ema -6.3404
pes 31800  seg-loss -15.7301  ema -7.8984
pes 31825  seg-loss -10.0879  ema -11.9296
pes 31850  seg-loss -4.2626  ema -12.4304
pes 31875  seg-loss -19.7466  ema -12.5072
pes 31900  seg-loss -18.4875  ema -12.8476
pes 31925  seg-loss -18.2176  ema -13.5240
pes 31950  seg-loss -1.8580  ema -11.3690
pes 31975  seg-loss -4.9268  ema -8.1838
pes 32000  seg-loss -20.1190  ema -11.4143
  eval[h16] learned: loss 0.1376 acc 0.968  vs  muon(lr=0.1): loss 0.0018 acc 0.999
  eval[h64-wider] learned: loss 1.3332 acc 0.724  vs  muon(lr=0.1): loss 0.0000 acc 1.000
  eval[h16-long] learned: loss 0.0000 acc 1.000  vs  muon(lr=0.03): loss 0.0000 acc 1.000
  eval[fashion-h16 HELD-OUT] learned: loss 0.3773 acc 0.895  vs  muon(lr=0.03): loss 0.0000 acc 1.000
  eval[fashion-h64 HELD-OUT] learned: loss 2.9752 acc 0.434  vs  muon(lr=0.03): loss 0.0000 acc 1.000
pes 32025  seg-loss -18.8650  ema -12.9599
pes 32050  seg-loss -3.6859  ema -8.7933
pes 32075  seg-loss -19.6313  ema -9.1210
pes 32100  seg-loss -19.9754  ema -11.3467
pes 32125  seg-loss -4.0397  ema -10.5847
pes 32150  seg-loss -0.1788  ema -6.7781
pes 32175  seg-loss -4.0789  ema -5.1474
pes 32200  seg-loss -11.9797  ema -3.4895
pes 32225  seg-loss -8.6237  ema -7.9260
pes 32250  seg-loss -15.8512  ema -8.9220
pes 32275  seg-loss -2.8235  ema -6.8931
pes 32300  seg-loss -16.1778  ema -7.7248
pes 32325  seg-loss -4.3529  ema -6.9525
pes 32350  seg-loss -17.1708  ema -8.2339
pes 32375  seg-loss -11.5460  ema -10.0732
pes 32400  seg-loss 1.7655  ema -6.2084
pes 32425  seg-loss -14.1860  ema -4.8745
pes 32450  seg-loss -4.1487  ema -7.1814
pes 32475  seg-loss -2.0164  ema -6.3104
pes 32500  seg-loss -2.9193  ema -3.9003
pes 32525  seg-loss -20.6827  ema -6.4185
pes 32550  seg-loss -0.1349  ema -5.5579
pes 32575  seg-loss -3.3102  ema -4.8385
pes 32600  seg-loss -2.2802  ema -6.1386
pes 32625  seg-loss -3.9061  ema -6.1205
pes 32650  seg-loss -2.5597  ema -8.5273
pes 32675  seg-loss -2.2050  ema -6.6729
  probe-score -4.5334 (new best, saved)
pes 32700  seg-loss -3.8629  ema -5.3550
pes 32725  seg-loss -3.4251  ema -4.3690
pes 32750  seg-loss -2.4870  ema -4.0839
pes 32775  seg-loss -3.9802  ema -4.2187
pes 32800  seg-loss -19.1128  ema -6.6508
pes 32825  seg-loss -19.2948  ema -9.0888
pes 32850  seg-loss -1.8331  ema -9.5032
pes 32875  seg-loss -4.3850  ema -7.0642
pes 32900  seg-loss -6.7901  ema -5.9388
pes 32925  seg-loss -7.6370  ema -5.2328
pes 32950  seg-loss -0.3942  ema -4.7520
pes 32975  seg-loss -20.5314  ema -4.1219
pes 33000  seg-loss -17.1884  ema -3.2400
pes 33025  seg-loss -7.3885  ema -7.6863
pes 33050  seg-loss -15.4320  ema -9.3799
pes 33075  seg-loss -1.4048  ema -9.3982
pes 33100  seg-loss -0.4028  ema -11.0110
pes 33125  seg-loss -3.2165  ema -12.0781
pes 33150  seg-loss -0.6754  ema -12.2996
pes 33175  seg-loss -3.2879  ema -11.9020
pes 33200  seg-loss 0.0040  ema -10.6313
pes 33225  seg-loss -19.8615  ema -9.4865
pes 33250  seg-loss -15.5816  ema -11.3405
pes 33275  seg-loss -15.0305  ema -10.3335
pes 33300  seg-loss -14.0964  ema -10.4082
pes 33325  seg-loss -3.0248  ema -8.7313
pes 33350  seg-loss -1.6879  ema -6.3785
pes 33375  seg-loss -2.2962  ema -8.8319
pes 33400  seg-loss 0.0248  ema -10.2921
pes 33425  seg-loss -4.0545  ema -6.5512
pes 33450  seg-loss -19.0595  ema -7.6670
pes 33475  seg-loss -4.7679  ema -8.0448
pes 33500  seg-loss -20.0871  ema -9.0331
pes 33525  seg-loss -13.0774  ema -9.8145
pes 33550  seg-loss -16.7306  ema -10.5308
pes 33575  seg-loss 0.0040  ema -7.9152
pes 33600  seg-loss -8.7118  ema -5.3715
pes 33625  seg-loss -14.1769  ema -8.2285
pes 33650  seg-loss -3.3044  ema -7.1580
pes 33675  seg-loss -0.2608  ema -5.4320
pes 33700  seg-loss -1.8664  ema -8.8255
pes 33725  seg-loss -13.8142  ema -8.3272
pes 33750  seg-loss -0.9802  ema -9.3857
pes 33775  seg-loss -0.0797  ema -6.8399
  probe-score -4.7765 (new best, saved)
pes 33800  seg-loss -18.9128  ema -10.2541
pes 33825  seg-loss -4.0766  ema -7.4305
pes 33850  seg-loss -1.9739  ema -6.2804
pes 33875  seg-loss -2.0418  ema -5.4896
pes 33900  seg-loss -19.3594  ema -5.0663
pes 33925  seg-loss -8.7716  ema -8.2289
pes 33950  seg-loss -4.0525  ema -7.2437
pes 33975  seg-loss -1.7068  ema -5.1544
pes 34000  seg-loss -4.5473  ema -4.2579
pes 34025  seg-loss -3.7674  ema -3.7376
pes 34050  seg-loss -4.8104  ema -3.7402
pes 34075  seg-loss -19.5648  ema -8.7018
pes 34100  seg-loss -0.0564  ema -6.2787
pes 34125  seg-loss -3.9719  ema -5.1155
pes 34150  seg-loss -17.9950  ema -6.4425
pes 34175  seg-loss -4.4158  ema -7.3607
pes 34200  seg-loss -7.7785  ema -6.4803
pes 34225  seg-loss -3.5200  ema -6.7619
pes 34250  seg-loss -0.7190  ema -6.9820
pes 34275  seg-loss -15.6427  ema -8.4130
pes 34300  seg-loss -6.3261  ema -6.8437
pes 34325  seg-loss -2.5099  ema -8.2872
pes 34350  seg-loss 5.8913  ema -6.1829
pes 34375  seg-loss -3.4598  ema -2.7398
pes 34400  seg-loss -0.0439  ema -2.8578
pes 34425  seg-loss -1.9741  ema -2.0318
pes 34450  seg-loss -8.6580  ema -6.6620
pes 34475  seg-loss -18.2245  ema -7.2192
pes 34500  seg-loss -3.6294  ema -5.4915
pes 34525  seg-loss 0.4089  ema -5.1398
pes 34550  seg-loss -6.2565  ema -4.2004
pes 34575  seg-loss -1.7245  ema -6.6599
pes 34600  seg-loss -2.9169  ema -5.0579
pes 34625  seg-loss -18.5643  ema -5.8288
pes 34650  seg-loss -18.3350  ema -10.6475
pes 34675  seg-loss -18.0824  ema -10.2240
pes 34700  seg-loss -1.0126  ema -10.5103
pes 34725  seg-loss -3.3278  ema -12.1749
pes 34750  seg-loss -0.8303  ema -9.8112
pes 34775  seg-loss -14.3971  ema -8.4327
pes 34800  seg-loss -20.2494  ema -6.1803
pes 34825  seg-loss -3.7725  ema -9.5091
pes 34850  seg-loss -19.5997  ema -12.3003
pes 34875  seg-loss -1.1722  ema -10.9567
pes 34900  seg-loss -19.1667  ema -9.3065
pes 34925  seg-loss -19.7960  ema -11.9990
pes 34950  seg-loss -20.6042  ema -12.9188
pes 34975  seg-loss -9.1898  ema -12.7014
pes 35000  seg-loss -16.2524  ema -12.0325
pes 35025  seg-loss -3.6334  ema -10.9176
pes 35050  seg-loss -0.4950  ema -7.1648
pes 35075  seg-loss -0.1057  ema -4.4253
pes 35100  seg-loss -0.0696  ema -7.1862
pes 35125  seg-loss -20.2875  ema -5.1150
pes 35150  seg-loss -1.7720  ema -8.6338
pes 35175  seg-loss -17.5481  ema -9.1828
  probe-score -5.3066 (new best, saved)
pes 35200  seg-loss -4.7081  ema -7.5722
pes 35225  seg-loss 0.5550  ema -4.9257
pes 35250  seg-loss -0.5405  ema -5.8531
pes 35275  seg-loss -1.2225  ema -4.8413
pes 35300  seg-loss -2.5738  ema -4.1508
pes 35325  seg-loss -3.3869  ema -4.4019
pes 35350  seg-loss -15.2422  ema -5.1339
pes 35375  seg-loss -4.2495  ema -5.5265
pes 35400  seg-loss -4.2212  ema -4.7505
pes 35425  seg-loss 3.6699  ema -8.2770
pes 35450  seg-loss -16.6757  ema -7.7685
pes 35475  seg-loss -18.3315  ema -10.5637
pes 35500  seg-loss -3.6716  ema -9.7222
pes 35525  seg-loss 0.0185  ema -6.8241
pes 35550  seg-loss -9.8776  ema -5.8330
pes 35575  seg-loss -7.4099  ema -7.0695
pes 35600  seg-loss -18.7592  ema -10.8055
pes 35625  seg-loss -2.8958  ema -8.2496
pes 35650  seg-loss -17.5706  ema -9.4001
pes 35675  seg-loss -4.2823  ema -7.9516
pes 35700  seg-loss -4.8579  ema -6.4909
pes 35725  seg-loss -19.7031  ema -7.0446
pes 35750  seg-loss -0.4738  ema -8.4169
pes 35775  seg-loss -1.6301  ema -9.8175
pes 35800  seg-loss -18.5455  ema -13.0528
pes 35825  seg-loss -17.5852  ema -12.9849
pes 35850  seg-loss -15.3569  ema -11.8079
pes 35875  seg-loss -2.0248  ema -7.7782
pes 35900  seg-loss -8.9226  ema -10.1651
pes 35925  seg-loss -20.5979  ema -13.1496
pes 35950  seg-loss -12.4159  ema -11.8027
pes 35975  seg-loss -11.8194  ema -10.6767
pes 36000  seg-loss -5.3679  ema -10.5220
  eval[h16] learned: loss 0.5291 acc 0.827  vs  muon(lr=0.1): loss 0.0018 acc 0.999
  eval[h64-wider] learned: loss 2.0343 acc 0.650  vs  muon(lr=0.1): loss 0.0000 acc 1.000
  eval[h16-long] learned: loss 0.0055 acc 0.999  vs  muon(lr=0.03): loss 0.0000 acc 1.000
  eval[fashion-h16 HELD-OUT] learned: loss 1.9692 acc 0.399  vs  muon(lr=0.03): loss 0.0000 acc 1.000
  eval[fashion-h64 HELD-OUT] learned: loss 2.2951 acc 0.361  vs  muon(lr=0.03): loss 0.0000 acc 1.000
pes 36025  seg-loss -1.4868  ema -9.0850
pes 36050  seg-loss 0.1879  ema -6.9908
pes 36075  seg-loss -5.0246  ema -5.4485
pes 36100  seg-loss -1.5942  ema -6.4848
pes 36125  seg-loss -16.5708  ema -6.4262
pes 36150  seg-loss -18.4325  ema -9.4916
pes 36175  seg-loss -12.7026  ema -9.5611
pes 36200  seg-loss -0.0639  ema -8.0082
pes 36225  seg-loss -14.7308  ema -6.7480
pes 36250  seg-loss -5.2975  ema -8.0302
pes 36275  seg-loss 2.3279  ema -6.5453
pes 36300  seg-loss -18.8156  ema -10.1376
pes 36325  seg-loss -7.6172  ema -11.7460
pes 36350  seg-loss -1.2326  ema -10.5460
pes 36375  seg-loss 0.0136  ema -6.5755
pes 36400  seg-loss -0.2623  ema -9.7337
pes 36425  seg-loss -3.2339  ema -10.0049
pes 36450  seg-loss -0.6664  ema -7.7132
pes 36475  seg-loss -17.1720  ema -9.5288
pes 36500  seg-loss -19.5277  ema -11.5382
pes 36525  seg-loss -18.9702  ema -13.0034
pes 36550  seg-loss 0.1145  ema -11.9457
pes 36575  seg-loss -16.1740  ema -13.2750
pes 36600  seg-loss 0.1252  ema -12.2335
pes 36625  seg-loss -19.6815  ema -9.8519
pes 36650  seg-loss -1.8906  ema -9.2578
pes 36675  seg-loss -15.9515  ema -9.7507
pes 36700  seg-loss -0.4774  ema -6.6417
pes 36725  seg-loss -6.2184  ema -5.4968
pes 36750  seg-loss 1.7715  ema -8.4284
pes 36775  seg-loss -10.6201  ema -5.5012
  probe-score -5.3303 (new best, saved)
pes 36800  seg-loss -13.2391  ema -7.9700
pes 36825  seg-loss -0.1777  ema -10.3920
pes 36850  seg-loss -20.4259  ema -9.4688
pes 36875  seg-loss -5.0431  ema -9.7670
pes 36900  seg-loss -2.9012  ema -6.9938
pes 36925  seg-loss -15.5165  ema -6.5959
pes 36950  seg-loss -19.6287  ema -10.5149
pes 36975  seg-loss -14.4639  ema -8.8342
pes 37000  seg-loss -16.0283  ema -10.6140
pes 37025  seg-loss 4.5625  ema -9.9757
pes 37050  seg-loss -5.3846  ema -7.3822
pes 37075  seg-loss -1.3177  ema -9.7489
pes 37100  seg-loss -5.1486  ema -7.6425
pes 37125  seg-loss -16.1311  ema -7.3028
pes 37150  seg-loss 1.4075  ema -6.4828
pes 37175  seg-loss -19.2094  ema -8.8373
pes 37200  seg-loss -3.6869  ema -5.8939
pes 37225  seg-loss -4.8687  ema -4.6417
pes 37250  seg-loss 3.1126  ema -6.2325
pes 37275  seg-loss -16.3636  ema -5.0084
pes 37300  seg-loss 0.5469  ema -6.0414
pes 37325  seg-loss -5.1146  ema -4.5931
pes 37350  seg-loss -19.7881  ema -7.9734
pes 37375  seg-loss -10.8283  ema -8.3243
pes 37400  seg-loss -0.0530  ema -6.1967
pes 37425  seg-loss -10.8954  ema -5.0051
pes 37450  seg-loss -0.0026  ema -5.1862
pes 37475  seg-loss 0.2386  ema -3.6913
pes 37500  seg-loss -18.8196  ema -8.1867
pes 37525  seg-loss -1.9878  ema -5.5476
pes 37550  seg-loss -17.1321  ema -6.7504
pes 37575  seg-loss -2.4958  ema -10.4915
pes 37600  seg-loss -0.4097  ema -12.2869
pes 37625  seg-loss 0.0322  ema -8.4064
pes 37650  seg-loss -4.0696  ema -6.2939
pes 37675  seg-loss -11.7290  ema -6.4689
pes 37700  seg-loss -3.6006  ema -8.1081
pes 37725  seg-loss 0.4331  ema -5.5665
pes 37750  seg-loss -17.1809  ema -6.2716
pes 37775  seg-loss -4.9237  ema -6.4114
pes 37800  seg-loss -1.4010  ema -5.3160
pes 37825  seg-loss -1.0791  ema -8.4247
pes 37850  seg-loss -19.2046  ema -8.1457
pes 37875  seg-loss -13.6540  ema -9.7826
pes 37900  seg-loss -18.8512  ema -12.5793
pes 37925  seg-loss -4.3057  ema -11.5836
pes 37950  seg-loss -4.8414  ema -8.7044
pes 37975  seg-loss -1.1660  ema -7.4940
pes 38000  seg-loss -2.7987  ema -5.7659
pes 38025  seg-loss -4.1490  ema -5.2531
pes 38050  seg-loss -0.0746  ema -5.9265
pes 38075  seg-loss -8.0689  ema -4.9647
pes 38100  seg-loss -16.4646  ema -6.2965
pes 38125  seg-loss -19.9630  ema -8.5482
pes 38150  seg-loss -9.8715  ema -8.0688
pes 38175  seg-loss -0.1994  ema -5.7787
pes 38200  seg-loss 1.4552  ema -8.9588
pes 38225  seg-loss -2.5888  ema -5.6026
pes 38250  seg-loss -10.1689  ema -9.4209
pes 38275  seg-loss -3.4274  ema -10.1582
pes 38300  seg-loss -10.7027  ema -9.0957
pes 38325  seg-loss -4.9900  ema -7.6594
pes 38350  seg-loss -5.5860  ema -4.8786
pes 38375  seg-loss -19.0015  ema -7.3955
pes 38400  seg-loss -1.8311  ema -7.9313
pes 38425  seg-loss -5.3324  ema -6.3679
pes 38450  seg-loss -1.0296  ema -5.2038
pes 38475  seg-loss -5.0474  ema -4.5932
pes 38500  seg-loss -15.6026  ema -6.2171
pes 38525  seg-loss -0.0740  ema -5.1991
pes 38550  seg-loss 0.5890  ema -3.8456
pes 38575  seg-loss -1.8911  ema -3.8852
pes 38600  seg-loss -1.6238  ema -6.8252
pes 38625  seg-loss -8.3380  ema -5.3052
pes 38650  seg-loss -16.8885  ema -8.3105
pes 38675  seg-loss -0.0654  ema -7.8922
pes 38700  seg-loss -3.2523  ema -5.6651
pes 38725  seg-loss -0.1389  ema -3.6687
pes 38750  seg-loss -1.7235  ema -2.2767
pes 38775  seg-loss -7.5151  ema -4.6788
pes 38800  seg-loss -0.4013  ema -6.4741
pes 38825  seg-loss -7.4931  ema -6.8837
pes 38850  seg-loss 5.7426  ema -7.3858
pes 38875  seg-loss -4.3896  ema -4.1020
pes 38900  seg-loss -20.7039  ema -6.2845
pes 38925  seg-loss -18.4274  ema -9.8885
pes 38950  seg-loss -3.9701  ema -9.2480
pes 38975  seg-loss 0.3550  ema -6.5923
pes 39000  seg-loss -3.8216  ema -4.6765
pes 39025  seg-loss -19.7604  ema -5.9901
pes 39050  seg-loss -4.4555  ema -8.6140
pes 39075  seg-loss -5.1307  ema -7.0326
pes 39100  seg-loss -9.3250  ema -6.4361
pes 39125  seg-loss -1.1391  ema -8.3232
pes 39150  seg-loss -16.1853  ema -6.9263
pes 39175  seg-loss 0.0371  ema -7.3349
pes 39200  seg-loss -18.3842  ema -8.2969
pes 39225  seg-loss -20.7134  ema -12.7365
pes 39250  seg-loss -20.1844  ema -13.5770
pes 39275  seg-loss -19.5804  ema -13.5710
pes 39300  seg-loss -1.4712  ema -11.0485
pes 39325  seg-loss -2.6604  ema -11.0305
pes 39350  seg-loss -19.8897  ema -11.5993
pes 39375  seg-loss -20.7206  ema -12.3851
pes 39400  seg-loss -1.4287  ema -13.2047
pes 39425  seg-loss -0.1282  ema -13.0160
pes 39450  seg-loss -1.1420  ema -9.1373
pes 39475  seg-loss -1.0498  ema -6.8701
pes 39500  seg-loss -16.4124  ema -9.0210
pes 39525  seg-loss -13.2791  ema -9.2398
pes 39550  seg-loss -1.5102  ema -10.2090
pes 39575  seg-loss -4.9611  ema -8.3266
pes 39600  seg-loss -0.4231  ema -7.8135
pes 39625  seg-loss -14.8799  ema -6.9573
pes 39650  seg-loss -1.3668  ema -4.5153
pes 39675  seg-loss -2.2906  ema -3.7022
pes 39700  seg-loss -7.8464  ema -5.1087
pes 39725  seg-loss -9.4068  ema -8.4015
pes 39750  seg-loss -0.1555  ema -9.6457
pes 39775  seg-loss -2.2328  ema -11.9534
pes 39800  seg-loss -0.5727  ema -9.9079
pes 39825  seg-loss -3.3059  ema -7.9806
pes 39850  seg-loss -4.2665  ema -6.5820
pes 39875  seg-loss -20.6520  ema -10.3568
pes 39900  seg-loss -16.3734  ema -11.3540
pes 39925  seg-loss -2.6734  ema -8.9169
pes 39950  seg-loss -20.2406  ema -8.3360
pes 39975  seg-loss -19.2479  ema -11.3043
  eval[h16] learned: loss 0.0122 acc 0.997  vs  muon(lr=0.1): loss 0.0018 acc 0.999
  eval[h64-wider] learned: loss 0.8383 acc 0.812  vs  muon(lr=0.1): loss 0.0000 acc 1.000
  eval[h16-long] learned: loss 0.0000 acc 1.000  vs  muon(lr=0.03): loss 0.0000 acc 1.000
  eval[fashion-h16 HELD-OUT] learned: loss 0.2322 acc 0.965  vs  muon(lr=0.03): loss 0.0000 acc 1.000
  eval[fashion-h64 HELD-OUT] learned: loss 1.5602 acc 0.464  vs  muon(lr=0.03): loss 0.0000 acc 1.000
done
