learned optimizer has 19473 meta-parameters (independent of problem dim)
pes     0  seg-loss 0.3637  ema 0.3637  episode-step 20
  eval[same-dim] learned: loss 1962.674 acc 0.066  sgd(lr=0.3): loss 0.328 acc 0.967  adam(lr=0.03): loss 0.011 acc 0.998
  eval[same-dim-long] learned: loss 64679.652 acc 0.066  sgd(lr=0.3): loss 0.016 acc 1.000  adam(lr=0.03): loss 0.000 acc 1.000
  eval[4x-wider] learned: loss 7532.696 acc 0.068  sgd(lr=0.3): loss 0.191 acc 0.998  adam(lr=0.01): loss 0.001 acc 1.000
pes    25  seg-loss 4.4341  ema 1.6704  episode-step 120
pes    50  seg-loss 0.6606  ema 1.9768  episode-step 220
pes    75  seg-loss 0.7605  ema 1.7441  episode-step 320
pes   100  seg-loss -0.2138  ema -0.7724  episode-step 20
pes   125  seg-loss -0.8838  ema -1.1647  episode-step 120
pes   150  seg-loss -16.4747  ema -1.7525  episode-step 220
pes   175  seg-loss -6.2367  ema -2.7301  episode-step 320
pes   200  seg-loss -0.2211  ema -1.8384  episode-step 20
pes   225  seg-loss -9.2345  ema -2.2818  episode-step 120
pes   250  seg-loss -10.5509  ema -3.7025  episode-step 220
pes   275  seg-loss -16.3894  ema -5.3504  episode-step 320
pes   300  seg-loss -0.2930  ema -4.0797  episode-step 20
pes   325  seg-loss -2.3762  ema -4.3986  episode-step 120
pes   350  seg-loss -2.3387  ema -4.5982  episode-step 220
pes   375  seg-loss -2.3369  ema -4.7471  episode-step 320
pes   400  seg-loss -1.3921  ema -4.5400  episode-step 20
pes   425  seg-loss -6.0983  ema -5.1840  episode-step 120
pes   450  seg-loss -10.7374  ema -5.0169  episode-step 220
pes   475  seg-loss -1.1072  ema -4.4535  episode-step 320
pes   500  seg-loss -0.0837  ema -3.6882  episode-step 20
pes   525  seg-loss 1.1671  ema -2.9411  episode-step 120
pes   550  seg-loss -15.0462  ema -2.8348  episode-step 220
pes   575  seg-loss -2.3832  ema -4.0487  episode-step 320
pes   600  seg-loss 0.2114  ema -4.0245  episode-step 20
pes   625  seg-loss -14.7249  ema -3.2593  episode-step 120
pes   650  seg-loss -10.9517  ema -4.8446  episode-step 220
pes   675  seg-loss -13.2222  ema -5.9580  episode-step 320
pes   700  seg-loss -1.1271  ema -5.8048  episode-step 20
pes   725  seg-loss -1.4718  ema -7.0588  episode-step 120
pes   750  seg-loss -18.6917  ema -6.9673  episode-step 220
pes   775  seg-loss -2.3209  ema -7.5706  episode-step 320
pes   800  seg-loss -1.1149  ema -7.5984  episode-step 20
pes   825  seg-loss -1.8412  ema -7.6077  episode-step 120
pes   850  seg-loss -1.1550  ema -6.3659  episode-step 220
pes   875  seg-loss -7.3320  ema -5.0756  episode-step 320
pes   900  seg-loss -0.4463  ema -4.5834  episode-step 20
pes   925  seg-loss -7.8793  ema -4.2156  episode-step 120
pes   950  seg-loss -2.1947  ema -4.7517  episode-step 220
pes   975  seg-loss -10.7736  ema -4.8627  episode-step 320
pes  1000  seg-loss -1.0352  ema -4.9617  episode-step 20
pes  1025  seg-loss -5.6744  ema -5.6491  episode-step 120
pes  1050  seg-loss 0.0258  ema -4.8951  episode-step 220
pes  1075  seg-loss -17.7164  ema -5.5032  episode-step 320
pes  1100  seg-loss -0.1402  ema -4.3140  episode-step 20
pes  1125  seg-loss -1.9426  ema -4.3189  episode-step 120
pes  1150  seg-loss -14.9854  ema -4.7421  episode-step 220
pes  1175  seg-loss -2.4144  ema -5.5138  episode-step 320
pes  1200  seg-loss 0.1411  ema -5.1167  episode-step 20
pes  1225  seg-loss -0.3555  ema -3.9871  episode-step 120
pes  1250  seg-loss -15.1777  ema -3.6591  episode-step 220
pes  1275  seg-loss -9.1579  ema -4.8078  episode-step 320
pes  1300  seg-loss -1.1717  ema -4.4611  episode-step 20
pes  1325  seg-loss -2.3332  ema -5.5289  episode-step 120
pes  1350  seg-loss -12.1108  ema -5.3790  episode-step 220
pes  1375  seg-loss -19.4819  ema -6.6397  episode-step 320
pes  1400  seg-loss -1.2874  ema -6.8769  episode-step 20
pes  1425  seg-loss -2.1661  ema -6.9274  episode-step 120
pes  1450  seg-loss -17.0410  ema -6.9594  episode-step 220
pes  1475  seg-loss -16.0239  ema -7.2135  episode-step 320
pes  1500  seg-loss -0.9747  ema -7.3621  episode-step 20
pes  1525  seg-loss -10.2586  ema -7.0073  episode-step 120
pes  1550  seg-loss -17.4144  ema -7.6313  episode-step 220
pes  1575  seg-loss -15.5391  ema -7.8237  episode-step 320
pes  1600  seg-loss 0.3851  ema -8.1583  episode-step 20
pes  1625  seg-loss -13.3540  ema -5.8015  episode-step 120
pes  1650  seg-loss -15.4880  ema -6.9287  episode-step 220
pes  1675  seg-loss -16.4919  ema -7.5841  episode-step 320
pes  1700  seg-loss -0.5889  ema -7.6227  episode-step 20
pes  1725  seg-loss -0.6138  ema -7.0566  episode-step 120
pes  1750  seg-loss -4.1064  ema -5.0083  episode-step 220
pes  1775  seg-loss -14.9185  ema -5.1637  episode-step 320
pes  1800  seg-loss -0.0063  ema -5.9276  episode-step 20
pes  1825  seg-loss -1.6023  ema -4.2012  episode-step 120
pes  1850  seg-loss -18.5441  ema -4.5754  episode-step 220
pes  1875  seg-loss -16.3716  ema -5.9073  episode-step 320
pes  1900  seg-loss -0.5561  ema -6.2954  episode-step 20
pes  1925  seg-loss -0.1239  ema -5.9664  episode-step 120
pes  1950  seg-loss -2.2964  ema -4.7807  episode-step 220
pes  1975  seg-loss -12.2681  ema -5.0097  episode-step 320
pes  2000  seg-loss -1.0427  ema -5.0048  episode-step 20
  eval[same-dim] learned: loss 0.350 acc 0.875  sgd(lr=0.3): loss 0.328 acc 0.967  adam(lr=0.03): loss 0.011 acc 0.998
  eval[same-dim-long] learned: loss 0.031 acc 0.990  sgd(lr=0.3): loss 0.016 acc 1.000  adam(lr=0.03): loss 0.000 acc 1.000
  eval[4x-wider] learned: loss 0.153 acc 0.955  sgd(lr=0.3): loss 0.191 acc 0.998  adam(lr=0.01): loss 0.001 acc 1.000
pes  2025  seg-loss -2.3120  ema -5.5775  episode-step 120
pes  2050  seg-loss -17.7842  ema -5.9776  episode-step 220
pes  2075  seg-loss -10.7804  ema -6.1122  episode-step 320
pes  2100  seg-loss -1.5442  ema -6.4187  episode-step 20
pes  2125  seg-loss -12.3346  ema -6.9002  episode-step 120
pes  2150  seg-loss -17.6831  ema -7.4540  episode-step 220
pes  2175  seg-loss -2.3122  ema -7.8614  episode-step 320
pes  2200  seg-loss -1.5159  ema -5.9516  episode-step 20
pes  2225  seg-loss -9.5824  ema -6.2275  episode-step 120
pes  2250  seg-loss -2.4502  ema -7.0280  episode-step 220
pes  2275  seg-loss -18.6926  ema -7.8482  episode-step 320
pes  2300  seg-loss -0.9685  ema -7.8159  episode-step 20
pes  2325  seg-loss -16.1072  ema -7.8341  episode-step 120
pes  2350  seg-loss -17.2197  ema -7.3705  episode-step 220
pes  2375  seg-loss -19.0586  ema -8.0604  episode-step 320
pes  2400  seg-loss -1.0517  ema -8.5231  episode-step 20
pes  2425  seg-loss -16.8227  ema -8.2060  episode-step 120
pes  2450  seg-loss -8.2608  ema -7.6602  episode-step 220
pes  2475  seg-loss -18.9785  ema -7.4745  episode-step 320
pes  2500  seg-loss -1.0195  ema -7.6025  episode-step 20
pes  2525  seg-loss -15.0043  ema -7.7426  episode-step 120
pes  2550  seg-loss -9.6579  ema -7.3399  episode-step 220
pes  2575  seg-loss -2.0358  ema -5.6609  episode-step 320
pes  2600  seg-loss -0.8777  ema -5.9972  episode-step 20
pes  2625  seg-loss -7.8731  ema -6.2607  episode-step 120
pes  2650  seg-loss -16.4728  ema -6.4423  episode-step 220
pes  2675  seg-loss -0.4723  ema -5.4058  episode-step 320
pes  2700  seg-loss -0.7568  ema -5.6470  episode-step 20
pes  2725  seg-loss -13.1152  ema -6.0729  episode-step 120
pes  2750  seg-loss -0.0768  ema -5.5588  episode-step 220
pes  2775  seg-loss -17.8990  ema -5.9721  episode-step 320
pes  2800  seg-loss -1.1325  ema -6.0117  episode-step 20
pes  2825  seg-loss -12.8583  ema -6.8810  episode-step 120
pes  2850  seg-loss -2.2861  ema -7.2270  episode-step 220
pes  2875  seg-loss -2.1261  ema -7.2057  episode-step 320
pes  2900  seg-loss -0.6187  ema -7.2968  episode-step 20
pes  2925  seg-loss -6.0660  ema -7.0944  episode-step 120
pes  2950  seg-loss -13.1082  ema -7.1691  episode-step 220
pes  2975  seg-loss -16.4460  ema -7.0027  episode-step 320
pes  3000  seg-loss -1.3211  ema -7.2646  episode-step 20
pes  3025  seg-loss -1.5245  ema -7.0240  episode-step 120
pes  3050  seg-loss -1.8948  ema -4.9773  episode-step 220
pes  3075  seg-loss -0.6406  ema -3.6341  episode-step 320
pes  3100  seg-loss -0.9598  ema -4.3733  episode-step 20
pes  3125  seg-loss -1.7233  ema -4.0854  episode-step 120
pes  3150  seg-loss -12.0953  ema -3.9951  episode-step 220
pes  3175  seg-loss -10.8030  ema -4.6737  episode-step 320
pes  3200  seg-loss -1.1608  ema -4.8861  episode-step 20
pes  3225  seg-loss -9.8202  ema -5.4968  episode-step 120
pes  3250  seg-loss -15.1516  ema -6.0795  episode-step 220
pes  3275  seg-loss -1.8975  ema -5.2584  episode-step 320
pes  3300  seg-loss 0.0818  ema -3.0822  episode-step 20
pes  3325  seg-loss -1.7450  ema -2.8023  episode-step 120
pes  3350  seg-loss -4.7936  ema -2.6966  episode-step 220
pes  3375  seg-loss -10.7929  ema -4.0163  episode-step 320
pes  3400  seg-loss -0.3980  ema -4.3415  episode-step 20
pes  3425  seg-loss -7.7585  ema -4.4896  episode-step 120
pes  3450  seg-loss -7.8103  ema -4.9624  episode-step 220
pes  3475  seg-loss -17.7613  ema -5.9285  episode-step 320
pes  3500  seg-loss -1.3893  ema -6.5744  episode-step 20
pes  3525  seg-loss -14.1267  ema -6.6764  episode-step 120
pes  3550  seg-loss -2.3469  ema -6.5757  episode-step 220
pes  3575  seg-loss -11.0377  ema -6.2296  episode-step 320
pes  3600  seg-loss -0.6969  ema -6.3395  episode-step 20
pes  3625  seg-loss -11.4378  ema -6.1147  episode-step 120
pes  3650  seg-loss -0.5252  ema -5.8324  episode-step 220
pes  3675  seg-loss -10.6647  ema -4.9786  episode-step 320
pes  3700  seg-loss -0.0397  ema -5.1639  episode-step 20
pes  3725  seg-loss -2.2735  ema -4.0207  episode-step 120
pes  3750  seg-loss -17.9917  ema -4.6084  episode-step 220
pes  3775  seg-loss -17.8080  ema -6.5197  episode-step 320
pes  3800  seg-loss 0.5050  ema -6.6759  episode-step 20
pes  3825  seg-loss -9.7178  ema -5.0478  episode-step 120
pes  3850  seg-loss -2.3583  ema -5.8669  episode-step 220
pes  3875  seg-loss -18.9714  ema -6.4138  episode-step 320
pes  3900  seg-loss -0.9051  ema -6.3957  episode-step 20
pes  3925  seg-loss -11.8589  ema -6.7586  episode-step 120
pes  3950  seg-loss -16.5422  ema -6.8231  episode-step 220
pes  3975  seg-loss -17.6874  ema -7.1894  episode-step 320
pes  4000  seg-loss 0.6471  ema -7.5156  episode-step 20
  eval[same-dim] learned: loss 0.465 acc 0.842  sgd(lr=0.3): loss 0.328 acc 0.967  adam(lr=0.03): loss 0.011 acc 0.998
  eval[same-dim-long] learned: loss 4.452 acc 0.893  sgd(lr=0.3): loss 0.016 acc 1.000  adam(lr=0.03): loss 0.000 acc 1.000
  eval[4x-wider] learned: loss 0.073 acc 0.982  sgd(lr=0.3): loss 0.191 acc 0.998  adam(lr=0.01): loss 0.001 acc 1.000
pes  4025  seg-loss -11.4689  ema -6.0383  episode-step 120
pes  4050  seg-loss -11.8556  ema -6.6193  episode-step 220
pes  4075  seg-loss 0.5023  ema -4.9574  episode-step 320
pes  4100  seg-loss -0.2092  ema -5.4125  episode-step 20
pes  4125  seg-loss -2.1765  ema -4.3141  episode-step 120
pes  4150  seg-loss -16.3091  ema -4.8812  episode-step 220
pes  4175  seg-loss -10.2196  ema -5.4545  episode-step 320
pes  4200  seg-loss -0.6809  ema -5.5023  episode-step 20
pes  4225  seg-loss -2.3530  ema -5.5416  episode-step 120
pes  4250  seg-loss -12.2404  ema -5.5354  episode-step 220
pes  4275  seg-loss -6.9005  ema -5.3493  episode-step 320
pes  4300  seg-loss 2.0017  ema -5.1467  episode-step 20
pes  4325  seg-loss -5.5365  ema -3.6148  episode-step 120
pes  4350  seg-loss -2.3267  ema -4.0517  episode-step 220
pes  4375  seg-loss -8.2099  ema -3.9848  episode-step 320
pes  4400  seg-loss -0.9185  ema -4.0679  episode-step 20
pes  4425  seg-loss -7.0127  ema -4.8382  episode-step 120
pes  4450  seg-loss -2.3275  ema -5.2817  episode-step 220
pes  4475  seg-loss -14.7949  ema -5.6746  episode-step 320
pes  4500  seg-loss -1.4693  ema -6.0376  episode-step 20
pes  4525  seg-loss -8.3368  ema -6.0512  episode-step 120
pes  4550  seg-loss -4.0892  ema -5.9492  episode-step 220
pes  4575  seg-loss -2.4301  ema -5.7398  episode-step 320
pes  4600  seg-loss -1.3154  ema -5.2496  episode-step 20
pes  4625  seg-loss -11.2998  ema -5.5482  episode-step 120
pes  4650  seg-loss -12.2781  ema -5.7080  episode-step 220
pes  4675  seg-loss -17.6721  ema -6.5328  episode-step 320
pes  4700  seg-loss -0.3480  ema -7.1219  episode-step 20
pes  4725  seg-loss -0.7726  ema -5.5541  episode-step 120
pes  4750  seg-loss -2.3887  ema -4.6645  episode-step 220
pes  4775  seg-loss -15.2203  ema -5.3666  episode-step 320
pes  4800  seg-loss -0.9222  ema -5.5621  episode-step 20
pes  4825  seg-loss -2.3396  ema -5.5073  episode-step 120
pes  4850  seg-loss -12.7867  ema -5.4397  episode-step 220
pes  4875  seg-loss -2.4762  ema -5.9108  episode-step 320
pes  4900  seg-loss -1.7214  ema -5.8874  episode-step 20
pes  4925  seg-loss -6.3519  ema -5.9391  episode-step 120
pes  4950  seg-loss -16.5190  ema -6.3202  episode-step 220
pes  4975  seg-loss -9.2634  ema -6.1265  episode-step 320
pes  5000  seg-loss -1.5384  ema -4.3907  episode-step 20
pes  5025  seg-loss -9.2237  ema -5.6290  episode-step 120
pes  5050  seg-loss -14.0613  ema -6.4692  episode-step 220
pes  5075  seg-loss -2.3259  ema -6.8528  episode-step 320
pes  5100  seg-loss -0.6669  ema -7.4279  episode-step 20
pes  5125  seg-loss -2.4037  ema -7.4722  episode-step 120
pes  5150  seg-loss -15.9409  ema -7.1922  episode-step 220
pes  5175  seg-loss -16.4750  ema -7.0902  episode-step 320
pes  5200  seg-loss -0.8623  ema -6.8291  episode-step 20
pes  5225  seg-loss -2.3935  ema -6.3268  episode-step 120
pes  5250  seg-loss -15.0522  ema -6.2705  episode-step 220
pes  5275  seg-loss -10.8268  ema -6.4530  episode-step 320
pes  5300  seg-loss -1.0162  ema -6.4327  episode-step 20
pes  5325  seg-loss 1.0227  ema -5.7548  episode-step 120
pes  5350  seg-loss 0.3126  ema -3.7938  episode-step 220
pes  5375  seg-loss 0.3985  ema -2.6778  episode-step 320
pes  5400  seg-loss -1.0843  ema -2.5172  episode-step 20
pes  5425  seg-loss -8.4987  ema -3.7612  episode-step 120
pes  5450  seg-loss -13.4060  ema -4.5726  episode-step 220
pes  5475  seg-loss -9.9354  ema -5.5312  episode-step 320
pes  5500  seg-loss -0.8068  ema -5.1555  episode-step 20
pes  5525  seg-loss -13.7930  ema -4.9519  episode-step 120
pes  5550  seg-loss -2.2646  ema -5.9903  episode-step 220
pes  5575  seg-loss -18.3851  ema -6.2645  episode-step 320
pes  5600  seg-loss 0.2837  ema -6.5149  episode-step 20
pes  5625  seg-loss -2.4007  ema -5.9567  episode-step 120
pes  5650  seg-loss -5.8388  ema -5.4584  episode-step 220
pes  5675  seg-loss -0.2832  ema -4.1308  episode-step 320
pes  5700  seg-loss -0.2128  ema -3.8674  episode-step 20
pes  5725  seg-loss 1.0286  ema -3.9172  episode-step 120
pes  5750  seg-loss -8.9242  ema -3.4402  episode-step 220
pes  5775  seg-loss -1.4107  ema -3.2865  episode-step 320
pes  5800  seg-loss 0.1336  ema -3.1180  episode-step 20
pes  5825  seg-loss -4.5885  ema -3.5415  episode-step 120
pes  5850  seg-loss 1.3491  ema -3.1222  episode-step 220
pes  5875  seg-loss -10.2999  ema -3.2602  episode-step 320
pes  5900  seg-loss -0.5656  ema -4.3753  episode-step 20
pes  5925  seg-loss -2.3728  ema -3.8901  episode-step 120
pes  5950  seg-loss 1.7693  ema -3.2050  episode-step 220
pes  5975  seg-loss -3.2703  ema -2.6233  episode-step 320
pes  6000  seg-loss -0.2631  ema -3.6257  episode-step 20
  eval[same-dim] learned: loss 1.132 acc 0.629  sgd(lr=0.3): loss 0.328 acc 0.967  adam(lr=0.03): loss 0.011 acc 0.998
  eval[same-dim-long] learned: loss 3.040 acc 0.791  sgd(lr=0.3): loss 0.016 acc 1.000  adam(lr=0.03): loss 0.000 acc 1.000
  eval[4x-wider] learned: loss 14.026 acc 0.727  sgd(lr=0.3): loss 0.191 acc 0.998  adam(lr=0.01): loss 0.001 acc 1.000
pes  6025  seg-loss 0.6617  ema -3.3035  episode-step 120
pes  6050  seg-loss -19.0096  ema -3.5547  episode-step 220
pes  6075  seg-loss -13.7972  ema -5.1894  episode-step 320
pes  6100  seg-loss -0.0853  ema -5.6081  episode-step 20
pes  6125  seg-loss -4.7379  ema -4.0993  episode-step 120
pes  6150  seg-loss -2.7031  ema -3.8439  episode-step 220
pes  6175  seg-loss -1.0968  ema -3.0790  episode-step 320
pes  6200  seg-loss -0.8765  ema -2.2113  episode-step 20
pes  6225  seg-loss -1.9330  ema -2.2191  episode-step 120
pes  6250  seg-loss -13.8229  ema -2.9216  episode-step 220
pes  6275  seg-loss -13.9235  ema -4.4999  episode-step 320
pes  6300  seg-loss -0.1531  ema -4.7289  episode-step 20
pes  6325  seg-loss -2.1027  ema -4.4798  episode-step 120
pes  6350  seg-loss -2.3071  ema -4.4802  episode-step 220
pes  6375  seg-loss -2.2155  ema -4.4942  episode-step 320
pes  6400  seg-loss 0.3040  ema -4.7400  episode-step 20
pes  6425  seg-loss -5.0187  ema -3.6874  episode-step 120
pes  6450  seg-loss -12.9107  ema -4.1250  episode-step 220
pes  6475  seg-loss -1.3879  ema -3.8750  episode-step 320
pes  6500  seg-loss -1.6557  ema -4.9032  episode-step 20
pes  6525  seg-loss -9.2109  ema -5.9506  episode-step 120
pes  6550  seg-loss -8.8749  ema -6.0276  episode-step 220
pes  6575  seg-loss -11.6275  ema -6.0001  episode-step 320
pes  6600  seg-loss -0.9443  ema -4.9702  episode-step 20
pes  6625  seg-loss -15.2692  ema -4.6774  episode-step 120
pes  6650  seg-loss -15.5398  ema -5.3663  episode-step 220
pes  6675  seg-loss -13.7219  ema -6.4121  episode-step 320
pes  6700  seg-loss -1.1797  ema -6.4419  episode-step 20
pes  6725  seg-loss -2.2695  ema -5.7220  episode-step 120
pes  6750  seg-loss -14.0868  ema -5.8683  episode-step 220
pes  6775  seg-loss 0.5689  ema -4.5927  episode-step 320
pes  6800  seg-loss 0.4419  ema -4.2456  episode-step 20
pes  6825  seg-loss -9.7229  ema -3.2894  episode-step 120
pes  6850  seg-loss -18.8388  ema -4.7215  episode-step 220
pes  6875  seg-loss -2.3001  ema -5.6138  episode-step 320
pes  6900  seg-loss 0.0846  ema -5.2430  episode-step 20
pes  6925  seg-loss 1.2768  ema -3.4911  episode-step 120
pes  6950  seg-loss -2.3771  ema -2.7868  episode-step 220
pes  6975  seg-loss -2.2574  ema -2.7900  episode-step 320
pes  7000  seg-loss -0.3520  ema -2.7596  episode-step 20
pes  7025  seg-loss -13.5823  ema -3.6401  episode-step 120
pes  7050  seg-loss -9.9213  ema -4.3640  episode-step 220
pes  7075  seg-loss -7.1595  ema -4.6478  episode-step 320
pes  7100  seg-loss -1.0522  ema -5.5724  episode-step 20
pes  7125  seg-loss -6.5343  ema -5.3965  episode-step 120
pes  7150  seg-loss -16.2326  ema -5.5694  episode-step 220
pes  7175  seg-loss -17.3969  ema -6.7682  episode-step 320
pes  7200  seg-loss -0.7848  ema -6.8760  episode-step 20
pes  7225  seg-loss -16.1277  ema -6.5841  episode-step 120
pes  7250  seg-loss -8.4047  ema -6.7310  episode-step 220
pes  7275  seg-loss -2.3685  ema -6.5014  episode-step 320
pes  7300  seg-loss -0.3157  ema -6.3984  episode-step 20
pes  7325  seg-loss -3.8775  ema -5.3514  episode-step 120
pes  7350  seg-loss -2.1126  ema -4.7005  episode-step 220
pes  7375  seg-loss -4.8976  ema -4.3071  episode-step 320
pes  7400  seg-loss 0.2594  ema -4.1658  episode-step 20
pes  7425  seg-loss -0.9424  ema -2.9753  episode-step 120
pes  7450  seg-loss 0.3761  ema -2.2977  episode-step 220
pes  7475  seg-loss -13.9569  ema -3.3543  episode-step 320
pes  7500  seg-loss -1.4409  ema -3.7709  episode-step 20
pes  7525  seg-loss -4.1884  ema -3.8558  episode-step 120
pes  7550  seg-loss -2.3326  ema -3.6728  episode-step 220
pes  7575  seg-loss -2.3624  ema -3.6942  episode-step 320
pes  7600  seg-loss -0.0331  ema -4.2608  episode-step 20
pes  7625  seg-loss -7.5927  ema -3.4033  episode-step 120
pes  7650  seg-loss -8.5387  ema -3.9963  episode-step 220
pes  7675  seg-loss -2.1736  ema -4.2191  episode-step 320
pes  7700  seg-loss -0.7526  ema -5.5606  episode-step 20
pes  7725  seg-loss -2.3444  ema -5.6135  episode-step 120
pes  7750  seg-loss -9.3595  ema -5.5543  episode-step 220
pes  7775  seg-loss -9.0878  ema -5.6983  episode-step 320
pes  7800  seg-loss -1.9365  ema -5.6457  episode-step 20
pes  7825  seg-loss -2.3361  ema -6.0935  episode-step 120
pes  7850  seg-loss -12.4168  ema -6.0250  episode-step 220
pes  7875  seg-loss -10.1009  ema -5.9636  episode-step 320
pes  7900  seg-loss -0.6222  ema -5.8050  episode-step 20
pes  7925  seg-loss -14.5399  ema -5.7785  episode-step 120
pes  7950  seg-loss -12.4798  ema -6.3277  episode-step 220
pes  7975  seg-loss -2.3145  ema -6.4770  episode-step 320
pes  8000  seg-loss -0.6730  ema -6.1451  episode-step 20
  eval[same-dim] learned: loss 0.237 acc 0.938  sgd(lr=0.3): loss 0.328 acc 0.967  adam(lr=0.03): loss 0.011 acc 0.998
  eval[same-dim-long] learned: loss 0.011 acc 0.996  sgd(lr=0.3): loss 0.016 acc 1.000  adam(lr=0.03): loss 0.000 acc 1.000
  eval[4x-wider] learned: loss 0.958 acc 0.879  sgd(lr=0.3): loss 0.191 acc 0.998  adam(lr=0.01): loss 0.001 acc 1.000
pes  8025  seg-loss -13.5555  ema -5.5585  episode-step 120
pes  8050  seg-loss -11.5627  ema -5.9460  episode-step 220
pes  8075  seg-loss -10.7552  ema -6.2798  episode-step 320
pes  8100  seg-loss -1.4927  ema -6.1734  episode-step 20
pes  8125  seg-loss -2.3243  ema -6.9151  episode-step 120
pes  8150  seg-loss -5.6606  ema -6.3974  episode-step 220
pes  8175  seg-loss -17.5409  ema -6.1834  episode-step 320
pes  8200  seg-loss -0.7938  ema -7.2490  episode-step 20
pes  8225  seg-loss -12.6602  ema -7.1415  episode-step 120
pes  8250  seg-loss -14.3866  ema -7.2098  episode-step 220
pes  8275  seg-loss -19.6302  ema -7.5166  episode-step 320
pes  8300  seg-loss -0.9664  ema -7.7664  episode-step 20
pes  8325  seg-loss -2.3881  ema -5.8107  episode-step 120
pes  8350  seg-loss -2.3509  ema -5.8214  episode-step 220
pes  8375  seg-loss -2.1349  ema -4.9149  episode-step 320
pes  8400  seg-loss -1.4700  ema -5.4622  episode-step 20
pes  8425  seg-loss -12.0086  ema -6.6783  episode-step 120
pes  8450  seg-loss -9.1919  ema -6.4349  episode-step 220
pes  8475  seg-loss -13.5935  ema -5.7985  episode-step 320
pes  8500  seg-loss -0.6300  ema -6.2596  episode-step 20
pes  8525  seg-loss -3.9756  ema -6.2075  episode-step 120
pes  8550  seg-loss -15.7348  ema -5.8104  episode-step 220
pes  8575  seg-loss -12.3001  ema -6.2466  episode-step 320
pes  8600  seg-loss -1.6798  ema -6.4967  episode-step 20
pes  8625  seg-loss -2.3013  ema -7.3807  episode-step 120
pes  8650  seg-loss -9.1984  ema -7.2279  episode-step 220
pes  8675  seg-loss -2.3707  ema -6.9312  episode-step 320
pes  8700  seg-loss 0.0305  ema -5.9405  episode-step 20
pes  8725  seg-loss -0.9748  ema -5.0293  episode-step 120
pes  8750  seg-loss -15.5048  ema -5.2977  episode-step 220
pes  8775  seg-loss -5.3901  ema -5.1676  episode-step 320
pes  8800  seg-loss -0.0697  ema -6.2689  episode-step 20
pes  8825  seg-loss 0.3824  ema -5.5278  episode-step 120
pes  8850  seg-loss 0.1611  ema -3.6015  episode-step 220
pes  8875  seg-loss -12.7902  ema -4.0709  episode-step 320
pes  8900  seg-loss -0.8329  ema -4.2927  episode-step 20
pes  8925  seg-loss -13.1861  ema -5.0799  episode-step 120
pes  8950  seg-loss 0.2649  ema -4.5375  episode-step 220
pes  8975  seg-loss -17.2229  ema -5.2214  episode-step 320
pes  9000  seg-loss -1.8077  ema -4.8197  episode-step 20
pes  9025  seg-loss -14.3870  ema -6.0574  episode-step 120
pes  9050  seg-loss -18.2600  ema -7.2642  episode-step 220
pes  9075  seg-loss -6.2667  ema -6.7667  episode-step 320
pes  9100  seg-loss 1.3158  ema -4.4276  episode-step 20
pes  9125  seg-loss -17.0549  ema -3.3551  episode-step 120
pes  9150  seg-loss -2.3505  ema -4.5173  episode-step 220
pes  9175  seg-loss -17.2276  ema -5.4917  episode-step 320
pes  9200  seg-loss 0.3011  ema -6.3908  episode-step 20
pes  9225  seg-loss -2.3766  ema -4.6475  episode-step 120
pes  9250  seg-loss -18.6906  ema -5.4380  episode-step 220
pes  9275  seg-loss -2.4155  ema -6.1792  episode-step 320
pes  9300  seg-loss -1.9473  ema -6.0996  episode-step 20
pes  9325  seg-loss -0.4784  ema -6.6048  episode-step 120
pes  9350  seg-loss -2.3513  ema -5.2497  episode-step 220
pes  9375  seg-loss -19.3283  ema -6.3275  episode-step 320
pes  9400  seg-loss -1.5393  ema -5.8830  episode-step 20
pes  9425  seg-loss -2.2055  ema -6.7178  episode-step 120
pes  9450  seg-loss -2.3752  ema -6.7294  episode-step 220
pes  9475  seg-loss -12.3355  ema -6.7589  episode-step 320
pes  9500  seg-loss 0.1076  ema -6.8282  episode-step 20
pes  9525  seg-loss -6.8349  ema -5.8428  episode-step 120
pes  9550  seg-loss -0.1657  ema -4.8317  episode-step 220
pes  9575  seg-loss -8.6219  ema -4.7079  episode-step 320
pes  9600  seg-loss -0.6718  ema -4.6529  episode-step 20
pes  9625  seg-loss -7.2481  ema -5.4460  episode-step 120
pes  9650  seg-loss -10.3498  ema -5.2026  episode-step 220
pes  9675  seg-loss -18.6673  ema -5.8120  episode-step 320
pes  9700  seg-loss -1.8149  ema -5.0501  episode-step 20
pes  9725  seg-loss -10.8963  ema -5.1500  episode-step 120
pes  9750  seg-loss -4.5219  ema -5.0852  episode-step 220
pes  9775  seg-loss -4.0459  ema -4.2272  episode-step 320
pes  9800  seg-loss -2.5446  ema -5.5118  episode-step 20
pes  9825  seg-loss -2.3679  ema -5.7196  episode-step 120
pes  9850  seg-loss -2.3791  ema -5.7397  episode-step 220
pes  9875  seg-loss -9.6331  ema -5.5839  episode-step 320
pes  9900  seg-loss -1.3251  ema -5.5363  episode-step 20
pes  9925  seg-loss -5.2329  ema -5.9303  episode-step 120
pes  9950  seg-loss -2.3723  ema -5.5415  episode-step 220
pes  9975  seg-loss -2.3186  ema -5.5500  episode-step 320
pes 10000  seg-loss -1.0761  ema -4.7164  episode-step 20
  eval[same-dim] learned: loss 1.836 acc 0.689  sgd(lr=0.3): loss 0.328 acc 0.967  adam(lr=0.03): loss 0.011 acc 0.998
  eval[same-dim-long] learned: loss 23.671 acc 0.723  sgd(lr=0.3): loss 0.016 acc 1.000  adam(lr=0.03): loss 0.000 acc 1.000
  eval[4x-wider] learned: loss 3.287 acc 0.852  sgd(lr=0.3): loss 0.191 acc 0.998  adam(lr=0.01): loss 0.001 acc 1.000
pes 10025  seg-loss -2.2408  ema -5.4664  episode-step 120
pes 10050  seg-loss -14.0034  ema -5.4245  episode-step 220
pes 10075  seg-loss -13.0555  ema -6.0546  episode-step 320
pes 10100  seg-loss -1.5567  ema -5.9364  episode-step 20
pes 10125  seg-loss -3.9724  ema -5.1054  episode-step 120
pes 10150  seg-loss -14.1544  ema -5.1858  episode-step 220
pes 10175  seg-loss -2.3466  ema -5.7560  episode-step 320
pes 10200  seg-loss -0.6410  ema -5.2707  episode-step 20
pes 10225  seg-loss -9.8822  ema -4.2333  episode-step 120
pes 10250  seg-loss -6.2169  ema -4.6640  episode-step 220
pes 10275  seg-loss -7.0916  ema -4.2958  episode-step 320
pes 10300  seg-loss 0.0803  ema -5.6274  episode-step 20
pes 10325  seg-loss -13.9501  ema -4.4400  episode-step 120
pes 10350  seg-loss -14.3527  ema -5.4833  episode-step 220
pes 10375  seg-loss -0.0253  ema -4.4892  episode-step 320
pes 10400  seg-loss -0.1112  ema -4.0554  episode-step 20
pes 10425  seg-loss -5.1630  ema -3.8073  episode-step 120
pes 10450  seg-loss -14.4952  ema -4.4293  episode-step 220
pes 10475  seg-loss -13.3611  ema -5.4623  episode-step 320
pes 10500  seg-loss -1.7381  ema -6.0286  episode-step 20
pes 10525  seg-loss -11.7237  ema -6.0403  episode-step 120
pes 10550  seg-loss -11.3745  ema -6.8131  episode-step 220
pes 10575  seg-loss -3.3668  ema -5.4941  episode-step 320
pes 10600  seg-loss -0.3712  ema -6.2530  episode-step 20
pes 10625  seg-loss -14.3138  ema -6.2655  episode-step 120
pes 10650  seg-loss -12.6759  ema -6.3056  episode-step 220
pes 10675  seg-loss -14.8756  ema -7.0511  episode-step 320
pes 10700  seg-loss -1.4255  ema -6.8371  episode-step 20
pes 10725  seg-loss -8.0199  ema -6.9389  episode-step 120
pes 10750  seg-loss -11.7938  ema -7.0484  episode-step 220
pes 10775  seg-loss -2.2927  ema -7.0243  episode-step 320
pes 10800  seg-loss -1.3344  ema -6.9580  episode-step 20
pes 10825  seg-loss -10.7239  ema -7.1180  episode-step 120
pes 10850  seg-loss -8.5932  ema -6.5597  episode-step 220
pes 10875  seg-loss -10.7695  ema -6.0642  episode-step 320
pes 10900  seg-loss 0.8004  ema -6.1467  episode-step 20
pes 10925  seg-loss -5.2239  ema -4.5183  episode-step 120
pes 10950  seg-loss -10.0635  ema -4.8429  episode-step 220
pes 10975  seg-loss -3.9859  ema -4.3927  episode-step 320
pes 11000  seg-loss -1.2422  ema -4.9902  episode-step 20
pes 11025  seg-loss -11.0278  ema -5.8150  episode-step 120
pes 11050  seg-loss -14.3889  ema -6.5547  episode-step 220
pes 11075  seg-loss -12.4143  ema -6.8815  episode-step 320
pes 11100  seg-loss -0.6431  ema -6.9033  episode-step 20
pes 11125  seg-loss -4.1550  ema -6.4134  episode-step 120
pes 11150  seg-loss -2.0892  ema -5.0911  episode-step 220
pes 11175  seg-loss -18.0914  ema -5.3354  episode-step 320
pes 11200  seg-loss -0.1003  ema -6.5056  episode-step 20
pes 11225  seg-loss -13.3252  ema -6.3384  episode-step 120
pes 11250  seg-loss -15.9517  ema -6.6097  episode-step 220
pes 11275  seg-loss -9.9759  ema -6.5193  episode-step 320
pes 11300  seg-loss -0.8831  ema -6.3911  episode-step 20
pes 11325  seg-loss -19.2898  ema -6.3564  episode-step 120
pes 11350  seg-loss -2.2179  ema -7.0131  episode-step 220
pes 11375  seg-loss -10.1120  ema -6.5145  episode-step 320
pes 11400  seg-loss -1.7566  ema -7.3584  episode-step 20
pes 11425  seg-loss -17.7740  ema -7.3107  episode-step 120
pes 11450  seg-loss -12.3105  ema -7.3091  episode-step 220
pes 11475  seg-loss -12.6536  ema -6.9357  episode-step 320
pes 11500  seg-loss -1.5107  ema -6.8853  episode-step 20
pes 11525  seg-loss -14.9718  ema -7.1290  episode-step 120
pes 11550  seg-loss -9.9234  ema -6.4681  episode-step 220
pes 11575  seg-loss -1.4238  ema -5.2091  episode-step 320
pes 11600  seg-loss -1.9812  ema -6.1939  episode-step 20
pes 11625  seg-loss -11.8335  ema -6.6952  episode-step 120
pes 11650  seg-loss -16.3433  ema -7.3789  episode-step 220
pes 11675  seg-loss -18.8973  ema -7.5312  episode-step 320
pes 11700  seg-loss -0.6451  ema -7.7076  episode-step 20
pes 11725  seg-loss -11.1406  ema -6.8145  episode-step 120
pes 11750  seg-loss -8.6464  ema -6.6544  episode-step 220
pes 11775  seg-loss -17.6256  ema -6.5454  episode-step 320
pes 11800  seg-loss -0.5649  ema -6.8077  episode-step 20
pes 11825  seg-loss -2.2459  ema -6.8109  episode-step 120
pes 11850  seg-loss -14.2590  ema -6.4850  episode-step 220
pes 11875  seg-loss -7.2534  ema -6.2455  episode-step 320
pes 11900  seg-loss -0.8373  ema -6.0432  episode-step 20
pes 11925  seg-loss -16.1676  ema -6.7261  episode-step 120
pes 11950  seg-loss -1.2504  ema -7.2239  episode-step 220
pes 11975  seg-loss -10.6178  ema -7.0900  episode-step 320
pes 12000  seg-loss -0.5482  ema -7.3251  episode-step 20
  eval[same-dim] learned: loss 0.081 acc 0.969  sgd(lr=0.3): loss 0.328 acc 0.967  adam(lr=0.03): loss 0.011 acc 0.998
  eval[same-dim-long] learned: loss 1.461 acc 0.936  sgd(lr=0.3): loss 0.016 acc 1.000  adam(lr=0.03): loss 0.000 acc 1.000
  eval[4x-wider] learned: loss 0.151 acc 0.961  sgd(lr=0.3): loss 0.191 acc 0.998  adam(lr=0.01): loss 0.001 acc 1.000
pes 12025  seg-loss -6.8553  ema -6.4405  episode-step 120
pes 12050  seg-loss -17.7356  ema -6.1942  episode-step 220
pes 12075  seg-loss -1.8784  ema -5.2393  episode-step 320
pes 12100  seg-loss -0.0065  ema -6.0659  episode-step 20
pes 12125  seg-loss -17.1643  ema -5.0187  episode-step 120
pes 12150  seg-loss 0.6900  ema -5.1974  episode-step 220
pes 12175  seg-loss -2.0239  ema -4.4578  episode-step 320
pes 12200  seg-loss -0.8765  ema -4.5329  episode-step 20
pes 12225  seg-loss -1.6616  ema -4.5492  episode-step 120
pes 12250  seg-loss -18.1927  ema -5.3062  episode-step 220
pes 12275  seg-loss -2.3192  ema -6.1251  episode-step 320
pes 12300  seg-loss -1.3166  ema -5.6293  episode-step 20
pes 12325  seg-loss -17.1039  ema -6.0248  episode-step 120
pes 12350  seg-loss -2.1921  ema -6.3283  episode-step 220
pes 12375  seg-loss -2.1519  ema -6.3289  episode-step 320
pes 12400  seg-loss -0.2166  ema -5.2400  episode-step 20
pes 12425  seg-loss -0.1810  ema -4.7012  episode-step 120
pes 12450  seg-loss -8.8011  ema -3.7510  episode-step 220
pes 12475  seg-loss -2.0060  ema -4.1505  episode-step 320
pes 12500  seg-loss -1.7910  ema -5.3440  episode-step 20
pes 12525  seg-loss -13.1758  ema -6.3766  episode-step 120
pes 12550  seg-loss -2.2868  ema -6.7354  episode-step 220
pes 12575  seg-loss -11.5651  ema -6.9768  episode-step 320
pes 12600  seg-loss -0.4785  ema -7.0714  episode-step 20
pes 12625  seg-loss -8.0035  ema -5.0819  episode-step 120
pes 12650  seg-loss -15.7997  ema -5.9696  episode-step 220
pes 12675  seg-loss -2.0306  ema -6.6136  episode-step 320
pes 12700  seg-loss 2.1809  ema -6.4768  episode-step 20
pes 12725  seg-loss -13.9457  ema -4.9684  episode-step 120
pes 12750  seg-loss -11.1967  ema -5.2533  episode-step 220
pes 12775  seg-loss -15.5800  ema -5.7854  episode-step 320
pes 12800  seg-loss -1.0649  ema -5.5960  episode-step 20
pes 12825  seg-loss -13.0294  ema -5.0986  episode-step 120
pes 12850  seg-loss -16.6675  ema -5.8901  episode-step 220
pes 12875  seg-loss -12.3340  ema -6.0210  episode-step 320
pes 12900  seg-loss -0.9901  ema -6.2175  episode-step 20
pes 12925  seg-loss -2.2611  ema -6.3190  episode-step 120
pes 12950  seg-loss -14.2889  ema -6.3209  episode-step 220
pes 12975  seg-loss -12.7221  ema -6.6785  episode-step 320
pes 13000  seg-loss 0.7136  ema -7.1594  episode-step 20
pes 13025  seg-loss -2.2516  ema -5.5185  episode-step 120
pes 13050  seg-loss -11.1223  ema -5.6288  episode-step 220
pes 13075  seg-loss -17.9897  ema -6.4413  episode-step 320
pes 13100  seg-loss -0.6259  ema -6.4385  episode-step 20
pes 13125  seg-loss -17.3560  ema -6.3339  episode-step 120
pes 13150  seg-loss -13.6777  ema -6.8265  episode-step 220
pes 13175  seg-loss -11.2713  ema -6.6850  episode-step 320
pes 13200  seg-loss -0.4312  ema -7.3304  episode-step 20
pes 13225  seg-loss -13.0103  ema -7.0622  episode-step 120
pes 13250  seg-loss -13.2586  ema -7.1667  episode-step 220
pes 13275  seg-loss -0.4211  ema -5.5966  episode-step 320
pes 13300  seg-loss -0.9634  ema -5.1737  episode-step 20
pes 13325  seg-loss -5.4822  ema -5.4748  episode-step 120
pes 13350  seg-loss 2.2171  ema -4.2439  episode-step 220
pes 13375  seg-loss -2.2232  ema -3.5567  episode-step 320
pes 13400  seg-loss -1.3063  ema -4.8730  episode-step 20
pes 13425  seg-loss -12.4878  ema -5.7469  episode-step 120
pes 13450  seg-loss -13.5894  ema -6.7899  episode-step 220
pes 13475  seg-loss -2.2929  ema -6.8105  episode-step 320
pes 13500  seg-loss -1.3299  ema -6.7154  episode-step 20
pes 13525  seg-loss 0.8966  ema -6.5330  episode-step 120
pes 13550  seg-loss -19.2844  ema -5.7636  episode-step 220
pes 13575  seg-loss -2.3411  ema -6.5129  episode-step 320
pes 13600  seg-loss -1.0254  ema -6.6747  episode-step 20
pes 13625  seg-loss -1.7565  ema -6.7892  episode-step 120
pes 13650  seg-loss -15.8528  ema -6.8148  episode-step 220
pes 13675  seg-loss -5.3690  ema -6.0936  episode-step 320
pes 13700  seg-loss -0.5487  ema -4.5899  episode-step 20
pes 13725  seg-loss -9.4639  ema -4.8209  episode-step 120
pes 13750  seg-loss -15.8872  ema -5.4240  episode-step 220
pes 13775  seg-loss -17.3612  ema -6.5397  episode-step 320
pes 13800  seg-loss -1.2953  ema -6.2407  episode-step 20
pes 13825  seg-loss -6.4659  ema -6.5155  episode-step 120
pes 13850  seg-loss -8.9040  ema -5.6178  episode-step 220
pes 13875  seg-loss -14.9200  ema -6.3204  episode-step 320
pes 13900  seg-loss -0.6995  ema -6.5092  episode-step 20
pes 13925  seg-loss -8.8953  ema -6.1962  episode-step 120
pes 13950  seg-loss -2.2917  ema -6.0274  episode-step 220
pes 13975  seg-loss -8.2402  ema -5.5449  episode-step 320
pes 14000  seg-loss -0.4700  ema -5.9769  episode-step 20
  eval[same-dim] learned: loss 0.717 acc 0.717  sgd(lr=0.3): loss 0.328 acc 0.967  adam(lr=0.03): loss 0.011 acc 0.998
  eval[same-dim-long] learned: loss 11.129 acc 0.797  sgd(lr=0.3): loss 0.016 acc 1.000  adam(lr=0.03): loss 0.000 acc 1.000
  eval[4x-wider] learned: loss 1.832 acc 0.875  sgd(lr=0.3): loss 0.191 acc 0.998  adam(lr=0.01): loss 0.001 acc 1.000
pes 14025  seg-loss -1.9236  ema -5.4879  episode-step 120
pes 14050  seg-loss -12.0732  ema -5.1039  episode-step 220
pes 14075  seg-loss -2.7889  ema -4.5939  episode-step 320
pes 14100  seg-loss -0.4532  ema -5.5163  episode-step 20
pes 14125  seg-loss -15.4790  ema -4.8419  episode-step 120
pes 14150  seg-loss -17.8837  ema -6.3280  episode-step 220
pes 14175  seg-loss -2.0671  ema -6.8222  episode-step 320
pes 14200  seg-loss -0.7005  ema -4.6207  episode-step 20
pes 14225  seg-loss -2.0346  ema -4.6713  episode-step 120
pes 14250  seg-loss -17.6475  ema -5.4055  episode-step 220
pes 14275  seg-loss -11.6962  ema -5.6133  episode-step 320
pes 14300  seg-loss -0.7319  ema -6.0553  episode-step 20
pes 14325  seg-loss -15.4044  ema -6.4576  episode-step 120
pes 14350  seg-loss -0.6491  ema -6.5911  episode-step 220
pes 14375  seg-loss -11.2201  ema -6.2822  episode-step 320
pes 14400  seg-loss -0.9109  ema -4.7351  episode-step 20
pes 14425  seg-loss -4.1145  ema -5.2085  episode-step 120
pes 14450  seg-loss -18.0837  ema -5.5270  episode-step 220
pes 14475  seg-loss -15.3246  ema -5.9475  episode-step 320
pes 14500  seg-loss -0.9162  ema -5.9776  episode-step 20
pes 14525  seg-loss -1.0460  ema -6.6186  episode-step 120
pes 14550  seg-loss -17.6113  ema -6.9331  episode-step 220
pes 14575  seg-loss -16.8801  ema -7.5482  episode-step 320
pes 14600  seg-loss -0.6569  ema -7.0449  episode-step 20
pes 14625  seg-loss -9.9966  ema -6.7739  episode-step 120
pes 14650  seg-loss -9.1656  ema -6.2980  episode-step 220
pes 14675  seg-loss -7.9118  ema -5.4524  episode-step 320
pes 14700  seg-loss 0.2260  ema -5.2455  episode-step 20
pes 14725  seg-loss -2.5489  ema -3.4164  episode-step 120
pes 14750  seg-loss -10.8780  ema -3.5202  episode-step 220
pes 14775  seg-loss -6.2566  ema -3.6520  episode-step 320
pes 14800  seg-loss -0.3092  ema -3.3604  episode-step 20
pes 14825  seg-loss -1.4800  ema -2.9579  episode-step 120
pes 14850  seg-loss -1.1918  ema -2.9910  episode-step 220
pes 14875  seg-loss -10.0917  ema -3.4836  episode-step 320
pes 14900  seg-loss -0.0166  ema -2.9641  episode-step 20
pes 14925  seg-loss -1.3915  ema -2.3153  episode-step 120
pes 14950  seg-loss -1.3132  ema -2.1050  episode-step 220
pes 14975  seg-loss -3.1493  ema -2.0258  episode-step 320
pes 15000  seg-loss -0.3998  ema -1.7219  episode-step 20
pes 15025  seg-loss -1.1724  ema -3.0541  episode-step 120
pes 15050  seg-loss -2.0744  ema -2.6763  episode-step 220
pes 15075  seg-loss -3.7073  ema -2.5342  episode-step 320
pes 15100  seg-loss -0.2090  ema -3.7273  episode-step 20
pes 15125  seg-loss -1.1230  ema -3.4867  episode-step 120
pes 15150  seg-loss 0.2757  ema -2.4485  episode-step 220
pes 15175  seg-loss -4.6551  ema -2.1848  episode-step 320
pes 15200  seg-loss 0.0166  ema -2.3628  episode-step 20
pes 15225  seg-loss -4.3862  ema -1.9734  episode-step 120
pes 15250  seg-loss -7.1339  ema -2.6531  episode-step 220
pes 15275  seg-loss -6.6487  ema -3.1087  episode-step 320
pes 15300  seg-loss 0.0106  ema -3.6220  episode-step 20
pes 15325  seg-loss -2.0616  ema -3.2125  episode-step 120
pes 15350  seg-loss 0.1239  ema -2.4714  episode-step 220
pes 15375  seg-loss -2.5298  ema -2.0606  episode-step 320
pes 15400  seg-loss -0.3862  ema -2.0896  episode-step 20
pes 15425  seg-loss -3.4416  ema -2.4165  episode-step 120
pes 15450  seg-loss -2.2024  ema -2.6012  episode-step 220
pes 15475  seg-loss -6.1087  ema -2.6891  episode-step 320
pes 15500  seg-loss -1.3649  ema -3.6222  episode-step 20
pes 15525  seg-loss -2.4502  ema -4.1450  episode-step 120
pes 15550  seg-loss -6.2089  ema -3.7902  episode-step 220
pes 15575  seg-loss -6.8811  ema -3.8276  episode-step 320
pes 15600  seg-loss 0.4779  ema -3.8203  episode-step 20
pes 15625  seg-loss -4.8900  ema -3.1648  episode-step 120
pes 15650  seg-loss -3.6971  ema -3.0187  episode-step 220
pes 15675  seg-loss -7.3589  ema -3.1617  episode-step 320
pes 15700  seg-loss 0.2989  ema -3.2647  episode-step 20
pes 15725  seg-loss -5.3922  ema -3.1980  episode-step 120
pes 15750  seg-loss -2.3104  ema -3.5413  episode-step 220
pes 15775  seg-loss -9.1632  ema -3.7611  episode-step 320
pes 15800  seg-loss -0.3412  ema -3.4663  episode-step 20
pes 15825  seg-loss -2.6848  ema -3.2981  episode-step 120
pes 15850  seg-loss -1.9153  ema -2.9612  episode-step 220
pes 15875  seg-loss -1.1778  ema -2.8017  episode-step 320
pes 15900  seg-loss -0.1936  ema -2.7301  episode-step 20
pes 15925  seg-loss -4.9867  ema -2.6347  episode-step 120
pes 15950  seg-loss -0.1209  ema -2.6437  episode-step 220
pes 15975  seg-loss -12.1929  ema -2.8768  episode-step 320
pes 16000  seg-loss -0.4448  ema -2.2404  episode-step 20
  eval[same-dim] learned: loss 2.151 acc 0.639  sgd(lr=0.3): loss 0.328 acc 0.967  adam(lr=0.03): loss 0.011 acc 0.998
  eval[same-dim-long] learned: loss 1.889 acc 0.803  sgd(lr=0.3): loss 0.016 acc 1.000  adam(lr=0.03): loss 0.000 acc 1.000
  eval[4x-wider] learned: loss 132.822 acc 0.637  sgd(lr=0.3): loss 0.191 acc 0.998  adam(lr=0.01): loss 0.001 acc 1.000
pes 16025  seg-loss -6.9138  ema -2.3941  episode-step 120
pes 16050  seg-loss -1.6362  ema -2.6795  episode-step 220
pes 16075  seg-loss -6.0489  ema -2.5365  episode-step 320
pes 16100  seg-loss -0.5128  ema -2.6861  episode-step 20
pes 16125  seg-loss -1.8471  ema -2.3353  episode-step 120
pes 16150  seg-loss -2.1449  ema -2.3728  episode-step 220
pes 16175  seg-loss -10.8792  ema -2.9050  episode-step 320
pes 16200  seg-loss -0.3922  ema -3.1900  episode-step 20
pes 16225  seg-loss -1.0890  ema -3.0187  episode-step 120
pes 16250  seg-loss -9.7535  ema -2.8633  episode-step 220
pes 16275  seg-loss -2.1504  ema -3.4648  episode-step 320
pes 16300  seg-loss 0.0802  ema -3.5893  episode-step 20
pes 16325  seg-loss -0.3041  ema -2.4475  episode-step 120
pes 16350  seg-loss -2.9145  ema -2.0861  episode-step 220
pes 16375  seg-loss -7.1839  ema -2.5049  episode-step 320
pes 16400  seg-loss -1.0420  ema -2.2243  episode-step 20
pes 16425  seg-loss 0.1134  ema -3.0317  episode-step 120
pes 16450  seg-loss -8.5719  ema -2.7631  episode-step 220
pes 16475  seg-loss -12.7961  ema -3.9033  episode-step 320
pes 16500  seg-loss -0.8418  ema -4.3385  episode-step 20
pes 16525  seg-loss -2.8024  ema -4.0730  episode-step 120
pes 16550  seg-loss -2.1976  ema -3.6193  episode-step 220
pes 16575  seg-loss -2.1490  ema -3.6552  episode-step 320
pes 16600  seg-loss -0.6287  ema -3.8449  episode-step 20
pes 16625  seg-loss -5.0434  ema -4.3448  episode-step 120
pes 16650  seg-loss 1.1493  ema -3.6349  episode-step 220
pes 16675  seg-loss -3.3659  ema -2.9078  episode-step 320
pes 16700  seg-loss -0.6786  ema -2.8969  episode-step 20
pes 16725  seg-loss -0.9080  ema -2.7034  episode-step 120
pes 16750  seg-loss -2.3169  ema -2.2832  episode-step 220
pes 16775  seg-loss -9.1555  ema -2.7700  episode-step 320
pes 16800  seg-loss -0.8562  ema -3.4244  episode-step 20
pes 16825  seg-loss 0.0670  ema -3.6800  episode-step 120
pes 16850  seg-loss -1.0265  ema -2.6910  episode-step 220
pes 16875  seg-loss -4.5576  ema -2.4276  episode-step 320
pes 16900  seg-loss 0.2595  ema -2.4642  episode-step 20
pes 16925  seg-loss -3.3066  ema -2.9311  episode-step 120
pes 16950  seg-loss -2.1878  ema -3.2174  episode-step 220
pes 16975  seg-loss -0.7041  ema -2.6755  episode-step 320
pes 17000  seg-loss 0.8956  ema -2.4666  episode-step 20
pes 17025  seg-loss -2.3278  ema -2.4349  episode-step 120
pes 17050  seg-loss -6.8868  ema -2.3876  episode-step 220
pes 17075  seg-loss -2.0933  ema -3.0022  episode-step 320
pes 17100  seg-loss -0.5601  ema -2.1409  episode-step 20
pes 17125  seg-loss -2.9440  ema -2.9039  episode-step 120
pes 17150  seg-loss -1.6208  ema -2.4583  episode-step 220
pes 17175  seg-loss -6.8701  ema -2.5172  episode-step 320
pes 17200  seg-loss -0.2240  ema -2.6070  episode-step 20
pes 17225  seg-loss -1.3346  ema -3.5422  episode-step 120
pes 17250  seg-loss -1.9447  ema -3.5405  episode-step 220
pes 17275  seg-loss -9.4777  ema -3.5245  episode-step 320
pes 17300  seg-loss 1.2214  ema -2.8158  episode-step 20
pes 17325  seg-loss -4.2122  ema -2.8719  episode-step 120
pes 17350  seg-loss -14.5325  ema -3.8929  episode-step 220
pes 17375  seg-loss -5.0261  ema -4.1288  episode-step 320
pes 17400  seg-loss -0.4558  ema -3.7234  episode-step 20
pes 17425  seg-loss -4.4131  ema -3.2637  episode-step 120
pes 17450  seg-loss -2.8330  ema -3.1326  episode-step 220
pes 17475  seg-loss -5.3446  ema -2.9147  episode-step 320
pes 17500  seg-loss -0.4706  ema -2.4550  episode-step 20
pes 17525  seg-loss -0.6343  ema -2.7876  episode-step 120
pes 17550  seg-loss -2.1533  ema -2.4799  episode-step 220
pes 17575  seg-loss -0.0726  ema -2.1044  episode-step 320
pes 17600  seg-loss 0.4356  ema -1.9863  episode-step 20
pes 17625  seg-loss 2.2863  ema -1.3325  episode-step 120
pes 17650  seg-loss -2.0321  ema -0.8664  episode-step 220
pes 17675  seg-loss 1.8196  ema -0.6053  episode-step 320
pes 17700  seg-loss 0.5281  ema -0.7210  episode-step 20
pes 17725  seg-loss -0.4298  ema -0.6156  episode-step 120
pes 17750  seg-loss -2.6979  ema -0.6703  episode-step 220
pes 17775  seg-loss -1.6408  ema -0.9010  episode-step 320
pes 17800  seg-loss 0.4623  ema -0.9012  episode-step 20
pes 17825  seg-loss 0.6397  ema -0.6217  episode-step 120
pes 17850  seg-loss 1.7563  ema -0.4148  episode-step 220
pes 17875  seg-loss 2.4607  ema 0.0771  episode-step 320
pes 17900  seg-loss 2.1516  ema -0.0798  episode-step 20
pes 17925  seg-loss 0.9258  ema -0.0199  episode-step 120
pes 17950  seg-loss -1.1832  ema -0.3957  episode-step 220
pes 17975  seg-loss -3.7963  ema -0.9164  episode-step 320
pes 18000  seg-loss 1.9042  ema -0.4297  episode-step 20
  eval[same-dim] learned: loss 75.476 acc 0.428  sgd(lr=0.3): loss 0.328 acc 0.967  adam(lr=0.03): loss 0.011 acc 0.998
  eval[same-dim-long] learned: loss 43.346 acc 0.537  sgd(lr=0.3): loss 0.016 acc 1.000  adam(lr=0.03): loss 0.000 acc 1.000
  eval[4x-wider] learned: loss 28.790 acc 0.576  sgd(lr=0.3): loss 0.191 acc 0.998  adam(lr=0.01): loss 0.001 acc 1.000
pes 18025  seg-loss 0.7260  ema -0.1596  episode-step 120
pes 18050  seg-loss -0.4021  ema -0.1578  episode-step 220
pes 18075  seg-loss 3.4723  ema 0.1747  episode-step 320
pes 18100  seg-loss 1.6997  ema 0.2396  episode-step 20
pes 18125  seg-loss 0.6191  ema 0.3143  episode-step 120
pes 18150  seg-loss 3.2982  ema 0.3929  episode-step 220
pes 18175  seg-loss -1.5618  ema 0.4672  episode-step 320
pes 18200  seg-loss 1.5462  ema 0.4799  episode-step 20
pes 18225  seg-loss 0.7077  ema 0.2820  episode-step 120
pes 18250  seg-loss 1.5915  ema 0.5732  episode-step 220
pes 18275  seg-loss -1.2198  ema 0.6070  episode-step 320
pes 18300  seg-loss 2.8072  ema 0.2993  episode-step 20
pes 18325  seg-loss 1.3774  ema 0.4273  episode-step 120
pes 18350  seg-loss 0.2504  ema 0.3720  episode-step 220
pes 18375  seg-loss -1.1069  ema 0.2752  episode-step 320
pes 18400  seg-loss 2.8329  ema 0.2843  episode-step 20
pes 18425  seg-loss -0.2673  ema 0.4618  episode-step 120
pes 18450  seg-loss 2.7125  ema 0.8256  episode-step 220
pes 18475  seg-loss 3.1111  ema 1.2868  episode-step 320
pes 18500  seg-loss 0.9001  ema 1.2485  episode-step 20
pes 18525  seg-loss 0.9517  ema 1.0720  episode-step 120
pes 18550  seg-loss -1.3322  ema 0.7687  episode-step 220
pes 18575  seg-loss -1.9727  ema 0.3048  episode-step 320
pes 18600  seg-loss 1.7068  ema 0.2890  episode-step 20
pes 18625  seg-loss -0.3778  ema 0.6355  episode-step 120
pes 18650  seg-loss 0.4060  ema 0.5513  episode-step 220
pes 18675  seg-loss -0.7286  ema 0.4543  episode-step 320
pes 18700  seg-loss -0.1683  ema 0.6811  episode-step 20
pes 18725  seg-loss 1.8530  ema 0.4461  episode-step 120
pes 18750  seg-loss -1.2030  ema 0.4756  episode-step 220
pes 18775  seg-loss -1.5730  ema 0.3445  episode-step 320
pes 18800  seg-loss 1.3520  ema 0.2490  episode-step 20
pes 18825  seg-loss -0.2972  ema 0.2228  episode-step 120
pes 18850  seg-loss 3.0008  ema 0.2676  episode-step 220
pes 18875  seg-loss 0.1912  ema 0.2031  episode-step 320
pes 18900  seg-loss 0.2527  ema 0.1303  episode-step 20
pes 18925  seg-loss -0.9574  ema -0.0030  episode-step 120
pes 18950  seg-loss -2.7431  ema -0.3877  episode-step 220
pes 18975  seg-loss 1.0662  ema -0.4478  episode-step 320
pes 19000  seg-loss 1.3843  ema -0.3096  episode-step 20
pes 19025  seg-loss 5.2821  ema 0.3836  episode-step 120
pes 19050  seg-loss -0.7368  ema 0.8654  episode-step 220
pes 19075  seg-loss -1.3788  ema 0.7384  episode-step 320
pes 19100  seg-loss 2.2143  ema 0.7313  episode-step 20
pes 19125  seg-loss 2.7465  ema 0.6756  episode-step 120
pes 19150  seg-loss 1.4622  ema 0.6192  episode-step 220
pes 19175  seg-loss 1.1451  ema 0.3971  episode-step 320
pes 19200  seg-loss 1.0255  ema -0.1333  episode-step 20
pes 19225  seg-loss -0.1467  ema -0.0817  episode-step 120
pes 19250  seg-loss 2.1483  ema 0.1084  episode-step 220
pes 19275  seg-loss 1.3088  ema 0.1825  episode-step 320
pes 19300  seg-loss 2.3943  ema 0.4168  episode-step 20
pes 19325  seg-loss 2.4892  ema 0.5033  episode-step 120
pes 19350  seg-loss -0.9059  ema 0.5556  episode-step 220
pes 19375  seg-loss 3.0856  ema 0.6629  episode-step 320
pes 19400  seg-loss -0.3005  ema 0.2778  episode-step 20
pes 19425  seg-loss 1.7699  ema -0.2897  episode-step 120
pes 19450  seg-loss 1.1894  ema -0.0784  episode-step 220
pes 19475  seg-loss 1.3717  ema 0.0310  episode-step 320
pes 19500  seg-loss -0.2078  ema 0.0869  episode-step 20
pes 19525  seg-loss -1.0293  ema -0.1650  episode-step 120
pes 19550  seg-loss -1.4742  ema -0.2269  episode-step 220
pes 19575  seg-loss 1.7220  ema -0.1419  episode-step 320
pes 19600  seg-loss -0.1247  ema -0.0795  episode-step 20
pes 19625  seg-loss 1.3087  ema -0.1124  episode-step 120
pes 19650  seg-loss -0.6543  ema 0.0100  episode-step 220
pes 19675  seg-loss 0.7117  ema 0.0158  episode-step 320
pes 19700  seg-loss -0.1260  ema -0.2604  episode-step 20
pes 19725  seg-loss 0.9074  ema -0.3235  episode-step 120
pes 19750  seg-loss 0.6239  ema -0.2871  episode-step 220
pes 19775  seg-loss -3.8808  ema -0.6669  episode-step 320
pes 19800  seg-loss -0.1034  ema -0.8852  episode-step 20
pes 19825  seg-loss -1.4120  ema -0.9646  episode-step 120
pes 19850  seg-loss 6.0534  ema -0.4578  episode-step 220
pes 19875  seg-loss 0.9062  ema 0.0006  episode-step 320
pes 19900  seg-loss -0.2095  ema -0.3497  episode-step 20
pes 19925  seg-loss -0.8402  ema -0.4452  episode-step 120
pes 19950  seg-loss -1.7929  ema -0.6170  episode-step 220
pes 19975  seg-loss 2.4333  ema -0.4009  episode-step 320
  eval[same-dim] learned: loss 13.255 acc 0.521  sgd(lr=0.3): loss 0.328 acc 0.967  adam(lr=0.03): loss 0.011 acc 0.998
  eval[same-dim-long] learned: loss 3.301 acc 0.561  sgd(lr=0.3): loss 0.016 acc 1.000  adam(lr=0.03): loss 0.000 acc 1.000
  eval[4x-wider] learned: loss 80.756 acc 0.467  sgd(lr=0.3): loss 0.191 acc 0.998  adam(lr=0.01): loss 0.001 acc 1.000
done
