warm-started from learned_matrix10.pt
matrix optimizer: 28543 meta-params
  dataset qmnist unavailable: FileNotFoundError: [Errno 2] No such file or directory: '/home/arthurb/.cache/qmnist/qmnist-train-images-idx3-ubyte.gz'
dataset registry: ['cifar10', 'cifar100', 'covtype', 'kmnist', 'letter', 'magic', 'miniboone', 'mnist', 'optdigits', 'poker', 'satimage', 'spambase', 'svhn'] (13 available)
openml: +54 train datasets (13 held out by dataset)
pes     0  seg-loss -1.3055  ema -1.3055
  eval[h16] learned: loss 0.0149 acc 0.997  vs  muon(lr=0.1): loss 0.0007 acc 1.000
  eval[h64-wider] learned: loss 0.1163 acc 0.960  vs  muon(lr=0.03): loss 0.0008 acc 1.000
  eval[h16-long] learned: loss 0.0000 acc 1.000  vs  muon(lr=0.03): loss 0.0000 acc 1.000
  eval[fashion-h16 HELD-OUT] learned: loss 0.0254 acc 0.996  vs  muon(lr=0.03): loss 0.0000 acc 1.000
  eval[fashion-h64 HELD-OUT] learned: loss 0.3840 acc 0.876  vs  muon(lr=0.03): loss 0.0000 acc 1.000
pes    25  seg-loss -20.2779  ema -6.4893
pes    50  seg-loss -20.1583  ema -9.1291
pes    75  seg-loss 0.3152  ema -8.6655
  probe-score -4.9506 (new best, saved)
pes   100  seg-loss -15.5461  ema -11.5219
pes   125  seg-loss -20.7020  ema -14.4699
pes   150  seg-loss -19.7877  ema -14.5785
pes   175  seg-loss -20.7233  ema -15.4779
pes   200  seg-loss -19.7966  ema -13.3307
pes   225  seg-loss -17.3726  ema -14.7032
pes   250  seg-loss -0.7038  ema -10.5424
pes   275  seg-loss -20.7103  ema -11.6179
pes   300  seg-loss -18.7118  ema -13.9911
pes   325  seg-loss -20.7233  ema -13.2568
pes   350  seg-loss -15.1330  ema -13.4400
pes   375  seg-loss 0.1925  ema -10.7766
pes   400  seg-loss -0.5173  ema -11.2679
pes   425  seg-loss -0.1969  ema -7.4738
pes   450  seg-loss -20.1163  ema -8.4463
pes   475  seg-loss -0.7946  ema -9.0923
pes   500  seg-loss -19.8691  ema -10.1409
pes   525  seg-loss -20.6172  ema -14.0695
pes   550  seg-loss -4.0867  ema -15.3322
pes   575  seg-loss 0.3722  ema -9.8110
  probe-score -4.9937 (new best, saved)
pes   600  seg-loss -0.3235  ema -6.7075
pes   625  seg-loss -20.7233  ema -5.3063
pes   650  seg-loss -0.8750  ema -3.9270
pes   675  seg-loss -2.4901  ema -3.2873
pes   700  seg-loss -3.7715  ema -3.2576
pes   725  seg-loss -20.6714  ema -8.7567
pes   750  seg-loss -2.4259  ema -6.4700
pes   775  seg-loss -12.0744  ema -10.4130
pes   800  seg-loss -20.2645  ema -13.5858
pes   825  seg-loss -3.3873  ema -12.4536
pes   850  seg-loss -0.0629  ema -8.8616
pes   875  seg-loss -1.3183  ema -5.5655
pes   900  seg-loss -0.0469  ema -5.1456
pes   925  seg-loss -1.6332  ema -3.3495
pes   950  seg-loss -9.8893  ema -5.4917
pes   975  seg-loss -10.0928  ema -7.0818
  probe-score -5.0762 (new best, saved)
pes  1000  seg-loss -20.7233  ema -9.7465
pes  1025  seg-loss -3.0503  ema -9.2735
pes  1050  seg-loss -20.7037  ema -10.4338
pes  1075  seg-loss -20.6578  ema -12.5348
pes  1100  seg-loss -11.6590  ema -12.9187
pes  1125  seg-loss -20.7113  ema -13.5105
pes  1150  seg-loss -1.3775  ema -10.1608
pes  1175  seg-loss -7.4896  ema -7.5972
pes  1200  seg-loss -1.9867  ema -6.7929
pes  1225  seg-loss -20.1358  ema -9.9954
pes  1250  seg-loss -9.2211  ema -11.7988
pes  1275  seg-loss -7.4277  ema -10.8068
pes  1300  seg-loss -19.4819  ema -13.5051
pes  1325  seg-loss -2.3052  ema -12.9313
pes  1350  seg-loss -17.2261  ema -10.0713
pes  1375  seg-loss -0.3563  ema -6.5565
pes  1400  seg-loss -20.7204  ema -6.5803
pes  1425  seg-loss -20.7233  ema -9.9450
pes  1450  seg-loss -0.2931  ema -6.9678
pes  1475  seg-loss 0.1221  ema -4.1963
pes  1500  seg-loss -0.7362  ema -2.7603
pes  1525  seg-loss -20.4592  ema -2.8190
pes  1550  seg-loss -0.5690  ema -7.8002
pes  1575  seg-loss -20.2240  ema -6.8857
pes  1600  seg-loss -5.5629  ema -8.7425
pes  1625  seg-loss -20.7159  ema -11.0532
pes  1650  seg-loss -1.4375  ema -10.1912
pes  1675  seg-loss -0.3722  ema -6.9395
pes  1700  seg-loss -8.5173  ema -5.9361
pes  1725  seg-loss -2.7655  ema -4.7770
pes  1750  seg-loss -17.5196  ema -9.5576
pes  1775  seg-loss -17.8756  ema -11.1413
pes  1800  seg-loss -20.7201  ema -13.8508
pes  1825  seg-loss -11.6921  ema -13.5821
pes  1850  seg-loss -0.8542  ema -10.4170
pes  1875  seg-loss -0.0924  ema -7.9208
pes  1900  seg-loss -1.2897  ema -5.1982
pes  1925  seg-loss -20.4475  ema -9.6393
pes  1950  seg-loss -0.4694  ema -11.7485
pes  1975  seg-loss -20.6106  ema -12.7419
pes  2000  seg-loss -5.3554  ema -10.3612
pes  2025  seg-loss -19.7835  ema -12.6426
pes  2050  seg-loss -0.5793  ema -13.9944
pes  2075  seg-loss -2.1396  ema -10.2448
pes  2100  seg-loss -19.6645  ema -12.3314
pes  2125  seg-loss -20.4345  ema -15.1842
pes  2150  seg-loss -0.7137  ema -12.7555
pes  2175  seg-loss -5.2778  ema -8.7343
pes  2200  seg-loss -0.6323  ema -5.7703
pes  2225  seg-loss -20.3800  ema -9.5986
pes  2250  seg-loss -0.2622  ema -12.4758
pes  2275  seg-loss -4.3614  ema -8.0593
pes  2300  seg-loss -0.5524  ema -10.7897
pes  2325  seg-loss -0.8473  ema -7.4722
pes  2350  seg-loss -1.0016  ema -6.5859
pes  2375  seg-loss -0.0451  ema -5.1840
pes  2400  seg-loss -4.4201  ema -3.6265
pes  2425  seg-loss -12.3793  ema -4.4955
pes  2450  seg-loss -19.8202  ema -8.4105
pes  2475  seg-loss -20.2573  ema -12.8206
pes  2500  seg-loss -0.3399  ema -10.5356
pes  2525  seg-loss -2.7837  ema -8.6587
pes  2550  seg-loss -19.1586  ema -8.7360
pes  2575  seg-loss -20.1410  ema -11.0971
pes  2600  seg-loss -0.8298  ema -10.6533
pes  2625  seg-loss -20.5908  ema -8.9369
pes  2650  seg-loss -3.5533  ema -10.4536
pes  2675  seg-loss -16.0067  ema -7.2730
pes  2700  seg-loss -20.6342  ema -9.5504
pes  2725  seg-loss -2.7001  ema -10.1569
pes  2750  seg-loss -6.2133  ema -12.8576
pes  2775  seg-loss -20.6359  ema -15.3584
pes  2800  seg-loss -1.6300  ema -11.6796
pes  2825  seg-loss -1.4711  ema -7.3649
pes  2850  seg-loss -20.4847  ema -8.2655
pes  2875  seg-loss -3.4397  ema -9.1352
pes  2900  seg-loss -0.3012  ema -8.7182
pes  2925  seg-loss -20.0745  ema -11.7335
pes  2950  seg-loss -0.7364  ema -13.3580
pes  2975  seg-loss -4.3128  ema -9.6897
pes  3000  seg-loss -20.7226  ema -11.2939
pes  3025  seg-loss -20.7165  ema -13.3811
pes  3050  seg-loss -18.9721  ema -15.7924
pes  3075  seg-loss -0.0695  ema -11.7875
pes  3100  seg-loss -0.0308  ema -7.5490
pes  3125  seg-loss -0.6094  ema -5.1521
pes  3150  seg-loss -1.6484  ema -3.5807
pes  3175  seg-loss -9.2035  ema -3.6224
pes  3200  seg-loss -1.0406  ema -5.8146
pes  3225  seg-loss -2.0427  ema -3.8652
pes  3250  seg-loss -10.4905  ema -7.2679
pes  3275  seg-loss -3.1005  ema -6.3178
pes  3300  seg-loss -4.3622  ema -5.0269
pes  3325  seg-loss -0.2805  ema -3.4671
pes  3350  seg-loss -0.4925  ema -3.2293
pes  3375  seg-loss -1.6535  ema -2.6675
pes  3400  seg-loss -0.3548  ema -2.9091
pes  3425  seg-loss -0.4135  ema -1.9485
pes  3450  seg-loss -4.1511  ema -3.0211
pes  3475  seg-loss -7.2198  ema -4.8388
pes  3500  seg-loss -3.3372  ema -4.6955
pes  3525  seg-loss -0.7624  ema -6.6359
pes  3550  seg-loss 0.2041  ema -4.1525
pes  3575  seg-loss -0.5575  ema -3.6518
pes  3600  seg-loss -1.3403  ema -3.2524
pes  3625  seg-loss -0.6643  ema -2.9650
pes  3650  seg-loss -20.6763  ema -5.2906
pes  3675  seg-loss -3.8591  ema -6.9306
pes  3700  seg-loss -1.3448  ema -5.7627
pes  3725  seg-loss -20.6178  ema -6.3473
pes  3750  seg-loss -0.6766  ema -8.1643
pes  3775  seg-loss 0.2152  ema -5.6952
pes  3800  seg-loss -15.7178  ema -7.1837
pes  3825  seg-loss -18.7985  ema -11.9460
pes  3850  seg-loss -10.6124  ema -9.0619
pes  3875  seg-loss -0.0836  ema -11.4066
pes  3900  seg-loss -19.3890  ema -13.5589
pes  3925  seg-loss -1.1252  ema -14.6964
pes  3950  seg-loss -4.9547  ema -9.7002
pes  3975  seg-loss -15.5996  ema -7.7015
pes  4000  seg-loss -0.1843  ema -5.1099
  eval[h16] learned: loss 0.0262 acc 0.998  vs  muon(lr=0.1): loss 0.0009 acc 1.000
  eval[h64-wider] learned: loss 0.0554 acc 0.988  vs  muon(lr=0.1): loss 0.0002 acc 1.000
  eval[h16-long] learned: loss 0.0000 acc 1.000  vs  muon(lr=0.1): loss 0.0000 acc 1.000
  eval[fashion-h16 HELD-OUT] learned: loss 0.1103 acc 0.974  vs  muon(lr=0.03): loss 0.0000 acc 1.000
  eval[fashion-h64 HELD-OUT] learned: loss 0.9951 acc 0.763  vs  muon(lr=0.03): loss 0.0000 acc 1.000
pes  4025  seg-loss -0.4217  ema -4.4335
pes  4050  seg-loss -1.1937  ema -4.2328
pes  4075  seg-loss -20.6927  ema -5.9053
pes  4100  seg-loss -20.7233  ema -9.2953
pes  4125  seg-loss -0.1310  ema -10.0777
pes  4150  seg-loss -20.6664  ema -8.6081
pes  4175  seg-loss -20.7198  ema -12.1117
pes  4200  seg-loss -7.8495  ema -13.4322
pes  4225  seg-loss -2.6044  ema -10.8064
pes  4250  seg-loss -20.7233  ema -10.3486
pes  4275  seg-loss -0.2819  ema -10.3350
pes  4300  seg-loss -1.9781  ema -6.6181
pes  4325  seg-loss -18.5518  ema -9.1457
pes  4350  seg-loss -0.3530  ema -7.5471
pes  4375  seg-loss -2.3626  ema -5.3223
pes  4400  seg-loss -6.6054  ema -5.2681
pes  4425  seg-loss 0.4894  ema -3.4049
pes  4450  seg-loss -20.7163  ema -9.1416
pes  4475  seg-loss -0.7906  ema -12.0323
pes  4500  seg-loss -20.4373  ema -13.7357
pes  4525  seg-loss -18.3176  ema -13.1411
pes  4550  seg-loss -0.3406  ema -9.7582
pes  4575  seg-loss -0.5247  ema -8.2661
pes  4600  seg-loss -0.2430  ema -6.4757
pes  4625  seg-loss -19.6540  ema -6.3313
pes  4650  seg-loss -1.4737  ema -9.3262
pes  4675  seg-loss -20.6640  ema -8.5982
pes  4700  seg-loss -0.1203  ema -10.3265
pes  4725  seg-loss -2.3586  ema -6.9339
pes  4750  seg-loss -6.5673  ema -6.6413
pes  4775  seg-loss -1.2283  ema -6.5590
pes  4800  seg-loss -20.7233  ema -8.7286
pes  4825  seg-loss -20.3570  ema -12.3347
pes  4850  seg-loss -0.8240  ema -8.1557
pes  4875  seg-loss -0.8199  ema -5.7780
pes  4900  seg-loss -0.6916  ema -3.7984
pes  4925  seg-loss -0.4741  ema -2.8793
pes  4950  seg-loss -0.5892  ema -8.4118
pes  4975  seg-loss -4.7842  ema -6.8831
pes  5000  seg-loss -0.0308  ema -5.2838
pes  5025  seg-loss -2.2902  ema -3.4967
pes  5050  seg-loss -0.9262  ema -2.6957
pes  5075  seg-loss -16.0578  ema -4.0243
pes  5100  seg-loss -2.0113  ema -5.4838
pes  5125  seg-loss -0.5229  ema -4.3006
pes  5150  seg-loss -19.0914  ema -5.1058
pes  5175  seg-loss -1.5884  ema -6.8019
pes  5200  seg-loss -18.1305  ema -6.2811
pes  5225  seg-loss -1.8321  ema -7.7479
pes  5250  seg-loss -17.5861  ema -9.6249
pes  5275  seg-loss -19.5476  ema -12.8954
pes  5300  seg-loss -20.6142  ema -14.7064
pes  5325  seg-loss -0.5775  ema -9.2967
pes  5350  seg-loss -12.1549  ema -7.0279
pes  5375  seg-loss -6.5503  ema -6.9703
pes  5400  seg-loss -13.6015  ema -4.9782
pes  5425  seg-loss 0.3751  ema -3.9663
pes  5450  seg-loss -3.7825  ema -8.8229
pes  5475  seg-loss -0.0776  ema -11.0214
pes  5500  seg-loss -0.9490  ema -13.3596
pes  5525  seg-loss -0.2510  ema -10.6030
pes  5550  seg-loss -20.1346  ema -9.4250
pes  5575  seg-loss -3.5120  ema -9.1353
pes  5600  seg-loss -20.7208  ema -10.4141
pes  5625  seg-loss -1.1549  ema -10.3524
pes  5650  seg-loss -14.1844  ema -9.0126
pes  5675  seg-loss -0.7432  ema -6.9269
pes  5700  seg-loss -10.9347  ema -5.1518
pes  5725  seg-loss -2.2405  ema -5.2793
pes  5750  seg-loss -1.2082  ema -8.6675
pes  5775  seg-loss -1.7399  ema -5.9205
pes  5800  seg-loss -20.7233  ema -9.9331
pes  5825  seg-loss -1.0389  ema -6.6195
pes  5850  seg-loss -15.8697  ema -7.8997
pes  5875  seg-loss -5.5515  ema -8.1717
pes  5900  seg-loss -1.2759  ema -6.1999
pes  5925  seg-loss -2.3739  ema -4.6465
pes  5950  seg-loss -20.7233  ema -8.9899
pes  5975  seg-loss -17.3102  ema -12.4173
pes  6000  seg-loss -19.4048  ema -12.1366
pes  6025  seg-loss -20.7233  ema -11.8067
pes  6050  seg-loss -1.2165  ema -11.3932
pes  6075  seg-loss -17.8299  ema -8.7163
pes  6100  seg-loss -20.4763  ema -10.0198
pes  6125  seg-loss -19.4418  ema -13.1734
pes  6150  seg-loss -0.4538  ema -8.1315
pes  6175  seg-loss -20.7233  ema -9.9090
pes  6200  seg-loss -0.6853  ema -8.2284
pes  6225  seg-loss -0.2312  ema -5.1522
pes  6250  seg-loss -0.4713  ema -3.2674
pes  6275  seg-loss -2.7147  ema -3.0870
pes  6300  seg-loss -3.4717  ema -4.9577
pes  6325  seg-loss -2.2453  ema -4.2789
pes  6350  seg-loss -20.1882  ema -9.2774
pes  6375  seg-loss -0.6321  ema -9.4865
pes  6400  seg-loss -0.4303  ema -6.8860
pes  6425  seg-loss -5.4331  ema -5.9648
pes  6450  seg-loss -0.0289  ema -3.8514
pes  6475  seg-loss -18.2345  ema -7.9360
pes  6500  seg-loss 2.1870  ema -6.1928
pes  6525  seg-loss -10.0974  ema -4.1303
pes  6550  seg-loss 0.1969  ema -7.7649
pes  6575  seg-loss -13.2954  ema -8.4087
pes  6600  seg-loss -19.3687  ema -10.5723
pes  6625  seg-loss -20.6830  ema -8.8997
pes  6650  seg-loss -0.2886  ema -10.1596
pes  6675  seg-loss -13.0539  ema -7.9133
pes  6700  seg-loss -4.8028  ema -7.1845
pes  6725  seg-loss -1.1416  ema -4.9252
pes  6750  seg-loss -2.5419  ema -9.5048
pes  6775  seg-loss -19.4353  ema -9.2332
pes  6800  seg-loss -1.8079  ema -10.2431
pes  6825  seg-loss -9.5092  ema -7.4991
pes  6850  seg-loss -20.6724  ema -11.0010
pes  6875  seg-loss -0.6065  ema -9.8802
pes  6900  seg-loss -19.2743  ema -9.5273
pes  6925  seg-loss -0.5169  ema -8.0477
pes  6950  seg-loss -0.4190  ema -5.0191
pes  6975  seg-loss -20.2019  ema -6.2898
pes  7000  seg-loss -20.4439  ema -11.4633
pes  7025  seg-loss -4.8015  ema -9.4301
pes  7050  seg-loss -1.6306  ema -11.7121
pes  7075  seg-loss -0.9199  ema -7.7036
pes  7100  seg-loss -12.1416  ema -5.8210
pes  7125  seg-loss -1.6216  ema -7.1626
pes  7150  seg-loss -18.0250  ema -9.1161
pes  7175  seg-loss -4.8229  ema -8.0554
pes  7200  seg-loss -19.8038  ema -10.8382
pes  7225  seg-loss -20.7199  ema -14.0784
pes  7250  seg-loss 0.1612  ema -9.0996
pes  7275  seg-loss -9.5998  ema -8.7104
pes  7300  seg-loss -20.7132  ema -11.5880
pes  7325  seg-loss -20.0723  ema -14.6235
pes  7350  seg-loss -0.3329  ema -11.6229
pes  7375  seg-loss -18.2644  ema -12.9040
pes  7400  seg-loss -16.7379  ema -13.2074
pes  7425  seg-loss -19.8980  ema -15.0933
pes  7450  seg-loss -0.4479  ema -14.3625
pes  7475  seg-loss -7.2639  ema -10.4099
pes  7500  seg-loss -20.7233  ema -12.3955
pes  7525  seg-loss -0.4109  ema -14.2701
pes  7550  seg-loss -1.7212  ema -9.2316
pes  7575  seg-loss -20.6477  ema -10.8882
pes  7600  seg-loss -20.7233  ema -13.3403
pes  7625  seg-loss -20.5284  ema -13.5724
pes  7650  seg-loss -1.3334  ema -13.6405
pes  7675  seg-loss -20.7168  ema -14.8059
pes  7700  seg-loss -15.2881  ema -10.0727
pes  7725  seg-loss -19.4501  ema -13.7666
pes  7750  seg-loss -0.5790  ema -14.5049
pes  7775  seg-loss -13.9988  ema -11.7672
pes  7800  seg-loss -19.1860  ema -11.8131
pes  7825  seg-loss -0.1766  ema -10.6185
pes  7850  seg-loss -20.7233  ema -12.2468
pes  7875  seg-loss -8.2324  ema -8.5352
pes  7900  seg-loss -1.1629  ema -5.9503
pes  7925  seg-loss -0.9718  ema -4.2513
pes  7950  seg-loss -3.3648  ema -3.2791
pes  7975  seg-loss -3.7540  ema -4.6882
pes  8000  seg-loss -20.6643  ema -8.8643
  eval[h16] learned: loss 0.0592 acc 0.985  vs  muon(lr=0.1): loss 0.0010 acc 1.000
  eval[h64-wider] learned: loss 0.0621 acc 0.993  vs  muon(lr=0.1): loss 0.0000 acc 1.000
  eval[h16-long] learned: loss 0.0000 acc 1.000  vs  muon(lr=0.03): loss 0.0000 acc 1.000
  eval[fashion-h16 HELD-OUT] learned: loss 0.0150 acc 0.997  vs  muon(lr=0.03): loss 0.0001 acc 1.000
  eval[fashion-h64 HELD-OUT] learned: loss 0.2278 acc 0.931  vs  muon(lr=0.03): loss 0.0000 acc 1.000
pes  8025  seg-loss -20.7223  ema -12.0224
pes  8050  seg-loss -5.8301  ema -10.2632
pes  8075  seg-loss -0.3313  ema -6.4852
pes  8100  seg-loss -2.0595  ema -10.4613
pes  8125  seg-loss -4.7671  ema -9.0248
pes  8150  seg-loss -2.2592  ema -6.8428
pes  8175  seg-loss -2.3258  ema -4.9135
pes  8200  seg-loss -1.2607  ema -3.4029
pes  8225  seg-loss -20.6896  ema -3.3015
pes  8250  seg-loss -2.5257  ema -2.3458
pes  8275  seg-loss -11.6792  ema -7.8700
pes  8300  seg-loss -0.2515  ema -5.4377
pes  8325  seg-loss -0.6399  ema -4.9622
pes  8350  seg-loss -1.3547  ema -3.3766
pes  8375  seg-loss -8.1212  ema -3.8573
pes  8400  seg-loss -0.2679  ema -5.4150
pes  8425  seg-loss -20.6926  ema -7.7111
pes  8450  seg-loss -0.5999  ema -6.5199
pes  8475  seg-loss -0.6328  ema -5.3830
pes  8500  seg-loss -1.0745  ema -3.5832
pes  8525  seg-loss -6.1483  ema -8.7153
pes  8550  seg-loss -15.3338  ema -9.3896
pes  8575  seg-loss -0.6503  ema -12.8468
pes  8600  seg-loss -10.9302  ema -14.5386
pes  8625  seg-loss -15.3105  ema -12.5637
pes  8650  seg-loss -0.6088  ema -8.7605
pes  8675  seg-loss -2.7296  ema -7.0976
pes  8700  seg-loss 0.5682  ema -7.5112
pes  8725  seg-loss -0.4339  ema -10.5145
pes  8750  seg-loss -1.3091  ema -6.8013
pes  8775  seg-loss -20.6932  ema -7.8497
pes  8800  seg-loss -0.5852  ema -12.3070
pes  8825  seg-loss -17.5648  ema -10.1780
pes  8850  seg-loss -20.7164  ema -11.3358
pes  8875  seg-loss -1.6742  ema -10.7466
pes  8900  seg-loss -0.6019  ema -6.8991
pes  8925  seg-loss -20.3700  ema -7.3025
pes  8950  seg-loss -0.3770  ema -9.2297
pes  8975  seg-loss -1.7611  ema -5.8828
pes  9000  seg-loss -4.9593  ema -4.7537
pes  9025  seg-loss -16.5073  ema -6.0755
pes  9050  seg-loss -5.2669  ema -6.8468
pes  9075  seg-loss -16.5987  ema -9.0043
pes  9100  seg-loss -0.3647  ema -7.2336
pes  9125  seg-loss -2.5398  ema -6.9103
pes  9150  seg-loss -0.0713  ema -5.7074
pes  9175  seg-loss -20.6743  ema -7.7432
pes  9200  seg-loss -2.8139  ema -8.3416
pes  9225  seg-loss -9.6599  ema -8.2834
pes  9250  seg-loss -0.5849  ema -6.5879
pes  9275  seg-loss -7.5239  ema -5.2158
pes  9300  seg-loss -0.8669  ema -3.7289
pes  9325  seg-loss -3.4096  ema -6.2222
pes  9350  seg-loss -20.7233  ema -7.3942
pes  9375  seg-loss -3.3616  ema -10.2364
pes  9400  seg-loss -3.6869  ema -7.7797
pes  9425  seg-loss -0.3490  ema -5.4025
pes  9450  seg-loss -0.7129  ema -4.4331
pes  9475  seg-loss -20.6474  ema -8.6862
pes  9500  seg-loss -20.7052  ema -13.0893
pes  9525  seg-loss -1.8160  ema -13.1737
pes  9550  seg-loss -0.4187  ema -9.3631
pes  9575  seg-loss -4.3078  ema -7.2208
pes  9600  seg-loss -13.9848  ema -6.8489
pes  9625  seg-loss -1.6975  ema -5.9297
pes  9650  seg-loss -1.8143  ema -4.9894
pes  9675  seg-loss -7.3231  ema -3.9043
pes  9700  seg-loss -18.2025  ema -7.7840
pes  9725  seg-loss -9.1121  ema -9.3472
pes  9750  seg-loss -1.8438  ema -11.0180
pes  9775  seg-loss -1.0424  ema -7.1516
pes  9800  seg-loss 1.0326  ema -5.4146
pes  9825  seg-loss -3.8905  ema -3.5383
pes  9850  seg-loss -0.2855  ema -5.4571
pes  9875  seg-loss -1.0148  ema -3.8654
pes  9900  seg-loss -0.0505  ema -2.8560
pes  9925  seg-loss -0.8779  ema -1.7639
pes  9950  seg-loss -7.3367  ema -2.8734
pes  9975  seg-loss -0.6131  ema -2.2416
pes 10000  seg-loss -2.3428  ema -2.3811
pes 10025  seg-loss -2.0400  ema -3.2373
pes 10050  seg-loss -0.0881  ema -2.2576
pes 10075  seg-loss 0.4514  ema -1.5645
pes 10100  seg-loss -20.7233  ema -4.7233
pes 10125  seg-loss -0.5835  ema -5.4889
pes 10150  seg-loss -5.5113  ema -5.0784
pes 10175  seg-loss -1.5923  ema -4.7166
pes 10200  seg-loss -0.7680  ema -3.8962
pes 10225  seg-loss -1.9289  ema -4.8451
pes 10250  seg-loss -2.8636  ema -3.8465
pes 10275  seg-loss -20.6665  ema -5.6265
pes 10300  seg-loss -2.1591  ema -8.7289
pes 10325  seg-loss -20.7233  ema -9.4861
pes 10350  seg-loss -15.1883  ema -12.0162
pes 10375  seg-loss 0.1728  ema -9.2799
pes 10400  seg-loss -0.4069  ema -11.6995
pes 10425  seg-loss -0.3948  ema -7.6388
pes 10450  seg-loss -0.3088  ema -11.6753
pes 10475  seg-loss -4.5938  ema -9.0549
pes 10500  seg-loss -8.5835  ema -7.1347
pes 10525  seg-loss -3.9573  ema -10.4047
pes 10550  seg-loss -0.8569  ema -6.9058
pes 10575  seg-loss -20.6081  ema -11.3817
pes 10600  seg-loss -0.9055  ema -9.0728
pes 10625  seg-loss -0.9346  ema -4.7832
pes 10650  seg-loss -9.6649  ema -4.3116
pes 10675  seg-loss -1.3958  ema -5.1250
pes 10700  seg-loss -0.1339  ema -3.6808
pes 10725  seg-loss -18.2018  ema -8.9979
pes 10750  seg-loss -1.5550  ema -9.3464
pes 10775  seg-loss 0.2895  ema -11.9013
pes 10800  seg-loss -0.7705  ema -14.7347
pes 10825  seg-loss -0.5133  ema -15.6882
pes 10850  seg-loss -0.7871  ema -10.0506
pes 10875  seg-loss -0.8224  ema -7.1376
pes 10900  seg-loss -0.7294  ema -4.4979
pes 10925  seg-loss -18.5278  ema -4.8516
pes 10950  seg-loss -0.2914  ema -8.0129
pes 10975  seg-loss -17.9980  ema -6.0770
pes 11000  seg-loss -2.1715  ema -7.6823
pes 11025  seg-loss -19.0994  ema -10.1448
pes 11050  seg-loss -5.0904  ema -8.3381
pes 11075  seg-loss -0.6520  ema -5.9576
pes 11100  seg-loss -20.7233  ema -9.8742
pes 11125  seg-loss -20.5265  ema -11.9874
pes 11150  seg-loss -20.6905  ema -13.5663
pes 11175  seg-loss -0.5081  ema -12.8920
pes 11200  seg-loss -4.4573  ema -9.3856
pes 11225  seg-loss -1.0757  ema -7.9320
pes 11250  seg-loss -1.6150  ema -5.5391
pes 11275  seg-loss -1.5918  ema -3.9183
pes 11300  seg-loss -6.3866  ema -2.9212
pes 11325  seg-loss -20.7233  ema -9.3884
pes 11350  seg-loss -0.0271  ema -5.7491
pes 11375  seg-loss -19.4142  ema -6.5628
pes 11400  seg-loss -0.6056  ema -8.8120
pes 11425  seg-loss -2.3720  ema -5.8782
pes 11450  seg-loss -0.7663  ema -3.8545
pes 11475  seg-loss -1.2632  ema -8.0837
pes 11500  seg-loss -1.7303  ema -6.0946
pes 11525  seg-loss -0.7451  ema -5.2282
pes 11550  seg-loss -20.7161  ema -6.2716
pes 11575  seg-loss -20.7233  ema -10.5918
pes 11600  seg-loss -19.3812  ema -13.3049
pes 11625  seg-loss -17.3712  ema -12.9885
pes 11650  seg-loss -3.0861  ema -8.2159
pes 11675  seg-loss -0.7947  ema -10.8421
pes 11700  seg-loss -1.6973  ema -7.8968
pes 11725  seg-loss -20.7213  ema -8.3681
pes 11750  seg-loss -20.7233  ema -12.6184
pes 11775  seg-loss -5.6677  ema -10.9807
pes 11800  seg-loss -20.6435  ema -10.2274
pes 11825  seg-loss -8.8957  ema -10.6153
pes 11850  seg-loss -3.4153  ema -8.7524
pes 11875  seg-loss -1.6870  ema -6.1542
pes 11900  seg-loss -19.9327  ema -7.6153
pes 11925  seg-loss -1.0280  ema -7.3200
pes 11950  seg-loss -1.7075  ema -4.9336
pes 11975  seg-loss -1.3493  ema -5.7119
pes 12000  seg-loss -3.4485  ema -4.2990
  eval[h16] learned: loss 0.3106 acc 0.924  vs  muon(lr=0.1): loss 0.0020 acc 1.000
  eval[h64-wider] learned: loss 0.8517 acc 0.887  vs  muon(lr=0.03): loss 0.0005 acc 1.000
  eval[h16-long] learned: loss 0.0000 acc 1.000  vs  muon(lr=0.03): loss 0.0000 acc 1.000
  eval[fashion-h16 HELD-OUT] learned: loss 0.4051 acc 0.938  vs  muon(lr=0.03): loss 0.0000 acc 1.000
  eval[fashion-h64 HELD-OUT] learned: loss 0.4923 acc 0.865  vs  muon(lr=0.03): loss 0.0000 acc 1.000
pes 12025  seg-loss -1.2814  ema -5.3382
pes 12050  seg-loss -0.1607  ema -4.7336
pes 12075  seg-loss -19.8662  ema -9.6130
pes 12100  seg-loss -20.7214  ema -7.8468
pes 12125  seg-loss -9.2930  ema -7.2318
pes 12150  seg-loss -0.5774  ema -10.1625
pes 12175  seg-loss -18.5569  ema -11.9881
pes 12200  seg-loss -0.1858  ema -9.5492
pes 12225  seg-loss -20.4466  ema -12.8658
pes 12250  seg-loss -20.4390  ema -12.3123
pes 12275  seg-loss -1.1829  ema -10.6777
pes 12300  seg-loss 0.2778  ema -6.9924
pes 12325  seg-loss -20.7094  ema -11.0236
pes 12350  seg-loss -0.5759  ema -8.4524
pes 12375  seg-loss -20.0031  ema -8.8820
pes 12400  seg-loss -5.1460  ema -8.8892
pes 12425  seg-loss -20.7218  ema -9.6036
pes 12450  seg-loss -11.3415  ema -10.8328
pes 12475  seg-loss -3.1082  ema -9.0376
pes 12500  seg-loss -0.9493  ema -6.7209
pes 12525  seg-loss -20.4743  ema -9.0326
pes 12550  seg-loss -20.7233  ema -13.5120
pes 12575  seg-loss -2.2142  ema -9.1005
pes 12600  seg-loss -1.2679  ema -5.6304
pes 12625  seg-loss -12.6778  ema -7.6007
pes 12650  seg-loss -2.2217  ema -5.2254
pes 12675  seg-loss -6.2211  ema -4.9398
pes 12700  seg-loss -13.1719  ema -3.9727
pes 12725  seg-loss -1.8466  ema -8.6227
pes 12750  seg-loss -19.7047  ema -11.7653
pes 12775  seg-loss -0.3382  ema -7.0289
pes 12800  seg-loss -5.6047  ema -5.8871
pes 12825  seg-loss -2.8147  ema -4.6968
pes 12850  seg-loss -17.6161  ema -7.6776
pes 12875  seg-loss -2.1663  ema -6.6825
pes 12900  seg-loss -0.5610  ema -4.5733
pes 12925  seg-loss -5.9652  ema -3.9616
pes 12950  seg-loss -9.1930  ema -5.6153
pes 12975  seg-loss -0.5398  ema -9.2373
pes 13000  seg-loss -5.8721  ema -11.7994
pes 13025  seg-loss -20.7233  ema -14.0688
pes 13050  seg-loss -0.7373  ema -10.1770
pes 13075  seg-loss -1.5486  ema -9.4182
pes 13100  seg-loss -0.3605  ema -12.3078
pes 13125  seg-loss -0.5776  ema -7.6603
pes 13150  seg-loss 0.3628  ema -4.9194
pes 13175  seg-loss -16.5694  ema -8.0728
pes 13200  seg-loss -20.7000  ema -7.5757
pes 13225  seg-loss -20.7197  ema -12.4183
pes 13250  seg-loss -20.5310  ema -15.3184
pes 13275  seg-loss -1.6063  ema -11.9244
pes 13300  seg-loss -0.0255  ema -7.7183
pes 13325  seg-loss -1.5051  ema -4.9022
pes 13350  seg-loss -3.6375  ema -4.5960
pes 13375  seg-loss -10.1530  ema -5.2668
pes 13400  seg-loss -1.0403  ema -9.8760
pes 13425  seg-loss -0.7865  ema -6.4159
pes 13450  seg-loss -17.9178  ema -7.7731
pes 13475  seg-loss -0.5393  ema -11.4941
pes 13500  seg-loss -18.8815  ema -8.0592
pes 13525  seg-loss -0.4479  ema -10.1849
pes 13550  seg-loss -1.3950  ema -6.5372
pes 13575  seg-loss -2.2396  ema -4.6139
pes 13600  seg-loss -3.5325  ema -3.7735
pes 13625  seg-loss -5.2401  ema -4.3600
pes 13650  seg-loss -0.3217  ema -4.8843
pes 13675  seg-loss -2.3531  ema -3.7293
pes 13700  seg-loss -0.9947  ema -3.1034
pes 13725  seg-loss -4.7273  ema -6.7897
pes 13750  seg-loss -20.5437  ema -8.4199
pes 13775  seg-loss -20.7233  ema -12.0539
pes 13800  seg-loss -20.4125  ema -13.9246
pes 13825  seg-loss -0.6378  ema -10.6862
pes 13850  seg-loss -0.9847  ema -12.7114
pes 13875  seg-loss -0.4801  ema -12.9430
pes 13900  seg-loss -3.6486  ema -8.6863
pes 13925  seg-loss -5.0152  ema -6.8901
pes 13950  seg-loss -20.6984  ema -8.8934
pes 13975  seg-loss -14.0357  ema -11.3753
pes 14000  seg-loss -3.2145  ema -8.9628
pes 14025  seg-loss -20.7233  ema -11.8253
pes 14050  seg-loss -20.7233  ema -14.9308
pes 14075  seg-loss -20.7052  ema -12.4685
pes 14100  seg-loss -20.6850  ema -15.4981
pes 14125  seg-loss -5.3889  ema -14.6332
pes 14150  seg-loss -0.8947  ema -13.9357
pes 14175  seg-loss -5.6050  ema -10.6893
pes 14200  seg-loss -0.3054  ema -8.2283
pes 14225  seg-loss -20.7233  ema -7.3497
pes 14250  seg-loss -18.4493  ema -11.9348
pes 14275  seg-loss -2.3022  ema -9.9628
pes 14300  seg-loss -20.2167  ema -9.1084
pes 14325  seg-loss -2.9304  ema -9.7875
pes 14350  seg-loss 0.0081  ema -10.0737
pes 14375  seg-loss -20.7233  ema -9.3730
pes 14400  seg-loss -20.7004  ema -10.8959
pes 14425  seg-loss -4.8161  ema -11.6904
pes 14450  seg-loss -4.3134  ema -8.5833
pes 14475  seg-loss -5.2079  ema -6.6941
pes 14500  seg-loss -13.4740  ema -8.8370
pes 14525  seg-loss -12.3063  ema -12.5848
pes 14550  seg-loss -20.6936  ema -13.8651
pes 14575  seg-loss -0.5746  ema -12.7030
pes 14600  seg-loss -0.1276  ema -9.3634
pes 14625  seg-loss -0.8933  ema -6.9515
pes 14650  seg-loss -9.0488  ema -4.7823
pes 14675  seg-loss -3.7833  ema -4.5658
pes 14700  seg-loss -20.0335  ema -8.6243
pes 14725  seg-loss -20.7144  ema -12.6092
pes 14750  seg-loss -13.4259  ema -10.3704
pes 14775  seg-loss -20.2658  ema -12.3054
pes 14800  seg-loss -1.2571  ema -10.9264
pes 14825  seg-loss -1.5650  ema -7.1470
pes 14850  seg-loss -0.5832  ema -5.5265
pes 14875  seg-loss -0.3401  ema -3.7154
pes 14900  seg-loss -20.7233  ema -4.9328
pes 14925  seg-loss -9.7965  ema -8.2552
pes 14950  seg-loss -3.3948  ema -7.1332
pes 14975  seg-loss -20.7199  ema -11.0656
pes 15000  seg-loss -20.5697  ema -12.3882
pes 15025  seg-loss -2.1230  ema -9.2344
pes 15050  seg-loss -1.9916  ema -6.6134
pes 15075  seg-loss -2.1477  ema -6.0987
pes 15100  seg-loss -2.5623  ema -4.9585
pes 15125  seg-loss -4.9463  ema -4.9256
pes 15150  seg-loss -11.1454  ema -5.4537
pes 15175  seg-loss -8.9562  ema -6.0885
pes 15200  seg-loss -0.2753  ema -6.9968
pes 15225  seg-loss -20.7233  ema -5.7094
pes 15250  seg-loss -20.6758  ema -9.4335
pes 15275  seg-loss -0.7048  ema -10.8825
pes 15300  seg-loss -0.1834  ema -6.9448
pes 15325  seg-loss -20.6581  ema -6.4290
pes 15350  seg-loss -0.5415  ema -8.7612
pes 15375  seg-loss -20.7194  ema -12.2464
pes 15400  seg-loss -1.5008  ema -9.5451
pes 15425  seg-loss -20.6995  ema -10.3917
pes 15450  seg-loss -20.7176  ema -14.1990
pes 15475  seg-loss -6.1394  ema -12.1905
pes 15500  seg-loss -6.3074  ema -9.4393
pes 15525  seg-loss -20.6969  ema -13.1507
pes 15550  seg-loss -2.1142  ema -9.4104
pes 15575  seg-loss -0.6014  ema -10.8302
pes 15600  seg-loss -1.6332  ema -8.5899
pes 15625  seg-loss -1.6822  ema -6.3325
pes 15650  seg-loss -18.5401  ema -6.4151
pes 15675  seg-loss 0.1874  ema -9.1054
pes 15700  seg-loss -19.9109  ema -6.6280
pes 15725  seg-loss -1.3710  ema -10.4435
pes 15750  seg-loss -0.5613  ema -6.5712
pes 15775  seg-loss -20.7233  ema -5.6829
pes 15800  seg-loss -6.3134  ema -8.3862
pes 15825  seg-loss -3.1075  ema -10.3225
pes 15850  seg-loss -2.1993  ema -7.5048
pes 15875  seg-loss -20.7233  ema -9.8839
pes 15900  seg-loss -0.8823  ema -7.7629
pes 15925  seg-loss -20.6939  ema -10.4274
pes 15950  seg-loss -20.7233  ema -13.7166
pes 15975  seg-loss -20.0400  ema -15.0051
pes 16000  seg-loss -12.0511  ema -15.4823
  eval[h16] learned: loss 0.0627 acc 0.992  vs  muon(lr=0.1): loss 0.0015 acc 1.000
  eval[h64-wider] learned: loss 0.1007 acc 0.981  vs  muon(lr=0.1): loss 0.0000 acc 1.000
  eval[h16-long] learned: loss 0.0000 acc 1.000  vs  muon(lr=0.03): loss 0.0000 acc 1.000
  eval[fashion-h16 HELD-OUT] learned: loss 0.1342 acc 0.967  vs  muon(lr=0.03): loss 0.0000 acc 1.000
  eval[fashion-h64 HELD-OUT] learned: loss 0.1443 acc 0.949  vs  muon(lr=0.03): loss 0.0000 acc 1.000
pes 16025  seg-loss -2.6050  ema -13.5066
pes 16050  seg-loss -4.0171  ema -9.4878
pes 16075  seg-loss -1.5304  ema -7.2265
pes 16100  seg-loss -18.4453  ema -5.7580
pes 16125  seg-loss -3.9074  ema -9.3821
pes 16150  seg-loss -0.6029  ema -7.3380
pes 16175  seg-loss -20.7233  ema -10.6373
pes 16200  seg-loss -8.6265  ema -8.9964
pes 16225  seg-loss -20.5772  ema -11.5750
pes 16250  seg-loss -0.7328  ema -9.3390
pes 16275  seg-loss -13.7906  ema -6.4044
pes 16300  seg-loss -0.0153  ema -6.3687
pes 16325  seg-loss -1.0092  ema -4.1245
pes 16350  seg-loss -2.7370  ema -5.6691
pes 16375  seg-loss -20.7168  ema -10.2821
pes 16400  seg-loss -20.7171  ema -10.9797
pes 16425  seg-loss -0.3530  ema -8.5389
pes 16450  seg-loss -0.7536  ema -5.5314
pes 16475  seg-loss -0.2247  ema -5.0489
pes 16500  seg-loss -2.4149  ema -3.4168
pes 16525  seg-loss -5.7537  ema -3.6451
pes 16550  seg-loss -19.7649  ema -8.3969
pes 16575  seg-loss -1.7761  ema -9.6313
pes 16600  seg-loss -13.0391  ema -8.1849
pes 16625  seg-loss -0.7299  ema -5.4330
pes 16650  seg-loss -19.1799  ema -8.6941
pes 16675  seg-loss -20.4092  ema -11.7168
pes 16700  seg-loss -0.0907  ema -13.7918
pes 16725  seg-loss -5.4940  ema -10.2404
pes 16750  seg-loss -0.6866  ema -9.3826
pes 16775  seg-loss -19.9036  ema -11.3985
pes 16800  seg-loss -0.3091  ema -14.1248
pes 16825  seg-loss -20.6938  ema -10.6179
pes 16850  seg-loss -20.5891  ema -14.4300
pes 16875  seg-loss -0.8171  ema -11.3886
pes 16900  seg-loss -2.9542  ema -7.2235
pes 16925  seg-loss -4.3979  ema -10.6289
pes 16950  seg-loss -10.9491  ema -9.2341
pes 16975  seg-loss -1.0171  ema -11.3652
pes 17000  seg-loss -20.4698  ema -13.1802
pes 17025  seg-loss -16.4753  ema -8.8277
pes 17050  seg-loss -0.2110  ema -11.7114
pes 17075  seg-loss -20.7090  ema -10.2996
pes 17100  seg-loss -20.5859  ema -12.8308
pes 17125  seg-loss -20.7233  ema -15.3208
pes 17150  seg-loss -4.0703  ema -12.8953
pes 17175  seg-loss -18.7922  ema -12.3468
pes 17200  seg-loss -1.9957  ema -9.0960
pes 17225  seg-loss -14.7035  ema -7.4139
pes 17250  seg-loss -0.0812  ema -11.6264
pes 17275  seg-loss -0.2467  ema -7.1177
pes 17300  seg-loss 0.0044  ema -6.7000
pes 17325  seg-loss -20.7077  ema -8.1128
pes 17350  seg-loss -9.1193  ema -10.3463
pes 17375  seg-loss -20.7233  ema -12.7355
pes 17400  seg-loss -19.9879  ema -15.2864
pes 17425  seg-loss -18.3166  ema -13.0015
pes 17450  seg-loss -0.9100  ema -10.6467
pes 17475  seg-loss -0.9145  ema -8.5979
pes 17500  seg-loss -7.9810  ema -5.7100
pes 17525  seg-loss -18.9548  ema -10.6341
pes 17550  seg-loss -6.5020  ema -11.6820
pes 17575  seg-loss -0.5760  ema -8.2602
pes 17600  seg-loss -1.7703  ema -5.4028
pes 17625  seg-loss -20.6987  ema -8.9416
pes 17650  seg-loss -0.5382  ema -6.7053
pes 17675  seg-loss -20.7061  ema -9.3932
pes 17700  seg-loss -20.7152  ema -12.5454
pes 17725  seg-loss -0.7357  ema -9.1458
pes 17750  seg-loss -0.5707  ema -5.7148
pes 17775  seg-loss -4.7696  ema -4.3576
pes 17800  seg-loss -20.2357  ema -8.9272
pes 17825  seg-loss -0.6228  ema -6.3366
pes 17850  seg-loss -3.2809  ema -4.4061
pes 17875  seg-loss -12.4132  ema -4.8925
pes 17900  seg-loss -13.3367  ema -5.5448
pes 17925  seg-loss -4.9513  ema -6.9306
pes 17950  seg-loss -1.8748  ema -4.5019
pes 17975  seg-loss -17.7941  ema -8.8425
pes 18000  seg-loss -0.3531  ema -5.9419
pes 18025  seg-loss -0.0628  ema -3.6869
pes 18050  seg-loss -0.8161  ema -2.3592
pes 18075  seg-loss -13.2130  ema -3.3405
pes 18100  seg-loss -20.7192  ema -9.8086
pes 18125  seg-loss -2.0602  ema -8.7562
pes 18150  seg-loss -0.4907  ema -7.6740
pes 18175  seg-loss -1.8786  ema -6.0646
pes 18200  seg-loss -0.8479  ema -5.1585
pes 18225  seg-loss -9.6437  ema -9.2730
pes 18250  seg-loss -0.8188  ema -11.2760
pes 18275  seg-loss -2.5737  ema -7.4131
pes 18300  seg-loss -0.7732  ema -5.2105
pes 18325  seg-loss -20.7203  ema -8.0616
pes 18350  seg-loss -20.6976  ema -11.9740
pes 18375  seg-loss -19.5463  ema -14.6369
pes 18400  seg-loss -14.6876  ema -12.6863
pes 18425  seg-loss -0.2528  ema -13.8120
pes 18450  seg-loss -12.8276  ema -9.0745
pes 18475  seg-loss -13.7099  ema -11.0128
pes 18500  seg-loss -6.5871  ema -11.8137
pes 18525  seg-loss -3.1626  ema -10.7819
pes 18550  seg-loss -20.4085  ema -11.5859
pes 18575  seg-loss -1.5785  ema -9.7363
pes 18600  seg-loss -20.7178  ema -10.2106
pes 18625  seg-loss -12.8753  ema -11.3848
pes 18650  seg-loss -2.1323  ema -13.5739
pes 18675  seg-loss -0.8245  ema -13.4922
pes 18700  seg-loss -4.7042  ema -8.8239
pes 18725  seg-loss -20.1554  ema -9.5114
pes 18750  seg-loss -0.7190  ema -9.9121
pes 18775  seg-loss -1.6223  ema -6.2225
pes 18800  seg-loss -0.9772  ema -4.6985
pes 18825  seg-loss -9.5389  ema -4.6874
pes 18850  seg-loss -5.5455  ema -3.6524
pes 18875  seg-loss -0.3233  ema -7.7750
pes 18900  seg-loss -20.7106  ema -11.4027
pes 18925  seg-loss -1.0233  ema -8.1166
pes 18950  seg-loss -2.3556  ema -6.0250
pes 18975  seg-loss -20.1890  ema -9.7071
pes 19000  seg-loss -0.6150  ema -6.0341
pes 19025  seg-loss -2.0184  ema -6.5500
pes 19050  seg-loss -13.7868  ema -7.4804
pes 19075  seg-loss -3.4366  ema -7.0207
pes 19100  seg-loss -5.6709  ema -6.1659
pes 19125  seg-loss -2.1391  ema -5.4398
pes 19150  seg-loss -0.6323  ema -4.6844
pes 19175  seg-loss -0.5816  ema -3.0606
pes 19200  seg-loss -20.7233  ema -8.2589
pes 19225  seg-loss -6.7926  ema -7.9606
pes 19250  seg-loss -13.0450  ema -10.1988
pes 19275  seg-loss -4.2996  ema -8.3296
pes 19300  seg-loss -0.3193  ema -6.4375
pes 19325  seg-loss -20.7140  ema -6.5262
pes 19350  seg-loss -2.0746  ema -9.5520
pes 19375  seg-loss -4.2663  ema -7.8236
pes 19400  seg-loss -4.4137  ema -8.3675
pes 19425  seg-loss -19.5310  ema -7.5724
pes 19450  seg-loss -20.6642  ema -12.5570
pes 19475  seg-loss -12.2342  ema -12.4995
pes 19500  seg-loss 0.1282  ema -10.1571
pes 19525  seg-loss -0.4883  ema -7.7616
pes 19550  seg-loss -14.5457  ema -5.9280
pes 19575  seg-loss -1.3326  ema -7.5306
pes 19600  seg-loss -1.2967  ema -6.0575
pes 19625  seg-loss -1.7707  ema -4.2336
pes 19650  seg-loss -20.6957  ema -6.0599
pes 19675  seg-loss -0.5668  ema -8.1756
pes 19700  seg-loss -1.2669  ema -5.6962
pes 19725  seg-loss -3.0740  ema -5.5061
pes 19750  seg-loss -5.8103  ema -7.2734
pes 19775  seg-loss -0.0561  ema -11.3527
pes 19800  seg-loss -19.1431  ema -10.6434
pes 19825  seg-loss -10.3856  ema -9.9735
pes 19850  seg-loss -2.6585  ema -8.7322
pes 19875  seg-loss -3.8720  ema -6.0890
pes 19900  seg-loss -0.5175  ema -4.4796
pes 19925  seg-loss -0.8560  ema -2.9869
pes 19950  seg-loss -0.3069  ema -2.4628
pes 19975  seg-loss -0.3812  ema -3.3183
pes 20000  seg-loss -20.6785  ema -3.7807
  eval[h16] learned: loss 0.0357 acc 1.000  vs  muon(lr=0.1): loss 0.0034 acc 0.999
  eval[h64-wider] learned: loss 0.0316 acc 0.998  vs  muon(lr=0.1): loss 0.0000 acc 1.000
  eval[h16-long] learned: loss 0.0000 acc 1.000  vs  muon(lr=0.03): loss 0.0000 acc 1.000
  eval[fashion-h16 HELD-OUT] learned: loss 0.0047 acc 0.998  vs  muon(lr=0.03): loss 0.0000 acc 1.000
  eval[fashion-h64 HELD-OUT] learned: loss 0.8638 acc 0.903  vs  muon(lr=0.03): loss 0.0000 acc 1.000
pes 20025  seg-loss -1.7603  ema -6.3459
pes 20050  seg-loss -7.6409  ema -6.8671
pes 20075  seg-loss -1.5492  ema -9.8763
pes 20100  seg-loss -3.3002  ema -6.9466
pes 20125  seg-loss -1.2116  ema -5.4251
pes 20150  seg-loss -9.4207  ema -4.4642
pes 20175  seg-loss -3.1290  ema -5.6815
pes 20200  seg-loss -4.1573  ema -5.0089
pes 20225  seg-loss -0.5056  ema -3.4503
pes 20250  seg-loss -20.7233  ema -6.5263
pes 20275  seg-loss -0.6303  ema -6.4058
pes 20300  seg-loss -0.6588  ema -4.1019
pes 20325  seg-loss -0.4930  ema -8.5148
pes 20350  seg-loss -20.4992  ema -8.5256
pes 20375  seg-loss -20.7233  ema -13.1080
pes 20400  seg-loss -20.7233  ema -15.8662
pes 20425  seg-loss -18.4473  ema -14.9166
pes 20450  seg-loss -0.5540  ema -11.2252
pes 20475  seg-loss -20.6925  ema -13.6029
pes 20500  seg-loss -20.7233  ema -15.5206
pes 20525  seg-loss -1.2512  ema -13.4650
pes 20550  seg-loss -2.2211  ema -8.8764
pes 20575  seg-loss -19.9855  ema -8.7543
pes 20600  seg-loss -0.3453  ema -9.2555
pes 20625  seg-loss -0.4613  ema -11.6813
pes 20650  seg-loss -0.1442  ema -7.3905
pes 20675  seg-loss -0.6325  ema -4.6918
pes 20700  seg-loss -16.3986  ema -6.4083
pes 20725  seg-loss -5.0616  ema -8.8476
pes 20750  seg-loss -0.5869  ema -11.9210
pes 20775  seg-loss -13.6625  ema -7.9043
pes 20800  seg-loss -18.3080  ema -12.1634
pes 20825  seg-loss -3.5685  ema -11.0273
pes 20850  seg-loss -1.0248  ema -8.4409
pes 20875  seg-loss -19.7430  ema -6.6492
pes 20900  seg-loss -14.3696  ema -7.4641
pes 20925  seg-loss -1.2259  ema -10.2368
pes 20950  seg-loss -0.2431  ema -6.6006
pes 20975  seg-loss -0.0681  ema -4.0317
pes 21000  seg-loss -20.0332  ema -8.2824
pes 21025  seg-loss -0.3626  ema -6.4200
pes 21050  seg-loss -20.7233  ema -8.8991
pes 21075  seg-loss -1.5664  ema -6.7777
pes 21100  seg-loss -3.2073  ema -5.8659
pes 21125  seg-loss -0.1140  ema -6.1312
pes 21150  seg-loss -20.3054  ema -6.3301
pes 21175  seg-loss -20.0085  ema -11.5644
pes 21200  seg-loss -0.1628  ema -9.1479
pes 21225  seg-loss -20.6990  ema -11.8894
pes 21250  seg-loss -1.7616  ema -7.7873
pes 21275  seg-loss -1.6716  ema -5.4448
pes 21300  seg-loss -20.7009  ema -6.8943
pes 21325  seg-loss -1.9177  ema -8.7358
pes 21350  seg-loss -1.5538  ema -6.1502
pes 21375  seg-loss -20.7233  ema -7.7057
pes 21400  seg-loss -0.1247  ema -8.6467
pes 21425  seg-loss -19.9086  ema -10.5489
pes 21450  seg-loss -7.0166  ema -8.1047
pes 21475  seg-loss -0.5280  ema -8.3826
pes 21500  seg-loss -10.6500  ema -9.2926
pes 21525  seg-loss -10.5031  ema -8.7383
pes 21550  seg-loss -20.7233  ema -11.2560
pes 21575  seg-loss -13.7106  ema -8.0890
pes 21600  seg-loss -6.7470  ema -6.4776
pes 21625  seg-loss -0.9389  ema -4.8282
pes 21650  seg-loss -20.7233  ema -7.6912
pes 21675  seg-loss -0.9180  ema -9.5154
pes 21700  seg-loss -16.2972  ema -10.6427
pes 21725  seg-loss -14.6800  ema -11.2757
pes 21750  seg-loss -20.1437  ema -12.5450
pes 21775  seg-loss -2.1558  ema -9.0636
pes 21800  seg-loss -0.9155  ema -6.5995
pes 21825  seg-loss -0.7160  ema -5.1666
pes 21850  seg-loss -20.7233  ema -10.1139
pes 21875  seg-loss -0.6352  ema -8.5658
pes 21900  seg-loss -0.9160  ema -6.2389
pes 21925  seg-loss -11.2075  ema -5.7001
pes 21950  seg-loss -1.9884  ema -5.6105
pes 21975  seg-loss -15.0224  ema -5.9309
pes 22000  seg-loss -2.9789  ema -5.2108
pes 22025  seg-loss -0.7956  ema -4.3897
pes 22050  seg-loss -1.1472  ema -2.9180
pes 22075  seg-loss -2.4508  ema -8.5465
pes 22100  seg-loss -0.2283  ema -7.0941
pes 22125  seg-loss -15.2103  ema -5.1050
pes 22150  seg-loss -0.8878  ema -4.6798
pes 22175  seg-loss -2.4477  ema -3.4162
pes 22200  seg-loss -20.7233  ema -7.9931
pes 22225  seg-loss -19.7844  ema -10.9063
pes 22250  seg-loss -20.7233  ema -14.2153
pes 22275  seg-loss -20.4825  ema -16.3026
pes 22300  seg-loss -0.0305  ema -12.1805
pes 22325  seg-loss -2.6618  ema -8.0189
pes 22350  seg-loss -12.9004  ema -11.1832
pes 22375  seg-loss -19.2073  ema -13.3953
pes 22400  seg-loss -0.6144  ema -8.9087
pes 22425  seg-loss -5.0186  ema -6.2353
pes 22450  seg-loss -20.7223  ema -7.2680
pes 22475  seg-loss -13.2242  ema -9.5557
pes 22500  seg-loss -3.3528  ema -9.2946
pes 22525  seg-loss -20.0468  ema -13.2374
pes 22550  seg-loss -1.1435  ema -14.2580
pes 22575  seg-loss -2.6451  ema -9.6475
pes 22600  seg-loss -0.6567  ema -6.3961
pes 22625  seg-loss -19.7025  ema -9.5729
pes 22650  seg-loss -0.9588  ema -7.7077
pes 22675  seg-loss 0.2658  ema -4.7948
pes 22700  seg-loss -0.6890  ema -3.0311
pes 22725  seg-loss -19.8253  ema -6.2639
pes 22750  seg-loss -1.0741  ema -5.9581
pes 22775  seg-loss -3.0946  ema -4.1460
pes 22800  seg-loss -3.7205  ema -3.7314
pes 22825  seg-loss -20.6992  ema -6.1878
pes 22850  seg-loss -0.7430  ema -9.4073
pes 22875  seg-loss -0.1483  ema -6.4052
pes 22900  seg-loss -3.1903  ema -4.3604
pes 22925  seg-loss -0.6121  ema -2.9559
pes 22950  seg-loss -0.4631  ema -6.4378
pes 22975  seg-loss -0.8153  ema -4.1709
pes 23000  seg-loss -2.1530  ema -3.8927
pes 23025  seg-loss -16.9329  ema -9.3729
pes 23050  seg-loss -4.8791  ema -10.1569
pes 23075  seg-loss -0.6117  ema -7.8862
pes 23100  seg-loss -20.7233  ema -9.5533
pes 23125  seg-loss -20.7149  ema -8.6855
pes 23150  seg-loss -0.7349  ema -6.3097
pes 23175  seg-loss -18.4735  ema -8.4891
pes 23200  seg-loss -3.0802  ema -8.1092
pes 23225  seg-loss -0.9309  ema -6.3145
pes 23250  seg-loss -2.3399  ema -5.3934
pes 23275  seg-loss -7.0033  ema -3.6729
pes 23300  seg-loss -13.4643  ema -7.5346
pes 23325  seg-loss -3.8606  ema -10.9982
pes 23350  seg-loss -20.7233  ema -12.2499
pes 23375  seg-loss -4.5360  ema -12.6985
pes 23400  seg-loss -20.7233  ema -12.2796
pes 23425  seg-loss -7.5172  ema -12.6657
pes 23450  seg-loss -2.5005  ema -8.3937
pes 23475  seg-loss -18.6789  ema -8.2277
pes 23500  seg-loss -20.6679  ema -11.1488
pes 23525  seg-loss -9.5697  ema -10.2204
pes 23550  seg-loss -5.0442  ema -11.5453
pes 23575  seg-loss -4.9754  ema -10.1255
pes 23600  seg-loss -2.0900  ema -7.0287
pes 23625  seg-loss -11.5962  ema -7.9889
pes 23650  seg-loss -5.4394  ema -6.0658
pes 23675  seg-loss -17.2052  ema -7.8327
pes 23700  seg-loss -20.6300  ema -11.7893
pes 23725  seg-loss -20.7233  ema -14.8381
pes 23750  seg-loss -20.7210  ema -17.0090
pes 23775  seg-loss -18.5252  ema -15.6072
pes 23800  seg-loss -6.1565  ema -13.1352
pes 23825  seg-loss -0.4924  ema -8.5303
pes 23850  seg-loss -2.8974  ema -5.7247
pes 23875  seg-loss -0.4929  ema -5.2109
pes 23900  seg-loss -0.6516  ema -4.6646
pes 23925  seg-loss -20.7233  ema -5.7933
pes 23950  seg-loss -0.7103  ema -8.6555
pes 23975  seg-loss -1.9485  ema -6.6355
pes 24000  seg-loss -19.3532  ema -6.5927
  eval[h16] learned: loss 0.0142 acc 1.000  vs  muon(lr=0.1): loss 0.0013 acc 1.000
  eval[h64-wider] learned: loss 0.0749 acc 0.986  vs  muon(lr=0.1): loss 0.0001 acc 1.000
  eval[h16-long] learned: loss 0.0000 acc 1.000  vs  muon(lr=0.03): loss 0.0000 acc 1.000
  eval[fashion-h16 HELD-OUT] learned: loss 0.0037 acc 1.000  vs  muon(lr=0.03): loss 0.0000 acc 1.000
  eval[fashion-h64 HELD-OUT] learned: loss 0.7114 acc 0.877  vs  muon(lr=0.03): loss 0.0000 acc 1.000
pes 24025  seg-loss -2.7921  ema -9.1025
pes 24050  seg-loss -1.3072  ema -7.4965
pes 24075  seg-loss -20.6426  ema -7.6545
pes 24100  seg-loss -20.7233  ema -11.1248
pes 24125  seg-loss -5.8707  ema -11.1143
pes 24150  seg-loss -1.7595  ema -7.6740
pes 24175  seg-loss -5.9238  ema -6.1181
pes 24200  seg-loss -12.2437  ema -6.3609
pes 24225  seg-loss -4.3785  ema -7.5900
pes 24250  seg-loss -1.7115  ema -7.1206
pes 24275  seg-loss -1.1072  ema -4.8874
pes 24300  seg-loss -1.9875  ema -3.5622
pes 24325  seg-loss -4.9233  ema -3.1030
pes 24350  seg-loss -18.9316  ema -5.5171
pes 24375  seg-loss -0.5846  ema -6.4813
pes 24400  seg-loss -0.6050  ema -4.1534
pes 24425  seg-loss -0.8684  ema -2.7903
pes 24450  seg-loss -6.4945  ema -3.1586
pes 24475  seg-loss -0.8513  ema -2.5857
pes 24500  seg-loss -5.5264  ema -2.0945
pes 24525  seg-loss -2.2692  ema -1.9684
pes 24550  seg-loss -0.2758  ema -3.5252
pes 24575  seg-loss -2.8419  ema -3.3944
pes 24600  seg-loss -0.5352  ema -4.4580
pes 24625  seg-loss -0.5919  ema -3.9163
pes 24650  seg-loss -20.7173  ema -6.4859
pes 24675  seg-loss -20.5939  ema -11.9569
pes 24700  seg-loss -5.3777  ema -9.4111
pes 24725  seg-loss -20.7233  ema -12.6325
pes 24750  seg-loss -0.1601  ema -8.7650
pes 24775  seg-loss -20.7233  ema -11.9950
pes 24800  seg-loss -1.8389  ema -8.3763
pes 24825  seg-loss -0.6232  ema -5.6117
pes 24850  seg-loss -0.5107  ema -4.3688
pes 24875  seg-loss -4.1254  ema -3.4393
pes 24900  seg-loss -2.6146  ema -7.4522
pes 24925  seg-loss -20.7152  ema -9.7158
pes 24950  seg-loss -18.3533  ema -12.6783
pes 24975  seg-loss -0.5886  ema -9.0337
pes 25000  seg-loss -1.4532  ema -5.6769
pes 25025  seg-loss -20.5735  ema -5.5061
pes 25050  seg-loss -0.3976  ema -7.5634
pes 25075  seg-loss -0.4481  ema -5.0267
pes 25100  seg-loss -18.7868  ema -7.1853
pes 25125  seg-loss -20.7004  ema -12.3218
pes 25150  seg-loss -1.0697  ema -8.7129
pes 25175  seg-loss -2.5891  ema -9.3831
pes 25200  seg-loss -5.3910  ema -8.2583
pes 25225  seg-loss -20.6257  ema -12.7737
pes 25250  seg-loss -6.0871  ema -9.8143
pes 25275  seg-loss -0.6916  ema -6.7617
pes 25300  seg-loss -20.1013  ema -5.3524
pes 25325  seg-loss -0.3287  ema -9.6983
pes 25350  seg-loss -0.2068  ema -6.7490
pes 25375  seg-loss -8.9676  ema -5.9446
pes 25400  seg-loss -20.7233  ema -9.1870
pes 25425  seg-loss -20.7113  ema -13.6235
pes 25450  seg-loss -0.8231  ema -10.0489
pes 25475  seg-loss -20.6234  ema -8.8109
pes 25500  seg-loss -12.6566  ema -9.2857
pes 25525  seg-loss -20.7114  ema -11.7242
pes 25550  seg-loss -5.0174  ema -10.0129
pes 25575  seg-loss -1.4036  ema -6.8821
pes 25600  seg-loss -0.8486  ema -11.0774
pes 25625  seg-loss -0.2359  ema -10.9001
pes 25650  seg-loss -3.4672  ema -6.8049
pes 25675  seg-loss -20.6220  ema -9.7827
pes 25700  seg-loss -0.8605  ema -10.9434
pes 25725  seg-loss -17.9741  ema -9.8567
pes 25750  seg-loss -1.2618  ema -8.1998
pes 25775  seg-loss -1.4965  ema -5.5169
pes 25800  seg-loss -15.3528  ema -5.6710
pes 25825  seg-loss -1.1166  ema -5.3259
pes 25850  seg-loss -8.3380  ema -6.0953
pes 25875  seg-loss -3.3625  ema -10.6374
pes 25900  seg-loss -0.2668  ema -13.4810
pes 25925  seg-loss -1.1931  ema -8.9705
pes 25950  seg-loss -3.0257  ema -6.2730
pes 25975  seg-loss -0.7532  ema -9.9338
pes 26000  seg-loss -1.0173  ema -11.9470
pes 26025  seg-loss -0.3025  ema -10.3754
pes 26050  seg-loss -10.7935  ema -8.2646
pes 26075  seg-loss -2.6099  ema -10.7869
pes 26100  seg-loss -2.1960  ema -9.0784
pes 26125  seg-loss 0.9759  ema -6.2118
pes 26150  seg-loss -0.3571  ema -4.2433
pes 26175  seg-loss -3.5014  ema -4.3024
pes 26200  seg-loss -0.0129  ema -5.5381
pes 26225  seg-loss -5.4581  ema -4.2200
pes 26250  seg-loss -18.0520  ema -6.7160
pes 26275  seg-loss -6.7006  ema -7.6118
pes 26300  seg-loss -0.6202  ema -6.3400
pes 26325  seg-loss -6.1774  ema -5.6747
pes 26350  seg-loss -20.7152  ema -8.6781
pes 26375  seg-loss -20.7197  ema -12.3474
pes 26400  seg-loss -20.4557  ema -15.3047
pes 26425  seg-loss -20.7209  ema -17.1220
pes 26450  seg-loss -4.3459  ema -10.6503
pes 26475  seg-loss -19.7677  ema -13.9636
pes 26500  seg-loss -0.3775  ema -9.4186
pes 26525  seg-loss -20.7233  ema -11.3799
pes 26550  seg-loss -20.7153  ema -14.9099
pes 26575  seg-loss -20.0040  ema -12.1831
pes 26600  seg-loss -0.9799  ema -13.0058
pes 26625  seg-loss -2.6807  ema -9.4716
pes 26650  seg-loss -5.1591  ema -8.5842
pes 26675  seg-loss -9.9669  ema -7.6488
pes 26700  seg-loss -20.7233  ema -11.3972
pes 26725  seg-loss -20.7233  ema -10.4457
pes 26750  seg-loss -20.3533  ema -7.9330
pes 26775  seg-loss -0.6020  ema -9.0994
pes 26800  seg-loss -0.1438  ema -5.9669
pes 26825  seg-loss -20.3284  ema -4.9946
pes 26850  seg-loss -0.7494  ema -3.5241
pes 26875  seg-loss -1.4156  ema -2.8716
pes 26900  seg-loss -0.4076  ema -1.9206
pes 26925  seg-loss -1.6318  ema -6.6610
pes 26950  seg-loss -1.4836  ema -4.3522
pes 26975  seg-loss -15.2088  ema -5.7111
pes 27000  seg-loss -0.5474  ema -9.6519
pes 27025  seg-loss -19.1262  ema -11.8585
pes 27050  seg-loss -20.3918  ema -12.9712
pes 27075  seg-loss -0.3490  ema -9.8510
pes 27100  seg-loss -0.6864  ema -6.1557
pes 27125  seg-loss -18.6721  ema -10.4615
pes 27150  seg-loss -6.2198  ema -8.3002
pes 27175  seg-loss -7.8102  ema -8.0194
pes 27200  seg-loss -20.7233  ema -10.5358
pes 27225  seg-loss -0.6159  ema -10.8077
pes 27250  seg-loss -20.7233  ema -13.5202
pes 27275  seg-loss -0.8639  ema -10.5337
pes 27300  seg-loss -1.0053  ema -7.7674
pes 27325  seg-loss -6.2808  ema -6.3341
pes 27350  seg-loss -0.0649  ema -7.5998
pes 27375  seg-loss -3.6817  ema -5.1850
pes 27400  seg-loss -12.0637  ema -4.0751
pes 27425  seg-loss -20.6486  ema -7.6803
pes 27450  seg-loss -20.7233  ema -12.3436
pes 27475  seg-loss -1.0564  ema -11.3292
pes 27500  seg-loss -20.4881  ema -10.2066
pes 27525  seg-loss -20.4408  ema -14.0046
pes 27550  seg-loss -19.8443  ema -15.2003
pes 27575  seg-loss -19.8658  ema -15.8698
pes 27600  seg-loss -0.6471  ema -10.3068
pes 27625  seg-loss -20.7233  ema -10.7951
pes 27650  seg-loss -20.0969  ema -12.3894
pes 27675  seg-loss -20.3249  ema -14.8990
pes 27700  seg-loss -19.1521  ema -15.1182
pes 27725  seg-loss -6.1126  ema -11.5607
pes 27750  seg-loss -0.6628  ema -8.0662
pes 27775  seg-loss -0.3902  ema -5.9205
pes 27800  seg-loss -20.7233  ema -9.5354
pes 27825  seg-loss -20.7233  ema -13.8512
pes 27850  seg-loss -9.3455  ema -12.5750
pes 27875  seg-loss -4.5953  ema -9.5024
pes 27900  seg-loss -12.2704  ema -9.5662
pes 27925  seg-loss -20.0221  ema -9.9146
pes 27950  seg-loss -0.6172  ema -7.1628
pes 27975  seg-loss -0.6291  ema -4.3720
pes 28000  seg-loss -13.2238  ema -4.7958
  eval[h16] learned: loss 0.0104 acc 0.999  vs  muon(lr=0.1): loss 0.0010 acc 1.000
  eval[h64-wider] learned: loss 0.0499 acc 0.992  vs  muon(lr=0.1): loss 0.0000 acc 1.000
  eval[h16-long] learned: loss 0.0000 acc 1.000  vs  muon(lr=0.03): loss 0.0000 acc 1.000
  eval[fashion-h16 HELD-OUT] learned: loss 0.0061 acc 1.000  vs  muon(lr=0.03): loss 0.0000 acc 1.000
  eval[fashion-h64 HELD-OUT] learned: loss 0.1459 acc 0.956  vs  muon(lr=0.03): loss 0.0000 acc 1.000
pes 28025  seg-loss -6.9239  ema -5.5858
pes 28050  seg-loss -0.6820  ema -4.1332
pes 28075  seg-loss -1.3129  ema -3.2922
pes 28100  seg-loss -5.4309  ema -3.0105
pes 28125  seg-loss -0.0904  ema -2.8730
pes 28150  seg-loss -12.3804  ema -3.9055
pes 28175  seg-loss -0.5359  ema -3.3960
pes 28200  seg-loss -0.3601  ema -3.8788
pes 28225  seg-loss -0.0618  ema -2.5208
pes 28250  seg-loss -20.7233  ema -7.1903
pes 28275  seg-loss -17.9374  ema -11.0918
pes 28300  seg-loss -1.9748  ema -8.0378
pes 28325  seg-loss -20.6083  ema -10.5490
pes 28350  seg-loss -0.1664  ema -7.6368
pes 28375  seg-loss -20.7050  ema -5.5178
pes 28400  seg-loss -1.8499  ema -9.1518
pes 28425  seg-loss -7.1233  ema -7.0078
pes 28450  seg-loss -3.7009  ema -5.2260
pes 28475  seg-loss -20.1806  ema -9.3929
pes 28500  seg-loss -0.4646  ema -7.0437
pes 28525  seg-loss -16.5431  ema -9.5299
pes 28550  seg-loss -0.5605  ema -6.7416
pes 28575  seg-loss -20.7233  ema -10.4316
pes 28600  seg-loss -15.6547  ema -8.3849
pes 28625  seg-loss -0.5912  ema -10.2071
pes 28650  seg-loss -0.3320  ema -7.3981
pes 28675  seg-loss -0.6287  ema -5.0510
pes 28700  seg-loss -1.3286  ema -3.4146
pes 28725  seg-loss -20.4145  ema -5.8753
pes 28750  seg-loss -0.5035  ema -8.2753
pes 28775  seg-loss -1.8120  ema -6.2368
pes 28800  seg-loss -1.2803  ema -10.5465
pes 28825  seg-loss -20.5383  ema -10.9050
pes 28850  seg-loss -20.4711  ema -14.1985
pes 28875  seg-loss -19.8541  ema -15.2407
pes 28900  seg-loss -19.6218  ema -12.7937
pes 28925  seg-loss -20.3448  ema -14.8456
pes 28950  seg-loss -7.4661  ema -10.1314
pes 28975  seg-loss -20.6577  ema -8.7325
pes 29000  seg-loss -19.2201  ema -12.8753
pes 29025  seg-loss -20.6553  ema -9.8157
pes 29050  seg-loss -0.1269  ema -6.3923
pes 29075  seg-loss -1.3420  ema -4.0996
pes 29100  seg-loss -1.5416  ema -3.6746
pes 29125  seg-loss -1.3138  ema -2.7304
pes 29150  seg-loss -20.6859  ema -5.1561
pes 29175  seg-loss -0.5873  ema -6.9662
pes 29200  seg-loss -1.2771  ema -4.6908
pes 29225  seg-loss -11.8266  ema -4.8971
pes 29250  seg-loss -17.9903  ema -8.9059
pes 29275  seg-loss -0.2631  ema -6.5476
pes 29300  seg-loss -1.6041  ema -4.9474
pes 29325  seg-loss -18.5603  ema -8.8396
pes 29350  seg-loss -1.4042  ema -7.7076
pes 29375  seg-loss -20.3076  ema -11.8933
pes 29400  seg-loss -19.1855  ema -12.8205
pes 29425  seg-loss -0.0523  ema -9.0907
pes 29450  seg-loss 0.2069  ema -5.4014
pes 29475  seg-loss -20.7157  ema -9.9905
pes 29500  seg-loss -14.8557  ema -13.0257
pes 29525  seg-loss -20.6919  ema -15.1437
pes 29550  seg-loss -1.1467  ema -12.1303
pes 29575  seg-loss -19.0667  ema -11.6710
pes 29600  seg-loss -0.3487  ema -13.9956
pes 29625  seg-loss -4.4067  ema -9.4814
pes 29650  seg-loss -20.5203  ema -12.9469
pes 29675  seg-loss -0.6559  ema -9.7802
pes 29700  seg-loss -2.1586  ema -6.5230
pes 29725  seg-loss -19.9714  ema -10.0835
pes 29750  seg-loss -20.7105  ema -10.4450
pes 29775  seg-loss -3.3171  ema -11.2541
pes 29800  seg-loss -1.2198  ema -7.5608
pes 29825  seg-loss -1.4905  ema -5.4911
pes 29850  seg-loss -20.7233  ema -5.7266
pes 29875  seg-loss -5.3265  ema -8.8155
pes 29900  seg-loss -0.6068  ema -6.8115
pes 29925  seg-loss -0.6096  ema -4.4659
pes 29950  seg-loss -20.2845  ema -5.9576
pes 29975  seg-loss -15.2038  ema -8.7504
pes 30000  seg-loss -11.0682  ema -8.9892
pes 30025  seg-loss -1.0785  ema -7.9133
pes 30050  seg-loss -18.1809  ema -9.4655
pes 30075  seg-loss -2.0581  ema -7.7321
pes 30100  seg-loss -20.7086  ema -10.9256
pes 30125  seg-loss -20.6824  ema -14.2194
pes 30150  seg-loss -4.5491  ema -11.5207
pes 30175  seg-loss -19.2289  ema -8.0401
pes 30200  seg-loss -5.4284  ema -5.1623
pes 30225  seg-loss -7.2847  ema -9.2964
pes 30250  seg-loss -6.3254  ema -11.4141
pes 30275  seg-loss -19.0549  ema -12.1007
pes 30300  seg-loss -1.2039  ema -10.6048
pes 30325  seg-loss -6.6178  ema -7.7299
pes 30350  seg-loss -2.2159  ema -6.7407
pes 30375  seg-loss -11.2376  ema -6.4360
pes 30400  seg-loss -20.6708  ema -10.4920
pes 30425  seg-loss -0.6798  ema -7.9928
pes 30450  seg-loss -0.2929  ema -6.5230
pes 30475  seg-loss -0.5773  ema -4.1631
pes 30500  seg-loss -0.6520  ema -2.7884
pes 30525  seg-loss -0.5109  ema -3.0596
pes 30550  seg-loss -19.5126  ema -5.0702
pes 30575  seg-loss -7.5022  ema -7.9351
pes 30600  seg-loss -0.1124  ema -7.2057
pes 30625  seg-loss -20.3621  ema -6.2573
pes 30650  seg-loss -1.1058  ema -9.3811
pes 30675  seg-loss -9.3316  ema -7.3968
pes 30700  seg-loss -7.9264  ema -6.9246
pes 30725  seg-loss -19.5179  ema -9.1776
pes 30750  seg-loss -1.6590  ema -8.0732
pes 30775  seg-loss -20.7233  ema -11.2181
pes 30800  seg-loss -20.7033  ema -14.6944
pes 30825  seg-loss -1.5295  ema -14.1748
pes 30850  seg-loss -1.1959  ema -9.0939
pes 30875  seg-loss -0.1516  ema -6.8046
pes 30900  seg-loss -1.5983  ema -4.7509
pes 30925  seg-loss -2.1189  ema -3.4978
pes 30950  seg-loss -20.6703  ema -8.7307
pes 30975  seg-loss -20.3001  ema -11.5407
pes 31000  seg-loss -5.1781  ema -9.3062
pes 31025  seg-loss -20.2703  ema -12.1563
pes 31050  seg-loss -19.6551  ema -10.8321
pes 31075  seg-loss -20.7195  ema -12.2320
pes 31100  seg-loss -12.8883  ema -11.1084
pes 31125  seg-loss -1.2398  ema -7.9314
pes 31150  seg-loss -7.1422  ema -6.2291
pes 31175  seg-loss -0.6042  ema -5.1170
pes 31200  seg-loss -6.0292  ema -4.4256
pes 31225  seg-loss -17.8054  ema -6.4709
pes 31250  seg-loss -0.2562  ema -8.2672
pes 31275  seg-loss 0.1484  ema -5.7352
pes 31300  seg-loss 0.3885  ema -8.6180
pes 31325  seg-loss -19.6066  ema -7.9257
pes 31350  seg-loss -5.6715  ema -8.6856
pes 31375  seg-loss -2.8109  ema -6.1108
pes 31400  seg-loss -5.9993  ema -5.9190
pes 31425  seg-loss 0.0236  ema -4.2176
pes 31450  seg-loss -0.3247  ema -3.1501
pes 31475  seg-loss -20.7153  ema -7.5035
pes 31500  seg-loss -6.7058  ema -9.9189
pes 31525  seg-loss -20.0072  ema -10.3142
pes 31550  seg-loss -10.4611  ema -10.0505
pes 31575  seg-loss -20.7233  ema -12.3299
pes 31600  seg-loss -1.2605  ema -9.3952
pes 31625  seg-loss -3.5001  ema -6.7434
pes 31650  seg-loss 0.1598  ema -5.7922
pes 31675  seg-loss -20.7233  ema -5.0958
pes 31700  seg-loss 0.5828  ema -7.7774
pes 31725  seg-loss -20.7233  ema -8.3544
pes 31750  seg-loss -10.1498  ema -9.8380
pes 31775  seg-loss -20.6860  ema -7.4139
pes 31800  seg-loss -9.2495  ema -7.0815
pes 31825  seg-loss -20.7081  ema -5.9852
pes 31850  seg-loss -20.6448  ema -11.6776
pes 31875  seg-loss -0.9360  ema -10.9667
pes 31900  seg-loss -0.3277  ema -7.4300
pes 31925  seg-loss -1.9341  ema -5.1884
pes 31950  seg-loss -0.4086  ema -5.1666
pes 31975  seg-loss -4.4264  ema -4.1406
pes 32000  seg-loss -20.6887  ema -9.4932
  eval[h16] learned: loss 0.0064 acc 1.000  vs  muon(lr=0.1): loss 0.0009 acc 1.000
  eval[h64-wider] learned: loss 0.0073 acc 0.999  vs  muon(lr=0.1): loss 0.0000 acc 1.000
  eval[h16-long] learned: loss 0.0000 acc 1.000  vs  muon(lr=0.03): loss 0.0000 acc 1.000
  eval[fashion-h16 HELD-OUT] learned: loss 0.0026 acc 0.998  vs  muon(lr=0.03): loss 0.0000 acc 1.000
  eval[fashion-h64 HELD-OUT] learned: loss 0.6149 acc 0.939  vs  muon(lr=0.03): loss 0.0000 acc 1.000
pes 32025  seg-loss -20.6834  ema -12.8108
pes 32050  seg-loss -9.0014  ema -11.0165
pes 32075  seg-loss -0.5564  ema -8.4047
pes 32100  seg-loss -1.9915  ema -5.6891
pes 32125  seg-loss -2.9687  ema -4.6515
pes 32150  seg-loss -20.6803  ema -9.1977
pes 32175  seg-loss -1.9127  ema -7.3325
pes 32200  seg-loss -0.4768  ema -10.5786
pes 32225  seg-loss -0.6273  ema -6.6105
pes 32250  seg-loss -1.8235  ema -4.4755
pes 32275  seg-loss -2.5080  ema -4.4428
pes 32300  seg-loss -3.6077  ema -3.7599
pes 32325  seg-loss -0.5394  ema -4.8364
pes 32350  seg-loss -20.7233  ema -8.3050
pes 32375  seg-loss -14.1472  ema -10.2637
pes 32400  seg-loss -0.0787  ema -6.7221
pes 32425  seg-loss -20.7233  ema -7.2171
pes 32450  seg-loss -20.7220  ema -11.0760
pes 32475  seg-loss -3.0351  ema -10.9386
pes 32500  seg-loss -0.2072  ema -12.7143
pes 32525  seg-loss -18.9250  ema -13.2220
pes 32550  seg-loss -2.9970  ema -12.2973
pes 32575  seg-loss -13.2546  ema -10.6098
pes 32600  seg-loss -1.3505  ema -9.1619
pes 32625  seg-loss -0.1034  ema -7.2872
pes 32650  seg-loss -3.3795  ema -4.7695
pes 32675  seg-loss -2.2678  ema -4.5008
pes 32700  seg-loss -1.8886  ema -3.6936
pes 32725  seg-loss -0.5887  ema -3.3374
pes 32750  seg-loss -20.6803  ema -4.0579
pes 32775  seg-loss -1.9068  ema -7.0827
pes 32800  seg-loss -19.3555  ema -7.7288
pes 32825  seg-loss -0.8539  ema -7.7588
pes 32850  seg-loss -2.4699  ema -5.9355
pes 32875  seg-loss -13.4598  ema -7.3910
pes 32900  seg-loss -20.4149  ema -12.0801
pes 32925  seg-loss -0.5622  ema -8.7944
pes 32950  seg-loss -8.0333  ema -9.1531
pes 32975  seg-loss -17.0440  ema -9.3601
pes 33000  seg-loss -0.0394  ema -7.0435
pes 33025  seg-loss -19.8583  ema -5.3638
pes 33050  seg-loss -2.1630  ema -8.0443
pes 33075  seg-loss -3.9207  ema -7.9750
pes 33100  seg-loss -0.6373  ema -9.1614
pes 33125  seg-loss -6.6976  ema -5.9770
pes 33150  seg-loss -11.0739  ema -6.8087
pes 33175  seg-loss -20.6492  ema -11.3649
pes 33200  seg-loss -0.3433  ema -13.4415
pes 33225  seg-loss -0.5663  ema -9.1380
pes 33250  seg-loss -19.5911  ema -11.0324
pes 33275  seg-loss -3.1298  ema -8.1774
pes 33300  seg-loss -8.6693  ema -8.1386
pes 33325  seg-loss -20.5219  ema -9.2531
pes 33350  seg-loss -0.3580  ema -11.7163
pes 33375  seg-loss -9.3985  ema -7.5179
pes 33400  seg-loss -1.5802  ema -10.9536
pes 33425  seg-loss -0.1735  ema -9.0875
pes 33450  seg-loss -20.7233  ema -9.4927
pes 33475  seg-loss -19.5123  ema -13.5059
pes 33500  seg-loss -13.1159  ema -12.7982
pes 33525  seg-loss -5.0735  ema -10.0650
pes 33550  seg-loss -3.5300  ema -7.5118
pes 33575  seg-loss -0.4545  ema -6.6394
pes 33600  seg-loss -3.6590  ema -4.5303
pes 33625  seg-loss -2.7765  ema -4.4550
pes 33650  seg-loss -0.5303  ema -4.6800
pes 33675  seg-loss -17.4637  ema -4.2974
pes 33700  seg-loss -10.8687  ema -9.3618
pes 33725  seg-loss -2.7030  ema -6.8146
pes 33750  seg-loss -19.8356  ema -6.3352
pes 33775  seg-loss -20.7011  ema -10.4639
pes 33800  seg-loss -4.9312  ema -7.9024
pes 33825  seg-loss -15.7669  ema -9.7048
pes 33850  seg-loss -0.1987  ema -6.5244
pes 33875  seg-loss -5.9014  ema -4.7783
pes 33900  seg-loss -3.2075  ema -4.3190
pes 33925  seg-loss -20.0851  ema -7.1144
pes 33950  seg-loss -20.6936  ema -10.7793
pes 33975  seg-loss -1.1595  ema -9.3304
pes 34000  seg-loss -19.4896  ema -10.4911
pes 34025  seg-loss -16.8550  ema -10.9382
pes 34050  seg-loss -19.8655  ema -12.8113
pes 34075  seg-loss -20.7229  ema -14.5547
pes 34100  seg-loss -15.6249  ema -12.8801
pes 34125  seg-loss -0.5797  ema -10.5864
pes 34150  seg-loss -20.5276  ema -11.1186
pes 34175  seg-loss -0.1572  ema -9.8166
pes 34200  seg-loss -20.5276  ema -11.7831
pes 34225  seg-loss -0.8111  ema -13.8780
pes 34250  seg-loss -0.3818  ema -8.8982
pes 34275  seg-loss -5.7545  ema -7.3446
pes 34300  seg-loss -19.6857  ema -8.2935
pes 34325  seg-loss -0.3439  ema -9.0871
pes 34350  seg-loss -17.1369  ema -6.7521
pes 34375  seg-loss -16.3567  ema -10.1799
pes 34400  seg-loss -20.6933  ema -13.2239
pes 34425  seg-loss -1.9279  ema -12.8719
pes 34450  seg-loss -3.5666  ema -8.9730
pes 34475  seg-loss -17.3775  ema -11.8150
pes 34500  seg-loss -14.0513  ema -7.3197
pes 34525  seg-loss -0.5458  ema -5.2999
pes 34550  seg-loss -1.5249  ema -3.5923
pes 34575  seg-loss -0.4574  ema -3.3205
pes 34600  seg-loss -1.9665  ema -2.4383
pes 34625  seg-loss -17.8052  ema -4.6659
pes 34650  seg-loss -20.7027  ema -10.6190
pes 34675  seg-loss 0.3823  ema -9.1011
pes 34700  seg-loss -0.0493  ema -5.7364
pes 34725  seg-loss -4.9148  ema -4.4408
pes 34750  seg-loss -0.4573  ema -3.8002
pes 34775  seg-loss -4.0363  ema -3.0284
pes 34800  seg-loss -0.5455  ema -7.8339
pes 34825  seg-loss -20.7233  ema -6.3196
pes 34850  seg-loss -19.9096  ema -11.5260
pes 34875  seg-loss -20.4193  ema -13.2250
pes 34900  seg-loss -20.7227  ema -14.1849
pes 34925  seg-loss -19.5269  ema -14.2336
pes 34950  seg-loss -5.0772  ema -12.7363
pes 34975  seg-loss -1.1260  ema -9.2481
pes 35000  seg-loss -0.6242  ema -7.3658
pes 35025  seg-loss -1.9499  ema -5.8541
pes 35050  seg-loss -0.3717  ema -4.1326
pes 35075  seg-loss -0.1906  ema -2.6301
pes 35100  seg-loss -0.7244  ema -5.0334
pes 35125  seg-loss -1.2941  ema -3.5633
pes 35150  seg-loss -1.4981  ema -3.3919
pes 35175  seg-loss -14.4565  ema -5.7094
pes 35200  seg-loss -20.6357  ema -10.9266
pes 35225  seg-loss -19.8748  ema -13.4762
pes 35250  seg-loss -5.9026  ema -14.9341
pes 35275  seg-loss -0.4726  ema -14.5785
pes 35300  seg-loss -18.8874  ema -9.9903
pes 35325  seg-loss -2.0235  ema -10.6321
pes 35350  seg-loss -20.6893  ema -12.0171
pes 35375  seg-loss -2.1294  ema -9.6020
pes 35400  seg-loss -5.8357  ema -7.4737
pes 35425  seg-loss -20.4532  ema -6.1392
pes 35450  seg-loss -3.7481  ema -5.7843
pes 35475  seg-loss -11.6284  ema -6.0642
pes 35500  seg-loss -1.1882  ema -5.1450
pes 35525  seg-loss -0.7943  ema -5.4142
pes 35550  seg-loss -3.5804  ema -5.1364
pes 35575  seg-loss 0.6825  ema -4.0823
pes 35600  seg-loss -12.6084  ema -5.1183
pes 35625  seg-loss -20.7233  ema -6.9135
pes 35650  seg-loss -16.0831  ema -10.6224
pes 35675  seg-loss -0.5404  ema -8.2783
pes 35700  seg-loss -5.6263  ema -6.3976
pes 35725  seg-loss -20.7233  ema -7.4890
pes 35750  seg-loss -2.3822  ema -9.4559
pes 35775  seg-loss -19.5580  ema -12.9159
pes 35800  seg-loss -16.5376  ema -13.0967
pes 35825  seg-loss -0.5800  ema -9.6363
pes 35850  seg-loss -4.2864  ema -6.6762
pes 35875  seg-loss -20.6971  ema -5.8875
pes 35900  seg-loss -2.3043  ema -9.2792
pes 35925  seg-loss -20.3508  ema -10.1777
pes 35950  seg-loss -20.7233  ema -13.6535
pes 35975  seg-loss -6.4193  ema -12.5216
pes 36000  seg-loss -5.0361  ema -9.0135
  eval[h16] learned: loss 0.0438 acc 0.995  vs  muon(lr=0.1): loss 0.0009 acc 1.000
  eval[h64-wider] learned: loss 0.1560 acc 0.971  vs  muon(lr=0.1): loss 0.0000 acc 1.000
  eval[h16-long] learned: loss 0.0000 acc 1.000  vs  muon(lr=0.03): loss 0.0000 acc 1.000
  eval[fashion-h16 HELD-OUT] learned: loss 0.1730 acc 0.962  vs  muon(lr=0.03): loss 0.0000 acc 1.000
  eval[fashion-h64 HELD-OUT] learned: loss 0.4272 acc 0.829  vs  muon(lr=0.03): loss 0.0000 acc 1.000
pes 36025  seg-loss -0.4726  ema -8.0411
pes 36050  seg-loss -1.8273  ema -5.3844
pes 36075  seg-loss -0.6078  ema -3.8588
pes 36100  seg-loss -0.7419  ema -2.9415
pes 36125  seg-loss -5.4689  ema -2.7020
pes 36150  seg-loss -0.0125  ema -2.5492
pes 36175  seg-loss -20.7209  ema -6.3340
pes 36200  seg-loss -0.3523  ema -8.3111
pes 36225  seg-loss -20.5063  ema -7.1473
pes 36250  seg-loss -10.6933  ema -9.4980
pes 36275  seg-loss -0.4430  ema -7.4309
pes 36300  seg-loss -5.2409  ema -6.3370
pes 36325  seg-loss -5.2060  ema -4.4391
pes 36350  seg-loss -0.3552  ema -5.8976
pes 36375  seg-loss -0.6785  ema -3.8219
pes 36400  seg-loss -0.1690  ema -7.5770
pes 36425  seg-loss -3.3528  ema -4.8359
pes 36450  seg-loss -0.0873  ema -8.8730
pes 36475  seg-loss -18.1106  ema -9.9897
pes 36500  seg-loss -2.8929  ema -8.4566
pes 36525  seg-loss -0.6189  ema -7.2823
pes 36550  seg-loss -3.7869  ema -5.8434
pes 36575  seg-loss -13.8120  ema -10.2252
pes 36600  seg-loss -20.3451  ema -13.3589
pes 36625  seg-loss -8.0024  ema -12.2984
pes 36650  seg-loss -11.3917  ema -9.0822
pes 36675  seg-loss -0.6119  ema -7.4298
pes 36700  seg-loss -0.2609  ema -4.6967
pes 36725  seg-loss -20.7233  ema -9.0167
pes 36750  seg-loss -1.7142  ema -5.7611
pes 36775  seg-loss -0.3917  ema -4.1895
pes 36800  seg-loss -6.3531  ema -3.0974
pes 36825  seg-loss -0.5781  ema -5.4392
pes 36850  seg-loss -0.2368  ema -3.4571
pes 36875  seg-loss -20.0256  ema -6.7184
pes 36900  seg-loss -18.7480  ema -10.9909
pes 36925  seg-loss -0.0341  ema -7.9368
pes 36950  seg-loss -0.7015  ema -5.1055
pes 36975  seg-loss -16.4925  ema -4.6197
pes 37000  seg-loss -20.7233  ema -8.8330
pes 37025  seg-loss -1.4468  ema -10.2880
pes 37050  seg-loss 0.4856  ema -7.4243
pes 37075  seg-loss -15.6177  ema -7.6660
pes 37100  seg-loss -20.7128  ema -11.6343
pes 37125  seg-loss -19.5889  ema -11.1246
pes 37150  seg-loss -20.0064  ema -14.4910
pes 37175  seg-loss -1.2809  ema -10.3903
pes 37200  seg-loss -0.6181  ema -11.3821
pes 37225  seg-loss -20.6420  ema -9.0773
pes 37250  seg-loss -0.9831  ema -11.6257
pes 37275  seg-loss -0.5697  ema -8.5852
pes 37300  seg-loss -8.8714  ema -6.3731
pes 37325  seg-loss -3.2512  ema -7.3165
pes 37350  seg-loss -0.8573  ema -5.0651
pes 37375  seg-loss -20.6882  ema -9.2809
pes 37400  seg-loss -19.1124  ema -12.3721
pes 37425  seg-loss -0.5943  ema -10.0588
pes 37450  seg-loss -18.8755  ema -8.9160
pes 37475  seg-loss -20.7233  ema -11.2587
pes 37500  seg-loss -0.5914  ema -8.5771
pes 37525  seg-loss -20.6773  ema -11.7663
pes 37550  seg-loss -1.6468  ema -13.6568
pes 37575  seg-loss -0.5260  ema -10.2980
pes 37600  seg-loss -0.3099  ema -12.7682
pes 37625  seg-loss 0.1799  ema -7.8353
pes 37650  seg-loss -0.8089  ema -6.1806
pes 37675  seg-loss -2.6290  ema -4.5963
pes 37700  seg-loss -20.6367  ema -6.8310
pes 37725  seg-loss -5.8570  ema -8.9377
pes 37750  seg-loss -1.8327  ema -7.4343
pes 37775  seg-loss -18.3607  ema -10.0398
pes 37800  seg-loss -0.3409  ema -7.3492
pes 37825  seg-loss -2.2162  ema -4.6615
pes 37850  seg-loss -20.6959  ema -6.4365
pes 37875  seg-loss -2.9355  ema -8.6902
pes 37900  seg-loss -20.1779  ema -8.6772
pes 37925  seg-loss -6.6838  ema -10.7267
pes 37950  seg-loss -19.7917  ema -11.5360
pes 37975  seg-loss -7.4360  ema -9.7064
pes 38000  seg-loss -0.4235  ema -9.0276
pes 38025  seg-loss -0.3025  ema -10.6541
pes 38050  seg-loss -16.3587  ema -8.9341
pes 38075  seg-loss 0.2184  ema -7.9500
pes 38100  seg-loss 0.1586  ema -4.7142
pes 38125  seg-loss -0.4005  ema -3.1147
pes 38150  seg-loss -1.7499  ema -2.7898
pes 38175  seg-loss -20.7102  ema -8.5749
pes 38200  seg-loss -14.3234  ema -5.6821
pes 38225  seg-loss -20.4106  ema -11.1491
pes 38250  seg-loss -1.8030  ema -7.0502
pes 38275  seg-loss -0.6381  ema -4.8391
pes 38300  seg-loss -20.7189  ema -8.7395
pes 38325  seg-loss -0.6001  ema -6.7871
pes 38350  seg-loss -0.2677  ema -9.8774
pes 38375  seg-loss -20.7142  ema -9.0262
pes 38400  seg-loss -6.8114  ema -9.8424
pes 38425  seg-loss -1.6234  ema -7.5246
pes 38450  seg-loss -0.7085  ema -5.7800
pes 38475  seg-loss -0.5856  ema -5.6140
pes 38500  seg-loss -11.7222  ema -5.4982
pes 38525  seg-loss -20.5078  ema -10.4428
pes 38550  seg-loss -20.7145  ema -12.6814
pes 38575  seg-loss -1.3519  ema -8.8994
pes 38600  seg-loss -11.8752  ema -11.9365
pes 38625  seg-loss -0.8846  ema -8.4723
pes 38650  seg-loss -7.6862  ema -5.9502
pes 38675  seg-loss -3.9131  ema -7.2246
pes 38700  seg-loss -0.9450  ema -5.5593
pes 38725  seg-loss -1.5090  ema -3.7605
pes 38750  seg-loss -1.8299  ema -7.7201
pes 38775  seg-loss -0.3290  ema -10.4621
pes 38800  seg-loss -2.1750  ema -7.5077
pes 38825  seg-loss -17.0650  ema -6.0079
pes 38850  seg-loss 0.3665  ema -9.3445
pes 38875  seg-loss -1.6885  ema -5.9539
pes 38900  seg-loss -20.7137  ema -7.1491
pes 38925  seg-loss -0.5823  ema -8.5912
pes 38950  seg-loss -2.1126  ema -6.2555
pes 38975  seg-loss -0.6332  ema -6.1943
pes 39000  seg-loss -0.4772  ema -4.5302
pes 39025  seg-loss -2.9616  ema -4.3266
pes 39050  seg-loss -0.6652  ema -3.7856
pes 39075  seg-loss -19.9650  ema -6.5625
pes 39100  seg-loss -0.4593  ema -6.5728
pes 39125  seg-loss -18.9995  ema -5.2769
pes 39150  seg-loss -0.0342  ema -8.5147
pes 39175  seg-loss -7.8158  ema -6.3167
pes 39200  seg-loss -4.8703  ema -6.1619
pes 39225  seg-loss -18.5213  ema -10.0489
pes 39250  seg-loss -12.4536  ema -9.6790
pes 39275  seg-loss -20.7155  ema -11.4049
pes 39300  seg-loss -1.5106  ema -10.1338
pes 39325  seg-loss -20.7012  ema -12.9678
pes 39350  seg-loss -13.0587  ema -9.8602
pes 39375  seg-loss 0.5064  ema -9.9397
pes 39400  seg-loss -4.8367  ema -6.5870
pes 39425  seg-loss -2.2951  ema -10.0211
pes 39450  seg-loss -0.9604  ema -6.7806
pes 39475  seg-loss -19.7955  ema -9.7918
pes 39500  seg-loss -20.7193  ema -12.5933
pes 39525  seg-loss -19.5679  ema -12.9540
pes 39550  seg-loss -10.7089  ema -10.8922
pes 39575  seg-loss -20.7150  ema -11.6514
pes 39600  seg-loss -7.1062  ema -11.0466
pes 39625  seg-loss -4.9696  ema -12.8241
pes 39650  seg-loss -20.7233  ema -15.3385
pes 39675  seg-loss -0.9357  ema -11.0733
pes 39700  seg-loss -2.4543  ema -7.3195
pes 39725  seg-loss -20.3291  ema -8.0257
pes 39750  seg-loss -13.0747  ema -9.6394
pes 39775  seg-loss -15.9571  ema -12.9436
pes 39800  seg-loss 0.0014  ema -8.8455
pes 39825  seg-loss -0.7818  ema -11.7191
pes 39850  seg-loss -20.4947  ema -12.1661
pes 39875  seg-loss -1.5062  ema -9.6179
pes 39900  seg-loss -2.4789  ema -6.6221
pes 39925  seg-loss -4.9091  ema -5.2234
pes 39950  seg-loss -0.6307  ema -4.1507
pes 39975  seg-loss -0.5397  ema -2.8301
  eval[h16] learned: loss 0.0154 acc 0.999  vs  muon(lr=0.1): loss 0.0010 acc 1.000
  eval[h64-wider] learned: loss 0.0252 acc 1.000  vs  muon(lr=0.1): loss 0.0000 acc 1.000
  eval[h16-long] learned: loss 0.0000 acc 1.000  vs  muon(lr=0.03): loss 0.0000 acc 1.000
  eval[fashion-h16 HELD-OUT] learned: loss 0.0496 acc 0.982  vs  muon(lr=0.03): loss 0.0000 acc 1.000
  eval[fashion-h64 HELD-OUT] learned: loss 0.2721 acc 0.912  vs  muon(lr=0.03): loss 0.0000 acc 1.000
done
