warm-started from learned_matrix13.pt (15/17 tensors; skipped ['unit.net_b.layers.1.weight', 'unit.net_b.layers.1.bias'])
matrix optimizer: 28737 meta-params
  dataset qmnist unavailable: FileNotFoundError: [Errno 2] No such file or directory: '/home/arthurb/.cache/qmnist/qmnist-train-images-idx3-ubyte.gz'
dataset registry: ['cifar10', 'cifar100', 'covtype', 'kmnist', 'letter', 'magic', 'miniboone', 'mnist', 'optdigits', 'poker', 'satimage', 'spambase', 'svhn'] (13 available)
openml: +54 train datasets (13 held out by dataset)
pes     0  seg-loss -0.9816  ema -0.9816
  eval[h16] learned: loss 0.1161 acc 0.984  vs  muon(lr=0.1): loss 0.0035 acc 0.999
  eval[h64-wider] learned: loss 0.2724 acc 0.924  vs  muon(lr=0.1): loss 0.0000 acc 1.000
  eval[h16-long] learned: loss 0.0000 acc 1.000  vs  muon(lr=0.1): loss 0.0000 acc 1.000
  eval[fashion-h16 HELD-OUT] learned: loss 0.5979 acc 0.825  vs  muon(lr=0.03): loss 0.0000 acc 1.000
  eval[fashion-h64 HELD-OUT] learned: loss 0.7675 acc 0.740  vs  muon(lr=0.03): loss 0.0000 acc 1.000
pes    25  seg-loss -20.1648  ema -5.5773
pes    50  seg-loss -20.7166  ema -11.5687
pes    75  seg-loss -20.6869  ema -15.1786
  probe-score -2.0649 (new best, saved)
pes   100  seg-loss -20.6500  ema -17.3481
pes   125  seg-loss -20.5869  ema -18.6488
pes   150  seg-loss -20.6095  ema -19.4159
pes   175  seg-loss -20.4287  ema -19.8693
  probe-score -2.2667 (new best, saved)
pes   200  seg-loss -20.5390  ema -20.1379
pes   225  seg-loss -20.5349  ema -20.2929
pes   250  seg-loss -20.3817  ema -20.3746
pes   275  seg-loss -20.3389  ema -19.0928
  probe-score -2.4705 (new best, saved)
pes   300  seg-loss -19.9658  ema -19.4293
pes   325  seg-loss -10.0011  ema -19.1096
pes   350  seg-loss -1.8958  ema -12.6809
pes   375  seg-loss -2.3398  ema -8.5024
pes   400  seg-loss -2.7357  ema -6.1387
pes   425  seg-loss -3.1026  ema -4.8510
pes   450  seg-loss -0.7480  ema -3.2139
pes   475  seg-loss -0.8408  ema -2.2616
pes   500  seg-loss -0.8272  ema -1.7040
pes   525  seg-loss -0.8802  ema -1.3717
pes   550  seg-loss -20.6902  ema -8.2578
pes   575  seg-loss -20.5634  ema -13.1610
pes   600  seg-loss -20.5259  ema -16.1096
pes   625  seg-loss -20.5775  ema -17.8765
pes   650  seg-loss -20.0538  ema -18.5075
pes   675  seg-loss -19.3486  ema -18.9681
pes   700  seg-loss -18.4515  ema -18.9281
pes   725  seg-loss -17.5523  ema -18.5567
pes   750  seg-loss -0.1578  ema -11.8437
pes   775  seg-loss -6.7907  ema -9.3153
pes   800  seg-loss -9.6839  ema -9.1781
pes   825  seg-loss -10.7803  ema -9.5802
pes   850  seg-loss -11.3406  ema -10.0552
pes   875  seg-loss 0.3332  ema -6.0741
pes   900  seg-loss -0.0437  ema -3.6240
pes   925  seg-loss -0.2805  ema -2.2778
pes   950  seg-loss -0.3868  ema -1.5177
pes   975  seg-loss -20.7048  ema -7.3860
pes  1000  seg-loss -20.7037  ema -12.6698
pes  1025  seg-loss -20.7110  ema -15.8600
pes  1050  seg-loss -20.7233  ema -17.7824
pes  1075  seg-loss -20.5909  ema -18.7721
pes  1100  seg-loss -20.5282  ema -19.4920
pes  1125  seg-loss -20.4311  ema -19.8933
pes  1150  seg-loss -20.4699  ema -20.1403
pes  1175  seg-loss -20.4348  ema -20.2857
pes  1200  seg-loss -20.4205  ema -20.3637
pes  1225  seg-loss -20.4094  ema -20.4083
pes  1250  seg-loss -20.5606  ema -20.4573
pes  1275  seg-loss -20.5193  ema -20.5010
pes  1300  seg-loss -20.4760  ema -20.5147
pes  1325  seg-loss -17.7948  ema -18.3606
pes  1350  seg-loss -15.8260  ema -17.7064
pes  1375  seg-loss -15.7916  ema -17.0131
pes  1400  seg-loss -16.1335  ema -16.5056
pes  1425  seg-loss -20.6847  ema -17.3426
pes  1450  seg-loss -20.4406  ema -18.6176
pes  1475  seg-loss -15.1294  ema -16.9737
pes  1500  seg-loss -1.1735  ema -11.3453
pes  1525  seg-loss -1.5123  ema -7.4044
pes  1550  seg-loss -1.7132  ema -5.1172
pes  1575  seg-loss -1.8461  ema -3.7946
pes  1600  seg-loss -1.9503  ema -3.0441
pes  1625  seg-loss -2.0526  ema -2.6273
pes  1650  seg-loss -2.1085  ema -2.4148
pes  1675  seg-loss -2.2328  ema -2.3238
pes  1700  seg-loss -2.2553  ema -2.2893
pes  1725  seg-loss -2.3270  ema -2.3029
pes  1750  seg-loss 0.5652  ema -1.8928
pes  1775  seg-loss 0.7497  ema -0.8530
pes  1800  seg-loss 0.0079  ema -0.9047
pes  1825  seg-loss 0.6680  ema -0.3702
pes  1850  seg-loss 0.8018  ema 0.0402
pes  1875  seg-loss 1.0275  ema 0.3801
  probe-score -2.5467 (new best, saved)
pes  1900  seg-loss 1.1278  ema 0.7058
pes  1925  seg-loss 1.3066  ema 0.9040
pes  1950  seg-loss 1.5538  ema 1.0641
pes  1975  seg-loss 1.5593  ema 1.2340
pes  2000  seg-loss 1.7977  ema 1.4206
pes  2025  seg-loss 2.0056  ema 1.6094
pes  2050  seg-loss -0.3488  ema 1.4334
pes  2075  seg-loss -20.5095  ema -6.2333
pes  2100  seg-loss -20.6999  ema -11.9449
pes  2125  seg-loss -20.7190  ema -15.3903
pes  2150  seg-loss -0.5968  ema -17.0990
pes  2175  seg-loss -16.7537  ema -15.4404
  probe-score -2.7477 (new best, saved)
pes  2200  seg-loss -17.8515  ema -16.3493
pes  2225  seg-loss -16.8196  ema -16.6100
pes  2250  seg-loss -16.9768  ema -16.6728
pes  2275  seg-loss -15.1919  ema -15.1831
pes  2300  seg-loss -20.1058  ema -17.1791
pes  2325  seg-loss -20.1612  ema -18.3231
pes  2350  seg-loss -19.9755  ema -19.0652
pes  2375  seg-loss -20.2428  ema -19.5128
pes  2400  seg-loss -19.9060  ema -19.7478
pes  2425  seg-loss -20.1399  ema -19.8254
pes  2450  seg-loss -19.2703  ema -19.6728
pes  2475  seg-loss -19.3130  ema -19.5872
pes  2500  seg-loss -18.7674  ema -19.2789
pes  2525  seg-loss -0.4770  ema -18.3909
pes  2550  seg-loss -0.3933  ema -11.2948
pes  2575  seg-loss -0.3966  ema -6.9674
pes  2600  seg-loss -0.4526  ema -4.3647
pes  2625  seg-loss -0.3955  ema -2.7955
pes  2650  seg-loss -1.4773  ema -1.9333
pes  2675  seg-loss -4.2296  ema -2.2989
pes  2700  seg-loss -8.6841  ema -4.1189
pes  2725  seg-loss -10.1802  ema -6.1721
pes  2750  seg-loss -20.5455  ema -8.3923
pes  2775  seg-loss -20.5649  ema -13.2122
pes  2800  seg-loss -19.9987  ema -15.9968
pes  2825  seg-loss -19.8288  ema -17.5378
pes  2850  seg-loss -19.7292  ema -18.4196
pes  2875  seg-loss -19.8244  ema -18.9156
pes  2900  seg-loss -19.6175  ema -19.2591
pes  2925  seg-loss -19.3684  ema -19.3839
pes  2950  seg-loss -19.0447  ema -19.4865
pes  2975  seg-loss -19.8810  ema -19.5350
pes  3000  seg-loss -8.8892  ema -17.7742
pes  3025  seg-loss -19.7148  ema -16.1237
pes  3050  seg-loss -18.1119  ema -17.1808
pes  3075  seg-loss -0.5266  ema -13.6491
pes  3100  seg-loss -0.5906  ema -8.4537
pes  3125  seg-loss -0.4158  ema -5.2694
pes  3150  seg-loss -0.4433  ema -3.3527
pes  3175  seg-loss -0.4648  ema -2.2066
pes  3200  seg-loss -0.4857  ema -1.5131
pes  3225  seg-loss -20.3283  ema -7.5617
pes  3250  seg-loss -17.3275  ema -11.9178
pes  3275  seg-loss -9.8377  ema -9.7585
pes  3300  seg-loss -14.9732  ema -11.1182
pes  3325  seg-loss -16.9896  ema -13.1533
pes  3350  seg-loss -17.6843  ema -14.8418
pes  3375  seg-loss -20.7233  ema -16.6259
pes  3400  seg-loss -20.7233  ema -18.2505
pes  3425  seg-loss -20.7233  ema -19.2307
pes  3450  seg-loss -20.7192  ema -19.8208
pes  3475  seg-loss -20.7155  ema -20.1767
pes  3500  seg-loss -20.7233  ema -20.3911
pes  3525  seg-loss -20.7233  ema -20.5212
pes  3550  seg-loss -20.7195  ema -20.5983
pes  3575  seg-loss -20.7101  ema -20.6458
pes  3600  seg-loss -20.7233  ema -20.6744
pes  3625  seg-loss -20.4153  ema -20.1127
pes  3650  seg-loss -0.8857  ema -13.9782
pes  3675  seg-loss -0.9994  ema -8.8145
pes  3700  seg-loss -20.7233  ema -8.7642
pes  3725  seg-loss -20.7233  ema -13.5063
pes  3750  seg-loss 0.0440  ema -10.9280
pes  3775  seg-loss 0.0310  ema -6.5793
pes  3800  seg-loss 0.0606  ema -3.9592
pes  3825  seg-loss 0.0384  ema -2.3746
pes  3850  seg-loss 0.0182  ema -1.4205
pes  3875  seg-loss 0.0172  ema -0.8454
pes  3900  seg-loss 0.0453  ema -0.5031
pes  3925  seg-loss 0.0207  ema -0.2952
pes  3950  seg-loss 0.0230  ema -0.1694
pes  3975  seg-loss 0.0029  ema -0.0959
pes  4000  seg-loss -18.9037  ema -4.4254
  eval[h16] learned: loss 0.2020 acc 0.965  vs  muon(lr=0.1): loss 0.0038 acc 0.998
  eval[h64-wider] learned: loss 0.2677 acc 0.943  vs  muon(lr=0.1): loss 0.0000 acc 1.000
  eval[h16-long] learned: loss 0.0024 acc 1.000  vs  muon(lr=0.03): loss 0.0000 acc 1.000
  eval[fashion-h16 HELD-OUT] learned: loss 0.5430 acc 0.843  vs  muon(lr=0.03): loss 0.0000 acc 1.000
  eval[fashion-h64 HELD-OUT] learned: loss 1.1011 acc 0.703  vs  muon(lr=0.03): loss 0.0000 acc 1.000
pes  4025  seg-loss -19.0319  ema -10.2054
pes  4050  seg-loss -18.7076  ema -13.7830
pes  4075  seg-loss -19.7247  ema -15.9454
pes  4100  seg-loss -0.5125  ema -12.3926
pes  4125  seg-loss -0.5557  ema -7.6916
pes  4150  seg-loss -0.5681  ema -4.8642
pes  4175  seg-loss -0.5807  ema -3.1643
pes  4200  seg-loss -0.5980  ema -2.1429
pes  4225  seg-loss -0.6036  ema -1.5289
pes  4250  seg-loss -0.5997  ema -1.1600
pes  4275  seg-loss -0.6040  ema -0.9396
pes  4300  seg-loss -0.6065  ema -0.8070
pes  4325  seg-loss -0.6103  ema -0.7276
pes  4350  seg-loss -1.7728  ema -0.9914
pes  4375  seg-loss -16.7001  ema -6.5096
pes  4400  seg-loss -18.0613  ema -10.9862
pes  4425  seg-loss 2.4253  ema -7.0014
pes  4450  seg-loss 0.8590  ema -3.7422
pes  4475  seg-loss -17.1583  ema -8.1880
pes  4500  seg-loss -19.0450  ema -12.1973
pes  4525  seg-loss -18.8881  ema -14.7989
pes  4550  seg-loss -19.5373  ema -16.5107
pes  4575  seg-loss -19.3462  ema -17.5832
pes  4600  seg-loss -19.2425  ema -18.3147
pes  4625  seg-loss -19.5145  ema -18.7128
pes  4650  seg-loss -19.2575  ema -19.0942
pes  4675  seg-loss -19.5504  ema -19.3279
pes  4700  seg-loss -19.6032  ema -19.4435
pes  4725  seg-loss -20.1972  ema -19.3122
pes  4750  seg-loss -18.2995  ema -19.2566
pes  4775  seg-loss -17.9679  ema -18.8288
pes  4800  seg-loss -18.5880  ema -18.5561
pes  4825  seg-loss -17.6316  ema -18.2316
pes  4850  seg-loss -17.2898  ema -17.9277
pes  4875  seg-loss -18.1092  ema -17.9599
pes  4900  seg-loss -18.8907  ema -18.2367
pes  4925  seg-loss -18.9985  ema -18.5378
pes  4950  seg-loss -19.2947  ema -18.8043
pes  4975  seg-loss -19.4358  ema -18.9873
pes  5000  seg-loss -19.2456  ema -19.1404
pes  5025  seg-loss -19.2325  ema -19.2747
pes  5050  seg-loss -19.6521  ema -19.3774
pes  5075  seg-loss -0.8280  ema -13.1961
pes  5100  seg-loss -0.9002  ema -8.3080
pes  5125  seg-loss -0.9574  ema -5.3820
pes  5150  seg-loss -0.9866  ema -3.6329
pes  5175  seg-loss -20.2311  ema -8.6299
pes  5200  seg-loss -20.2657  ema -13.2387
pes  5225  seg-loss -20.1864  ema -15.9639
pes  5250  seg-loss -19.8804  ema -17.5907
pes  5275  seg-loss -19.7000  ema -18.4899
pes  5300  seg-loss -19.7129  ema -18.9828
pes  5325  seg-loss -20.2642  ema -19.2537
pes  5350  seg-loss -19.5295  ema -19.4014
pes  5375  seg-loss -15.7039  ema -18.8873
pes  5400  seg-loss -16.3744  ema -17.7326
pes  5425  seg-loss -19.4149  ema -17.3839
pes  5450  seg-loss -18.6669  ema -18.2226
pes  5475  seg-loss -15.4304  ema -17.9845
pes  5500  seg-loss -16.5637  ema -17.2674
pes  5525  seg-loss -14.4554  ema -15.9044
pes  5550  seg-loss -20.7233  ema -16.4229
pes  5575  seg-loss -20.7212  ema -18.1235
pes  5600  seg-loss -20.6112  ema -19.1395
pes  5625  seg-loss -20.7043  ema -19.7499
pes  5650  seg-loss 0.1998  ema -12.8962
pes  5675  seg-loss 0.0900  ema -7.7280
pes  5700  seg-loss 0.0763  ema -4.6362
pes  5725  seg-loss 0.0281  ema -2.7799
pes  5750  seg-loss -9.1589  ema -1.6385
pes  5775  seg-loss -20.3943  ema -9.1812
pes  5800  seg-loss -1.0813  ema -13.3400
pes  5825  seg-loss -6.2077  ema -9.8934
pes  5850  seg-loss -7.4594  ema -8.6729
pes  5875  seg-loss -8.6205  ema -8.6350
pes  5900  seg-loss -10.3877  ema -8.9922
pes  5925  seg-loss -11.3694  ema -9.5275
pes  5950  seg-loss -12.2267  ema -10.6021
pes  5975  seg-loss -12.7911  ema -11.5346
pes  6000  seg-loss -13.1827  ema -12.2614
pes  6025  seg-loss -13.3136  ema -12.6280
pes  6050  seg-loss -0.3490  ema -12.7281
pes  6075  seg-loss -0.4589  ema -7.8530
pes  6100  seg-loss -0.4449  ema -4.9346
pes  6125  seg-loss -16.9306  ema -9.5220
pes  6150  seg-loss -18.7570  ema -13.0537
pes  6175  seg-loss -19.6462  ema -15.5241
pes  6200  seg-loss -19.6070  ema -17.1209
pes  6225  seg-loss -0.5534  ema -11.2483
pes  6250  seg-loss -0.6858  ema -7.0365
pes  6275  seg-loss -0.8273  ema -4.5469
pes  6300  seg-loss -1.0782  ema -3.1257
pes  6325  seg-loss -1.3781  ema -2.3697
pes  6350  seg-loss -1.6525  ema -2.0279
pes  6375  seg-loss -1.9700  ema -1.9488
pes  6400  seg-loss -2.2705  ema -2.0256
pes  6425  seg-loss -2.5950  ema -2.1911
pes  6450  seg-loss -2.7790  ema -2.3805
pes  6475  seg-loss -0.6692  ema -1.7657
pes  6500  seg-loss -19.8760  ema -8.2805
pes  6525  seg-loss -19.4054  ema -12.7092
pes  6550  seg-loss -18.6972  ema -15.1069
pes  6575  seg-loss -17.9336  ema -16.4124
pes  6600  seg-loss -17.5449  ema -17.0886
pes  6625  seg-loss -18.6822  ema -17.5915
pes  6650  seg-loss -18.0888  ema -17.8607
pes  6675  seg-loss -18.7498  ema -18.0265
pes  6700  seg-loss -17.9840  ema -18.2716
pes  6725  seg-loss -19.4302  ema -18.2314
pes  6750  seg-loss -2.7780  ema -12.3740
pes  6775  seg-loss -3.3611  ema -8.7033
pes  6800  seg-loss -3.9504  ema -6.6714
pes  6825  seg-loss -4.4610  ema -5.6799
pes  6850  seg-loss -0.5884  ema -3.7445
pes  6875  seg-loss -0.6298  ema -2.5041
pes  6900  seg-loss -2.0649  ema -2.1962
pes  6925  seg-loss -2.2557  ema -2.1860
pes  6950  seg-loss -2.3194  ema -2.2247
pes  6975  seg-loss -2.4328  ema -2.2828
pes  7000  seg-loss -1.1342  ema -2.1407
pes  7025  seg-loss -1.4055  ema -1.8212
pes  7050  seg-loss -1.6580  ema -1.7250
pes  7075  seg-loss -1.8619  ema -1.7431
pes  7100  seg-loss -1.2783  ema -2.3090
pes  7125  seg-loss -3.8779  ema -2.4471
pes  7150  seg-loss -0.5276  ema -2.2505
pes  7175  seg-loss -0.5559  ema -1.5748
pes  7200  seg-loss -0.5775  ema -1.1762
pes  7225  seg-loss -0.5870  ema -0.9418
pes  7250  seg-loss -0.5973  ema -0.8044
pes  7275  seg-loss -0.6044  ema -0.7241
pes  7300  seg-loss -0.6083  ema -0.6779
pes  7325  seg-loss -0.6139  ema -0.6522
pes  7350  seg-loss -0.6179  ema -0.6384
pes  7375  seg-loss -0.6229  ema -0.6315
pes  7400  seg-loss -2.3532  ema -1.0023
pes  7425  seg-loss -2.5658  ema -1.5873
pes  7450  seg-loss -2.7293  ema -2.0113
pes  7475  seg-loss -2.8368  ema -2.3258
pes  7500  seg-loss -2.9588  ema -2.5589
pes  7525  seg-loss -3.0744  ema -2.7480
pes  7550  seg-loss -3.1845  ema -2.9003
pes  7575  seg-loss -3.3102  ema -3.0362
pes  7600  seg-loss -3.3926  ema -3.1584
pes  7625  seg-loss -3.4872  ema -3.2661
pes  7650  seg-loss -20.7211  ema -6.4534
pes  7675  seg-loss -20.7067  ema -12.1049
pes  7700  seg-loss -20.6868  ema -15.5095
pes  7725  seg-loss -20.7109  ema -17.5563
pes  7750  seg-loss -20.6459  ema -18.7909
pes  7775  seg-loss -20.7105  ema -19.5333
pes  7800  seg-loss -20.5180  ema -19.9683
pes  7825  seg-loss -20.6984  ema -20.2371
pes  7850  seg-loss -20.6109  ema -20.3593
pes  7875  seg-loss -20.7100  ema -20.4701
pes  7900  seg-loss -18.3633  ema -19.5282
pes  7925  seg-loss -18.2836  ema -19.0651
pes  7950  seg-loss -18.3898  ema -18.7952
pes  7975  seg-loss -18.3410  ema -18.6232
pes  8000  seg-loss -20.0088  ema -18.6596
  eval[h16] learned: loss 0.8186 acc 0.836  vs  muon(lr=0.1): loss 0.0016 acc 0.999
  eval[h64-wider] learned: loss 0.5926 acc 0.910  vs  muon(lr=0.1): loss 0.0001 acc 1.000
  eval[h16-long] learned: loss 0.0000 acc 1.000  vs  muon(lr=0.1): loss 0.0000 acc 1.000
  eval[fashion-h16 HELD-OUT] learned: loss 0.4289 acc 0.899  vs  muon(lr=0.03): loss 0.0000 acc 1.000
  eval[fashion-h64 HELD-OUT] learned: loss 1.2890 acc 0.784  vs  muon(lr=0.03): loss 0.0000 acc 1.000
pes  8025  seg-loss -0.0062  ema -12.5392
pes  8050  seg-loss -19.3191  ema -15.0508
pes  8075  seg-loss -19.8867  ema -16.8896
pes  8100  seg-loss -19.8161  ema -18.0632
pes  8125  seg-loss -20.0636  ema -18.8265
pes  8150  seg-loss -20.2427  ema -19.3452
pes  8175  seg-loss -19.9969  ema -19.6362
pes  8200  seg-loss -20.0273  ema -19.8389
pes  8225  seg-loss -19.9041  ema -19.9595
pes  8250  seg-loss -20.3625  ema -20.0636
pes  8275  seg-loss -19.9830  ema -20.1346
pes  8300  seg-loss -0.0089  ema -12.4459
pes  8325  seg-loss 0.6464  ema -7.4704
pes  8350  seg-loss 0.3551  ema -4.2930
pes  8375  seg-loss 0.1512  ema -2.4836
pes  8400  seg-loss 0.0517  ema -1.4558
pes  8425  seg-loss 0.0519  ema -0.8557
pes  8450  seg-loss 0.0008  ema -0.5104
pes  8475  seg-loss 0.0189  ema -0.2975
pes  8500  seg-loss 0.0143  ema -0.1732
pes  8525  seg-loss 0.0045  ema -0.1025
pes  8550  seg-loss -0.0040  ema -0.0611
pes  8575  seg-loss -1.5927  ema -0.1764
pes  8600  seg-loss -3.6308  ema -1.1732
pes  8625  seg-loss -4.7673  ema -2.4680
pes  8650  seg-loss -6.8416  ema -3.8760
pes  8675  seg-loss -7.2977  ema -5.1445
pes  8700  seg-loss -8.2413  ema -6.3186
pes  8725  seg-loss -9.3095  ema -7.4011
pes  8750  seg-loss -10.7549  ema -8.4736
pes  8775  seg-loss -10.6691  ema -9.3952
pes  8800  seg-loss -11.7449  ema -10.1148
pes  8825  seg-loss -1.7774  ema -9.4520
pes  8850  seg-loss -0.2930  ema -6.2367
pes  8875  seg-loss -0.2760  ema -3.9302
pes  8900  seg-loss -0.6656  ema -2.5541
pes  8925  seg-loss -0.7743  ema -1.8194
pes  8950  seg-loss -2.0881  ema -1.7309
pes  8975  seg-loss -5.8327  ema -2.8172
pes  9000  seg-loss -10.8943  ema -5.2592
pes  9025  seg-loss -11.5274  ema -8.0825
pes  9050  seg-loss -14.8672  ema -10.4371
pes  9075  seg-loss -17.0207  ema -12.3644
pes  9100  seg-loss -13.9071  ema -13.1836
pes  9125  seg-loss -16.1214  ema -14.1104
pes  9150  seg-loss -15.3804  ema -14.7102
pes  9175  seg-loss -15.9007  ema -15.3321
pes  9200  seg-loss -20.2950  ema -16.1202
pes  9225  seg-loss -19.7500  ema -17.5886
pes  9250  seg-loss -0.1158  ema -14.5189
pes  9275  seg-loss -0.2597  ema -8.8375
pes  9300  seg-loss -0.5453  ema -5.4923
pes  9325  seg-loss -1.0646  ema -3.6377
pes  9350  seg-loss -1.9094  ema -2.7920
pes  9375  seg-loss -3.0225  ema -2.6767
pes  9400  seg-loss -4.3579  ema -3.1059
pes  9425  seg-loss -5.8850  ema -3.9353
pes  9450  seg-loss -7.4700  ema -5.0811
pes  9475  seg-loss -9.1020  ema -6.4212
pes  9500  seg-loss -2.7568  ema -6.1633
pes  9525  seg-loss -3.5949  ema -5.0431
pes  9550  seg-loss -1.7208  ema -4.0527
pes  9575  seg-loss -1.8925  ema -3.1734
pes  9600  seg-loss -1.9313  ema -2.6748
pes  9625  seg-loss -1.9714  ema -2.3900
pes  9650  seg-loss -20.7110  ema -5.2783
pes  9675  seg-loss -20.7203  ema -11.3951
pes  9700  seg-loss -20.7024  ema -14.3542
pes  9725  seg-loss -20.7233  ema -16.8755
pes  9750  seg-loss -20.7040  ema -18.3963
pes  9775  seg-loss -20.7047  ema -19.3151
pes  9800  seg-loss -20.6955  ema -19.8678
pes  9825  seg-loss -20.6907  ema -20.2036
pes  9850  seg-loss -20.7218  ema -20.4067
pes  9875  seg-loss -20.7215  ema -20.5299
pes  9900  seg-loss -20.7161  ema -20.6034
pes  9925  seg-loss -20.7161  ema -20.6487
pes  9950  seg-loss -5.9493  ema -17.4573
pes  9975  seg-loss -7.3646  ema -13.2690
pes 10000  seg-loss -8.4577  ema -11.1819
pes 10025  seg-loss -9.2295  ema -10.4610
pes 10050  seg-loss -10.7744  ema -10.4770
pes 10075  seg-loss -10.9761  ema -10.7305
pes 10100  seg-loss -10.9440  ema -10.9460
pes 10125  seg-loss -10.8734  ema -11.0495
pes 10150  seg-loss -11.4830  ema -11.1175
pes 10175  seg-loss -10.7796  ema -11.1362
pes 10200  seg-loss -6.3101  ema -9.5172
pes 10225  seg-loss -20.1695  ema -12.4522
pes 10250  seg-loss -20.0199  ema -15.5145
pes 10275  seg-loss -19.8514  ema -17.3195
pes 10300  seg-loss -3.4460  ema -16.0331
pes 10325  seg-loss -20.7233  ema -15.4121
pes 10350  seg-loss -20.7233  ema -17.5181
pes 10375  seg-loss -20.7233  ema -18.7891
pes 10400  seg-loss -20.7233  ema -19.5560
pes 10425  seg-loss -20.7233  ema -20.0188
pes 10450  seg-loss -20.7233  ema -20.2981
pes 10475  seg-loss -20.7233  ema -20.4667
pes 10500  seg-loss -20.7233  ema -20.5684
pes 10525  seg-loss -20.7233  ema -20.6298
pes 10550  seg-loss -0.8803  ema -18.0145
pes 10575  seg-loss -1.7272  ema -11.2674
pes 10600  seg-loss -5.2287  ema -8.3824
pes 10625  seg-loss -7.6667  ema -7.7103
pes 10650  seg-loss -11.3815  ema -8.4780
pes 10675  seg-loss -15.2522  ema -10.4130
pes 10700  seg-loss -17.0084  ema -12.6702
pes 10725  seg-loss -18.6785  ema -14.9083
pes 10750  seg-loss -19.0653  ema -16.4677
pes 10775  seg-loss -18.7554  ema -17.3554
pes 10800  seg-loss -18.5700  ema -17.8600
pes 10825  seg-loss -1.9236  ema -14.4046
pes 10850  seg-loss -5.7332  ema -10.2321
pes 10875  seg-loss -11.2316  ema -9.6386
pes 10900  seg-loss -17.3448  ema -11.6591
pes 10925  seg-loss -19.8379  ema -14.5991
pes 10950  seg-loss -20.3230  ema -16.8222
pes 10975  seg-loss -20.3900  ema -18.2212
pes 11000  seg-loss -20.3987  ema -19.0810
pes 11025  seg-loss -20.3953  ema -19.6056
pes 11050  seg-loss -20.4317  ema -19.9331
pes 11075  seg-loss -20.7233  ema -19.7457
pes 11100  seg-loss -20.6910  ema -18.4089
pes 11125  seg-loss -20.6027  ema -19.2876
pes 11150  seg-loss -20.6023  ema -19.7985
pes 11175  seg-loss -20.6007  ema -20.1062
pes 11200  seg-loss -14.1780  ema -16.1818
pes 11225  seg-loss -20.0574  ema -17.1348
pes 11250  seg-loss -20.7163  ema -18.4932
pes 11275  seg-loss -20.7205  ema -19.3702
pes 11300  seg-loss -0.7743  ema -15.2913
pes 11325  seg-loss -0.8098  ema -9.5417
pes 11350  seg-loss -20.4102  ema -10.0932
pes 11375  seg-loss -19.9881  ema -14.0719
pes 11400  seg-loss -19.4395  ema -16.3552
pes 11425  seg-loss -19.8204  ema -17.6831
pes 11450  seg-loss -19.1489  ema -18.4693
pes 11475  seg-loss -19.6992  ema -18.9425
pes 11500  seg-loss -19.7621  ema -19.2781
pes 11525  seg-loss -19.4734  ema -19.5129
pes 11550  seg-loss -20.1115  ema -19.6353
pes 11575  seg-loss -19.9903  ema -19.7546
pes 11600  seg-loss -5.0328  ema -16.6597
pes 11625  seg-loss -2.9881  ema -11.6733
pes 11650  seg-loss -1.3814  ema -7.8031
pes 11675  seg-loss -1.1963  ema -5.2103
pes 11700  seg-loss -1.0354  ema -3.6209
pes 11725  seg-loss -1.0292  ema -2.5993
pes 11750  seg-loss -1.2005  ema -1.9444
pes 11775  seg-loss -0.9454  ema -1.5588
pes 11800  seg-loss -0.9266  ema -1.3119
pes 11825  seg-loss -0.9241  ema -1.1577
pes 11850  seg-loss -1.4515  ema -1.1101
pes 11875  seg-loss -2.9133  ema -1.4820
pes 11900  seg-loss -5.6239  ema -2.5638
pes 11925  seg-loss -7.1457  ema -4.2781
pes 11950  seg-loss -11.3751  ema -6.0554
pes 11975  seg-loss -10.8992  ema -7.5415
pes 12000  seg-loss -9.2488  ema -8.7579
  eval[h16] learned: loss 1.0094 acc 0.802  vs  muon(lr=0.1): loss 0.0017 acc 1.000
  eval[h64-wider] learned: loss 0.8237 acc 0.881  vs  muon(lr=0.1): loss 0.0001 acc 1.000
  eval[h16-long] learned: loss 0.0009 acc 1.000  vs  muon(lr=0.03): loss 0.0000 acc 1.000
  eval[fashion-h16 HELD-OUT] learned: loss 0.3010 acc 0.913  vs  muon(lr=0.03): loss 0.0000 acc 1.000
  eval[fashion-h64 HELD-OUT] learned: loss 0.3979 acc 0.870  vs  muon(lr=0.03): loss 0.0000 acc 1.000
pes 12025  seg-loss -12.9960  ema -9.4948
pes 12050  seg-loss -11.8542  ema -10.5644
pes 12075  seg-loss -11.7274  ema -11.4524
pes 12100  seg-loss -10.5423  ema -11.7092
pes 12125  seg-loss -20.7173  ema -13.3755
pes 12150  seg-loss -20.6406  ema -16.2860
pes 12175  seg-loss -20.7233  ema -18.0287
pes 12200  seg-loss -20.6971  ema -19.0818
pes 12225  seg-loss -1.9850  ema -13.9459
pes 12250  seg-loss -2.6660  ema -9.3568
pes 12275  seg-loss -3.5593  ema -6.8949
pes 12300  seg-loss -4.5572  ema -5.7754
pes 12325  seg-loss -1.8474  ema -4.3696
pes 12350  seg-loss -2.1974  ema -3.4536
pes 12375  seg-loss -11.8664  ema -4.4312
pes 12400  seg-loss -14.7172  ema -8.4383
pes 12425  seg-loss -16.1834  ema -11.3706
pes 12450  seg-loss -15.7317  ema -13.0279
pes 12475  seg-loss -4.8889  ema -10.0839
pes 12500  seg-loss -12.7215  ema -9.8219
pes 12525  seg-loss -5.5474  ema -8.4346
pes 12550  seg-loss -6.0342  ema -7.3894
pes 12575  seg-loss -6.1566  ema -6.8483
pes 12600  seg-loss -6.9071  ema -6.7127
pes 12625  seg-loss -7.2126  ema -6.8633
pes 12650  seg-loss -7.7449  ema -7.2009
pes 12675  seg-loss -8.8274  ema -7.7914
pes 12700  seg-loss -9.4423  ema -8.5222
pes 12725  seg-loss -10.0274  ema -9.3674
pes 12750  seg-loss -11.1299  ema -9.9363
pes 12775  seg-loss -1.9450  ema -8.1199
pes 12800  seg-loss -2.2221  ema -5.7344
pes 12825  seg-loss -2.4139  ema -4.3783
pes 12850  seg-loss -2.5160  ema -3.6215
pes 12875  seg-loss -2.6438  ema -3.2214
pes 12900  seg-loss -2.7976  ema -3.0323
pes 12925  seg-loss -3.0019  ema -2.9857
pes 12950  seg-loss -3.1170  ema -3.0169
pes 12975  seg-loss -3.2248  ema -3.0912
pes 13000  seg-loss -3.4058  ema -3.1921
pes 13025  seg-loss -19.5877  ema -5.1370
pes 13050  seg-loss -18.2160  ema -10.6348
pes 13075  seg-loss -17.0567  ema -13.4475
pes 13100  seg-loss -17.1392  ema -15.0269
pes 13125  seg-loss -16.7688  ema -15.9650
pes 13150  seg-loss -17.8816  ema -16.4910
pes 13175  seg-loss -16.2364  ema -16.7858
pes 13200  seg-loss -17.5850  ema -17.0956
pes 13225  seg-loss -18.5510  ema -17.4336
pes 13250  seg-loss -18.0679  ema -17.5695
pes 13275  seg-loss -13.2296  ema -16.0754
pes 13300  seg-loss -14.4980  ema -15.2737
pes 13325  seg-loss -13.7659  ema -14.7947
pes 13350  seg-loss -13.9701  ema -14.3877
pes 13375  seg-loss -14.2770  ema -14.1760
pes 13400  seg-loss -13.8267  ema -14.0223
pes 13425  seg-loss -13.4393  ema -13.9441
pes 13450  seg-loss -14.5160  ema -13.9934
pes 13475  seg-loss -13.4685  ema -14.0281
pes 13500  seg-loss -14.6745  ema -14.1325
pes 13525  seg-loss -16.8233  ema -13.9473
pes 13550  seg-loss -17.6869  ema -15.2032
pes 13575  seg-loss -20.6699  ema -16.2267
pes 13600  seg-loss -20.1910  ema -17.9119
pes 13625  seg-loss -20.1989  ema -18.9220
pes 13650  seg-loss -20.5875  ema -19.5445
pes 13675  seg-loss -6.1756  ema -16.0018
pes 13700  seg-loss -7.5650  ema -12.4145
pes 13725  seg-loss -9.2461  ema -10.9046
pes 13750  seg-loss -11.0640  ema -10.6365
pes 13775  seg-loss -13.0678  ema -11.2440
pes 13800  seg-loss -13.1093  ema -11.7971
pes 13825  seg-loss -13.5985  ema -12.3303
pes 13850  seg-loss -14.0760  ema -12.8811
pes 13875  seg-loss -12.9269  ema -13.2163
pes 13900  seg-loss -14.3696  ema -13.3453
pes 13925  seg-loss -20.6302  ema -13.3991
pes 13950  seg-loss -17.5413  ema -12.5986
pes 13975  seg-loss -2.7067  ema -9.6798
pes 14000  seg-loss -3.0373  ema -6.9917
pes 14025  seg-loss -3.2640  ema -5.4874
pes 14050  seg-loss -3.4537  ema -4.6500
pes 14075  seg-loss -3.5682  ema -4.1946
pes 14100  seg-loss -3.6484  ema -3.9554
pes 14125  seg-loss -3.6953  ema -3.8428
pes 14150  seg-loss -3.8222  ema -3.8097
pes 14175  seg-loss -3.8120  ema -3.8109
pes 14200  seg-loss -3.8291  ema -3.8372
pes 14225  seg-loss -2.4493  ema -3.1378
pes 14250  seg-loss -3.8482  ema -3.1993
pes 14275  seg-loss -4.7957  ema -3.6822
pes 14300  seg-loss -5.5188  ema -4.2909
pes 14325  seg-loss -6.5023  ema -4.9714
pes 14350  seg-loss -6.9007  ema -5.6503
pes 14375  seg-loss -7.9863  ema -6.3613
pes 14400  seg-loss -8.4766  ema -7.0867
pes 14425  seg-loss -9.2619  ema -7.8188
pes 14450  seg-loss -9.9887  ema -8.5738
pes 14475  seg-loss -0.7053  ema -6.0303
pes 14500  seg-loss -17.6967  ema -8.5532
pes 14525  seg-loss -19.8057  ema -12.7839
pes 14550  seg-loss -19.0724  ema -15.3334
pes 14575  seg-loss -19.0430  ema -16.7505
pes 14600  seg-loss -18.5320  ema -17.5386
pes 14625  seg-loss -18.0442  ema -17.9284
pes 14650  seg-loss -18.4139  ema -18.0700
pes 14675  seg-loss -17.8609  ema -18.0982
pes 14700  seg-loss -18.0778  ema -17.9878
pes 14725  seg-loss -17.6876  ema -17.8662
pes 14750  seg-loss -20.2931  ema -18.0701
pes 14775  seg-loss -20.1806  ema -18.8767
pes 14800  seg-loss -1.5189  ema -13.2623
pes 14825  seg-loss -19.7650  ema -12.5047
pes 14850  seg-loss -20.4722  ema -15.6881
pes 14875  seg-loss -20.4720  ema -17.5893
pes 14900  seg-loss -2.4989  ema -16.9514
pes 14925  seg-loss -20.7070  ema -18.3111
pes 14950  seg-loss -0.7621  ema -18.8290
pes 14975  seg-loss -9.0191  ema -12.1938
pes 15000  seg-loss -20.5991  ema -15.2682
pes 15025  seg-loss -0.0881  ema -15.5269
pes 15050  seg-loss -0.0403  ema -9.4100
pes 15075  seg-loss 0.0321  ema -5.6739
pes 15100  seg-loss 0.1135  ema -3.3930
pes 15125  seg-loss 0.0498  ema -2.0153
pes 15150  seg-loss 0.0659  ema -1.1777
pes 15175  seg-loss 0.0948  ema -0.6804
pes 15200  seg-loss 0.0194  ema -0.3851
pes 15225  seg-loss 0.0346  ema -0.2151
pes 15250  seg-loss 0.0091  ema -0.0941
pes 15275  seg-loss 0.1467  ema -0.0200
pes 15300  seg-loss -0.5442  ema -0.0441
pes 15325  seg-loss -0.5878  ema -0.2535
pes 15350  seg-loss -0.6219  ema -0.3848
pes 15375  seg-loss -1.1646  ema -0.6105
pes 15400  seg-loss -4.0947  ema -0.9005
pes 15425  seg-loss -20.6875  ema -4.5926
pes 15450  seg-loss -16.7849  ema -10.0719
pes 15475  seg-loss -16.6724  ema -12.4174
pes 15500  seg-loss -0.5204  ema -10.1010
pes 15525  seg-loss -0.6297  ema -6.3304
pes 15550  seg-loss -0.6881  ema -4.0863
pes 15575  seg-loss -0.7448  ema -2.7503
pes 15600  seg-loss -0.7404  ema -1.9550
pes 15625  seg-loss -0.7767  ema -1.4830
pes 15650  seg-loss -0.7797  ema -1.2051
pes 15675  seg-loss -0.8152  ema -1.0434
pes 15700  seg-loss -0.8108  ema -0.9503
pes 15725  seg-loss -0.8150  ema -0.8989
pes 15750  seg-loss -0.6393  ema -0.8137
pes 15775  seg-loss -0.7118  ema -0.7495
pes 15800  seg-loss -0.8189  ema -0.7610
pes 15825  seg-loss -20.3131  ema -5.7526
pes 15850  seg-loss -20.0796  ema -11.4936
pes 15875  seg-loss -1.7425  ema -9.2408
pes 15900  seg-loss -3.3603  ema -6.6714
pes 15925  seg-loss -5.1742  ema -5.7980
pes 15950  seg-loss -6.7176  ema -5.8520
pes 15975  seg-loss -18.8157  ema -9.6703
pes 16000  seg-loss -18.7001  ema -13.1636
  eval[h16] learned: loss 0.7798 acc 0.852  vs  muon(lr=0.1): loss 0.0005 acc 1.000
  eval[h64-wider] learned: loss 0.6373 acc 0.911  vs  muon(lr=0.1): loss 0.0000 acc 1.000
  eval[h16-long] learned: loss 0.0000 acc 1.000  vs  muon(lr=0.1): loss 0.0000 acc 1.000
  eval[fashion-h16 HELD-OUT] learned: loss 0.2404 acc 0.930  vs  muon(lr=0.03): loss 0.0000 acc 1.000
  eval[fashion-h64 HELD-OUT] learned: loss 0.3634 acc 0.894  vs  muon(lr=0.03): loss 0.0000 acc 1.000
pes 16025  seg-loss -20.7233  ema -14.7182
pes 16050  seg-loss -20.7233  ema -17.0944
pes 16075  seg-loss -20.7233  ema -18.5334
pes 16100  seg-loss -20.7233  ema -19.4011
pes 16125  seg-loss -20.5548  ema -19.5454
pes 16150  seg-loss -20.3667  ema -19.9187
pes 16175  seg-loss -20.5115  ema -20.1416
pes 16200  seg-loss -20.6213  ema -20.2681
pes 16225  seg-loss -1.3773  ema -15.3898
pes 16250  seg-loss -1.7166  ema -9.9059
pes 16275  seg-loss -19.6130  ema -8.9914
pes 16300  seg-loss -19.6034  ema -13.2627
pes 16325  seg-loss -19.7300  ema -15.7953
pes 16350  seg-loss -19.2559  ema -17.3135
pes 16375  seg-loss -1.8005  ema -14.8939
pes 16400  seg-loss -2.2511  ema -9.8077
pes 16425  seg-loss -6.8917  ema -7.3893
pes 16450  seg-loss -12.7952  ema -8.5182
pes 16475  seg-loss -15.2523  ema -10.9993
pes 16500  seg-loss -15.4662  ema -12.7537
pes 16525  seg-loss -0.2237  ema -11.0684
pes 16550  seg-loss -10.7648  ema -8.5399
pes 16575  seg-loss -9.4090  ema -9.3895
pes 16600  seg-loss -7.7427  ema -7.8873
pes 16625  seg-loss -17.7388  ema -10.7225
pes 16650  seg-loss -1.9195  ema -10.2941
pes 16675  seg-loss -2.2249  ema -7.0422
pes 16700  seg-loss -2.3558  ema -5.1615
pes 16725  seg-loss -2.4618  ema -4.0860
pes 16750  seg-loss -2.6615  ema -3.4879
pes 16775  seg-loss -2.7186  ema -3.1679
pes 16800  seg-loss -2.8366  ema -3.0159
pes 16825  seg-loss -2.9247  ema -2.9591
pes 16850  seg-loss -2.9403  ema -2.9521
pes 16875  seg-loss -2.9843  ema -2.9733
pes 16900  seg-loss -0.4424  ema -2.4678
pes 16925  seg-loss -5.5517  ema -2.4835
pes 16950  seg-loss -12.3699  ema -5.2734
pes 16975  seg-loss -16.7839  ema -9.1854
pes 17000  seg-loss -17.9050  ema -12.6124
pes 17025  seg-loss -18.1465  ema -14.8300
pes 17050  seg-loss -18.4478  ema -16.2073
pes 17075  seg-loss -18.5707  ema -17.0151
pes 17100  seg-loss -18.2795  ema -17.5062
pes 17125  seg-loss -18.5677  ema -17.7914
pes 17150  seg-loss -18.4076  ema -17.9899
pes 17175  seg-loss -20.6987  ema -16.5370
pes 17200  seg-loss -20.7233  ema -18.1955
pes 17225  seg-loss -20.7233  ema -19.1972
pes 17250  seg-loss -20.7233  ema -19.8004
pes 17275  seg-loss -3.1144  ema -14.9933
pes 17300  seg-loss -0.9165  ema -9.5717
pes 17325  seg-loss -2.8279  ema -6.5040
pes 17350  seg-loss -4.5459  ema -5.4498
pes 17375  seg-loss -6.7091  ema -5.6466
pes 17400  seg-loss -17.2908  ema -8.2921
pes 17425  seg-loss -8.0156  ema -7.7102
pes 17450  seg-loss -20.5834  ema -11.6682
pes 17475  seg-loss -20.6785  ema -15.1850
pes 17500  seg-loss -20.3666  ema -17.2750
pes 17525  seg-loss -20.3892  ema -18.4831
pes 17550  seg-loss -13.1839  ema -16.7225
pes 17575  seg-loss -15.3775  ema -15.9995
pes 17600  seg-loss -16.2450  ema -15.8886
pes 17625  seg-loss -15.8083  ema -15.9732
pes 17650  seg-loss -16.2942  ema -16.0390
pes 17675  seg-loss -16.7977  ema -16.1899
pes 17700  seg-loss -16.6608  ema -16.4544
pes 17725  seg-loss -16.4069  ema -16.5533
pes 17750  seg-loss -16.5009  ema -16.6082
pes 17775  seg-loss -16.0073  ema -16.5833
pes 17800  seg-loss -13.7584  ema -14.8240
pes 17825  seg-loss -14.7727  ema -14.6824
pes 17850  seg-loss -14.9614  ema -14.7535
pes 17875  seg-loss -14.9384  ema -14.8360
pes 17900  seg-loss -13.1870  ema -13.1087
pes 17925  seg-loss -10.7931  ema -12.3658
pes 17950  seg-loss -8.9822  ema -11.3041
pes 17975  seg-loss -10.9931  ema -10.7619
pes 18000  seg-loss -11.3970  ema -10.9532
pes 18025  seg-loss -11.3788  ema -11.3525
pes 18050  seg-loss -11.7862  ema -11.7234
pes 18075  seg-loss -12.1636  ema -12.1816
pes 18100  seg-loss -13.2145  ema -12.3589
pes 18125  seg-loss -12.9649  ema -12.4917
pes 18150  seg-loss -20.7233  ema -14.6553
pes 18175  seg-loss -10.0823  ema -11.3171
pes 18200  seg-loss -19.8164  ema -13.2187
pes 18225  seg-loss -20.7233  ema -16.1729
pes 18250  seg-loss -20.7233  ema -17.9773
pes 18275  seg-loss -20.7233  ema -19.0662
pes 18300  seg-loss -20.7233  ema -19.7233
pes 18325  seg-loss -20.7233  ema -20.1198
pes 18350  seg-loss -20.7233  ema -20.3591
pes 18375  seg-loss -20.7233  ema -20.5035
pes 18400  seg-loss -20.7233  ema -20.5906
pes 18425  seg-loss -20.5104  ema -20.1538
pes 18450  seg-loss -20.3768  ema -20.2601
pes 18475  seg-loss -20.0488  ema -20.2360
pes 18500  seg-loss -19.9343  ema -20.1579
pes 18525  seg-loss -0.7519  ema -16.6153
pes 18550  seg-loss -0.9644  ema -10.3803
pes 18575  seg-loss -1.0065  ema -6.6560
pes 18600  seg-loss -1.1134  ema -4.4247
pes 18625  seg-loss -1.0604  ema -3.0908
pes 18650  seg-loss -1.0878  ema -2.2962
pes 18675  seg-loss -1.1089  ema -1.8252
pes 18700  seg-loss -1.1489  ema -1.5495
pes 18725  seg-loss -1.1693  ema -1.3884
pes 18750  seg-loss -1.1928  ema -1.3018
pes 18775  seg-loss -1.1573  ema -1.2309
pes 18800  seg-loss -1.7705  ema -1.3660
pes 18825  seg-loss -1.8961  ema -1.5422
pes 18850  seg-loss -2.0206  ema -1.6939
pes 18875  seg-loss -2.0978  ema -1.8323
pes 18900  seg-loss -4.3085  ema -2.5385
pes 18925  seg-loss -7.1985  ema -3.8147
pes 18950  seg-loss -8.0199  ema -4.8591
pes 18975  seg-loss -7.8021  ema -6.1487
pes 19000  seg-loss -5.5412  ema -6.8433
pes 19025  seg-loss -5.9278  ema -7.0328
pes 19050  seg-loss -8.4876  ema -7.2415
pes 19075  seg-loss -7.9872  ema -8.0262
pes 19100  seg-loss -7.1978  ema -7.8529
pes 19125  seg-loss -10.5596  ema -8.6064
pes 19150  seg-loss -20.7233  ema -13.2144
pes 19175  seg-loss -20.7233  ema -16.1867
pes 19200  seg-loss -4.0237  ema -11.0888
pes 19225  seg-loss -4.3983  ema -8.3908
pes 19250  seg-loss -4.9303  ema -6.9608
pes 19275  seg-loss -5.5722  ema -6.3210
pes 19300  seg-loss -3.8576  ema -4.7292
pes 19325  seg-loss -5.0750  ema -4.6844
pes 19350  seg-loss -2.3472  ema -7.8264
pes 19375  seg-loss -0.4880  ema -10.3611
pes 19400  seg-loss -0.6340  ema -6.4929
pes 19425  seg-loss -0.5355  ema -4.1712
pes 19450  seg-loss -16.2913  ema -6.0473
pes 19475  seg-loss -16.2318  ema -10.4733
pes 19500  seg-loss -20.3966  ema -13.7292
pes 19525  seg-loss -20.6226  ema -16.4585
pes 19550  seg-loss -19.3317  ema -17.6628
pes 19575  seg-loss -16.7280  ema -15.5113
pes 19600  seg-loss -17.1173  ema -16.1344
pes 19625  seg-loss -17.2735  ema -16.4653
pes 19650  seg-loss -16.7274  ema -16.6962
pes 19675  seg-loss -0.2373  ema -10.3935
pes 19700  seg-loss -0.4110  ema -6.3837
pes 19725  seg-loss -0.3488  ema -3.9853
pes 19750  seg-loss -0.2177  ema -2.5268
pes 19775  seg-loss -0.3423  ema -1.6485
pes 19800  seg-loss -0.3242  ema -1.1334
pes 19825  seg-loss -0.3923  ema -0.8098
pes 19850  seg-loss -0.3215  ema -0.6309
pes 19875  seg-loss -0.3457  ema -0.5160
pes 19900  seg-loss -0.3705  ema -0.4582
pes 19925  seg-loss -1.7860  ema -0.8747
pes 19950  seg-loss -2.0811  ema -1.3017
pes 19975  seg-loss -2.8534  ema -2.3959
pes 20000  seg-loss -12.7713  ema -6.1880
  eval[h16] learned: loss 0.9284 acc 0.821  vs  muon(lr=0.1): loss 0.0014 acc 1.000
  eval[h64-wider] learned: loss 0.9556 acc 0.883  vs  muon(lr=0.03): loss 0.0007 acc 1.000
  eval[h16-long] learned: loss 0.0001 acc 1.000  vs  muon(lr=0.03): loss 0.0000 acc 1.000
  eval[fashion-h16 HELD-OUT] learned: loss 0.1802 acc 0.938  vs  muon(lr=0.03): loss 0.0000 acc 1.000
  eval[fashion-h64 HELD-OUT] learned: loss 0.2113 acc 0.940  vs  muon(lr=0.03): loss 0.0000 acc 1.000
pes 20025  seg-loss -13.5449  ema -8.9601
pes 20050  seg-loss -13.6410  ema -10.7177
