warm-started from learned_matrix13.pt (15/17 tensors; skipped ['unit.net_b.layers.1.weight', 'unit.net_b.layers.1.bias'])
matrix optimizer: 28737 meta-params
  dataset qmnist unavailable: FileNotFoundError: [Errno 2] No such file or directory: '/home/arthurb/.cache/qmnist/qmnist-train-images-idx3-ubyte.gz'
dataset registry: ['cifar10', 'cifar100', 'covtype', 'kmnist', 'letter', 'magic', 'miniboone', 'mnist', 'optdigits', 'poker', 'satimage', 'spambase', 'svhn'] (13 available)
openml: +54 train datasets (13 held out by dataset)
pes     0  seg-loss -0.2545  ema -0.2545
  eval[h16] learned: loss 1.3141 acc 0.707  vs  muon(lr=0.1): loss 0.0035 acc 0.999
  eval[h64-wider] learned: loss 1.4277 acc 0.774  vs  muon(lr=0.1): loss 0.0000 acc 1.000
  eval[h16-long] learned: loss 0.0004 acc 1.000  vs  muon(lr=0.1): loss 0.0000 acc 1.000
  eval[fashion-h16 HELD-OUT] learned: loss 0.0141 acc 1.000  vs  muon(lr=0.03): loss 0.0000 acc 1.000
  eval[fashion-h64 HELD-OUT] learned: loss 0.0517 acc 1.000  vs  muon(lr=0.03): loss 0.0000 acc 1.000
pes    25  seg-loss -20.0418  ema -4.5881
pes    50  seg-loss -20.6479  ema -9.4836
pes    75  seg-loss -20.7031  ema -13.9220
  probe-score -0.9822 (new best, saved)
pes   100  seg-loss -12.8973  ema -13.0615
pes   125  seg-loss -14.2774  ema -13.5495
pes   150  seg-loss -0.9189  ema -8.8784
pes   175  seg-loss -0.9173  ema -5.7222
pes   200  seg-loss -20.7233  ema -10.2328
pes   225  seg-loss -20.7233  ema -14.3926
pes   250  seg-loss -0.0953  ema -9.6517
pes   275  seg-loss -0.0976  ema -5.8629
pes   300  seg-loss -0.6604  ema -3.7635
pes   325  seg-loss -0.6747  ema -2.5378
pes   350  seg-loss -1.4941  ema -1.9821
pes   375  seg-loss -1.5856  ema -1.8018
pes   400  seg-loss -20.7233  ema -5.5374
pes   425  seg-loss -20.7233  ema -11.5592
pes   450  seg-loss -18.3082  ema -14.4154
pes   475  seg-loss -14.6675  ema -12.8755
  probe-score -0.9827 (new best, saved)
pes   500  seg-loss -4.4028  ema -10.0359
pes   525  seg-loss -12.5360  ema -9.7894
pes   550  seg-loss -0.6028  ema -9.4297
pes   575  seg-loss -0.8753  ema -6.0023
  probe-score -1.0264 (new best, saved)
pes   600  seg-loss -0.4156  ema -3.9458
pes   625  seg-loss -20.3198  ema -6.3809
pes   650  seg-loss -20.7233  ema -12.0643
pes   675  seg-loss -20.0853  ema -15.0680
  probe-score -1.0841 (new best, saved)
pes   700  seg-loss -20.3767  ema -17.1070
pes   725  seg-loss -19.8783  ema -16.8025
pes   750  seg-loss -8.7759  ema -11.3797
pes   775  seg-loss -16.8942  ema -13.2775
pes   800  seg-loss -20.7233  ema -14.5480
pes   825  seg-loss -20.3047  ema -15.3096
pes   850  seg-loss -19.8514  ema -17.1840
pes   875  seg-loss -0.8877  ema -11.8474
pes   900  seg-loss -14.2673  ema -9.2907
pes   925  seg-loss -13.2053  ema -8.9095
pes   950  seg-loss -18.2788  ema -12.0862
pes   975  seg-loss -20.4201  ema -14.4475
  probe-score -1.0914 (new best, saved)
pes  1000  seg-loss -0.7128  ema -15.0508
pes  1025  seg-loss -1.0103  ema -9.4536
pes  1050  seg-loss -2.8652  ema -6.1704
pes  1075  seg-loss -9.6058  ema -6.3309
pes  1100  seg-loss -0.0288  ema -8.4418
pes  1125  seg-loss -0.0937  ema -5.1206
pes  1150  seg-loss -4.2259  ema -3.2142
pes  1175  seg-loss -0.5939  ema -2.7063
  probe-score -1.1004 (new best, saved)
pes  1200  seg-loss -0.6065  ema -1.8718
pes  1225  seg-loss -2.5931  ema -1.9720
pes  1250  seg-loss -3.2079  ema -2.3328
pes  1275  seg-loss -0.8218  ema -2.2247
pes  1300  seg-loss -1.8188  ema -7.7491
pes  1325  seg-loss -20.3924  ema -12.6952
pes  1350  seg-loss -0.0734  ema -15.1488
pes  1375  seg-loss -18.7733  ema -15.2389
  probe-score -1.1262 (new best, saved)
pes  1400  seg-loss -17.2477  ema -15.9910
pes  1425  seg-loss -20.7233  ema -16.9792
pes  1450  seg-loss -15.9926  ema -17.4584
pes  1475  seg-loss -13.9917  ema -16.6475
  probe-score -1.1535 (new best, saved)
pes  1500  seg-loss -0.2105  ema -10.2017
pes  1525  seg-loss -0.2277  ema -6.2428
pes  1550  seg-loss -0.7237  ema -10.2516
pes  1575  seg-loss -17.3072  ema -10.5721
pes  1600  seg-loss -0.3398  ema -13.5986
pes  1625  seg-loss -14.7228  ema -9.8648
pes  1650  seg-loss -20.3323  ema -13.9911
pes  1675  seg-loss -3.8944  ema -15.1258
pes  1700  seg-loss -0.5795  ema -10.4450
pes  1725  seg-loss -3.2996  ema -7.0203
pes  1750  seg-loss -4.1159  ema -5.7676
pes  1775  seg-loss -20.6991  ema -8.1604
pes  1800  seg-loss -20.7233  ema -12.1456
pes  1825  seg-loss -20.6749  ema -15.5401
pes  1850  seg-loss -2.3108  ema -11.9067
pes  1875  seg-loss -3.1755  ema -8.3291
pes  1900  seg-loss -18.1178  ema -7.3817
pes  1925  seg-loss -20.7112  ema -12.5996
pes  1950  seg-loss -20.2758  ema -15.2940
pes  1975  seg-loss -19.2682  ema -15.6458
pes  2000  seg-loss -20.0155  ema -17.2547
pes  2025  seg-loss -0.6086  ema -15.4356
pes  2050  seg-loss -0.6607  ema -9.5697
pes  2075  seg-loss -6.1198  ema -6.7519
pes  2100  seg-loss -0.0598  ema -5.1022
pes  2125  seg-loss -0.1985  ema -3.1257
pes  2150  seg-loss -0.2665  ema -1.9768
pes  2175  seg-loss -3.0065  ema -1.9102
  probe-score -1.1712 (new best, saved)
pes  2200  seg-loss -7.3612  ema -3.7566
pes  2225  seg-loss -7.3982  ema -5.1970
pes  2250  seg-loss -20.7233  ema -5.9051
pes  2275  seg-loss -0.9167  ema -8.3306
pes  2300  seg-loss -13.8409  ema -8.0127
pes  2325  seg-loss -1.5704  ema -11.8886
pes  2350  seg-loss -2.3291  ema -8.1940
pes  2375  seg-loss -4.0778  ema -10.9128
  probe-score -1.2139 (new best, saved)
pes  2400  seg-loss -0.8329  ema -9.3693
pes  2425  seg-loss -1.0478  ema -6.6849
pes  2450  seg-loss -1.1585  ema -10.0900
pes  2475  seg-loss -1.4674  ema -6.7784
pes  2500  seg-loss -18.1763  ema -6.0462
pes  2525  seg-loss -20.7233  ema -11.8070
pes  2550  seg-loss -5.2871  ema -11.6609
pes  2575  seg-loss -8.0489  ema -10.4104
  probe-score -1.2530 (new best, saved)
pes  2600  seg-loss -7.3671  ema -9.3434
pes  2625  seg-loss -9.6322  ema -8.7759
pes  2650  seg-loss -11.3999  ema -9.8139
pes  2675  seg-loss -11.2829  ema -9.5731
pes  2700  seg-loss -15.4421  ema -11.3102
pes  2725  seg-loss -15.1209  ema -12.9171
pes  2750  seg-loss -20.7233  ema -14.9539
pes  2775  seg-loss -8.7754  ema -12.7497
pes  2800  seg-loss -13.4949  ema -12.3702
pes  2825  seg-loss -20.7233  ema -14.1014
pes  2850  seg-loss -0.4605  ema -9.9027
pes  2875  seg-loss -2.2990  ema -6.7820
pes  2900  seg-loss -2.4585  ema -5.0397
pes  2925  seg-loss -0.7482  ema -4.0482
pes  2950  seg-loss -0.8167  ema -2.7537
pes  2975  seg-loss -0.8738  ema -2.3934
pes  3000  seg-loss -19.9656  ema -5.8659
  eval[h16] learned: loss 0.9779 acc 0.825  vs  muon(lr=0.1): loss 0.0060 acc 0.999
  eval[h64-wider] learned: loss 1.1987 acc 0.901  vs  muon(lr=0.1): loss 0.0001 acc 1.000
  eval[h16-long] learned: loss 0.0000 acc 1.000  vs  muon(lr=0.1): loss 0.0000 acc 1.000
  eval[fashion-h16 HELD-OUT] learned: loss 0.0035 acc 1.000  vs  muon(lr=0.03): loss 0.0000 acc 1.000
  eval[fashion-h64 HELD-OUT] learned: loss 0.0131 acc 1.000  vs  muon(lr=0.03): loss 0.0000 acc 1.000
pes  3025  seg-loss -5.0574  ema -10.2091
pes  3050  seg-loss -6.5191  ema -8.6113
pes  3075  seg-loss -20.7028  ema -8.1898
pes  3100  seg-loss -1.1097  ema -5.3707
pes  3125  seg-loss -1.0741  ema -3.6830
pes  3150  seg-loss -1.0089  ema -2.6399
pes  3175  seg-loss -1.1159  ema -2.0213
  probe-score -1.2560 (new best, saved)
pes  3200  seg-loss -0.7082  ema -1.5074
pes  3225  seg-loss -0.5775  ema -1.1284
pes  3250  seg-loss -0.5919  ema -0.9140
pes  3275  seg-loss -3.5846  ema -0.9354
pes  3300  seg-loss -0.6988  ema -1.8920
pes  3325  seg-loss -20.1648  ema -6.2610
pes  3350  seg-loss -20.1297  ema -7.3319
pes  3375  seg-loss -20.7180  ema -10.0469
  probe-score -1.2784 (new best, saved)
pes  3400  seg-loss -20.7233  ema -14.2804
pes  3425  seg-loss -19.8583  ema -15.7907
pes  3450  seg-loss -2.2955  ema -10.8182
pes  3475  seg-loss -2.6426  ema -7.5191
  probe-score -1.2827 (new best, saved)
pes  3500  seg-loss -11.4575  ema -6.2261
pes  3525  seg-loss -18.4402  ema -10.6944
pes  3550  seg-loss -6.6952  ema -10.6468
pes  3575  seg-loss -3.1316  ema -9.5670
  probe-score -1.3353 (new best, saved)
pes  3600  seg-loss -15.0976  ema -9.7583
pes  3625  seg-loss -1.6918  ema -11.1659
pes  3650  seg-loss -2.4323  ema -7.6393
pes  3675  seg-loss -0.6011  ema -5.5339
pes  3700  seg-loss -0.5937  ema -3.5625
pes  3725  seg-loss -0.6042  ema -2.3881
pes  3750  seg-loss -20.3382  ema -5.5105
pes  3775  seg-loss -20.3356  ema -11.3759
pes  3800  seg-loss -3.3947  ema -13.1281
pes  3825  seg-loss -20.7233  ema -14.3138
pes  3850  seg-loss -20.7233  ema -16.8554
pes  3875  seg-loss -20.0000  ema -18.0401
pes  3900  seg-loss -1.6469  ema -14.9227
pes  3925  seg-loss -16.1628  ema -11.4887
pes  3950  seg-loss -0.9880  ema -10.6304
pes  3975  seg-loss -1.0864  ema -6.8327
  probe-score -1.3641 (new best, saved)
pes  4000  seg-loss -1.6962  ema -4.5825
pes  4025  seg-loss -20.7233  ema -5.9941
pes  4050  seg-loss -20.7233  ema -11.8347
pes  4075  seg-loss -4.0097  ema -12.6843
  probe-score -1.4189 (new best, saved)
pes  4100  seg-loss -1.6577  ema -8.7381
pes  4125  seg-loss -2.1435  ema -6.0274
pes  4150  seg-loss -0.5762  ema -4.5150
pes  4175  seg-loss -20.7233  ema -6.9508
pes  4200  seg-loss -20.6516  ema -12.2954
pes  4225  seg-loss -0.4649  ema -13.5747
pes  4250  seg-loss -1.4468  ema -8.5180
pes  4275  seg-loss -5.8152  ema -6.5403
  probe-score -1.4330 (new best, saved)
pes  4300  seg-loss -19.8297  ema -9.5830
pes  4325  seg-loss -20.7029  ema -12.4325
pes  4350  seg-loss -20.6208  ema -15.6992
pes  4375  seg-loss -4.2125  ema -12.5752
pes  4400  seg-loss -19.8448  ema -12.2008
pes  4425  seg-loss -19.4571  ema -15.1598
pes  4450  seg-loss -5.6110  ema -13.3189
pes  4475  seg-loss -6.0732  ema -10.3914
  probe-score -1.4330 (new best, saved)
pes  4500  seg-loss -8.8580  ema -8.7824
pes  4525  seg-loss -15.8652  ema -12.1596
pes  4550  seg-loss -17.2805  ema -14.0620
pes  4575  seg-loss -0.7151  ema -13.7409
  probe-score -1.4647 (new best, saved)
pes  4600  seg-loss -0.0397  ema -10.2458
pes  4625  seg-loss -0.6054  ema -6.3562
pes  4650  seg-loss -3.2915  ema -4.3636
pes  4675  seg-loss -20.4731  ema -7.8630
  probe-score -1.4891 (new best, saved)
pes  4700  seg-loss -20.2809  ema -12.2222
pes  4725  seg-loss -11.7816  ema -11.6234
pes  4750  seg-loss -6.8163  ema -9.3474
pes  4775  seg-loss -10.9773  ema -10.3240
  probe-score -1.5043 (new best, saved)
pes  4800  seg-loss -0.7138  ema -8.3589
pes  4825  seg-loss -20.2855  ema -11.2525
pes  4850  seg-loss -20.2081  ema -14.8119
pes  4875  seg-loss -20.7233  ema -15.5822
  probe-score -1.5405 (new best, saved)
pes  4900  seg-loss -20.7185  ema -17.6194
pes  4925  seg-loss -0.0575  ema -13.5694
pes  4950  seg-loss -0.4934  ema -8.3286
pes  4975  seg-loss -1.4746  ema -5.2916
pes  5000  seg-loss -1.0875  ema -3.6470
pes  5025  seg-loss -3.5918  ema -2.7459
pes  5050  seg-loss -8.9698  ema -3.9426
pes  5075  seg-loss -1.4314  ema -4.1102
pes  5100  seg-loss -1.8250  ema -3.1485
pes  5125  seg-loss -10.4596  ema -4.0378
pes  5150  seg-loss -19.9122  ema -7.6962
pes  5175  seg-loss -20.7233  ema -10.4149
pes  5200  seg-loss -0.6484  ema -8.6474
pes  5225  seg-loss -20.5757  ema -12.4891
pes  5250  seg-loss -20.6278  ema -15.6632
pes  5275  seg-loss -10.1071  ema -12.0913
pes  5300  seg-loss -14.8544  ema -12.8074
pes  5325  seg-loss -1.9106  ema -8.5993
pes  5350  seg-loss -6.9607  ema -6.9847
pes  5375  seg-loss -0.9625  ema -7.5800
pes  5400  seg-loss -0.5512  ema -7.2252
pes  5425  seg-loss -0.7692  ema -4.6512
pes  5450  seg-loss -0.5362  ema -3.5669
pes  5475  seg-loss -7.0420  ema -2.6334
pes  5500  seg-loss -19.9885  ema -9.5360
pes  5525  seg-loss -0.5760  ema -12.7609
pes  5550  seg-loss -19.6565  ema -9.4315
pes  5575  seg-loss -3.5026  ema -9.6931
pes  5600  seg-loss -0.3980  ema -8.2391
pes  5625  seg-loss -0.2613  ema -5.5260
pes  5650  seg-loss -20.7233  ema -5.8795
pes  5675  seg-loss -20.7233  ema -11.7656
pes  5700  seg-loss -4.6083  ema -13.0291
pes  5725  seg-loss -20.7233  ema -11.0059
pes  5750  seg-loss -20.7233  ema -14.8592
pes  5775  seg-loss -18.2319  ema -16.1263
pes  5800  seg-loss -20.7233  ema -16.4121
pes  5825  seg-loss -7.0186  ema -14.6835
pes  5850  seg-loss -20.6952  ema -15.3721
pes  5875  seg-loss -6.7242  ema -12.2427
  probe-score -1.6367 (new best, saved)
pes  5900  seg-loss -0.0547  ema -9.9587
pes  5925  seg-loss -0.0624  ema -6.0329
pes  5950  seg-loss -1.3787  ema -3.7336
pes  5975  seg-loss -2.9290  ema -5.8419
pes  6000  seg-loss -0.5220  ema -7.6456
  eval[h16] learned: loss 0.6500 acc 0.883  vs  muon(lr=0.1): loss 0.0013 acc 1.000
  eval[h64-wider] learned: loss 0.9344 acc 0.916  vs  muon(lr=0.1): loss 0.0002 acc 1.000
  eval[h16-long] learned: loss 0.0000 acc 1.000  vs  muon(lr=0.03): loss 0.0000 acc 1.000
  eval[fashion-h16 HELD-OUT] learned: loss 0.0009 acc 1.000  vs  muon(lr=0.03): loss 0.0000 acc 1.000
  eval[fashion-h64 HELD-OUT] learned: loss 0.0030 acc 1.000  vs  muon(lr=0.03): loss 0.0000 acc 1.000
pes  6025  seg-loss -19.4365  ema -7.4157
pes  6050  seg-loss -18.4377  ema -11.8162
pes  6075  seg-loss -20.7233  ema -13.9032
pes  6100  seg-loss -20.7233  ema -16.6076
pes  6125  seg-loss -8.7224  ema -15.6407
pes  6150  seg-loss -0.8800  ema -15.0726
pes  6175  seg-loss -17.8117  ema -12.5460
  probe-score -1.6733 (new best, saved)
pes  6200  seg-loss -0.6165  ema -9.1740
pes  6225  seg-loss -7.8032  ema -11.8849
pes  6250  seg-loss -7.1181  ema -9.6036
pes  6275  seg-loss -0.6808  ema -7.6521
  probe-score -1.7325 (new best, saved)
pes  6300  seg-loss -0.3823  ema -4.7780
pes  6325  seg-loss -0.7288  ema -3.1198
pes  6350  seg-loss -1.6107  ema -2.5062
pes  6375  seg-loss -0.7689  ema -2.0164
pes  6400  seg-loss -0.9077  ema -1.5589
pes  6425  seg-loss -1.2489  ema -1.3434
pes  6450  seg-loss -1.2848  ema -1.3197
pes  6475  seg-loss -2.2338  ema -1.3674
pes  6500  seg-loss -0.7285  ema -1.4092
pes  6525  seg-loss -0.8091  ema -1.1634
pes  6550  seg-loss -5.9493  ema -1.9658
pes  6575  seg-loss -7.1293  ema -3.7920
pes  6600  seg-loss -0.4989  ema -3.7221
pes  6625  seg-loss -0.5524  ema -2.4325
pes  6650  seg-loss -15.1116  ema -2.9179
pes  6675  seg-loss -1.2883  ema -4.6483
pes  6700  seg-loss -18.5670  ema -6.8145
pes  6725  seg-loss -17.8183  ema -11.4136
pes  6750  seg-loss -1.9330  ema -9.1891
pes  6775  seg-loss -2.1669  ema -6.3737
pes  6800  seg-loss -20.5331  ema -7.6928
pes  6825  seg-loss -1.9762  ema -7.7695
pes  6850  seg-loss -0.5751  ema -5.7281
pes  6875  seg-loss -0.6138  ema -3.6837
pes  6900  seg-loss -0.7030  ema -2.4879
pes  6925  seg-loss -0.7686  ema -1.7728
pes  6950  seg-loss -0.8621  ema -1.3995
pes  6975  seg-loss -6.1548  ema -1.5345
pes  7000  seg-loss -8.9196  ema -3.9426
pes  7025  seg-loss -2.5953  ema -5.6711
pes  7050  seg-loss -19.5756  ema -10.4356
pes  7075  seg-loss -19.0946  ema -14.2308
pes  7100  seg-loss -0.4634  ema -15.0054
pes  7125  seg-loss -2.4722  ema -9.8349
pes  7150  seg-loss -2.5822  ema -6.7903
pes  7175  seg-loss -2.8745  ema -5.1986
pes  7200  seg-loss -20.7233  ema -11.0856
pes  7225  seg-loss -20.7220  ema -14.9072
pes  7250  seg-loss -20.5437  ema -15.2958
pes  7275  seg-loss -20.5047  ema -17.3707
pes  7300  seg-loss -0.8105  ema -11.7611
pes  7325  seg-loss -4.7308  ema -7.5683
pes  7350  seg-loss -4.9078  ema -11.0272
pes  7375  seg-loss -1.9094  ema -7.5632
pes  7400  seg-loss -20.0296  ema -11.9449
pes  7425  seg-loss -2.4454  ema -11.7834
pes  7450  seg-loss -20.6732  ema -11.6701
pes  7475  seg-loss -20.6916  ema -15.2404
pes  7500  seg-loss -19.4798  ema -16.2879
pes  7525  seg-loss -19.4422  ema -17.6166
pes  7550  seg-loss -0.1757  ema -15.9018
pes  7575  seg-loss -0.5401  ema -14.6423
pes  7600  seg-loss -0.6011  ema -9.0705
pes  7625  seg-loss -0.8244  ema -5.7237
pes  7650  seg-loss -19.7116  ema -10.2669
pes  7675  seg-loss -19.8317  ema -13.9902
pes  7700  seg-loss -1.6019  ema -9.3607
pes  7725  seg-loss -1.9167  ema -6.3574
pes  7750  seg-loss -2.5386  ema -7.4551
pes  7775  seg-loss -10.6847  ema -7.2279
pes  7800  seg-loss -0.9307  ema -8.5203
pes  7825  seg-loss -0.6515  ema -5.5157
pes  7850  seg-loss -0.3531  ema -4.5221
pes  7875  seg-loss -1.3414  ema -3.2665
pes  7900  seg-loss -1.4465  ema -2.5352
pes  7925  seg-loss -14.2312  ema -4.2114
pes  7950  seg-loss -18.0379  ema -9.2578
pes  7975  seg-loss -0.6403  ema -7.9111
pes  8000  seg-loss -0.7410  ema -5.0543
pes  8025  seg-loss -20.4075  ema -6.5788
pes  8050  seg-loss -19.7669  ema -11.9238
pes  8075  seg-loss -20.3915  ema -13.5750
pes  8100  seg-loss -1.9266  ema -10.8729
pes  8125  seg-loss -1.9254  ema -7.3253
pes  8150  seg-loss -5.5750  ema -5.4938
pes  8175  seg-loss -17.2860  ema -8.1420
pes  8200  seg-loss -20.7233  ema -10.0398
pes  8225  seg-loss -20.7233  ema -14.2762
pes  8250  seg-loss -0.9542  ema -14.2116
pes  8275  seg-loss -1.5207  ema -9.0759
pes  8300  seg-loss -0.7024  ema -6.0736
pes  8325  seg-loss -13.2370  ema -5.0036
pes  8350  seg-loss -17.1314  ema -9.5927
pes  8375  seg-loss -17.4098  ema -12.8063
pes  8400  seg-loss -5.5848  ema -12.5529
pes  8425  seg-loss -6.1452  ema -9.9576
pes  8450  seg-loss -3.2916  ema -7.9557
pes  8475  seg-loss -16.2729  ema -11.3504
pes  8500  seg-loss -20.4768  ema -13.9220
pes  8525  seg-loss -16.5510  ema -14.2186
pes  8550  seg-loss -0.7192  ema -15.7483
pes  8575  seg-loss -7.2880  ema -10.5512
pes  8600  seg-loss -7.3924  ema -9.2929
pes  8625  seg-loss -1.2090  ema -7.7354
pes  8650  seg-loss -6.5236  ema -8.0696
pes  8675  seg-loss -19.8153  ema -11.3483
pes  8700  seg-loss -1.7217  ema -12.3694
pes  8725  seg-loss -1.8884  ema -8.2009
pes  8750  seg-loss -0.9934  ema -5.9764
pes  8775  seg-loss -20.7225  ema -11.5515
pes  8800  seg-loss -1.0971  ema -14.7958
pes  8825  seg-loss -1.1043  ema -9.0434
pes  8850  seg-loss -19.4812  ema -11.5761
pes  8875  seg-loss -0.4812  ema -7.5502
pes  8900  seg-loss -0.5465  ema -4.7614
pes  8925  seg-loss -0.6437  ema -3.1157
pes  8950  seg-loss -11.4493  ema -2.4962
pes  8975  seg-loss -20.0007  ema -9.0744
pes  9000  seg-loss -0.5518  ema -8.9946
  eval[h16] learned: loss 0.7057 acc 0.885  vs  muon(lr=0.1): loss 0.0018 acc 1.000
  eval[h64-wider] learned: loss 1.0348 acc 0.914  vs  muon(lr=0.1): loss 0.0000 acc 1.000
  eval[h16-long] learned: loss 0.0000 acc 1.000  vs  muon(lr=0.03): loss 0.0000 acc 1.000
  eval[fashion-h16 HELD-OUT] learned: loss 0.0010 acc 1.000  vs  muon(lr=0.03): loss 0.0000 acc 1.000
  eval[fashion-h64 HELD-OUT] learned: loss 0.0035 acc 1.000  vs  muon(lr=0.03): loss 0.0000 acc 1.000
pes  9025  seg-loss -0.5845  ema -5.6558
pes  9050  seg-loss -11.7214  ema -4.5199
pes  9075  seg-loss -20.7233  ema -10.6649
pes  9100  seg-loss -0.6405  ema -11.3053
pes  9125  seg-loss -8.2360  ema -8.3230
pes  9150  seg-loss -1.8367  ema -6.0662
pes  9175  seg-loss -2.1578  ema -4.4578
pes  9200  seg-loss -10.7924  ema -5.7164
pes  9225  seg-loss -9.7957  ema -5.9175
pes  9250  seg-loss -19.1031  ema -9.5293
pes  9275  seg-loss -19.5848  ema -13.1576
pes  9300  seg-loss -19.7454  ema -15.7602
pes  9325  seg-loss -20.4498  ema -14.7188
pes  9350  seg-loss -20.4030  ema -17.0401
pes  9375  seg-loss -19.8812  ema -17.1852
pes  9400  seg-loss -0.7980  ema -11.6548
pes  9425  seg-loss -0.8623  ema -7.3724
pes  9450  seg-loss -9.6184  ema -6.9311
pes  9475  seg-loss -9.9678  ema -8.1019
pes  9500  seg-loss -0.2259  ema -6.0052
pes  9525  seg-loss -20.1752  ema -7.0787
pes  9550  seg-loss -20.7233  ema -12.4728
pes  9575  seg-loss -18.7231  ema -12.5644
pes  9600  seg-loss -2.4817  ema -9.6110
pes  9625  seg-loss -4.0655  ema -7.1635
pes  9650  seg-loss -17.2866  ema -8.9799
pes  9675  seg-loss -17.1517  ema -12.3199
pes  9700  seg-loss -6.6716  ema -11.1048
pes  9725  seg-loss -6.6641  ema -9.3446
pes  9750  seg-loss -0.7816  ema -6.5427
pes  9775  seg-loss -20.6927  ema -10.4204
pes  9800  seg-loss -20.6966  ema -14.4992
pes  9825  seg-loss -20.4221  ema -14.7011
pes  9850  seg-loss -7.2538  ema -10.9163
pes  9875  seg-loss -19.2796  ema -13.0405
  probe-score -1.7393 (new best, saved)
pes  9900  seg-loss 0.0939  ema -10.0861
pes  9925  seg-loss 0.0098  ema -6.0740
pes  9950  seg-loss -20.7233  ema -8.4554
pes  9975  seg-loss -19.7251  ema -10.4008
  probe-score -1.7980 (new best, saved)
pes 10000  seg-loss -5.5104  ema -9.8720
pes 10025  seg-loss -0.7036  ema -6.3978
pes 10050  seg-loss -0.8117  ema -4.1619
pes 10075  seg-loss -1.6646  ema -9.0485
pes 10100  seg-loss -17.7196  ema -9.7277
pes 10125  seg-loss -18.2940  ema -13.1390
pes 10150  seg-loss -3.2065  ema -9.2283
pes 10175  seg-loss -12.0947  ema -8.8227
pes 10200  seg-loss -0.5959  ema -9.9407
pes 10225  seg-loss -16.4997  ema -11.9614
pes 10250  seg-loss -15.7539  ema -13.6449
pes 10275  seg-loss -0.8987  ema -9.0748
pes 10300  seg-loss -20.7233  ema -13.4663
pes 10325  seg-loss -20.7144  ema -16.3411
pes 10350  seg-loss -0.0786  ema -10.1398
pes 10375  seg-loss -11.8475  ema -8.2586
pes 10400  seg-loss -0.2560  ema -11.8235
pes 10425  seg-loss -0.8789  ema -8.1652
pes 10450  seg-loss -0.8847  ema -5.2765
pes 10475  seg-loss -3.4957  ema -3.9315
pes 10500  seg-loss -5.5826  ema -4.3284
pes 10525  seg-loss -20.5905  ema -6.3591
pes 10550  seg-loss -0.2910  ema -6.0973
pes 10575  seg-loss -19.8777  ema -9.2140
  probe-score -1.8138 (new best, saved)
pes 10600  seg-loss -6.4874  ema -7.5874
pes 10625  seg-loss -12.1197  ema -8.4494
pes 10650  seg-loss -20.6981  ema -11.8087
pes 10675  seg-loss -0.4267  ema -14.2135
  probe-score -1.8270 (new best, saved)
pes 10700  seg-loss -1.2474  ema -9.7851
pes 10725  seg-loss -1.4285  ema -6.4307
pes 10750  seg-loss -3.2317  ema -4.4847
pes 10775  seg-loss -8.6689  ema -5.1664
pes 10800  seg-loss -18.2831  ema -7.9017
pes 10825  seg-loss -14.4350  ema -10.7354
pes 10850  seg-loss -14.0956  ema -12.1660
pes 10875  seg-loss -0.8175  ema -7.7742
pes 10900  seg-loss -0.8214  ema -5.1301
pes 10925  seg-loss -0.6087  ema -3.4366
pes 10950  seg-loss -0.6865  ema -2.3410
pes 10975  seg-loss -1.7487  ema -1.7307
pes 11000  seg-loss -1.6432  ema -1.9151
pes 11025  seg-loss -2.6003  ema -2.0180
pes 11050  seg-loss -20.0143  ema -3.5415
pes 11075  seg-loss -20.7233  ema -8.4340
pes 11100  seg-loss -6.1033  ema -6.5301
pes 11125  seg-loss -12.5817  ema -7.7787
pes 11150  seg-loss -0.8416  ema -4.8454
pes 11175  seg-loss -7.3872  ema -5.0004
pes 11200  seg-loss -0.5328  ema -7.0559
pes 11225  seg-loss -0.6159  ema -5.0503
pes 11250  seg-loss -0.7503  ema -3.3216
pes 11275  seg-loss -9.0548  ema -3.9077
pes 11300  seg-loss -13.9611  ema -6.7200
pes 11325  seg-loss -2.1320  ema -4.9761
pes 11350  seg-loss -2.3424  ema -3.9074
pes 11375  seg-loss -0.5573  ema -2.7439
pes 11400  seg-loss -0.2441  ema -2.9311
pes 11425  seg-loss -0.2633  ema -1.8732
pes 11450  seg-loss -1.8426  ema -1.4775
pes 11475  seg-loss -6.2982  ema -2.2949
pes 11500  seg-loss -15.1497  ema -5.7794
pes 11525  seg-loss -19.5132  ema -7.6516
pes 11550  seg-loss -13.6471  ema -7.3671
pes 11575  seg-loss -19.8042  ema -11.9250
pes 11600  seg-loss -17.8797  ema -14.2205
pes 11625  seg-loss -17.8751  ema -15.6490
pes 11650  seg-loss -0.6118  ema -10.1455
pes 11675  seg-loss -14.9384  ema -6.9563
pes 11700  seg-loss -20.7163  ema -11.6961
pes 11725  seg-loss -20.7159  ema -15.2732
pes 11750  seg-loss -4.0712  ema -11.2371
pes 11775  seg-loss -12.5969  ema -9.9390
pes 11800  seg-loss 0.0357  ema -7.3778
pes 11825  seg-loss -0.0837  ema -4.4528
pes 11850  seg-loss -20.6968  ema -8.5154
pes 11875  seg-loss -20.5799  ema -13.3304
pes 11900  seg-loss -20.3593  ema -12.7043
pes 11925  seg-loss -19.9111  ema -15.1002
pes 11950  seg-loss -20.5886  ema -17.2382
pes 11975  seg-loss -0.7733  ema -14.8950
pes 12000  seg-loss -0.9172  ema -9.3361
  eval[h16] learned: loss 0.6169 acc 0.896  vs  muon(lr=0.1): loss 0.0013 acc 1.000
  eval[h64-wider] learned: loss 0.8365 acc 0.936  vs  muon(lr=0.1): loss 0.0000 acc 1.000
  eval[h16-long] learned: loss 0.0000 acc 1.000  vs  muon(lr=0.03): loss 0.0000 acc 1.000
  eval[fashion-h16 HELD-OUT] learned: loss 0.0013 acc 1.000  vs  muon(lr=0.03): loss 0.0000 acc 1.000
  eval[fashion-h64 HELD-OUT] learned: loss 0.0031 acc 1.000  vs  muon(lr=0.03): loss 0.0000 acc 1.000
pes 12025  seg-loss -20.6817  ema -7.5382
pes 12050  seg-loss -20.5798  ema -12.7099
pes 12075  seg-loss -20.3656  ema -15.4612
pes 12100  seg-loss -20.5013  ema -16.7467
pes 12125  seg-loss -0.1446  ema -12.5918
pes 12150  seg-loss -0.1610  ema -7.6627
pes 12175  seg-loss -4.2657  ema -5.0166
pes 12200  seg-loss -18.3535  ema -10.3778
pes 12225  seg-loss -8.2853  ema -12.6739
pes 12250  seg-loss -0.6329  ema -13.1594
pes 12275  seg-loss -0.8664  ema -8.2476
pes 12300  seg-loss -20.7139  ema -6.9874
pes 12325  seg-loss -5.9050  ema -8.6679
pes 12350  seg-loss -9.7572  ema -8.4614
