warm-started from learned_matrix7.pt
matrix optimizer: 28543 meta-params
  dataset qmnist unavailable: FileNotFoundError: [Errno 2] No such file or directory: '/home/arthurb/.cache/qmnist/qmnist-train-images-idx3-ubyte.gz'
dataset registry: ['cifar10', 'cifar100', 'covtype', 'kmnist', 'letter', 'magic', 'miniboone', 'mnist', 'optdigits', 'poker', 'satimage', 'spambase', 'svhn'] (13 available)
pes     0  seg-loss -0.8047  ema -0.8047
  eval[h16] learned: loss 0.0003 acc 1.000  vs  muon(lr=0.1): loss 0.0018 acc 0.999
  eval[h64-wider] learned: loss 0.1852 acc 0.967  vs  muon(lr=0.1): loss 0.0000 acc 1.000
  eval[h16-long] learned: loss 0.0000 acc 1.000  vs  muon(lr=0.03): loss 0.0000 acc 1.000
  eval[fashion-h16 HELD-OUT] learned: loss 0.0001 acc 1.000  vs  muon(lr=0.03): loss 0.0000 acc 1.000
  eval[fashion-h64 HELD-OUT] learned: loss 1.9167 acc 0.678  vs  muon(lr=0.03): loss 0.0000 acc 1.000
pes    25  seg-loss -16.2853  ema -5.8284
pes    50  seg-loss -20.4814  ema -7.4208
pes    75  seg-loss -2.4860  ema -8.9148
  probe-score -6.5363 (new best, saved)
pes   100  seg-loss -17.6388  ema -11.9506
pes   125  seg-loss -5.9338  ema -9.5364
pes   150  seg-loss -19.4256  ema -11.6317
pes   175  seg-loss -20.7222  ema -14.8262
pes   200  seg-loss -4.8072  ema -10.9121
pes   225  seg-loss -14.9400  ema -10.5097
pes   250  seg-loss -2.1998  ema -8.2241
pes   275  seg-loss -17.2700  ema -10.3668
pes   300  seg-loss -8.1432  ema -9.5534
pes   325  seg-loss -4.4027  ema -7.3947
pes   350  seg-loss -7.0630  ema -6.6198
pes   375  seg-loss -20.2871  ema -6.4912
pes   400  seg-loss -20.1704  ema -10.9042
pes   425  seg-loss -12.2007  ema -11.5598
pes   450  seg-loss -18.4202  ema -12.5644
pes   475  seg-loss -13.8418  ema -12.2214
pes   500  seg-loss -0.6017  ema -10.2901
pes   525  seg-loss -15.3386  ema -9.9509
pes   550  seg-loss -12.2530  ema -6.5611
pes   575  seg-loss -0.0104  ema -10.1027
pes   600  seg-loss -7.5221  ema -7.9709
pes   625  seg-loss -19.0783  ema -11.8213
pes   650  seg-loss -8.7018  ema -13.9675
pes   675  seg-loss -10.3228  ema -14.7287
pes   700  seg-loss -0.5849  ema -16.0106
pes   725  seg-loss -18.7148  ema -16.1753
pes   750  seg-loss -16.1047  ema -13.9889
pes   775  seg-loss -1.4643  ema -14.5865
pes   800  seg-loss -16.8326  ema -12.4777
pes   825  seg-loss -1.4224  ema -11.5100
pes   850  seg-loss -4.1729  ema -11.6953
pes   875  seg-loss -3.4620  ema -8.3073
pes   900  seg-loss -0.5484  ema -8.3814
pes   925  seg-loss -20.7126  ema -11.3240
pes   950  seg-loss -19.1044  ema -13.4944
pes   975  seg-loss -19.6910  ema -9.1893
pes  1000  seg-loss -7.1780  ema -10.5614
pes  1025  seg-loss -4.5487  ema -8.2581
pes  1050  seg-loss -15.8260  ema -8.8071
pes  1075  seg-loss -20.7008  ema -11.6070
pes  1100  seg-loss -8.1218  ema -11.2685
pes  1125  seg-loss -19.9158  ema -12.1260
pes  1150  seg-loss -6.5116  ema -11.0718
pes  1175  seg-loss -13.9128  ema -10.1155
pes  1200  seg-loss -20.7158  ema -12.1245
pes  1225  seg-loss 1.9136  ema -8.5557
pes  1250  seg-loss -0.0532  ema -11.0907
pes  1275  seg-loss -2.5132  ema -6.0515
pes  1300  seg-loss -19.8163  ema -9.5298
pes  1325  seg-loss -4.5506  ema -10.3913
pes  1350  seg-loss -1.3123  ema -8.5406
pes  1375  seg-loss -7.5617  ema -11.6717
pes  1400  seg-loss -20.6201  ema -11.9307
pes  1425  seg-loss -20.6186  ema -12.3062
pes  1450  seg-loss -19.0209  ema -13.6837
pes  1475  seg-loss -17.3666  ema -14.2999
pes  1500  seg-loss -4.3641  ema -12.5442
pes  1525  seg-loss -0.0162  ema -10.0860
pes  1550  seg-loss -12.5366  ema -7.0816
pes  1575  seg-loss -6.0367  ema -9.7074
pes  1600  seg-loss -5.4107  ema -9.7867
pes  1625  seg-loss -20.0069  ema -10.9869
pes  1650  seg-loss -19.5633  ema -13.3501
pes  1675  seg-loss -15.9367  ema -12.6335
pes  1700  seg-loss -17.0767  ema -14.0225
pes  1725  seg-loss -12.0652  ema -10.9319
pes  1750  seg-loss -20.6874  ema -13.5715
pes  1775  seg-loss -2.6211  ema -14.0289
pes  1800  seg-loss -17.1912  ema -12.9417
pes  1825  seg-loss -10.3181  ema -11.8733
pes  1850  seg-loss -0.7591  ema -11.6354
pes  1875  seg-loss -17.4298  ema -9.9877
pes  1900  seg-loss -18.6818  ema -11.9853
pes  1925  seg-loss -1.9120  ema -13.7529
pes  1950  seg-loss -0.6264  ema -10.6507
pes  1975  seg-loss -0.4488  ema -6.9411
pes  2000  seg-loss -15.8998  ema -8.7980
pes  2025  seg-loss -15.9212  ema -10.9442
pes  2050  seg-loss -20.6978  ema -9.1712
pes  2075  seg-loss -1.0412  ema -11.8806
pes  2100  seg-loss -1.7249  ema -8.5136
pes  2125  seg-loss -0.0574  ema -5.6019
pes  2150  seg-loss -20.4373  ema -7.7951
pes  2175  seg-loss -20.7186  ema -12.6048
pes  2200  seg-loss -20.7045  ema -13.7800
pes  2225  seg-loss -20.7233  ema -16.0215
pes  2250  seg-loss -1.2104  ema -16.6696
pes  2275  seg-loss -0.1549  ema -16.2811
pes  2300  seg-loss -0.0616  ema -16.0771
pes  2325  seg-loss -19.8429  ema -12.9653
pes  2350  seg-loss -20.2900  ema -14.2776
pes  2375  seg-loss -0.2534  ema -14.5522
pes  2400  seg-loss -1.8677  ema -9.8783
pes  2425  seg-loss -1.5789  ema -9.6370
pes  2450  seg-loss -16.2281  ema -8.0109
pes  2475  seg-loss 0.8923  ema -8.1229
pes  2500  seg-loss -15.8307  ema -6.9278
pes  2525  seg-loss -0.2053  ema -6.8836
pes  2550  seg-loss -2.2342  ema -4.4557
pes  2575  seg-loss -19.6403  ema -7.3530
pes  2600  seg-loss -0.3392  ema -7.7489
pes  2625  seg-loss -17.8099  ema -7.9781
pes  2650  seg-loss -11.0610  ema -10.7762
pes  2675  seg-loss -19.7652  ema -9.5292
pes  2700  seg-loss -20.0642  ema -10.9034
pes  2725  seg-loss -20.7233  ema -11.5446
pes  2750  seg-loss -1.7391  ema -13.0411
pes  2775  seg-loss -20.7233  ema -12.0875
pes  2800  seg-loss -19.3066  ema -13.5193
pes  2825  seg-loss -17.2277  ema -14.7123
pes  2850  seg-loss -17.3878  ema -14.5875
pes  2875  seg-loss -3.9777  ema -13.6328
pes  2900  seg-loss -0.1101  ema -14.4023
pes  2925  seg-loss -20.3435  ema -10.4222
pes  2950  seg-loss -20.6462  ema -13.1546
pes  2975  seg-loss -18.4747  ema -11.8172
pes  3000  seg-loss -8.1339  ema -11.4655
pes  3025  seg-loss 1.0909  ema -8.7733
pes  3050  seg-loss -20.7008  ema -11.1102
pes  3075  seg-loss -8.9201  ema -9.8384
pes  3100  seg-loss -11.1355  ema -9.3837
pes  3125  seg-loss -18.3130  ema -8.0389
pes  3150  seg-loss -19.9916  ema -12.0091
pes  3175  seg-loss -10.6412  ema -12.5289
pes  3200  seg-loss -7.0149  ema -12.1425
pes  3225  seg-loss -20.5552  ema -14.5842
pes  3250  seg-loss -0.1943  ema -15.0269
pes  3275  seg-loss -19.4885  ema -14.9048
pes  3300  seg-loss -18.9789  ema -16.6169
pes  3325  seg-loss -20.6901  ema -14.0438
pes  3350  seg-loss 4.4837  ema -13.0630
pes  3375  seg-loss -13.2745  ema -14.3210
pes  3400  seg-loss -6.3647  ema -10.4901
pes  3425  seg-loss -5.7478  ema -9.2950
pes  3450  seg-loss -4.7984  ema -6.9337
pes  3475  seg-loss -19.9075  ema -10.9875
pes  3500  seg-loss -4.1000  ema -8.5209
pes  3525  seg-loss -20.1265  ema -9.2741
pes  3550  seg-loss -4.2539  ema -10.7229
pes  3575  seg-loss -4.2041  ema -8.7281
pes  3600  seg-loss -19.5161  ema -11.4955
pes  3625  seg-loss -20.5951  ema -11.1419
pes  3650  seg-loss -20.0065  ema -14.3689
